Case #1: 4 3
o 1 1
+ 1 2
x 2 2
Case #2: 2 0
Case #3: 7 5
o 1 1
+ 1 3
+ 2 1
o 2 3
x 3 2
Case #4: 83 54
+ 1 14
+ 1 17
+ 1 22
+ 1 23
+ 1 26
+ 1 27
+ 1 28
+ 1 29
+ 1 33
+ 1 34
o 2 1
o 3 3
o 4 5
+ 4 34
+ 4 35
o 5 2
o 6 4
o 7 9
o 8 11
+ 8 32
o 9 13
+ 9 32
o 10 15
o 11 6
o 12 8
+ 12 32
o 13 19
o 14 7
o 15 22
+ 15 34
o 16 10
+ 16 34
o 17 25
o 18 27
+ 18 35
o 19 29
o 20 31
+ 20 34
+ 20 35
o 21 12
o 22 14
o 23 35
x 24 23
x 25 24
x 26 26
o 27 16
o 28 18
x 29 28
o 30 17
x 31 32
o 32 20
x 33 33
x 34 34
o 35 21
Case #5: 241 153
o 1 1
+ 1 42
+ 1 45
+ 1 46
+ 1 48
+ 1 51
+ 1 52
+ 1 59
+ 1 60
+ 1 61
+ 1 66
+ 1 69
+ 1 72
+ 1 73
+ 1 74
+ 1 75
+ 1 77
+ 1 80
+ 1 82
+ 1 83
+ 1 88
+ 1 91
+ 1 96
+ 1 97
+ 1 98
o 2 5
o 3 2
o 4 6
o 5 3
+ 5 98
o 6 11
+ 6 100
o 7 4
+ 7 98
o 8 16
o 9 18
o 10 20
+ 10 98
o 11 7
+ 11 100
o 12 23
+ 12 98
o 13 8
o 14 27
o 15 21
+ 15 100
o 16 9
o 17 31
+ 17 97
+ 17 100
o 18 10
o 19 13
o 20 36
+ 20 98
o 21 12
+ 21 98
o 22 37
o 23 40
o 24 14
+ 24 99
o 25 43
+ 25 95
o 26 45
o 27 15
o 28 17
o 29 50
o 30 52
+ 30 96
+ 30 99
o 31 54
o 32 19
o 33 57
+ 33 97
+ 33 100
o 34 59
o 35 61
o 36 22
+ 36 99
o 37 64
o 38 66
o 39 68
+ 39 95
+ 39 100
o 40 25
o 41 71
o 42 24
+ 42 96
o 43 26
o 44 28
o 45 76
o 46 78
o 47 80
o 48 29
+ 48 94
+ 48 97
o 49 83
o 50 30
o 51 86
o 52 88
+ 52 95
o 53 90
o 54 33
o 55 93
o 56 32
o 57 34
o 58 97
o 59 99
o 60 35
o 61 39
x 62 62
x 63 63
o 64 38
x 65 65
x 66 67
x 67 69
o 68 41
x 69 70
x 70 72
o 71 42
o 72 44
x 73 73
x 74 74
x 75 75
o 76 46
x 77 77
o 78 47
x 79 79
o 80 48
x 81 81
o 82 49
x 83 82
x 84 84
o 85 51
x 86 85
x 87 87
o 88 53
x 89 89
x 90 91
o 91 55
+ 92 52
x 92 92
o 93 56
x 94 94
x 95 95
+ 96 54
+ 96 55
o 96 58
x 97 96
+ 98 54
+ 98 55
x 98 98
o 99 60
x 100 100
Case #6: 239 161
o 1 1
+ 1 42
+ 1 47
+ 1 48
+ 1 51
+ 1 52
+ 1 53
+ 1 57
+ 1 58
+ 1 61
+ 1 64
+ 1 66
+ 1 67
+ 1 70
+ 1 71
+ 1 73
+ 1 74
+ 1 75
+ 1 76
+ 1 79
+ 1 80
+ 1 83
+ 1 84
+ 1 87
+ 1 88
+ 1 91
+ 1 92
+ 1 97
+ 1 98
+ 1 99
+ 1 100
o 2 3
o 3 5
o 4 2
+ 4 99
o 5 4
o 6 9
+ 6 99
+ 6 100
o 7 11
o 8 13
+ 8 100
o 9 15
o 10 6
o 11 8
+ 11 99
+ 11 100
o 12 19
o 13 7
o 14 22
+ 14 99
o 15 10
o 16 25
+ 16 100
o 17 27
o 18 29
o 19 31
+ 19 99
+ 19 100
o 20 12
o 21 14
o 22 35
o 23 37
+ 23 99
o 24 39
o 25 41
o 26 16
o 27 18
+ 27 98
o 28 45
o 29 17
o 30 48
+ 30 97
o 31 20
+ 31 99
o 32 51
o 33 53
o 34 21
+ 34 98
o 35 56
+ 35 96
o 36 58
o 37 60
+ 37 96
o 38 23
+ 38 100
o 39 63
o 40 24
+ 40 95
o 41 66
o 42 28
+ 42 100
o 43 26
+ 43 96
o 44 70
o 45 72
o 46 74
o 47 76
+ 47 96
o 48 78
o 49 30
+ 49 97
o 50 32
o 51 83
+ 51 96
o 52 85
+ 52 96
o 53 87
o 54 33
+ 54 97
o 55 90
+ 55 97
o 56 34
o 57 93
+ 57 96
o 58 38
+ 58 98
o 59 36
o 60 97
o 61 99
x 62 64
x 63 65
o 64 40
x 65 67
x 66 68
o 67 42
x 68 69
o 69 43
x 70 71
o 71 44
x 72 73
x 73 75
x 74 77
o 75 46
x 76 79
o 77 47
o 78 50
x 79 80
o 80 49
x 81 81
x 82 82
x 83 84
o 84 52
x 85 86
x 86 88
o 87 54
x 88 89
o 89 55
x 90 91
x 91 92
o 92 57
x 93 94
x 94 95
o 95 59
x 96 96
+ 97 58
x 97 98
o 98 61
+ 99 59
x 99 100
o 100 62
Case #7: 126 85
+ 1 22
+ 1 23
+ 1 26
+ 1 27
+ 1 28
+ 1 30
+ 1 33
+ 1 34
+ 1 37
+ 1 38
+ 1 39
+ 1 40
+ 1 43
+ 1 47
+ 1 49
+ 1 50
+ 1 52
o 2 1
o 3 3
o 4 5
o 5 2
+ 5 52
o 6 4
o 7 9
+ 7 51
+ 7 52
o 8 11
o 9 13
o 10 15
+ 10 53
o 11 6
+ 11 51
o 12 8
o 13 19
o 14 7
o 15 22
o 16 10
+ 16 50
o 17 25
+ 17 52
o 18 27
o 19 30
o 20 32
+ 20 50
+ 20 51
o 21 12
o 22 14
o 23 33
o 24 37
+ 24 48
o 25 39
+ 25 48
o 26 41
o 27 16
o 28 18
+ 28 48
o 29 45
o 30 17
o 31 48
o 32 50
o 33 21
o 34 53
o 35 20
x 36 34
o 37 23
x 38 35
x 39 36
x 40 38
o 41 24
o 42 26
x 43 40
x 44 42
x 45 43
x 46 44
o 47 28
x 48 46
+ 49 28
+ 49 29
o 49 31
x 50 47
x 51 49
+ 52 29
x 52 51
+ 53 31
x 53 52
Case #8: 240 163
o 1 1
+ 1 40
+ 1 41
+ 1 44
+ 1 45
+ 1 47
+ 1 48
+ 1 51
+ 1 54
+ 1 55
+ 1 56
+ 1 59
+ 1 60
+ 1 63
+ 1 64
+ 1 66
+ 1 69
+ 1 70
+ 1 71
+ 1 74
+ 1 76
+ 1 77
+ 1 80
+ 1 83
+ 1 84
+ 1 85
+ 1 86
+ 1 87
+ 1 90
+ 1 93
+ 1 95
+ 1 98
+ 1 99
+ 1 100
o 2 3
o 3 5
o 4 2
+ 4 99
+ 4 100
o 5 4
o 6 9
o 7 11
+ 7 100
o 8 14
o 9 16
o 10 6
+ 10 100
o 11 8
o 12 20
+ 12 99
+ 12 100
o 13 7
o 14 23
o 15 25
o 16 27
o 17 10
+ 17 97
o 18 13
+ 18 99
o 19 31
o 20 33
o 21 12
+ 21 98
+ 21 99
o 22 36
o 23 15
o 24 39
+ 24 98
o 25 41
o 26 43
+ 26 98
o 27 17
+ 27 98
o 28 46
o 29 18
o 30 49
o 31 51
+ 31 97
o 32 19
+ 32 99
o 33 21
o 34 55
+ 34 98
o 35 57
o 36 59
+ 36 97
o 37 22
+ 37 97
o 38 24
o 39 63
+ 39 96
o 40 65
o 41 67
+ 41 97
o 42 26
o 43 70
o 44 72
o 45 28
o 46 75
+ 46 97
+ 46 98
o 47 29
o 48 78
o 49 80
+ 49 98
o 50 30
+ 50 98
o 51 32
o 52 84
+ 52 97
o 53 86
o 54 88
o 55 90
+ 55 96
o 56 34
+ 56 98
o 57 93
o 58 35
o 59 38
o 60 97
o 61 37
o 62 100
x 63 61
x 64 64
x 65 66
o 66 40
o 67 42
x 68 68
x 69 69
x 70 71
o 71 44
x 72 73
o 73 45
x 74 74
x 75 76
o 76 47
x 77 77
x 78 79
o 79 48
o 80 50
x 81 81
x 82 82
x 83 83
x 84 85
o 85 52
o 86 54
x 87 87
o 88 53
x 89 89
o 90 56
x 91 91
x 92 92
x 93 94
o 94 58
x 95 95
+ 96 57
x 96 96
x 97 98
+ 98 57
+ 98 58
o 98 60
o 99 62
x 100 99
Case #9: 207 139
+ 1 34
+ 1 35
+ 1 36
+ 1 40
+ 1 43
+ 1 44
+ 1 45
+ 1 46
+ 1 47
+ 1 48
+ 1 51
+ 1 54
+ 1 55
+ 1 56
+ 1 58
+ 1 61
+ 1 63
+ 1 64
+ 1 66
+ 1 68
+ 1 69
+ 1 72
+ 1 77
+ 1 78
+ 1 79
+ 1 81
+ 1 83
+ 1 84
+ 1 85
o 2 1
o 3 3
o 4 5
o 5 2
o 6 4
o 7 9
+ 7 86
o 8 11
+ 8 82
o 9 13
o 10 15
+ 10 85
o 11 6
+ 11 83
o 12 18
+ 12 85
o 13 20
o 14 7
o 15 24
+ 15 84
+ 15 85
o 16 8
o 17 25
o 18 14
+ 18 84
o 19 10
o 20 30
+ 20 84
o 21 32
o 22 12
o 23 17
+ 23 84
o 24 36
+ 24 82
o 25 38
o 26 40
+ 26 85
o 27 16
+ 27 83
o 28 43
o 29 45
o 30 47
o 31 50
+ 31 83
o 32 19
+ 32 83
o 33 21
o 34 54
o 35 56
+ 35 84
o 36 22
+ 36 84
o 37 59
o 38 23
o 39 62
o 40 65
+ 40 81
o 41 67
+ 41 81
o 42 26
o 43 70
+ 43 81
o 44 72
+ 44 81
o 45 27
o 46 29
o 47 76
o 48 28
o 49 79
o 50 81
o 51 83
o 52 31
o 53 34
x 54 55
x 55 57
o 56 33
o 57 35
x 58 58
x 59 60
x 60 61
o 61 37
x 62 63
x 63 64
o 64 39
x 65 66
x 66 68
x 67 69
o 68 41
x 69 71
o 70 42
x 71 73
o 72 46
o 73 44
x 74 74
x 75 75
x 76 77
x 77 78
o 78 48
x 79 80
o 80 49
+ 81 46
+ 81 49
x 81 82
x 82 84
x 83 85
+ 84 48
o 84 51
+ 85 48
x 85 86
o 86 52
Case #10: 243 163
o 1 1
+ 1 46
+ 1 50
+ 1 51
+ 1 52
+ 1 54
+ 1 55
+ 1 57
+ 1 58
+ 1 61
+ 1 62
+ 1 65
+ 1 66
+ 1 69
+ 1 70
+ 1 72
+ 1 73
+ 1 74
+ 1 75
+ 1 79
+ 1 80
+ 1 82
+ 1 85
+ 1 87
+ 1 88
+ 1 90
+ 1 93
+ 1 94
+ 1 97
+ 1 99
+ 1 100
o 2 3
o 3 6
+ 3 100
o 4 2
o 5 7
o 6 5
+ 6 100
o 7 11
o 8 13
+ 8 99
o 9 4
+ 9 99
o 10 17
o 11 8
o 12 21
+ 12 97
+ 12 100
o 13 9
o 14 22
o 15 25
o 16 10
+ 16 99
o 17 28
+ 17 99
o 18 30
o 19 12
o 20 34
+ 20 97
+ 20 100
o 21 36
o 22 38
o 23 14
+ 23 99
o 24 41
+ 24 99
o 25 43
o 26 15
o 27 19
o 28 16
+ 28 98
o 29 48
+ 29 96
o 30 20
o 31 18
+ 31 97
o 32 52
o 33 54
o 34 56
+ 34 97
o 35 58
o 36 60
+ 36 98
o 37 62
o 38 23
o 39 65
+ 39 97
+ 39 98
o 40 24
+ 41 1
+ 41 2
o 41 69
o 42 71
+ 42 97
o 43 26
+ 43 95
o 44 75
o 45 27
o 46 32
o 47 80
+ 47 94
o 48 82
+ 48 96
o 49 84
o 50 29
+ 50 93
o 51 31
+ 51 97
o 52 33
o 53 89
o 54 92
o 55 94
+ 55 99
o 56 96
o 57 35
+ 57 99
o 58 99
x 59 63
o 60 37
x 61 64
x 62 66
o 63 39
x 64 67
o 65 40
x 66 68
x 67 70
x 68 72
o 69 42
o 70 44
x 71 73
x 72 74
o 73 45
x 74 76
o 75 46
x 76 77
o 77 47
x 78 78
x 79 79
o 80 49
x 81 81
o 82 50
x 83 83
o 84 51
x 85 85
x 86 86
o 87 53
x 88 87
x 89 88
o 90 55
x 91 90
x 92 91
o 93 57
+ 94 53
x 94 93
x 95 95
o 96 59
+ 97 54
x 97 97
x 98 98
+ 99 54
o 99 61
+ 100 58
x 100 100
Case #11: 242 159
o 1 1
+ 1 42
+ 1 43
+ 1 46
+ 1 49
+ 1 51
+ 1 54
+ 1 55
+ 1 56
+ 1 59
+ 1 60
+ 1 61
+ 1 64
+ 1 65
+ 1 66
+ 1 69
+ 1 72
+ 1 74
+ 1 75
+ 1 77
+ 1 80
+ 1 85
+ 1 86
+ 1 90
+ 1 91
+ 1 93
+ 1 95
+ 1 96
+ 1 98
o 2 3
+ 2 100
o 3 6
o 4 9
+ 4 100
o 5 2
o 6 4
+ 6 99
o 7 14
o 8 7
+ 8 99
o 9 5
o 10 12
o 11 19
+ 11 99
o 12 21
o 13 23
+ 13 99
+ 13 100
o 14 25
o 15 8
o 16 10
+ 16 99
o 17 29
o 18 13
+ 18 99
o 19 32
+ 19 99
o 20 34
o 21 11
+ 21 99
o 22 37
o 23 15
o 24 40
+ 24 99
o 25 16
+ 25 97
o 26 43
o 27 45
o 28 17
+ 28 98
o 29 48
o 30 18
+ 30 99
o 31 51
o 32 53
+ 32 99
o 33 20
o 34 56
+ 34 100
o 35 58
o 36 22
+ 36 97
o 37 61
+ 37 99
o 38 63
o 39 24
o 40 66
o 41 68
+ 41 97
+ 41 98
o 42 26
o 43 71
o 44 27
o 45 74
+ 45 96
o 46 28
+ 46 98
o 47 77
+ 47 96
o 48 79
o 49 81
o 50 30
+ 50 96
o 51 84
o 52 31
+ 52 96
o 53 87
+ 53 96
o 54 35
o 55 33
o 56 91
o 57 93
o 58 95
o 59 36
o 60 98
o 61 100
o 62 38
x 63 64
o 64 39
x 65 65
x 66 67
o 67 41
x 68 69
o 69 42
x 70 70
x 71 72
o 72 44
x 73 73
x 74 75
o 75 46
x 76 76
x 77 78
o 78 47
o 79 49
x 80 80
x 81 82
o 82 50
x 83 83
x 84 85
o 85 52
x 86 86
x 87 88
o 88 54
x 89 89
o 90 55
x 91 90
x 92 92
x 93 94
o 94 57
o 95 59
+ 96 56
x 96 96
x 97 97
+ 98 57
x 98 99
+ 99 57
o 99 60
+ 100 57
o 100 62
Case #12: 4 2
o 1 1
x 2 2
Case #13: 151 101
+ 1 25
+ 1 28
+ 1 29
+ 1 33
+ 1 34
+ 1 35
+ 1 39
+ 1 41
+ 1 42
+ 1 44
+ 1 47
+ 1 48
+ 1 50
+ 1 53
+ 1 54
+ 1 57
+ 1 59
+ 1 60
+ 1 62
o 2 1
o 3 3
+ 3 63
o 4 6
+ 4 61
o 5 2
o 6 7
o 7 5
+ 7 61
o 8 11
+ 8 63
o 9 13
o 10 4
o 11 16
+ 11 61
+ 11 62
o 12 8
o 13 19
o 14 9
+ 14 62
o 15 23
o 16 25
o 17 27
+ 17 61
+ 17 62
o 18 10
o 19 31
o 20 33
+ 20 62
o 21 12
+ 21 60
o 22 15
o 23 34
+ 23 60
o 24 38
o 25 14
+ 25 61
o 26 41
+ 26 61
o 27 43
o 28 18
o 29 46
+ 29 60
o 30 17
+ 30 60
o 31 49
o 32 20
o 33 52
+ 33 59
o 34 54
o 35 21
+ 35 60
o 36 57
o 37 22
o 38 60
o 39 62
o 40 24
x 41 40
x 42 42
o 43 26
x 44 44
x 45 45
o 46 28
x 47 47
o 48 29
x 49 48
x 50 50
x 51 51
o 52 32
x 53 53
x 54 55
x 55 56
o 56 35
x 57 58
o 58 36
x 59 59
o 60 37
+ 61 35
x 61 61
+ 62 37
x 62 63
o 63 39
Case #14: 256 114
x 2 2
x 3 3
x 4 4
x 5 5
x 6 6
x 7 7
x 8 8
x 9 9
x 10 10
x 11 11
x 12 12
x 13 13
x 14 14
x 15 15
x 16 16
x 17 17
x 18 18
x 19 19
x 20 20
x 21 21
x 22 22
x 23 23
x 24 24
x 25 25
x 26 26
x 27 27
x 28 28
x 29 29
x 30 71
x 31 72
x 32 73
x 33 74
x 34 75
x 35 76
x 36 77
x 37 78
x 38 79
x 39 80
x 40 81
x 41 82
x 42 83
x 43 84
x 44 85
x 45 86
x 46 87
x 47 88
x 48 89
x 49 90
x 50 91
x 51 92
o 52 50
o 53 52
o 54 49
o 55 51
o 56 48
o 57 54
x 58 93
o 59 53
o 60 47
x 61 94
o 62 46
o 63 56
o 64 45
o 65 55
o 66 44
o 67 58
x 68 95
o 69 57
o 70 43
o 71 60
o 72 42
o 73 59
o 74 41
x 75 96
o 76 40
o 77 62
o 78 39
o 79 61
o 80 38
+ 81 52
o 81 64
x 82 97
+ 83 51
+ 83 52
o 83 63
o 84 37
+ 85 51
x 85 98
o 86 36
+ 86 51
o 87 66
o 88 35
+ 88 50
+ 89 52
o 89 65
o 90 34
+ 91 51
o 91 68
+ 92 51
x 92 99
o 93 67
o 94 33
+ 94 50
+ 95 52
o 95 70
o 96 32
+ 97 51
+ 97 52
o 97 69
o 98 31
+ 99 51
x 99 100
o 100 30
+ 100 51
Case #15: 6 3
o 2 2
x 3 1
+ 3 2
Case #16: 255 115
o 1 1
x 2 2
x 3 3
x 4 4
x 5 5
x 6 6
x 7 7
x 8 8
x 9 9
x 10 10
x 11 11
x 12 12
x 13 13
x 14 14
x 15 15
x 16 16
x 17 17
x 18 18
x 19 19
x 20 20
x 21 21
x 22 22
x 23 23
x 24 24
x 25 25
x 26 26
x 27 27
x 28 28
x 29 29
x 30 30
x 31 72
x 32 73
x 33 74
x 34 75
x 35 76
x 36 77
x 37 78
x 38 79
x 39 80
x 40 81
x 41 82
x 42 83
x 43 84
x 44 85
x 45 86
x 46 87
x 47 88
x 48 89
x 49 90
x 50 91
o 51 52
o 52 50
x 53 92
o 54 51
o 55 49
o 56 55
o 57 53
o 58 48
o 59 54
o 60 47
x 61 93
o 62 46
o 63 56
o 64 45
o 65 57
x 66 94
o 67 58
o 68 44
x 69 95
o 70 59
o 71 43
o 72 60
o 73 42
x 74 96
o 75 41
o 76 61
o 77 40
o 78 64
o 79 39
+ 80 51
o 80 63
x 81 97
o 82 38
+ 82 52
+ 83 50
o 83 62
o 84 37
+ 84 52
+ 85 50
o 85 65
o 86 68
o 87 36
+ 87 51
x 88 98
o 89 35
+ 89 50
+ 89 51
o 90 67
+ 91 50
o 91 69
o 92 34
+ 93 51
o 93 66
o 94 33
+ 95 52
o 95 70
o 96 32
+ 96 50
+ 97 52
o 97 71
+ 98 50
x 98 99
o 99 31
+ 100 51
x 100 100
Case #17: 23 15
+ 1 7
+ 1 9
+ 1 10
o 2 1
o 3 3
+ 3 10
o 4 5
+ 4 8
o 5 2
+ 5 10
o 6 8
o 7 10
x 8 6
o 9 7
x 10 9
Case #18: 256 114
o 2 1
x 3 3
x 4 4
x 5 5
x 6 6
x 7 7
x 8 8
x 9 9
x 10 10
x 11 11
x 12 12
x 13 13
x 14 14
x 15 15
x 16 16
x 17 17
x 18 18
x 19 19
x 20 20
x 21 21
x 22 22
x 23 23
x 24 24
x 25 25
x 26 26
x 27 27
x 28 28
x 29 29
x 30 71
x 31 72
x 32 73
x 33 74
x 34 75
x 35 76
x 36 77
x 37 78
x 38 79
x 39 80
x 40 81
x 41 82
x 42 83
x 43 84
x 44 85
x 45 86
x 46 87
x 47 88
x 48 89
x 49 90
x 50 91
o 51 52
o 52 50
x 53 92
o 54 51
o 55 49
x 56 93
o 57 53
o 58 48
o 59 54
o 60 47
x 61 94
o 62 46
o 63 55
o 64 45
o 65 56
o 66 59
o 67 44
x 68 95
o 69 43
o 70 58
o 71 60
o 72 42
x 73 96
o 74 41
o 75 57
o 76 40
o 77 62
o 78 39
o 79 65
o 80 63
o 81 38
+ 81 52
x 82 97
o 83 37
+ 83 51
+ 83 52
o 84 64
+ 85 51
o 85 61
o 86 36
+ 86 51
o 87 66
o 88 35
+ 88 50
+ 89 52
o 89 67
o 90 34
+ 90 50
x 91 98
+ 92 50
x 92 99
o 93 33
+ 93 52
o 94 69
o 95 32
+ 96 51
o 96 68
+ 97 53
o 97 70
o 98 31
+ 98 51
x 99 100
o 100 30
+ 100 51
+ 100 52
Case #19: 107 71
+ 1 18
+ 1 21
+ 1 24
+ 1 29
+ 1 31
+ 1 32
+ 1 34
+ 1 36
+ 1 39
+ 1 41
+ 1 42
+ 1 43
+ 1 44
o 2 1
o 3 3
o 4 5
+ 4 43
o 5 2
o 6 4
+ 6 43
o 7 9
+ 7 43
o 8 12
o 9 14
+ 9 43
o 10 16
o 11 6
+ 11 43
o 12 19
o 13 21
+ 13 42
o 14 7
o 15 24
+ 15 42
o 16 8
o 17 11
+ 17 43
o 18 28
o 19 10
+ 19 40
o 20 31
o 21 17
+ 21 45
o 22 34
+ 22 41
o 23 13
+ 23 45
o 24 37
o 25 39
o 26 15
+ 26 44
o 27 42
o 28 44
x 29 29
o 30 18
x 31 30
x 32 32
o 33 20
x 34 33
x 35 35
o 36 22
x 37 36
x 38 38
o 39 23
o 40 25
x 41 40
x 42 41
+ 43 24
x 43 43
o 44 27
x 45 45
Case #20: 68 44
+ 1 14
+ 1 15
+ 1 17
+ 1 20
+ 1 23
+ 1 24
+ 1 25
o 2 1
+ 2 27
+ 2 28
o 3 3
o 4 6
o 5 2
o 6 7
+ 6 26
+ 6 27
o 7 5
o 8 11
o 9 13
+ 9 26
+ 9 27
o 10 4
o 11 16
o 12 8
o 13 21
+ 13 25
o 14 9
o 15 24
+ 15 26
o 16 26
x 17 18
o 18 10
o 19 12
x 20 19
x 21 20
x 22 22
o 23 14
x 24 23
o 25 15
x 26 25
x 27 27
+ 28 15
+ 28 16
o 28 17
Case #21: 240 161
o 1 1
+ 1 41
+ 1 42
+ 1 43
+ 1 46
+ 1 49
+ 1 50
+ 1 51
+ 1 52
+ 1 53
+ 1 56
+ 1 59
+ 1 62
+ 1 65
+ 1 66
+ 1 68
+ 1 69
+ 1 72
+ 1 75
+ 1 76
+ 1 77
+ 1 78
+ 1 79
+ 1 82
+ 1 87
+ 1 88
+ 1 91
+ 1 92
+ 1 93
+ 1 95
+ 1 97
+ 1 98
+ 1 100
o 2 3
o 3 6
o 4 2
+ 4 99
o 5 9
o 6 5
o 7 12
o 8 4
+ 8 96
o 9 15
o 10 7
+ 10 99
o 11 18
+ 11 95
o 12 20
o 13 8
+ 13 98
o 14 23
o 15 25
+ 15 97
o 16 10
+ 16 99
o 17 28
o 18 30
o 19 11
+ 19 99
o 20 13
+ 20 99
o 21 34
o 22 36
o 23 38
o 24 14
+ 24 96
+ 24 97
o 25 16
o 26 42
+ 26 96
o 27 44
o 28 46
+ 28 97
o 29 17
o 30 19
o 31 50
o 32 52
+ 32 98
o 33 54
o 34 56
+ 34 97
o 35 21
o 36 59
+ 36 98
o 37 22
o 38 62
+ 38 97
o 39 26
o 40 24
+ 40 96
+ 40 97
o 41 66
o 42 68
+ 42 96
o 43 70
o 44 72
+ 44 97
o 45 27
o 46 29
o 47 76
o 48 78
+ 48 94
o 49 80
+ 49 96
o 50 82
o 51 31
+ 51 95
o 52 33
+ 52 95
o 53 86
o 54 32
o 55 89
o 56 35
o 57 92
o 58 94
o 59 97
o 60 37
o 61 100
x 62 63
o 63 39
x 64 64
o 65 40
x 66 65
o 67 41
x 68 67
x 69 69
x 70 71
o 71 43
o 72 45
x 73 73
x 74 74
x 75 75
x 76 77
o 77 47
o 78 49
x 79 79
o 80 48
x 81 81
o 82 51
x 83 83
x 84 84
x 85 85
x 86 87
o 87 53
o 88 55
x 89 88
x 90 90
x 91 91
x 92 93
o 93 57
+ 94 54
x 94 95
+ 95 56
o 95 58
o 96 61
x 97 96
+ 98 56
+ 98 57
o 98 60
x 99 98
x 100 99
Case #22: 240 161
o 1 1
+ 1 44
+ 1 45
+ 1 47
+ 1 48
+ 1 51
+ 1 54
+ 1 56
+ 1 57
+ 1 61
+ 1 62
+ 1 63
+ 1 64
+ 1 66
+ 1 68
+ 1 69
+ 1 71
+ 1 74
+ 1 76
+ 1 77
+ 1 80
+ 1 83
+ 1 84
+ 1 85
+ 1 87
+ 1 89
+ 1 90
+ 1 92
+ 1 94
+ 1 95
+ 1 97
+ 1 99
+ 1 100
o 2 4
o 3 2
o 4 7
o 5 3
o 6 10
+ 6 98
o 7 12
o 8 5
o 9 15
o 10 17
+ 10 97
o 11 6
o 12 8
+ 12 97
o 13 21
o 14 23
o 15 25
o 16 9
+ 16 96
o 17 11
+ 17 98
o 18 29
+ 18 96
o 19 31
o 20 33
+ 20 97
o 21 35
o 22 13
o 23 38
+ 23 97
o 24 14
+ 24 95
o 25 41
+ 25 97
o 26 18
o 27 16
o 28 45
+ 28 97
o 29 47
+ 29 95
o 30 49
o 31 51
o 32 19
+ 32 96
o 33 54
o 34 20
o 35 57
o 36 24
+ 36 95
o 37 22
+ 37 95
+ 38 1
o 38 61
+ 38 95
o 39 63
o 40 65
+ 40 94
o 41 67
o 42 26
+ 42 93
o 43 70
+ 43 95
o 44 27
o 45 73
o 46 28
+ 46 95
o 47 76
o 48 78
o 49 80
+ 49 94
+ 49 97
o 50 30
o 51 32
o 52 84
o 53 86
+ 53 95
o 54 88
+ 54 95
o 55 34
o 56 91
o 57 93
o 58 36
o 59 96
o 60 37
o 61 99
x 62 62
x 63 64
o 64 39
x 65 66
o 66 40
o 67 43
x 68 68
o 69 42
x 70 69
x 71 71
o 72 44
x 73 72
x 74 74
o 75 46
x 76 75
x 77 77
x 78 79
o 79 48
o 80 50
x 81 81
x 82 82
x 83 83
x 84 85
o 85 52
x 86 87
o 87 53
o 88 56
x 89 89
o 90 55
x 91 90
x 92 92
x 93 94
o 94 58
x 95 95
+ 96 55
x 96 97
+ 97 57
o 97 59
+ 98 55
x 98 98
o 99 60
+ 100 58
x 100 100
Case #23: 243 160
o 1 1
+ 1 44
+ 1 45
+ 1 47
+ 1 50
+ 1 51
+ 1 53
+ 1 54
+ 1 57
+ 1 60
+ 1 62
+ 1 66
+ 1 67
+ 1 68
+ 1 71
+ 1 72
+ 1 75
+ 1 78
+ 1 80
+ 1 81
+ 1 83
+ 1 85
+ 1 86
+ 1 89
+ 1 91
+ 1 92
+ 1 95
+ 1 96
+ 1 98
+ 1 100
o 2 7
+ 2 100
o 3 4
o 4 10
+ 4 100
o 5 3
o 6 5
o 7 14
+ 7 100
o 8 17
+ 8 100
o 9 6
o 10 2
+ 10 99
o 11 13
o 12 8
+ 12 99
o 13 23
+ 13 99
o 14 9
o 15 26
o 16 28
+ 16 99
o 17 11
o 18 31
o 19 12
+ 19 97
+ 19 100
o 20 36
o 21 38
o 22 40
+ 22 98
o 23 42
+ 23 98
o 24 15
o 25 45
o 26 16
o 27 48
+ 27 100
o 28 50
+ 28 96
o 29 18
o 30 53
o 31 19
+ 31 100
o 32 57
+ 32 96
o 33 20
o 34 60
o 35 63
+ 35 97
+ 35 98
o 36 21
o 37 66
o 38 22
+ 38 98
o 39 25
o 40 70
+ 40 97
o 41 72
+ 41 99
+ 42 1
o 42 24
o 43 75
+ 43 98
o 44 27
o 45 78
+ 45 99
o 46 80
o 47 82
+ 47 98
o 48 29
o 49 85
o 50 30
+ 50 98
o 51 88
o 52 90
+ 52 99
o 53 32
o 54 93
+ 54 96
+ 54 99
o 55 33
o 56 96
o 57 34
o 58 99
x 59 62
o 60 35
x 61 64
x 62 65
o 63 37
x 64 67
o 65 41
o 66 39
x 67 68
x 68 69
x 69 71
x 70 73
o 71 43
x 72 74
o 73 44
x 74 76
x 75 77
o 76 46
x 77 79
o 78 47
x 79 81
x 80 83
o 81 49
x 82 84
x 83 86
o 84 51
x 85 87
o 86 52
x 87 89
x 88 91
o 89 54
x 90 92
o 91 55
x 92 94
o 93 56
x 94 95
x 95 97
o 96 58
x 97 98
x 98 100
+ 99 56
+ 99 57
o 99 59
o 100 61
Case #24: 240 161
o 1 1
+ 1 40
+ 1 41
+ 1 44
+ 1 45
+ 1 48
+ 1 51
+ 1 53
+ 1 56
+ 1 58
+ 1 59
+ 1 60
+ 1 61
+ 1 64
+ 1 67
+ 1 69
+ 1 70
+ 1 71
+ 1 74
+ 1 77
+ 1 79
+ 1 80
+ 1 84
+ 1 85
+ 1 86
+ 1 87
+ 1 90
+ 1 91
+ 1 94
+ 1 95
+ 1 98
o 2 3
+ 2 100
o 3 5
o 4 2
+ 4 100
o 5 4
+ 5 100
o 6 9
o 7 11
o 8 14
+ 8 99
+ 8 100
o 9 16
o 10 6
o 11 8
o 12 20
+ 12 100
o 13 7
o 14 23
o 15 25
o 16 27
+ 16 98
o 17 10
o 18 13
o 19 31
+ 19 96
o 20 33
+ 20 100
o 21 12
+ 21 96
o 22 36
o 23 15
o 24 39
+ 24 95
+ 24 98
o 25 41
o 26 43
+ 26 98
o 27 17
o 28 46
o 29 48
+ 29 96
o 30 18
o 31 51
+ 31 96
o 32 19
o 33 22
+ 33 97
o 34 55
+ 34 95
o 35 21
o 36 58
o 37 60
+ 37 99
o 38 62
o 39 64
o 40 24
+ 40 93
o 41 26
+ 41 97
o 42 68
o 43 70
+ 43 94
o 44 72
o 45 28
+ 45 99
o 46 75
+ 46 95
o 47 29
o 48 78
o 49 30
+ 49 97
o 50 81
o 51 83
o 52 32
o 53 86
+ 53 99
o 54 88
+ 54 95
o 55 90
o 56 34
+ 56 98
o 57 93
o 58 35
o 59 96
o 60 98
o 61 37
x 62 63
o 63 38
x 64 65
o 65 44
o 66 40
x 67 66
x 68 67
o 69 42
x 70 69
x 71 71
x 72 73
o 73 45
x 74 74
x 75 76
o 76 47
x 77 77
x 78 79
o 79 49
x 80 80
x 81 82
o 82 50
o 83 52
x 84 84
x 85 85
x 86 87
o 87 53
x 88 89
o 89 54
o 90 57
x 91 91
o 92 56
x 93 92
x 94 94
+ 95 56
x 95 95
x 96 97
+ 97 56
o 97 59
o 98 61
x 99 99
+ 100 57
+ 100 60
x 100 100
Case #25: 206 138
+ 1 34
+ 1 35
+ 1 37
+ 1 40
+ 1 45
+ 1 46
+ 1 49
+ 1 52
+ 1 54
+ 1 56
+ 1 59
+ 1 61
+ 1 62
+ 1 64
+ 1 65
+ 1 66
+ 1 69
+ 1 70
+ 1 72
+ 1 75
+ 1 76
+ 1 79
+ 1 80
+ 1 81
+ 1 85
+ 1 86
o 2 1
o 3 3
+ 3 85
o 4 5
o 5 2
+ 5 86
o 6 4
o 7 9
+ 7 83
o 8 11
o 9 13
o 10 15
o 11 6
+ 11 83
o 12 8
+ 12 85
o 13 19
o 14 7
+ 14 84
o 15 22
o 16 10
+ 16 83
o 17 25
o 18 27
+ 18 84
o 19 29
o 20 31
o 21 33
o 22 12
+ 22 81
o 23 36
o 24 16
o 25 14
+ 25 82
o 26 17
o 27 41
o 28 44
o 29 46
+ 29 83
o 30 48
+ 30 79
o 31 18
+ 31 83
o 32 20
+ 32 79
o 33 52
o 34 49
+ 34 84
o 35 21
o 36 56
+ 36 79
o 37 58
+ 37 83
o 38 23
o 39 61
+ 39 80
o 40 24
o 41 64
+ 41 81
o 42 66
o 43 26
o 44 69
+ 44 81
+ 44 82
o 45 71
o 46 28
+ 46 81
o 47 74
o 48 76
o 49 30
o 50 79
o 51 81
o 52 32
o 53 85
x 54 54
o 55 34
x 56 55
x 57 57
o 58 35
o 59 37
x 60 59
x 61 60
x 62 62
o 63 38
o 64 40
x 65 63
x 66 65
o 67 39
o 68 42
x 69 67
x 70 68
x 71 70
o 72 45
x 73 72
x 74 73
x 75 75
o 76 47
x 77 77
x 78 78
x 79 80
+ 80 48
o 80 50
x 81 82
o 82 51
+ 83 48
x 83 83
+ 84 50
x 84 84
x 85 86
+ 86 49
+ 86 50
o 86 53
Case #26: 240 163
+ 1 39
+ 1 40
+ 1 43
+ 1 49
+ 1 52
+ 1 53
+ 1 54
+ 1 56
+ 1 58
+ 1 59
+ 1 62
+ 1 65
+ 1 67
+ 1 68
+ 1 71
+ 1 72
+ 1 74
+ 1 75
+ 1 76
+ 1 77
+ 1 80
+ 1 81
+ 1 84
+ 1 85
+ 1 88
+ 1 89
+ 1 92
+ 1 93
+ 1 98
+ 1 99
+ 1 100
o 2 1
+ 2 47
o 3 3
+ 3 99
o 4 5
o 5 2
+ 5 99
o 6 4
o 7 9
+ 7 100
o 8 11
+ 8 98
o 9 13
o 10 15
+ 10 99
o 11 6
o 12 8
o 13 19
+ 13 98
+ 13 99
o 14 7
o 15 22
o 16 10
+ 16 98
o 17 25
o 18 27
+ 18 99
o 19 29
o 20 31
o 21 12
+ 21 98
+ 21 99
o 22 14
o 23 35
o 24 37
o 25 39
o 26 41
o 27 16
+ 27 96
+ 27 99
o 28 18
o 29 45
o 30 17
+ 30 98
o 31 49
+ 31 96
o 32 20
o 33 50
o 34 53
+ 34 96
o 35 21
+ 35 98
o 36 56
o 37 58
+ 37 97
o 38 60
+ 38 97
o 39 23
o 40 63
o 41 24
+ 41 97
o 42 66
o 43 28
o 44 26
+ 44 98
o 45 70
+ 45 94
o 46 72
o 47 74
o 48 76
+ 48 95
+ 48 98
o 49 30
o 50 79
o 51 81
+ 51 97
o 52 32
+ 52 95
o 53 84
o 54 86
+ 54 98
o 55 33
+ 55 96
o 56 89
o 57 34
o 58 92
+ 58 98
o 59 38
o 60 36
o 61 96
o 62 98
o 63 100
x 64 64
o 65 40
x 66 65
x 67 67
o 68 42
x 69 68
o 70 43
x 71 69
o 72 44
x 73 71
x 74 73
x 75 75
o 76 46
x 77 77
o 78 47
x 79 78
o 80 51
x 81 80
x 82 82
x 83 83
o 84 52
x 85 85
x 86 87
o 87 54
x 88 88
o 89 55
x 90 90
x 91 91
o 92 57
x 93 93
x 94 94
o 95 59
+ 96 57
x 96 95
x 97 97
+ 98 57
o 98 61
+ 99 59
x 99 99
o 100 62
Case #27: 197 132
+ 1 33
+ 1 34
+ 1 37
+ 1 38
+ 1 39
+ 1 40
+ 1 43
+ 1 47
+ 1 49
+ 1 50
+ 1 53
+ 1 54
+ 1 56
+ 1 58
+ 1 61
+ 1 62
+ 1 65
+ 1 66
+ 1 69
+ 1 70
+ 1 71
+ 1 72
+ 1 75
+ 1 76
+ 1 77
+ 1 78
+ 1 81
+ 1 82
o 2 1
o 3 3
o 4 5
+ 4 82
o 5 2
o 6 4
o 7 9
+ 7 80
o 8 11
o 9 13
+ 9 81
o 10 15
o 11 6
+ 11 78
o 12 8
o 13 19
+ 13 79
o 14 7
o 15 22
o 16 10
+ 16 79
o 17 25
o 18 27
+ 18 80
o 19 30
+ 19 78
o 20 33
o 21 12
+ 21 79
o 22 14
o 23 37
o 24 34
+ 24 80
o 25 40
o 26 42
+ 26 77
o 27 16
+ 27 81
o 28 18
o 29 46
+ 29 76
o 30 17
+ 30 80
o 31 49
o 32 20
o 33 52
+ 33 78
o 34 54
o 35 21
+ 35 78
o 36 57
+ 36 80
o 37 59
o 38 23
o 39 62
+ 39 80
o 40 24
+ 40 80
o 41 65
o 42 67
o 43 26
+ 43 78
o 44 70
+ 44 78
o 45 72
o 46 28
o 47 76
o 48 78
o 49 80
o 50 31
x 51 53
o 52 32
x 53 55
x 54 56
x 55 58
o 56 35
x 57 60
o 58 36
x 59 61
x 60 63
o 61 38
x 62 64
o 63 39
x 64 66
x 65 68
o 66 41
x 67 69
x 68 71
o 69 43
x 70 73
o 71 44
x 72 74
o 73 45
x 74 75
x 75 77
x 76 79
o 77 47
x 78 81
+ 79 46
o 79 48
o 80 51
+ 81 47
x 81 82
o 82 50
Case #28: 2 1
o 1 1
Case #29: 182 122
+ 1 30
+ 1 33
+ 1 34
+ 1 37
+ 1 38
+ 1 39
+ 1 40
+ 1 43
+ 1 48
+ 1 49
+ 1 52
+ 1 53
+ 1 54
+ 1 56
+ 1 59
+ 1 62
+ 1 65
+ 1 68
+ 1 71
+ 1 73
+ 1 74
+ 1 75
+ 1 76
o 2 1
o 3 3
o 4 5
o 5 2
+ 5 54
+ 5 73
+ 5 76
o 6 4
o 7 9
o 8 11
+ 8 74
o 9 13
o 10 15
o 11 6
+ 11 74
o 12 8
+ 12 74
o 13 19
o 14 7
o 15 22
+ 15 74
+ 15 75
o 16 10
o 17 25
o 18 27
+ 18 75
o 19 29
+ 19 75
o 20 31
o 21 12
o 22 14
o 23 35
o 24 37
o 25 39
+ 25 70
+ 25 75
o 26 42
o 27 16
o 28 18
+ 28 74
o 29 44
+ 29 72
o 30 17
o 31 48
+ 31 72
o 32 20
+ 32 76
o 33 51
o 34 53
o 35 21
+ 35 75
o 36 56
o 37 59
+ 37 72
o 38 61
o 39 23
+ 39 73
o 40 64
o 41 24
+ 41 72
o 42 63
+ 42 72
o 43 28
o 44 26
o 45 70
o 46 72
o 47 74
o 48 76
x 49 46
o 50 30
o 51 32
x 52 49
x 53 50
x 54 52
o 55 33
x 56 54
o 57 34
x 58 55
o 59 38
x 60 57
x 61 60
o 62 36
x 63 62
x 64 65
o 65 41
x 66 66
o 67 40
o 68 43
x 69 67
x 70 68
x 71 69
x 72 71
+ 73 43
x 73 73
+ 74 43
o 74 45
o 75 47
+ 76 44
x 76 75
Case #30: 240 161
+ 1 39
+ 1 41
+ 1 42
+ 1 45
+ 1 46
+ 1 48
+ 1 49
+ 1 52
+ 1 55
+ 1 57
+ 1 58
+ 1 62
+ 1 63
+ 1 64
+ 1 65
+ 1 67
+ 1 69
+ 1 70
+ 1 72
+ 1 75
+ 1 77
+ 1 78
+ 1 81
+ 1 84
+ 1 85
+ 1 86
+ 1 88
+ 1 91
+ 1 94
+ 1 95
+ 1 96
+ 1 98
+ 1 100
o 2 1
+ 2 100
o 3 4
o 4 2
o 5 7
o 6 3
o 7 10
+ 7 98
o 8 12
+ 8 100
o 9 5
o 10 15
o 11 17
o 12 6
+ 12 98
o 13 8
o 14 21
o 15 23
o 16 25
+ 16 97
o 17 9
+ 17 99
o 18 11
+ 18 97
o 19 29
o 20 31
+ 20 98
o 21 33
o 22 35
o 23 13
+ 23 98
o 24 38
+ 24 96
o 25 14
+ 25 98
o 26 41
o 27 18
o 28 16
+ 28 98
o 29 45
+ 29 96
o 30 47
o 31 49
o 32 51
+ 32 97
o 33 19
o 34 54
o 35 20
o 36 57
+ 36 96
o 37 24
+ 37 96
o 38 22
+ 38 96
o 39 61
o 40 63
+ 40 95
o 41 65
o 42 67
+ 42 94
o 43 26
+ 43 96
o 44 70
o 45 27
o 46 73
+ 46 96
o 47 28
o 48 76
o 49 78
+ 49 95
o 50 80
+ 50 99
o 51 30
o 52 32
o 53 84
+ 53 95
o 54 86
+ 54 97
o 55 88
o 56 90
o 57 34
o 58 36
+ 58 97
o 59 94
o 60 96
o 61 37
o 62 99
x 63 62
x 64 64
o 65 39
x 66 66
o 67 40
o 68 43
x 69 68
o 70 42
x 71 69
x 72 72
o 73 44
x 74 74
x 75 75
o 76 46
x 77 77
x 78 79
x 79 81
o 80 48
o 81 50
x 82 82
x 83 83
x 84 85
x 85 87
o 86 52
x 87 89
o 88 53
o 89 56
x 90 91
x 91 92
o 92 55
x 93 93
+ 94 56
o 94 58
x 95 95
x 96 97
x 97 98
+ 98 56
o 98 59
x 99 100
+ 100 59
o 100 60
Case #31: 9 4
x 2 4
o 3 3
o 4 1
+ 4 3
Case #32: 256 115
o 1 1
x 2 2
x 3 3
x 4 4
x 5 5
x 6 6
x 7 7
x 8 8
x 9 9
x 10 10
x 11 11
x 12 12
x 13 13
x 14 14
x 15 15
x 16 16
x 17 17
x 18 18
x 19 19
x 20 20
x 21 21
x 22 22
x 23 23
x 24 24
x 25 25
x 26 26
x 27 27
x 28 28
x 29 29
x 30 71
x 31 72
x 32 73
x 33 74
x 34 75
x 35 76
x 36 77
x 37 78
x 38 79
x 39 80
x 40 81
x 41 82
x 42 83
x 43 84
x 44 85
x 45 86
x 46 87
x 47 88
x 48 89
x 49 90
x 50 91
x 51 92
o 52 50
o 53 52
o 54 49
o 55 51
o 56 48
o 57 54
x 58 93
o 59 53
o 60 47
x 61 94
o 62 46
o 63 56
o 64 45
o 65 55
o 66 44
o 67 58
x 68 95
o 69 57
o 70 43
o 71 60
o 72 42
o 73 59
o 74 41
x 75 96
o 76 40
o 77 62
o 78 39
o 79 61
o 80 38
+ 81 52
o 81 64
x 82 97
+ 83 51
+ 83 52
o 83 63
o 84 37
+ 85 51
x 85 98
o 86 36
+ 86 51
o 87 66
o 88 35
+ 88 50
+ 89 52
o 89 65
o 90 34
+ 91 51
o 91 68
+ 92 51
x 92 99
o 93 67
o 94 33
+ 94 50
+ 95 52
o 95 70
o 96 32
+ 97 51
+ 97 52
o 97 69
o 98 31
+ 99 51
x 99 100
o 100 30
+ 100 51
Case #33: 256 115
o 1 1
x 2 2
x 3 3
x 4 4
x 5 5
x 6 6
x 7 7
x 8 8
x 9 9
x 10 10
x 11 11
x 12 12
x 13 13
x 14 14
x 15 15
x 16 16
x 17 17
x 18 18
x 19 19
x 20 20
x 21 21
x 22 22
x 23 23
x 24 24
x 25 25
x 26 26
x 27 27
x 28 28
x 29 29
x 30 71
x 31 72
x 32 73
x 33 74
x 34 75
x 35 76
x 36 77
x 37 78
x 38 79
x 39 80
x 40 81
x 41 82
x 42 83
x 43 84
x 44 85
x 45 86
x 46 87
x 47 88
x 48 89
x 49 90
x 50 91
x 51 92
o 52 50
o 53 52
o 54 49
o 55 51
o 56 48
o 57 54
x 58 93
o 59 53
o 60 47
x 61 94
o 62 46
o 63 56
o 64 45
o 65 55
o 66 44
o 67 58
x 68 95
o 69 57
o 70 43
o 71 60
o 72 42
o 73 59
o 74 41
x 75 96
o 76 40
o 77 62
o 78 39
o 79 61
o 80 38
+ 81 52
o 81 64
x 82 97
+ 83 51
+ 83 52
o 83 63
o 84 37
+ 85 51
x 85 98
o 86 36
+ 86 51
o 87 66
o 88 35
+ 88 50
+ 89 52
o 89 65
o 90 34
+ 91 51
o 91 68
+ 92 51
x 92 99
o 93 67
o 94 33
+ 94 50
+ 95 52
o 95 70
o 96 32
+ 97 51
+ 97 52
o 97 69
o 98 31
+ 99 51
x 99 100
o 100 30
+ 100 51
Case #34: 62 41
+ 1 10
+ 1 11
+ 1 12
+ 1 13
+ 1 14
+ 1 17
+ 1 21
+ 1 24
o 2 1
o 3 3
o 4 5
+ 4 26
o 5 2
+ 5 26
o 6 4
o 7 9
+ 7 25
o 8 12
o 9 14
o 10 16
+ 10 24
+ 10 25
o 11 6
o 12 15
o 13 20
o 14 7
o 15 23
o 16 8
o 17 11
x 18 17
o 19 10
x 20 19
x 21 22
x 22 24
o 23 13
+ 24 13
x 24 25
o 25 21
+ 26 13
+ 26 14
x 26 26
Case #35: 132 87
+ 1 22
+ 1 23
+ 1 26
+ 1 27
+ 1 28
+ 1 29
+ 1 33
+ 1 37
+ 1 38
+ 1 39
+ 1 40
+ 1 48
+ 1 49
+ 1 52
+ 1 53
+ 1 54
o 2 1
o 3 3
o 4 5
+ 4 53
o 5 2
+ 5 55
o 6 4
o 7 9
+ 7 52
o 8 11
o 9 13
o 10 15
+ 10 53
o 11 6
+ 11 55
o 12 8
o 13 19
o 14 7
+ 14 54
+ 14 55
o 15 22
o 16 10
o 17 25
o 18 27
o 19 29
+ 19 53
+ 19 54
o 20 31
o 21 12
o 22 14
+ 22 53
o 23 35
+ 23 53
o 24 37
o 25 39
o 26 41
o 27 16
+ 27 50
+ 27 51
o 28 18
o 29 45
o 30 17
o 31 48
+ 31 51
o 32 20
o 33 51
o 34 53
o 35 21
x 36 36
x 37 38
x 38 40
o 39 23
x 40 42
o 41 24
x 42 43
o 43 28
o 44 26
x 45 44
x 46 46
x 47 47
x 48 49
x 49 50
o 50 30
+ 51 30
o 51 32
x 52 52
x 53 54
+ 54 31
x 54 55
+ 55 31
o 55 33
Case #36: 29 18
+ 1 3
+ 1 7
+ 1 10
+ 1 11
o 2 1
o 3 3
+ 3 11
o 4 5
+ 4 11
o 5 2
o 6 4
+ 6 11
o 7 11
x 8 8
x 9 10
o 10 6
x 11 12
o 12 7
Case #37: 72 46
+ 1 13
+ 1 14
+ 1 17
+ 1 20
+ 1 26
+ 1 27
+ 1 29
+ 1 30
o 2 1
o 3 3
+ 3 30
o 4 5
o 5 2
o 6 4
+ 6 28
o 7 10
+ 7 30
o 8 12
o 9 14
+ 9 30
o 10 6
o 11 13
o 12 7
+ 12 29
+ 12 30
o 13 19
o 14 21
o 15 23
+ 15 30
o 16 27
+ 16 30
o 17 8
o 18 11
x 19 20
x 20 22
o 21 15
x 22 24
x 23 25
o 24 16
x 25 26
x 26 28
o 27 17
x 28 29
o 29 18
+ 30 18
x 30 30
Case #38: 31 20
+ 1 8
+ 1 11
+ 1 13
o 2 3
+ 2 13
o 3 5
o 4 7
+ 4 12
+ 4 13
o 5 2
o 6 4
+ 6 12
o 7 6
o 8 13
x 9 9
x 10 10
x 11 11
+ 12 7
o 12 8
x 13 12
Case #39: 241 162
o 1 1
+ 1 41
+ 1 44
+ 1 45
+ 1 47
+ 1 48
+ 1 51
+ 1 54
+ 1 56
+ 1 57
+ 1 61
+ 1 62
+ 1 63
+ 1 64
+ 1 65
+ 1 68
+ 1 69
+ 1 71
+ 1 72
+ 1 75
+ 1 78
+ 1 80
+ 1 81
+ 1 84
+ 1 85
+ 1 86
+ 1 89
+ 1 90
+ 1 91
+ 1 94
+ 1 95
+ 1 97
+ 1 98
+ 1 100
o 2 4
o 3 2
o 4 7
o 5 3
o 6 10
+ 6 98
o 7 12
o 8 5
+ 8 99
o 9 15
o 10 17
o 11 6
o 12 8
+ 12 98
+ 12 99
o 13 21
o 14 23
o 15 25
+ 15 97
o 16 9
o 17 11
+ 17 98
o 18 29
o 19 31
o 20 33
+ 20 98
o 21 35
+ 21 96
o 22 13
o 23 38
o 24 14
+ 24 97
+ 24 100
o 25 42
o 26 18
o 27 16
+ 27 99
o 28 46
+ 28 97
o 29 48
o 30 50
o 31 52
+ 31 96
+ 31 97
o 32 19
o 33 55
o 34 20
o 35 58
o 36 24
+ 36 95
o 37 22
o 38 62
+ 38 96
o 39 64
o 40 66
+ 40 97
o 41 68
+ 41 95
o 42 26
o 43 71
+ 43 95
o 44 27
o 45 74
o 46 76
+ 46 94
+ 46 97
o 47 28
o 48 30
+ 48 97
o 49 80
o 50 82
o 51 84
o 52 32
+ 52 94
o 53 88
+ 53 98
o 54 90
o 55 34
o 56 93
+ 56 97
o 57 95
o 58 36
o 59 98
o 60 37
x 61 63
x 62 65
o 63 39
x 64 67
o 65 40
x 66 69
o 67 41
x 68 70
x 69 72
o 70 43
x 71 73
o 72 44
x 73 75
x 74 77
o 75 45
o 76 47
x 77 78
x 78 79
x 79 81
x 80 83
o 81 49
o 82 51
x 83 85
x 84 86
x 85 87
o 86 53
x 87 89
o 88 54
x 89 91
x 90 92
o 91 56
x 92 94
o 93 57
+ 94 54
x 94 96
x 95 97
o 96 59
x 97 99
+ 98 56
o 98 60
x 99 100
+ 100 56
+ 100 59
o 100 61
Case #40: 46 30
+ 1 11
+ 1 12
+ 1 13
+ 1 14
+ 1 17
o 2 1
o 3 3
+ 3 20
o 4 5
o 5 2
+ 5 19
o 6 4
o 7 9
o 8 11
o 9 13
+ 9 17
o 10 15
+ 10 17
o 11 6
o 12 8
o 13 19
o 14 7
x 15 14
x 16 16
x 17 17
+ 18 10
o 18 12
+ 19 10
x 19 18
x 20 20
Case #41: 38 24
+ 1 11
+ 1 14
o 2 1
+ 2 16
o 3 3
o 4 6
+ 4 16
o 5 8
+ 5 16
o 6 10
+ 7 1
o 7 4
+ 7 15
+ 7 16
o 8 9
o 9 5
o 10 16
x 11 12
o 12 7
o 13 11
x 14 13
x 15 14
+ 16 9
x 16 15
Case #42: 240 161
o 1 1
+ 1 42
+ 1 47
+ 1 48
+ 1 51
+ 1 52
+ 1 53
+ 1 55
+ 1 57
+ 1 58
+ 1 61
+ 1 64
+ 1 66
+ 1 67
+ 1 70
+ 1 71
+ 1 73
+ 1 74
+ 1 75
+ 1 76
+ 1 79
+ 1 80
+ 1 83
+ 1 84
+ 1 87
+ 1 89
+ 1 90
+ 1 92
+ 1 95
+ 1 96
+ 1 99
+ 1 100
o 2 3
o 3 5
+ 3 99
o 4 2
o 5 4
o 6 9
+ 6 99
o 7 11
+ 7 99
o 8 13
o 9 15
+ 9 99
o 10 6
+ 10 97
o 11 8
o 12 19
o 13 7
+ 13 98
o 14 22
+ 14 98
o 15 10
o 16 25
o 17 27
+ 17 98
o 18 29
o 19 31
+ 19 99
o 20 12
+ 20 97
o 21 14
o 22 35
+ 22 98
o 23 37
o 24 39
o 25 41
o 26 16
o 27 18
o 28 45
+ 28 96
o 29 17
+ 29 100
o 30 48
o 31 20
+ 31 95
o 32 51
+ 32 99
o 33 54
o 34 21
o 35 57
+ 35 97
o 36 59
+ 36 97
o 37 61
o 38 23
+ 38 96
o 39 64
+ 39 98
o 40 24
o 41 68
o 42 28
o 43 26
+ 43 98
o 44 72
o 45 74
+ 45 98
o 46 76
+ 46 94
o 47 78
o 48 80
o 49 30
+ 49 93
+ 49 98
o 50 32
o 51 84
o 52 86
+ 52 94
o 53 33
+ 53 98
o 54 90
o 55 34
o 56 93
+ 56 99
o 57 95
o 58 36
o 59 98
o 60 100
o 61 38
x 62 63
x 63 65
o 64 40
x 65 66
x 66 67
x 67 69
o 68 42
o 69 44
x 70 70
o 71 43
x 72 71
x 73 73
o 74 47
x 75 75
x 76 77
o 77 46
o 78 49
x 79 79
o 80 50
x 81 81
x 82 82
x 83 83
o 84 52
x 85 85
o 86 53
x 87 87
x 88 88
x 89 89
o 90 55
x 91 91
o 92 56
x 93 92
o 94 60
+ 95 55
o 95 58
x 96 94
x 97 96
x 98 97
+ 99 57
+ 99 60
x 99 99
o 100 62
Case #43: 232 156
+ 1 38
+ 1 39
+ 1 40
+ 1 43
+ 1 48
+ 1 49
+ 1 53
+ 1 54
+ 1 56
+ 1 58
+ 1 59
+ 1 62
+ 1 65
+ 1 67
+ 1 68
+ 1 71
+ 1 72
+ 1 74
+ 1 75
+ 1 76
+ 1 77
+ 1 80
+ 1 81
+ 1 84
+ 1 85
+ 1 88
+ 1 89
+ 1 92
+ 1 93
o 2 1
o 3 3
o 4 5
+ 4 97
o 5 2
+ 5 95
o 6 4
o 7 9
o 8 11
+ 8 94
+ 8 97
o 9 13
o 10 15
o 11 6
+ 11 96
o 12 8
+ 12 94
o 13 19
o 14 7
o 15 22
+ 15 96
o 16 10
+ 16 94
o 17 25
o 18 27
+ 18 95
o 19 29
o 20 31
o 21 12
+ 21 93
o 22 14
o 23 35
o 24 37
+ 24 93
o 25 39
o 26 41
+ 26 94
o 27 16
+ 27 92
o 28 18
o 29 45
o 30 17
+ 30 93
o 31 48
o 32 20
+ 32 94
o 33 51
o 34 53
+ 34 94
o 35 21
o 36 56
+ 36 95
o 37 58
o 38 60
+ 38 94
o 39 23
o 40 63
o 41 24
+ 41 95
o 42 66
+ 42 91
o 43 28
o 44 26
+ 44 94
o 45 70
+ 45 90
o 46 72
o 47 74
o 48 76
+ 48 91
+ 48 94
o 49 78
o 50 30
o 51 32
+ 51 92
+ 51 95
o 52 82
o 53 84
o 54 86
+ 54 94
o 55 33
o 56 89
o 57 34
o 58 92
o 59 38
o 60 95
o 61 97
x 62 61
o 63 36
o 64 40
x 65 62
x 66 64
o 67 42
x 68 65
o 69 43
x 70 67
x 71 68
o 72 44
x 73 69
x 74 71
x 75 73
o 76 46
x 77 75
o 78 47
o 79 50
x 80 77
o 81 49
x 82 79
x 83 80
x 84 81
x 85 83
x 86 85
o 87 54
x 88 87
o 89 55
x 90 88
x 91 90
+ 92 55
o 92 57
x 93 91
x 94 93
+ 95 56
+ 95 57
o 95 59
x 96 94
+ 97 56
x 97 96
Case #44: 241 163
o 1 1
+ 1 41
+ 1 42
+ 1 43
+ 1 46
+ 1 48
+ 1 49
+ 1 51
+ 1 54
+ 1 55
+ 1 56
+ 1 59
+ 1 61
+ 1 62
+ 1 64
+ 1 66
+ 1 67
+ 1 69
+ 1 72
+ 1 74
+ 1 75
+ 1 77
+ 1 79
+ 1 80
+ 1 83
+ 1 86
+ 1 87
+ 1 88
+ 1 90
+ 1 93
+ 1 95
+ 1 96
+ 1 98
+ 1 100
o 2 3
+ 2 100
o 3 6
o 4 2
o 5 9
o 6 5
+ 6 99
o 7 12
o 8 4
o 9 16
+ 9 99
+ 9 100
o 10 7
o 11 19
+ 11 99
o 12 21
o 13 8
o 14 24
o 15 26
+ 15 98
o 16 10
+ 16 100
o 17 29
o 18 11
+ 18 99
o 19 32
+ 19 99
o 20 34
o 21 13
o 22 37
o 23 14
+ 23 100
o 24 40
+ 24 96
o 25 15
o 26 43
+ 26 96
o 27 45
o 28 17
o 29 48
o 30 18
+ 30 99
o 31 51
+ 31 95
o 32 53
+ 32 99
o 33 20
o 34 56
+ 34 96
o 35 58
o 36 22
o 37 61
o 38 23
o 39 64
+ 39 95
+ 39 98
o 40 66
o 41 25
+ 41 98
o 42 69
o 43 71
+ 43 95
o 44 27
o 45 74
+ 45 96
o 46 28
o 47 77
+ 47 93
o 48 79
o 49 30
+ 49 98
o 50 82
+ 50 94
o 51 84
o 52 31
o 53 33
o 54 89
+ 54 97
o 55 91
o 56 93
o 57 35
o 58 96
o 59 36
o 60 99
x 61 62
o 62 38
x 63 63
x 64 65
o 65 39
o 66 41
x 67 67
x 68 68
x 69 70
o 70 42
o 71 44
x 72 72
x 73 73
x 74 75
o 75 46
x 76 76
x 77 78
o 78 47
o 79 49
x 80 80
x 81 81
x 82 83
o 83 50
o 84 52
x 85 85
x 86 86
x 87 87
o 88 54
x 89 88
o 90 55
x 91 90
x 92 92
o 93 57
+ 94 54
x 94 94
x 95 95
+ 96 57
o 96 59
+ 97 55
x 97 97
o 98 60
+ 99 58
x 99 98
+ 100 56
x 100 100
Case #45: 26 15
+ 1 10
o 2 8
o 3 2
+ 3 10
+ 3 11
o 4 4
o 5 1
o 6 3
+ 6 10
o 7 5
o 8 11
x 9 7
+ 10 5
x 10 9
x 11 10
Case #46: 190 128
+ 1 32
+ 1 33
+ 1 37
+ 1 38
+ 1 39
+ 1 40
+ 1 43
+ 1 44
+ 1 46
+ 1 49
+ 1 50
+ 1 51
+ 1 52
+ 1 53
+ 1 54
+ 1 57
+ 1 60
+ 1 61
+ 1 64
+ 1 66
+ 1 67
+ 1 69
+ 1 72
+ 1 73
+ 1 74
+ 1 77
+ 1 78
o 2 1
o 3 3
o 4 5
+ 4 78
+ 4 79
o 5 2
o 6 4
o 7 10
o 8 12
+ 8 78
o 9 14
o 10 6
+ 10 79
o 11 17
o 12 20
+ 12 79
o 13 8
o 14 21
+ 14 78
o 15 7
o 16 9
o 17 26
+ 17 79
o 18 28
+ 18 79
o 19 30
o 20 11
+ 20 78
o 21 15
+ 21 78
o 22 34
o 23 36
o 24 13
+ 24 78
+ 24 79
o 25 39
o 26 16
o 27 42
o 28 44
o 29 47
o 30 18
+ 30 76
+ 30 77
o 31 50
o 32 52
o 33 54
o 34 56
+ 34 75
+ 34 78
o 35 22
o 36 59
o 37 23
o 38 62
+ 38 73
+ 38 78
o 39 24
o 40 65
o 41 25
+ 41 74
o 42 68
o 43 70
+ 43 77
o 44 27
o 45 73
o 46 75
o 47 77
o 48 29
o 49 31
x 50 49
x 51 51
x 52 53
o 53 32
x 54 55
o 55 33
x 56 57
o 57 37
o 58 35
x 59 58
x 60 60
x 61 61
x 62 63
o 63 38
o 64 40
x 65 64
x 66 66
o 67 41
x 68 67
x 69 69
x 70 71
o 71 43
o 72 45
x 73 72
x 74 74
+ 75 44
x 75 76
o 76 46
o 77 48
+ 78 45
x 78 78
+ 79 47
x 79 79
Case #47: 240 162
o 1 1
+ 1 41
+ 1 42
+ 1 43
+ 1 49
+ 1 50
+ 1 51
+ 1 52
+ 1 53
+ 1 56
+ 1 59
+ 1 61
+ 1 62
+ 1 65
+ 1 66
+ 1 68
+ 1 69
+ 1 72
+ 1 75
+ 1 76
+ 1 77
+ 1 78
+ 1 79
+ 1 82
+ 1 87
+ 1 88
+ 1 91
+ 1 92
+ 1 93
+ 1 95
+ 1 97
+ 1 98
+ 1 100
o 2 3
o 3 6
o 4 2
+ 4 99
o 5 9
o 6 5
o 7 12
o 8 4
+ 8 96
o 9 15
o 10 7
+ 10 99
o 11 18
+ 11 95
o 12 20
o 13 8
+ 13 98
o 14 23
o 15 25
+ 15 97
o 16 10
+ 16 99
o 17 28
o 18 30
o 19 11
+ 19 99
o 20 13
+ 20 99
o 21 34
o 22 36
o 23 38
o 24 14
+ 24 96
+ 24 97
o 25 16
o 26 42
+ 26 96
o 27 44
o 28 46
+ 28 97
o 29 17
o 30 19
o 31 50
o 32 52
+ 32 98
o 33 54
o 34 56
+ 34 97
o 35 21
o 36 59
+ 36 98
o 37 22
o 38 62
+ 38 97
o 39 26
o 40 24
+ 40 96
+ 40 97
o 41 66
o 42 68
+ 42 96
o 43 70
o 44 72
+ 44 97
o 45 27
o 46 29
o 47 76
o 48 78
+ 48 94
o 49 80
+ 49 96
o 50 82
o 51 31
+ 51 95
o 52 33
+ 52 95
o 53 86
o 54 32
o 55 89
o 56 35
+ 56 95
o 57 92
o 58 94
o 59 96
o 60 37
o 61 99
x 62 63
o 63 39
x 64 64
o 65 40
x 66 65
o 67 41
x 68 67
x 69 69
x 70 71
o 71 43
o 72 45
x 73 73
x 74 74
x 75 75
x 76 77
o 77 47
o 78 49
x 79 79
o 80 48
x 81 81
o 82 51
x 83 83
x 84 84
x 85 85
x 86 87
o 87 53
o 88 55
x 89 88
x 90 90
x 91 91
x 92 93
o 93 57
+ 94 54
x 94 95
o 95 58
o 96 61
x 97 97
+ 98 56
o 98 60
+ 99 60
x 99 98
+ 100 56
x 100 100
Case #48: 255 113
x 2 1
x 3 2
x 4 3
x 5 4
x 6 5
x 7 6
x 8 7
x 9 8
x 10 9
x 11 10
x 12 11
x 13 12
x 14 13
x 15 14
x 16 15
x 17 16
x 18 17
x 19 18
x 20 19
x 21 20
x 22 21
x 23 22
x 24 23
x 25 24
x 26 25
x 27 26
x 28 27
x 29 28
x 30 29
x 31 72
x 32 73
x 33 74
x 34 75
x 35 76
x 36 77
x 37 78
x 38 79
x 39 80
x 40 81
x 41 82
x 42 83
x 43 84
x 44 85
x 45 86
x 46 87
x 47 88
x 48 89
x 49 90
x 50 91
x 51 92
o 52 50
o 53 52
o 54 49
o 55 51
o 56 48
o 57 54
x 58 93
o 59 53
o 60 47
x 61 94
o 62 46
o 63 56
o 64 45
o 65 55
o 66 44
o 67 58
x 68 95
o 69 57
o 70 43
o 71 60
o 72 42
o 73 59
o 74 41
x 75 96
o 76 40
o 77 62
o 78 39
o 79 61
o 80 38
+ 81 49
o 81 64
+ 82 51
x 82 97
o 83 63
o 84 37
+ 84 50
+ 85 50
x 85 98
o 86 36
+ 87 49
+ 87 50
o 87 66
o 88 35
+ 89 49
o 89 65
o 90 34
+ 91 50
o 91 68
x 92 99
+ 93 49
+ 93 50
o 93 67
o 94 69
o 95 32
+ 95 49
+ 96 51
x 96 100
o 97 31
+ 98 50
o 98 70
o 99 30
+ 99 50
o 100 71
Case #49: 199 133
+ 1 33
+ 1 34
+ 1 37
+ 1 38
+ 1 39
+ 1 43
+ 1 49
+ 1 50
+ 1 52
+ 1 56
+ 1 57
+ 1 58
+ 1 61
+ 1 62
+ 1 65
+ 1 68
+ 1 70
+ 1 71
+ 1 72
+ 1 75
+ 1 76
+ 1 79
+ 1 80
o 2 1
+ 2 83
o 3 3
+ 3 83
o 4 5
o 5 2
o 6 4
+ 6 82
+ 6 83
o 7 9
o 8 11
o 9 13
+ 9 81
+ 9 82
o 10 15
o 11 6
o 12 8
o 13 19
+ 13 81
o 14 7
o 15 22
+ 15 80
o 16 10
o 17 25
o 18 27
+ 18 80
+ 18 81
o 19 30
o 20 32
o 21 12
+ 21 79
o 22 14
+ 22 81
o 23 33
o 24 37
o 25 39
o 26 41
+ 26 79
+ 26 80
o 27 16
o 28 18
o 29 45
+ 29 81
o 30 17
+ 30 77
o 31 48
o 32 50
+ 32 82
o 33 21
o 34 53
+ 34 79
o 35 20
o 36 56
+ 36 79
o 37 23
+ 37 81
o 38 59
o 39 62
+ 39 80
o 40 64
o 41 24
+ 41 81
o 42 67
o 43 69
o 44 26
o 45 72
o 46 74
+ 46 80
+ 46 81
o 47 28
o 48 77
o 49 29
+ 49 80
o 50 34
o 51 81
o 52 31
x 53 52
x 54 54
x 55 55
x 56 57
x 57 58
o 58 35
x 59 60
o 60 36
x 61 61
x 62 63
x 63 65
o 64 38
o 65 43
x 66 66
x 67 68
x 68 70
o 69 42
x 70 71
x 71 73
o 72 44
x 73 75
o 74 49
o 75 46
x 76 76
o 77 47
x 78 78
x 79 79
+ 80 48
x 80 80
x 81 82
+ 82 48
+ 82 49
o 82 51
x 83 83
Case #50: 2 1
o 1 1
Case #51: 76 50
+ 1 14
+ 1 15
+ 1 18
+ 1 21
+ 1 22
+ 1 23
+ 1 26
+ 1 29
+ 1 30
+ 1 31
o 2 1
o 3 4
o 4 2
+ 4 30
o 5 7
+ 5 32
o 6 3
o 7 10
o 8 12
+ 8 32
o 9 5
o 10 15
o 11 17
o 12 6
+ 12 30
+ 12 31
o 13 8
o 14 21
o 15 23
+ 15 31
o 16 25
+ 16 31
o 17 9
o 18 11
o 19 29
+ 19 31
o 20 31
x 21 19
x 22 20
o 23 13
x 24 22
o 25 14
x 26 24
o 27 18
o 28 16
x 29 26
x 30 27
+ 31 18
x 31 28
x 32 30
Case #52: 89 58
+ 1 16
+ 1 17
+ 1 18
+ 1 24
+ 1 27
+ 1 28
+ 1 29
+ 1 30
+ 1 31
+ 1 34
+ 1 35
+ 1 37
o 2 2
o 3 4
o 4 7
+ 4 36
o 5 3
+ 5 36
o 6 8
o 7 6
o 8 12
o 9 14
+ 9 33
o 10 16
+ 10 35
o 11 5
o 12 9
o 13 20
+ 13 35
o 14 10
o 15 24
+ 15 36
o 16 11
o 17 27
+ 17 35
+ 17 36
o 18 29
o 19 31
o 20 34
o 21 13
o 22 15
x 23 25
x 24 26
x 25 28
o 26 17
x 27 30
o 28 18
x 29 32
o 30 19
x 31 33
x 32 35
x 33 36
o 34 21
+ 35 21
o 35 23
x 36 37
+ 37 20
o 37 22
Case #53: 4 2
+ 1 2
o 2 2
Case #54: 1 0
Case #55: 237 162
+ 1 38
+ 1 39
+ 1 40
+ 1 43
+ 1 48
+ 1 49
+ 1 52
+ 1 53
+ 1 54
+ 1 56
+ 1 58
+ 1 59
+ 1 65
+ 1 67
+ 1 68
+ 1 71
+ 1 72
+ 1 74
+ 1 75
+ 1 76
+ 1 77
+ 1 80
+ 1 81
+ 1 84
+ 1 85
+ 1 88
+ 1 89
+ 1 92
+ 1 93
+ 1 98
+ 1 99
o 2 1
+ 2 61
o 3 3
+ 3 98
+ 3 99
o 4 5
o 5 2
+ 5 99
o 6 4
o 7 9
o 8 11
+ 8 98
o 9 13
+ 9 98
o 10 15
o 11 6
o 12 8
+ 12 97
o 13 19
+ 13 99
o 14 7
o 15 22
+ 15 96
o 16 10
+ 16 98
o 17 25
o 18 27
o 19 29
o 20 31
+ 20 97
o 21 12
+ 21 99
o 22 14
o 23 35
o 24 37
o 25 39
+ 25 94
o 26 41
o 27 16
+ 27 99
o 28 18
o 29 45
+ 29 94
o 30 17
+ 30 98
o 31 48
o 32 20
o 33 51
o 34 53
+ 34 97
o 35 21
+ 35 97
o 36 56
+ 36 97
o 37 58
o 38 60
+ 38 98
o 39 23
o 40 63
o 41 24
o 42 66
o 43 28
+ 43 92
+ 43 99
o 44 26
o 45 70
+ 45 99
o 46 72
o 47 74
+ 47 92
o 48 76
o 49 78
+ 49 99
o 50 30
+ 50 93
o 51 32
o 52 82
o 53 84
+ 53 94
+ 53 99
o 54 86
o 55 33
+ 55 99
o 56 89
o 57 34
o 58 92
+ 58 98
o 59 38
o 60 36
o 61 96
o 62 98
x 63 61
x 64 64
o 65 40
x 66 65
x 67 67
o 68 42
x 69 68
o 70 43
x 71 69
o 72 44
x 73 71
x 74 73
x 75 75
o 76 46
x 77 77
o 78 47
o 79 50
x 80 79
o 81 49
x 82 80
x 83 81
x 84 83
x 85 85
o 86 52
o 87 54
x 88 87
x 89 88
x 90 90
o 91 55
o 92 57
x 93 91
x 94 93
+ 95 56
x 95 94
o 96 59
+ 97 56
x 97 95
+ 98 60
x 98 97
x 99 99
Case #56: 12 8
+ 1 3
+ 1 4
o 2 1
o 3 3
o 4 5
+ 5 2
+ 5 3
x 5 4
Case #57: 240 163
o 1 1
+ 1 42
+ 1 47
+ 1 48
+ 1 51
+ 1 52
+ 1 53
+ 1 55
+ 1 57
+ 1 58
+ 1 61
+ 1 64
+ 1 66
+ 1 67
+ 1 70
+ 1 71
+ 1 73
+ 1 74
+ 1 75
+ 1 76
+ 1 79
+ 1 80
+ 1 83
+ 1 84
+ 1 87
+ 1 88
+ 1 91
+ 1 92
+ 1 97
+ 1 98
+ 1 99
+ 1 100
o 2 3
o 3 5
o 4 2
+ 4 99
o 5 4
o 6 9
+ 6 99
+ 6 100
o 7 11
o 8 13
+ 8 100
o 9 15
o 10 6
o 11 8
+ 11 99
+ 11 100
o 12 19
o 13 7
o 14 22
+ 14 99
o 15 10
o 16 25
+ 16 100
o 17 27
o 18 29
o 19 31
+ 19 99
+ 19 100
o 20 12
o 21 14
o 22 35
o 23 37
+ 23 99
o 24 39
o 25 41
o 26 16
o 27 18
+ 27 98
o 28 45
o 29 17
o 30 48
+ 30 97
o 31 20
+ 31 99
o 32 51
o 33 53
o 34 21
+ 34 98
o 35 56
+ 35 96
o 36 58
+ 36 98
o 37 60
o 38 23
+ 38 97
o 39 63
o 40 24
+ 40 98
o 41 66
o 42 28
o 43 26
+ 43 98
o 44 70
o 45 72
+ 45 98
o 46 74
o 47 76
+ 47 95
o 48 78
o 49 30
+ 49 98
o 50 32
o 51 82
+ 51 95
o 52 84
o 53 86
+ 53 98
o 54 33
+ 54 96
o 55 89
+ 55 98
o 56 34
+ 56 96
o 57 92
o 58 38
+ 58 97
o 59 36
o 60 97
o 61 99
x 62 64
x 63 65
o 64 40
x 65 67
x 66 68
o 67 42
x 68 69
o 69 43
x 70 71
o 71 44
x 72 73
x 73 75
x 74 77
o 75 46
x 76 79
o 77 47
o 78 50
x 79 80
o 80 49
x 81 81
x 82 83
x 83 85
x 84 87
o 85 52
o 86 54
x 87 88
x 88 90
x 89 91
o 90 55
o 91 57
x 92 93
x 93 94
x 94 95
o 95 59
x 96 96
x 97 98
+ 98 58
o 98 61
x 99 100
+ 100 58
+ 100 61
o 100 62
Case #58: 239 162
+ 1 39
+ 1 40
+ 1 43
+ 1 48
+ 1 49
+ 1 52
+ 1 53
+ 1 54
+ 1 56
+ 1 58
+ 1 59
+ 1 62
+ 1 64
+ 1 65
+ 1 67
+ 1 69
+ 1 70
+ 1 71
+ 1 72
+ 1 76
+ 1 77
+ 1 79
+ 1 80
+ 1 82
+ 1 85
+ 1 87
+ 1 89
+ 1 90
+ 1 92
+ 1 95
+ 1 96
+ 1 99
+ 1 100
o 2 1
o 3 3
+ 3 99
o 4 5
o 5 2
o 6 4
+ 6 99
o 7 9
o 8 11
+ 8 100
o 9 13
o 10 15
+ 10 97
o 11 6
o 12 8
o 13 19
+ 13 98
o 14 7
o 15 22
+ 15 97
o 16 10
o 17 25
+ 17 100
o 18 27
+ 18 98
o 19 29
o 20 31
o 21 12
o 22 14
+ 22 96
+ 22 99
o 23 35
o 24 37
o 25 39
+ 25 98
o 26 41
o 27 16
+ 27 99
o 28 18
o 29 45
o 30 17
o 31 48
+ 31 98
o 32 20
o 33 51
+ 33 95
o 34 53
+ 34 99
o 35 21
+ 35 95
o 36 56
o 37 58
o 38 60
+ 38 97
o 39 23
+ 39 95
o 40 63
o 41 65
o 42 67
+ 42 96
o 43 26
o 44 70
o 45 30
+ 45 94
o 46 73
+ 46 96
o 47 75
o 48 28
o 49 78
+ 49 94
o 50 32
+ 50 96
o 51 81
o 52 33
+ 52 95
o 53 84
+ 53 97
o 54 86
o 55 34
+ 55 96
o 56 89
+ 56 96
o 57 91
o 58 36
o 59 94
o 60 96
o 61 38
o 62 99
x 63 64
o 64 40
x 65 66
x 66 68
x 67 69
o 68 42
o 69 44
x 70 71
x 71 72
o 72 43
x 73 74
o 74 46
x 75 76
o 76 49
o 77 47
x 78 77
x 79 79
x 80 80
o 81 50
x 82 82
x 83 83
o 84 52
x 85 85
x 86 87
o 87 54
x 88 88
o 89 55
x 90 90
x 91 92
o 92 57
x 93 93
x 94 95
o 95 59
x 96 97
+ 97 58
x 97 98
o 98 61
+ 99 58
+ 99 59
x 99 100
o 100 62
Case #59: 119 76
+ 1 23
+ 1 24
+ 1 25
+ 1 28
+ 1 29
+ 1 34
+ 1 35
+ 1 36
+ 1 39
+ 1 42
+ 1 45
+ 1 46
+ 1 48
+ 1 49
o 2 1
o 3 3
o 4 6
o 5 2
o 6 7
+ 6 49
o 7 5
+ 7 49
o 8 11
o 9 13
+ 9 48
o 10 4
o 11 16
o 12 8
+ 12 48
o 13 19
+ 13 50
o 14 9
o 15 23
o 16 25
o 17 27
+ 17 47
o 18 10
+ 18 47
o 19 12
o 20 31
o 21 33
+ 21 46
o 22 36
+ 22 48
o 23 38
o 24 15
o 25 41
+ 25 46
o 26 43
o 27 45
+ 27 47
o 28 17
o 29 48
o 30 18
o 31 21
x 32 32
o 33 20
x 34 34
x 35 35
x 36 37
o 37 22
o 38 24
x 39 39
x 40 40
x 41 42
o 42 26
x 43 44
x 44 46
o 45 28
x 46 47
o 47 29
+ 48 27
x 48 49
+ 49 29
o 49 30
x 50 50
Case #60: 41 24
+ 1 11
+ 1 17
o 2 1
o 3 3
+ 3 17
o 4 6
o 5 9
+ 5 17
o 6 2
o 7 4
+ 7 16
o 8 11
+ 8 16
o 9 7
o 10 16
x 11 10
o 12 5
o 13 8
o 14 15
x 15 13
x 16 14
+ 17 8
+ 17 11
x 17 17
Case #61: 256 114
x 2 1
x 3 3
x 4 4
x 5 5
x 6 6
x 7 7
x 8 8
x 9 9
x 10 10
x 11 11
x 12 12
x 13 13
x 14 14
x 15 15
x 16 16
x 17 17
x 18 18
x 19 19
x 20 20
x 21 21
x 22 22
x 23 23
x 24 24
x 25 25
x 26 26
x 27 27
x 28 28
x 29 29
x 30 71
x 31 72
x 32 73
x 33 74
x 34 75
x 35 76
x 36 77
x 37 78
x 38 79
x 39 80
x 40 81
x 41 82
x 42 83
x 43 84
x 44 85
x 45 86
x 46 87
x 47 88
x 48 89
x 49 90
x 50 91
x 51 92
o 52 50
o 53 52
o 54 49
o 55 51
o 56 48
o 57 54
x 58 93
o 59 53
o 60 47
x 61 94
o 62 46
o 63 56
o 64 45
o 65 55
o 66 44
o 67 58
x 68 95
o 69 57
o 70 43
o 71 60
o 72 42
o 73 59
o 74 41
x 75 96
o 76 40
o 77 62
o 78 39
o 79 61
o 80 38
+ 81 52
o 81 64
x 82 97
+ 83 51
+ 83 52
o 83 63
o 84 37
+ 85 51
x 85 98
o 86 36
+ 86 51
o 87 66
o 88 35
+ 88 50
+ 89 52
o 89 65
o 90 34
+ 91 51
o 91 68
+ 92 51
x 92 99
o 93 67
o 94 33
+ 94 50
+ 95 52
o 95 70
o 96 32
+ 97 51
+ 97 52
o 97 69
o 98 31
+ 99 51
x 99 100
o 100 30
+ 100 51
Case #62: 239 163
o 1 1
+ 1 42
+ 1 47
+ 1 48
+ 1 51
+ 1 52
+ 1 53
+ 1 55
+ 1 57
+ 1 58
+ 1 61
+ 1 64
+ 1 66
+ 1 67
+ 1 70
+ 1 71
+ 1 73
+ 1 74
+ 1 75
+ 1 76
+ 1 79
+ 1 80
+ 1 83
+ 1 84
+ 1 87
+ 1 88
+ 1 91
+ 1 92
+ 1 97
+ 1 98
+ 1 99
+ 1 100
o 2 3
o 3 5
o 4 2
+ 4 99
o 5 4
o 6 9
+ 6 99
+ 6 100
o 7 11
o 8 13
+ 8 100
o 9 15
o 10 6
o 11 8
+ 11 99
+ 11 100
o 12 19
o 13 7
o 14 22
+ 14 99
o 15 10
o 16 25
+ 16 100
o 17 27
o 18 29
o 19 31
+ 19 99
+ 19 100
o 20 12
o 21 14
o 22 35
o 23 37
+ 23 99
o 24 39
o 25 41
o 26 16
o 27 18
+ 27 98
o 28 45
o 29 17
o 30 48
+ 30 97
o 31 20
+ 31 99
o 32 51
o 33 53
o 34 21
+ 34 98
o 35 56
+ 35 96
o 36 58
+ 36 98
o 37 60
+ 38 1
o 38 23
+ 38 97
o 39 63
o 40 24
+ 40 98
o 41 66
o 42 28
o 43 26
+ 43 98
o 44 70
o 45 72
+ 45 98
o 46 74
o 47 76
+ 47 95
o 48 78
o 49 30
+ 49 98
o 50 32
o 51 82
+ 51 95
o 52 84
o 53 86
+ 53 98
o 54 33
+ 54 96
o 55 89
+ 55 98
o 56 34
+ 56 96
o 57 92
o 58 38
+ 58 97
o 59 36
o 60 96
o 61 98
o 62 100
x 63 62
o 64 40
x 65 64
x 66 65
o 67 42
x 68 67
o 69 43
x 70 68
o 71 44
x 72 69
x 73 71
x 74 73
o 75 46
x 76 75
o 77 47
o 78 50
x 79 77
o 80 49
x 81 79
x 82 80
x 83 81
x 84 83
o 85 52
o 86 54
x 87 85
x 88 87
x 89 88
o 90 55
o 91 57
x 92 90
x 93 91
x 94 93
o 95 59
x 96 94
x 97 95
+ 98 59
x 98 97
+ 99 59
o 99 61
x 100 99
Case #63: 235 156
+ 1 40
+ 1 42
+ 1 47
+ 1 51
+ 1 52
+ 1 53
+ 1 56
+ 1 58
+ 1 60
+ 1 61
+ 1 63
+ 1 65
+ 1 66
+ 1 69
+ 1 70
+ 1 73
+ 1 74
+ 1 76
+ 1 78
+ 1 81
+ 1 83
+ 1 84
+ 1 87
+ 1 88
+ 1 91
+ 1 92
+ 1 94
+ 1 96
+ 1 97
o 2 1
o 3 3
o 4 5
+ 4 98
o 5 2
o 6 4
+ 6 95
o 7 9
o 8 11
o 9 13
+ 9 97
o 10 15
+ 10 95
o 11 6
o 12 8
o 13 20
o 14 7
+ 14 98
o 15 21
+ 15 96
o 16 10
o 17 25
+ 17 96
o 18 28
o 19 31
+ 19 95
o 20 29
o 21 34
o 22 36
+ 22 96
o 23 14
+ 23 94
o 24 16
o 25 40
+ 25 95
o 26 42
o 27 17
+ 27 94
o 28 45
o 29 18
+ 29 95
o 30 48
o 31 50
o 32 19
+ 32 95
o 33 53
o 34 22
+ 34 92
o 35 56
+ 35 96
o 36 58
o 37 23
+ 37 93
o 38 61
o 39 24
o 40 64
+ 40 94
o 41 66
+ 41 94
o 42 68
o 43 26
o 44 71
o 45 27
+ 45 93
+ 45 94
o 46 30
o 47 75
o 48 77
+ 48 95
o 49 80
+ 49 93
o 50 82
+ 50 95
o 51 32
o 52 85
+ 52 94
o 53 87
o 54 33
+ 54 94
o 55 35
o 56 91
o 57 93
o 58 95
o 59 37
o 60 98
x 61 62
o 62 38
x 63 63
o 64 39
x 65 65
o 66 43
o 67 41
x 68 67
x 69 69
x 70 70
x 71 72
o 72 44
o 73 46
x 74 73
x 75 74
o 76 47
x 77 76
x 78 78
o 79 49
x 80 79
x 81 81
o 82 51
x 83 83
o 84 52
x 85 84
x 86 86
o 87 54
x 88 88
o 89 55
x 90 89
x 91 90
o 92 57
x 93 92
x 94 94
+ 95 56
+ 95 57
o 95 59
x 96 96
o 97 60
+ 98 57
+ 98 58
x 98 97
Case #64: 213 141
+ 1 37
+ 1 38
+ 1 39
+ 1 40
+ 1 43
+ 1 48
+ 1 54
+ 1 55
+ 1 56
+ 1 58
+ 1 62
+ 1 64
+ 1 65
+ 1 67
+ 1 68
+ 1 72
+ 1 73
+ 1 75
+ 1 76
+ 1 77
+ 1 79
+ 1 80
+ 1 82
+ 1 85
+ 1 88
+ 1 89
o 2 1
o 3 3
+ 3 89
o 4 5
o 5 2
+ 5 88
o 6 4
o 7 9
o 8 11
o 9 13
+ 9 86
+ 9 89
o 10 15
o 11 6
o 12 8
o 13 19
+ 13 86
o 14 7
o 15 22
+ 15 85
o 16 10
o 17 25
o 18 27
+ 18 86
o 19 29
+ 19 88
o 20 31
o 21 12
o 22 14
+ 22 84
o 23 35
+ 23 88
o 24 37
o 25 39
+ 25 85
o 26 41
o 27 16
+ 27 86
o 28 44
+ 28 86
o 29 46
o 30 17
+ 30 86
o 31 21
o 32 50
o 33 52
+ 33 84
o 34 20
+ 34 86
o 35 18
o 36 24
o 37 57
+ 37 86
o 38 59
o 39 23
+ 39 89
o 40 62
+ 40 85
o 41 64
o 42 66
+ 42 85
o 43 28
o 44 26
o 45 70
+ 45 86
o 46 72
o 47 74
+ 47 87
o 48 76
o 49 30
o 50 79
+ 50 85
o 51 81
+ 51 85
o 52 32
o 53 84
o 54 87
o 55 33
o 56 88
o 57 34
x 58 55
x 59 56
o 60 36
o 61 40
x 62 58
x 63 60
x 64 61
o 65 38
x 66 63
o 67 42
x 68 65
o 69 43
x 70 67
x 71 68
x 72 69
x 73 71
o 74 45
o 75 47
x 76 73
x 77 75
o 78 48
x 79 77
x 80 78
o 81 49
o 82 51
x 83 80
x 84 82
x 85 83
o 86 53
+ 87 51
x 87 85
o 88 54
+ 89 51
+ 89 54
x 89 89
Case #65: 65 43
+ 1 12
+ 1 15
+ 1 18
+ 1 21
+ 1 22
+ 1 23
+ 1 26
o 2 1
o 3 4
+ 3 27
o 4 2
+ 4 27
o 5 7
o 6 3
o 7 10
+ 7 25
+ 7 26
o 8 12
o 9 5
+ 9 25
+ 10 1
o 10 15
o 11 17
+ 11 26
o 12 6
o 13 8
o 14 21
+ 14 26
o 15 23
o 16 25
+ 16 26
o 17 9
o 18 11
x 19 18
x 20 19
x 21 20
x 22 22
o 23 13
x 24 24
x 25 26
+ 26 13
x 26 27
o 27 16
Case #66: 209 140
+ 1 37
+ 1 38
+ 1 40
+ 1 46
+ 1 48
+ 1 49
+ 1 52
+ 1 53
+ 1 55
+ 1 56
+ 1 59
+ 1 61
+ 1 62
+ 1 66
+ 1 68
+ 1 69
+ 1 71
+ 1 72
+ 1 74
+ 1 76
+ 1 77
+ 1 80
+ 1 81
+ 1 82
+ 1 85
+ 1 87
o 2 1
+ 2 87
o 3 3
o 4 5
+ 4 87
o 5 2
+ 5 87
o 6 4
o 7 9
o 8 11
+ 8 86
o 9 13
o 10 15
+ 10 87
o 11 6
o 12 8
+ 12 86
o 13 20
o 14 7
o 15 21
+ 15 87
o 16 10
+ 16 85
o 17 25
o 18 27
o 19 29
o 20 32
+ 20 86
o 21 34
+ 21 84
o 22 12
o 23 14
+ 23 85
o 24 35
o 25 39
+ 25 84
o 26 18
o 27 16
o 28 43
+ 28 84
o 29 17
+ 29 86
o 30 46
o 31 48
o 32 19
+ 32 85
o 33 51
+ 34 1
o 34 53
o 35 55
+ 35 84
+ 35 85
o 36 22
o 37 58
o 38 23
+ 38 84
o 39 61
o 40 63
o 41 24
+ 41 84
+ 41 85
o 42 26
o 43 67
o 44 69
+ 44 85
+ 44 86
o 45 71
o 46 28
+ 46 86
o 47 74
o 48 76
o 49 78
o 50 30
+ 50 84
+ 50 85
o 51 82
o 52 33
o 53 85
o 54 87
x 55 54
x 56 56
o 57 36
x 58 57
o 59 37
x 60 59
o 61 38
x 62 60
x 63 62
o 64 40
x 65 64
o 66 41
x 67 65
x 68 66
o 69 42
o 70 44
x 71 68
x 72 70
o 73 45
x 74 72
x 75 73
o 76 47
x 77 75
x 78 77
o 79 49
x 80 79
o 81 50
x 82 80
x 83 81
o 84 52
x 85 83
+ 86 51
x 86 84
+ 87 53
x 87 86
Case #67: 240 161
+ 1 39
+ 1 41
+ 1 42
+ 1 45
+ 1 46
+ 1 48
+ 1 49
+ 1 52
+ 1 55
+ 1 57
+ 1 58
+ 1 62
+ 1 63
+ 1 64
+ 1 65
+ 1 67
+ 1 69
+ 1 70
+ 1 72
+ 1 75
+ 1 77
+ 1 78
+ 1 83
+ 1 85
+ 1 86
+ 1 88
+ 1 89
+ 1 93
+ 1 94
+ 1 95
+ 1 96
+ 1 98
+ 1 100
o 2 1
+ 2 100
o 3 4
o 4 2
o 5 7
o 6 3
o 7 10
+ 7 98
o 8 12
o 9 5
+ 9 99
o 10 15
o 11 17
o 12 6
+ 12 98
o 13 8
o 14 21
o 15 23
+ 15 98
o 16 25
o 17 9
+ 17 98
o 18 11
+ 18 98
o 19 29
o 20 31
+ 20 98
o 21 33
o 22 35
o 23 13
+ 23 98
o 24 38
+ 24 96
o 25 14
+ 25 98
o 26 41
o 27 18
o 28 16
+ 28 98
o 29 45
+ 29 96
o 30 47
o 31 49
o 32 51
+ 32 97
o 33 19
o 34 54
o 35 20
o 36 57
+ 36 96
o 37 24
o 38 22
+ 38 96
+ 38 97
o 39 61
o 40 63
o 41 65
o 42 67
+ 42 94
+ 42 97
o 43 26
o 44 70
+ 44 94
o 45 27
o 46 73
+ 46 99
o 47 28
o 48 76
+ 48 94
o 49 78
+ 49 98
o 50 80
o 51 82
o 52 30
+ 52 94
o 53 32
+ 53 96
o 54 86
o 55 88
o 56 36
+ 56 95
o 57 34
o 58 92
o 59 94
o 60 96
o 61 37
o 62 99
x 63 62
x 64 64
o 65 39
x 66 68
o 67 40
o 68 43
x 69 69
o 70 42
x 71 71
x 72 72
o 73 44
x 74 74
x 75 75
o 76 46
x 77 77
x 78 79
x 79 81
o 80 48
o 81 50
x 82 83
x 83 84
x 84 85
o 85 52
x 86 87
x 87 89
o 88 53
o 89 55
x 90 90
x 91 91
o 92 56
x 93 93
x 94 95
x 95 97
o 96 58
+ 97 55
+ 97 58
o 97 60
x 98 98
o 99 59
+ 100 59
x 100 100
Case #68: 26 17
+ 1 7
+ 1 10
+ 1 11
o 2 1
o 3 3
+ 3 10
+ 3 11
o 4 5
o 5 2
+ 5 10
o 6 4
o 7 9
o 8 11
x 9 8
x 10 10
+ 11 6
o 11 7
Case #69: 240 163
o 1 1
+ 1 41
+ 1 42
+ 1 44
+ 1 46
+ 1 47
+ 1 49
+ 1 51
+ 1 52
+ 1 55
+ 1 56
+ 1 60
+ 1 63
+ 1 64
+ 1 66
+ 1 67
+ 1 72
+ 1 73
+ 1 75
+ 1 77
+ 1 78
+ 1 80
+ 1 83
+ 1 85
+ 1 86
+ 1 88
+ 1 91
+ 1 93
+ 1 94
+ 1 96
+ 1 97
+ 1 98
o 2 3
+ 2 100
o 3 5
o 4 2
o 5 4
o 6 10
+ 6 97
+ 6 100
o 7 12
o 8 14
o 9 16
+ 9 98
o 10 7
o 11 19
o 12 6
+ 12 100
o 13 8
+ 13 96
o 14 17
+ 14 100
o 15 11
+ 15 96
o 16 25
o 17 27
o 18 9
o 19 30
+ 19 99
o 20 13
o 21 33
+ 21 96
o 22 36
+ 22 100
o 23 15
+ 23 96
o 24 39
o 25 41
o 26 43
+ 26 95
o 27 45
o 28 18
o 29 48
+ 29 96
+ 29 99
o 30 50
o 31 20
+ 31 99
o 32 53
o 33 55
o 34 21
+ 34 98
o 35 58
+ 35 96
o 36 24
o 37 22
+ 38 1
o 38 62
o 39 23
+ 39 96
+ 39 99
o 40 65
o 41 67
+ 41 99
o 42 28
+ 42 95
o 43 70
o 44 72
+ 44 100
o 45 26
o 46 29
o 47 76
+ 47 96
o 48 78
+ 48 100
o 49 80
+ 49 96
o 50 32
o 51 83
o 52 31
o 53 86
+ 53 97
o 54 88
o 55 35
o 56 91
+ 56 95
o 57 34
+ 57 99
o 58 94
o 59 37
o 60 97
o 61 99
x 62 63
o 63 38
o 64 40
x 65 64
x 66 66
x 67 68
o 68 42
x 69 69
x 70 71
o 71 44
x 72 73
x 73 74
o 74 46
x 75 75
x 76 77
o 77 47
o 78 49
x 79 79
x 80 81
x 81 82
o 82 51
x 83 84
o 84 52
x 85 85
x 86 87
o 87 54
x 88 89
x 89 90
o 90 56
x 91 92
o 92 57
x 93 93
x 94 95
o 95 59
x 96 96
+ 97 56
x 97 98
o 98 60
+ 99 56
x 99 100
o 100 61
Case #70: 220 148
+ 1 37
+ 1 38
+ 1 39
+ 1 40
+ 1 46
+ 1 49
+ 1 52
+ 1 54
+ 1 56
+ 1 57
+ 1 58
+ 1 59
+ 1 62
+ 1 67
+ 1 68
+ 1 69
+ 1 72
+ 1 73
+ 1 74
+ 1 75
+ 1 77
+ 1 78
+ 1 79
+ 1 81
+ 1 82
+ 1 84
+ 1 87
+ 1 89
+ 1 90
o 2 1
+ 2 92
o 3 3
o 4 5
o 5 2
+ 5 92
o 6 4
o 7 9
+ 7 92
o 8 11
+ 8 92
o 9 13
o 10 15
o 11 6
o 12 8
+ 12 91
o 13 19
o 14 7
o 15 22
o 16 10
+ 16 91
o 17 26
+ 17 87
o 18 28
o 19 30
o 20 32
+ 20 89
o 21 12
+ 21 85
o 22 14
o 23 31
+ 23 85
o 24 37
+ 24 89
o 25 39
o 26 41
+ 26 86
o 27 17
+ 27 90
o 28 44
o 29 16
o 30 18
o 31 20
+ 31 85
o 32 49
+ 32 91
o 33 51
o 34 53
o 35 21
o 36 56
+ 36 88
o 37 58
o 38 60
+ 38 87
o 39 23
+ 39 89
o 40 25
o 41 64
o 42 24
+ 42 88
+ 42 89
o 43 67
o 44 27
o 45 70
+ 45 89
o 46 72
+ 46 89
o 47 74
o 48 29
+ 48 89
o 49 77
+ 49 91
o 50 79
o 51 81
o 52 84
o 53 33
+ 53 88
o 54 85
o 55 34
o 56 89
o 57 91
o 58 35
x 59 57
o 60 36
x 61 59
o 62 40
o 63 38
x 64 61
x 65 62
x 66 63
x 67 65
x 68 66
o 69 42
x 70 68
o 71 43
x 72 69
o 73 47
o 74 45
x 75 71
o 76 46
x 77 73
x 78 75
o 79 48
x 80 76
x 81 78
x 82 80
o 83 50
x 84 82
x 85 86
o 86 52
o 87 55
x 88 87
o 89 54
+ 90 54
x 90 88
x 91 90
+ 92 54
+ 92 55
x 92 92
Case #71: 154 103
+ 1 26
+ 1 27
+ 1 28
+ 1 29
+ 1 30
+ 1 33
+ 1 34
+ 1 37
+ 1 38
+ 1 39
+ 1 40
+ 1 48
+ 1 49
+ 1 50
+ 1 52
+ 1 55
+ 1 56
+ 1 60
+ 1 63
o 2 1
+ 2 42
o 3 3
+ 3 63
+ 3 64
o 4 5
o 5 2
o 6 4
+ 6 63
o 7 9
o 8 11
+ 8 64
o 9 13
o 10 15
+ 10 63
o 11 6
o 12 8
+ 12 62
o 13 19
o 14 7
o 15 22
+ 15 61
o 16 10
+ 16 61
o 17 25
o 18 27
+ 18 61
o 19 29
o 20 32
+ 20 61
+ 20 64
o 21 12
o 22 14
o 23 36
o 24 38
o 25 40
+ 25 60
o 26 42
o 27 16
+ 27 61
o 28 18
o 29 46
o 30 17
+ 30 61
o 31 49
+ 31 61
o 32 51
o 33 53
o 34 55
o 35 20
+ 35 59
o 36 24
o 37 21
o 38 60
o 39 62
o 40 23
x 41 41
o 42 28
x 43 44
x 44 45
o 45 26
x 46 47
x 47 48
o 48 30
x 49 50
x 50 52
o 51 31
x 52 54
x 53 56
o 54 33
x 55 57
o 56 34
x 57 58
o 58 35
x 59 59
x 60 61
+ 61 34
+ 61 35
x 61 63
o 62 37
+ 63 34
o 63 39
+ 64 36
x 64 64
Case #72: 239 160
o 1 1
+ 1 42
+ 1 45
+ 1 48
+ 1 49
+ 1 52
+ 1 53
+ 1 55
+ 1 56
+ 1 59
+ 1 62
+ 1 64
+ 1 67
+ 1 69
+ 1 71
+ 1 72
+ 1 74
+ 1 76
+ 1 77
+ 1 79
+ 1 82
+ 1 83
+ 1 84
+ 1 89
+ 1 90
+ 1 93
+ 1 96
+ 1 97
+ 1 98
+ 1 99
+ 1 100
o 2 3
o 3 5
o 4 2
o 5 4
+ 5 99
o 6 9
o 7 11
+ 7 100
o 8 13
o 9 15
+ 9 99
+ 9 100
o 10 6
o 11 8
o 12 19
o 13 7
o 14 23
+ 14 98
o 15 10
+ 15 100
o 16 26
o 17 28
o 18 30
+ 18 98
o 19 32
+ 19 98
o 20 12
o 21 14
o 22 36
o 23 38
+ 23 97
+ 23 100
o 24 40
o 25 16
o 26 43
+ 26 98
o 27 17
o 28 46
+ 28 97
o 29 18
o 30 49
o 31 51
o 32 20
+ 32 96
+ 32 99
o 33 54
o 34 21
o 35 57
+ 35 97
o 36 59
o 37 22
+ 37 96
o 38 24
o 39 63
+ 39 96
+ 39 99
o 40 65
o 41 25
o 42 68
+ 42 98
o 43 70
o 44 27
+ 44 97
o 45 73
o 46 75
o 47 29
+ 47 96
o 48 78
+ 48 98
o 49 80
o 50 31
+ 50 95
o 51 83
o 52 85
o 53 33
+ 53 96
+ 53 99
o 54 88
o 55 34
o 56 91
+ 56 98
o 57 93
+ 57 96
o 58 35
+ 58 98
o 59 37
o 60 97
o 61 99
x 62 61
x 63 64
o 64 39
o 65 41
x 66 66
x 67 67
x 68 69
o 69 42
o 70 44
x 71 71
x 72 72
x 73 74
o 74 45
o 75 47
x 76 76
x 77 77
x 78 79
o 79 48
o 80 50
x 81 81
x 82 82
x 83 84
o 84 52
x 85 86
o 86 53
x 87 87
x 88 89
o 89 55
x 90 90
x 91 92
o 92 56
o 93 58
x 94 94
x 95 95
x 96 96
+ 97 58
x 97 98
o 98 60
o 99 62
+ 100 59
x 100 100
Case #73: 92 61
+ 1 20
+ 1 23
+ 1 24
+ 1 28
+ 1 29
+ 1 32
+ 1 34
+ 1 35
+ 1 36
+ 1 37
+ 1 38
+ 1 39
o 2 1
o 3 3
o 4 5
o 5 2
o 6 4
+ 6 35
+ 6 38
o 7 10
o 8 12
+ 8 38
o 9 14
+ 9 34
o 10 16
o 11 7
+ 11 37
o 12 19
o 13 6
o 14 8
+ 14 35
o 15 17
+ 15 39
o 16 11
o 17 25
o 18 27
+ 18 35
+ 18 38
o 19 9
o 20 30
o 21 13
o 22 33
+ 22 37
o 23 35
+ 23 39
o 24 37
x 25 26
x 26 28
x 27 29
x 28 31
o 29 18
o 30 21
x 31 32
o 32 20
x 33 34
x 34 36
o 35 22
x 36 38
o 37 23
x 38 39
o 39 24
Case #74: 242 161
o 1 1
+ 1 44
+ 1 47
+ 1 48
+ 1 49
+ 1 53
+ 1 54
+ 1 57
+ 1 59
+ 1 60
+ 1 62
+ 1 64
+ 1 67
+ 1 68
+ 1 69
+ 1 72
+ 1 73
+ 1 74
+ 1 77
+ 1 78
+ 1 79
+ 1 82
+ 1 85
+ 1 86
+ 1 87
+ 1 90
+ 1 93
+ 1 94
+ 1 95
+ 1 98
+ 1 99
o 2 7
o 3 4
o 4 10
+ 4 99
+ 4 100
o 5 3
o 6 5
o 7 14
o 8 2
+ 8 99
o 9 6
+ 9 99
o 10 18
o 11 20
o 12 8
+ 12 99
+ 12 100
o 13 23
o 14 9
o 15 26
+ 15 98
o 16 28
o 17 30
+ 17 99
o 18 11
o 19 33
o 20 12
+ 20 99
+ 20 100
o 21 36
o 22 13
o 23 39
+ 23 98
o 24 42
o 25 15
+ 25 99
o 26 45
o 27 16
o 28 48
o 29 17
+ 29 98
+ 29 99
o 30 51
o 31 53
o 32 19
+ 32 97
o 33 56
o 34 58
+ 34 98
o 35 21
o 36 61
o 37 22
+ 37 99
o 38 64
o 39 66
+ 39 96
o 40 24
+ 40 100
+ 41 1
o 41 69
+ 41 96
o 42 25
o 43 72
o 44 74
+ 44 98
o 45 27
o 46 77
+ 46 95
o 47 79
o 48 29
o 49 82
+ 49 99
o 50 84
+ 50 95
o 51 31
o 52 87
o 53 32
+ 53 97
o 54 90
+ 54 95
o 55 92
o 56 34
+ 56 98
o 57 95
o 58 35
o 59 98
o 60 100
o 61 37
x 62 62
o 63 38
x 64 63
x 65 65
o 66 40
x 67 67
o 68 41
x 69 68
x 70 70
o 71 43
x 72 71
o 73 44
x 74 73
x 75 75
o 76 46
x 77 76
o 78 47
x 79 78
x 80 80
o 81 49
x 82 81
o 83 50
x 84 83
x 85 85
o 86 52
x 87 86
x 88 88
o 89 54
x 90 89
o 91 55
x 92 91
x 93 93
o 94 57
x 95 94
x 96 96
+ 97 56
o 97 59
x 98 97
+ 99 56
o 99 60
+ 100 58
x 100 99
Case #75: 255 114
x 2 2
x 3 3
x 4 4
x 5 5
x 6 6
x 7 7
x 8 8
x 9 9
x 10 10
x 11 11
x 12 12
x 13 13
x 14 14
x 15 15
x 16 16
x 17 17
x 18 18
x 19 19
x 20 20
x 21 21
x 22 22
x 23 23
x 24 24
x 25 25
x 26 26
x 27 27
x 28 28
x 29 29
x 30 30
x 31 72
x 32 73
x 33 74
x 34 75
x 35 76
x 36 77
x 37 78
x 38 79
x 39 80
x 40 81
x 41 82
x 42 83
x 43 84
x 44 85
x 45 86
x 46 87
x 47 88
x 48 89
x 49 90
x 50 91
o 51 51
x 52 92
o 53 50
o 54 52
o 55 49
o 56 55
o 57 48
o 58 54
x 59 93
o 60 47
o 61 53
o 62 46
o 63 56
o 64 45
o 65 60
o 66 44
o 67 57
x 68 94
o 69 58
o 70 43
o 71 59
x 72 95
o 73 42
x 74 96
o 75 41
o 76 61
o 77 40
o 78 64
o 79 39
o 80 63
+ 81 51
+ 81 52
x 81 97
o 82 38
+ 83 51
o 83 62
o 84 37
+ 84 51
o 85 65
o 86 36
+ 86 50
+ 87 52
o 87 69
o 88 35
+ 88 50
o 89 66
+ 90 51
x 90 98
+ 91 49
o 91 67
o 92 34
o 93 68
+ 94 53
x 94 99
o 95 33
+ 95 49
+ 96 53
o 96 70
o 97 32
+ 97 49
+ 98 53
x 98 100
o 99 71
o 100 31
+ 100 48
Case #76: 241 163
o 1 1
+ 1 42
+ 1 43
+ 1 45
+ 1 47
+ 1 48
+ 1 51
+ 1 54
+ 1 55
+ 1 56
+ 1 57
+ 1 58
+ 1 61
+ 1 64
+ 1 66
+ 1 69
+ 1 71
+ 1 72
+ 1 74
+ 1 76
+ 1 77
+ 1 80
+ 1 83
+ 1 84
+ 1 85
+ 1 86
+ 1 87
+ 1 90
+ 1 95
+ 1 96
+ 1 99
+ 1 100
o 2 4
o 3 7
+ 3 99
o 4 3
o 5 6
o 6 2
+ 6 98
o 7 5
+ 7 100
o 8 13
+ 8 98
o 9 15
+ 9 100
o 10 17
+ 10 98
o 11 8
o 12 20
o 13 22
o 14 9
o 15 25
o 16 10
+ 16 96
o 17 28
+ 17 98
o 18 11
+ 18 96
o 19 31
o 20 33
+ 20 97
o 21 12
o 22 14
o 23 37
+ 23 97
o 24 39
o 25 41
o 26 16
+ 26 95
+ 26 98
o 27 44
o 28 46
o 29 18
+ 29 96
o 30 49
o 31 51
+ 31 97
o 32 19
o 33 21
+ 33 97
o 34 55
+ 34 95
o 35 57
o 36 59
+ 36 98
o 37 61
+ 37 96
o 38 23
o 39 64
+ 39 97
+ 40 1
o 40 24
o 41 27
o 42 69
o 43 26
+ 43 94
o 44 72
+ 44 96
o 45 74
o 46 76
o 47 29
+ 47 96
o 48 79
o 49 82
+ 49 97
o 50 30
+ 50 95
o 51 32
o 52 86
o 53 88
+ 53 96
o 54 90
o 55 92
+ 55 95
o 56 34
o 57 36
o 58 96
o 59 35
o 60 99
o 61 38
x 62 63
x 63 65
x 64 66
o 65 40
x 66 67
x 67 68
o 68 42
x 69 70
o 70 43
x 71 71
x 72 73
o 73 45
x 74 75
x 75 77
o 76 47
x 77 78
o 78 48
x 79 80
x 80 81
x 81 83
o 82 50
o 83 52
x 84 84
x 85 85
o 86 53
x 87 87
o 88 54
x 89 89
x 90 91
x 91 93
o 92 56
o 93 58
x 94 94
x 95 95
+ 96 56
x 96 97
+ 97 56
o 97 60
x 98 98
+ 99 56
+ 99 57
x 99 100
o 100 62
Case #77: 241 161
+ 1 43
+ 1 44
+ 1 46
+ 1 48
+ 1 51
+ 1 52
+ 1 53
+ 1 55
+ 1 56
+ 1 58
+ 1 59
+ 1 61
+ 1 62
+ 1 65
+ 1 66
+ 1 68
+ 1 69
+ 1 73
+ 1 74
+ 1 75
+ 1 76
+ 1 79
+ 1 82
+ 1 83
+ 1 84
+ 1 86
+ 1 89
+ 1 91
+ 1 92
+ 1 95
+ 1 96
+ 1 98
o 2 1
+ 2 100
o 3 5
o 4 2
+ 4 100
o 5 6
+ 5 98
o 6 9
o 7 3
o 8 12
o 9 4
o 10 7
+ 10 99
o 11 19
o 12 21
+ 12 98
o 13 23
o 14 8
+ 14 98
o 15 26
o 16 22
o 17 10
o 18 30
+ 18 97
+ 18 98
o 19 32
o 20 11
+ 20 97
o 21 13
+ 21 97
o 22 36
o 23 38
o 24 40
+ 24 95
o 25 14
o 26 16
+ 26 96
o 27 44
+ 27 96
o 28 15
o 29 17
o 30 48
+ 30 96
o 31 50
o 32 18
+ 32 95
o 33 53
o 34 55
+ 34 96
o 35 20
+ 35 94
o 36 58
o 37 61
o 38 63
o 39 66
+ 39 95
o 40 68
o 41 24
+ 41 94
o 42 71
o 43 25
o 44 28
+ 44 92
o 45 75
+ 45 94
o 46 27
o 47 78
+ 47 93
o 48 80
o 49 82
o 50 29
o 51 31
+ 51 92
+ 51 95
o 52 86
o 53 88
o 54 90
o 55 33
+ 55 95
o 56 93
o 57 34
o 58 96
o 59 98
o 60 35
x 61 62
x 62 64
o 63 37
x 64 65
o 65 41
x 66 67
x 67 69
o 68 39
o 69 42
x 70 70
o 71 43
x 72 72
x 73 73
x 74 74
x 75 76
o 76 45
x 77 77
o 78 46
x 79 79
x 80 81
o 81 51
x 82 83
x 83 84
o 84 49
o 85 52
x 86 85
x 87 87
o 88 54
x 89 89
x 90 91
x 91 92
o 92 56
+ 93 52
x 93 94
o 94 57
+ 95 52
x 95 95
+ 96 56
x 96 97
o 97 59
x 98 99
+ 99 54
o 99 60
+ 100 58
x 100 100
Case #78: 240 163
+ 1 39
+ 1 40
+ 1 43
+ 1 48
+ 1 49
+ 1 52
+ 1 53
+ 1 54
+ 1 56
+ 1 58
+ 1 59
+ 1 61
+ 1 64
+ 1 65
+ 1 68
+ 1 69
+ 1 70
+ 1 71
+ 1 74
+ 1 75
+ 1 76
+ 1 79
+ 1 80
+ 1 81
+ 1 84
+ 1 87
+ 1 89
+ 1 90
+ 1 92
+ 1 95
+ 1 96
+ 1 99
+ 1 100
o 2 1
o 3 3
+ 3 99
o 4 5
o 5 2
o 6 4
+ 6 99
o 7 9
o 8 11
+ 8 100
o 9 13
o 10 15
+ 10 97
+ 10 100
o 11 6
o 12 8
o 13 19
o 14 7
+ 14 99
o 15 22
o 16 10
+ 16 100
o 17 25
o 18 27
+ 18 99
+ 18 100
o 19 29
o 20 31
o 21 12
o 22 14
+ 22 99
o 23 35
o 24 37
+ 24 100
o 25 39
o 26 41
o 27 16
+ 27 98
+ 27 99
o 28 18
o 29 45
o 30 17
o 31 48
o 32 20
+ 32 97
o 33 51
+ 33 99
o 34 53
o 35 21
o 36 56
+ 36 97
+ 36 98
o 37 58
o 38 60
o 39 24
+ 39 98
o 40 63
o 41 65
+ 41 97
o 42 26
o 43 68
o 44 70
+ 44 98
o 45 28
+ 45 94
o 46 73
o 47 75
o 48 30
+ 48 98
o 49 78
+ 49 94
o 50 80
o 51 32
o 52 83
+ 52 95
+ 52 98
o 53 33
o 54 86
+ 54 98
o 55 34
+ 55 96
o 56 89
o 57 91
o 58 36
o 59 94
+ 59 99
o 60 96
o 61 38
o 62 99
x 63 64
o 64 40
x 65 66
x 66 67
o 67 42
x 68 69
o 69 43
x 70 71
o 71 44
x 72 72
x 73 74
o 74 46
x 75 76
o 76 47
x 77 77
x 78 79
o 79 49
x 80 81
o 81 50
x 82 82
x 83 84
o 84 52
x 85 85
x 86 87
o 87 54
x 88 88
o 89 55
x 90 90
x 91 92
o 92 57
x 93 93
x 94 95
o 95 59
x 96 97
+ 97 58
x 97 98
o 98 61
+ 99 58
x 99 100
+ 100 60
o 100 62
Case #79: 103 66
+ 1 23
+ 1 25
+ 1 27
+ 1 28
+ 1 30
+ 1 32
+ 1 33
+ 1 36
+ 1 38
+ 1 39
+ 1 42
+ 1 43
o 2 1
o 3 3
+ 3 43
o 4 5
o 5 2
o 6 4
o 7 9
o 8 11
+ 8 41
o 9 13
+ 9 43
o 10 15
o 11 6
o 12 8
o 13 19
+ 13 38
+ 13 43
o 14 21
o 15 23
+ 15 43
o 16 7
+ 16 39
o 17 10
o 18 12
o 19 28
o 20 30
+ 20 40
+ 20 41
o 21 32
o 22 14
o 23 36
+ 23 41
o 24 38
o 25 40
+ 25 42
o 26 16
o 27 43
o 28 17
x 29 27
o 30 18
x 31 29
x 32 31
x 33 33
o 34 20
o 35 22
x 36 34
x 37 35
x 38 37
o 39 24
x 40 39
o 41 25
x 42 42
+ 43 25
o 43 26
Case #80: 241 158
o 1 1
+ 1 44
+ 1 49
+ 1 50
+ 1 53
+ 1 55
+ 1 56
+ 1 57
+ 1 58
+ 1 61
+ 1 64
+ 1 66
+ 1 67
+ 1 69
+ 1 71
+ 1 72
+ 1 74
+ 1 76
+ 1 77
+ 1 80
+ 1 81
+ 1 83
+ 1 86
+ 1 87
+ 1 90
+ 1 91
+ 1 93
+ 1 96
+ 1 99
o 2 4
o 3 8
+ 3 99
o 4 3
o 5 9
o 6 2
+ 6 99
+ 6 100
o 7 5
o 8 14
+ 8 99
o 9 10
o 10 7
o 11 18
+ 11 99
o 12 6
+ 12 99
o 13 22
o 14 25
o 15 27
+ 15 99
o 16 11
+ 16 99
o 17 31
o 18 28
o 19 12
+ 19 100
o 20 35
+ 20 98
o 21 13
o 22 38
o 23 40
o 24 42
+ 24 98
o 25 15
o 26 45
+ 26 98
o 27 47
o 28 16
+ 28 97
o 29 20
o 30 17
+ 30 97
o 31 52
o 32 21
o 33 19
+ 33 97
o 34 56
o 35 58
o 36 60
+ 36 97
+ 36 98
o 37 62
o 38 23
o 39 65
+ 39 98
o 40 24
+ 40 98
o 41 68
o 42 70
o 43 26
+ 43 96
o 44 73
o 45 75
o 46 77
+ 46 96
o 47 29
+ 47 98
o 48 80
o 49 82
+ 49 95
o 50 30
+ 50 97
o 51 85
o 52 33
+ 52 96
o 53 88
o 54 32
+ 54 96
+ 54 99
o 55 34
o 56 93
o 57 95
o 58 97
o 59 36
o 60 100
o 61 37
x 62 63
x 63 64
o 64 39
x 65 66
x 66 67
o 67 41
x 68 69
x 69 71
o 70 43
x 71 72
o 72 44
x 73 74
x 74 76
o 75 46
x 76 78
x 77 79
o 78 48
x 79 81
o 80 49
x 81 83
o 82 50
x 83 84
o 84 51
x 85 86
x 86 87
o 87 53
x 88 89
o 89 54
x 90 90
o 91 55
x 92 91
x 93 92
o 94 57
x 95 94
x 96 96
+ 97 57
o 97 59
x 98 98
+ 99 58
x 99 99
+ 100 58
o 100 61
Case #81: 237 161
+ 1 39
+ 1 41
+ 1 43
+ 1 44
+ 1 47
+ 1 51
+ 1 52
+ 1 54
+ 1 56
+ 1 57
+ 1 59
+ 1 60
+ 1 63
+ 1 64
+ 1 67
+ 1 68
+ 1 73
+ 1 74
+ 1 75
+ 1 76
+ 1 77
+ 1 78
+ 1 84
+ 1 85
+ 1 87
+ 1 88
+ 1 90
+ 1 93
+ 1 94
+ 1 99
o 2 1
+ 2 99
o 3 3
+ 3 99
o 4 5
+ 4 99
o 5 2
o 6 8
o 7 10
o 8 12
+ 8 98
+ 8 99
o 9 7
o 10 15
o 11 17
+ 11 99
o 12 6
o 13 9
+ 13 98
o 14 21
o 15 23
+ 15 97
o 16 11
+ 16 97
o 17 26
o 18 28
+ 18 97
o 19 30
+ 19 99
o 20 13
o 21 33
o 22 14
o 23 36
+ 23 94
o 24 38
o 25 16
o 26 41
+ 26 95
o 27 43
o 28 45
+ 28 98
o 29 18
o 30 20
o 31 50
+ 31 99
o 32 19
+ 32 97
o 33 51
o 34 22
+ 34 98
o 35 55
+ 35 96
o 36 57
o 37 59
+ 37 97
+ 38 1
o 38 61
o 39 24
o 40 64
+ 40 97
o 41 25
+ 41 95
o 42 67
o 43 29
o 44 27
o 45 71
+ 45 94
+ 45 97
o 46 73
o 47 75
o 48 77
+ 48 96
o 49 79
+ 49 96
o 50 32
o 51 82
o 52 31
+ 52 96
+ 52 97
o 53 34
o 54 86
o 55 88
o 56 90
+ 56 97
o 57 35
o 58 93
+ 58 97
o 59 39
o 60 37
o 61 97
o 62 99
x 63 62
x 64 63
o 65 40
o 66 42
x 67 65
x 68 66
x 69 68
o 70 44
x 71 69
x 72 70
x 73 72
o 74 46
o 75 48
x 76 74
o 77 47
o 78 49
x 79 76
x 80 78
x 81 80
x 82 81
o 83 52
x 84 83
o 85 53
x 86 84
o 87 54
x 88 85
x 89 87
x 90 89
o 91 56
o 92 58
x 93 91
x 94 92
+ 95 57
x 95 94
o 96 60
+ 97 57
x 97 95
+ 98 59
x 98 96
x 99 98
Case #82: 239 162
+ 1 39
+ 1 40
+ 1 43
+ 1 48
+ 1 49
+ 1 52
+ 1 53
+ 1 54
+ 1 56
+ 1 58
+ 1 59
+ 1 62
+ 1 65
+ 1 67
+ 1 68
+ 1 71
+ 1 72
+ 1 74
+ 1 75
+ 1 76
+ 1 77
+ 1 80
+ 1 81
+ 1 84
+ 1 85
+ 1 88
+ 1 89
+ 1 92
+ 1 93
+ 1 98
+ 1 99
+ 1 100
o 2 1
o 3 3
+ 3 99
o 4 5
o 5 2
+ 5 99
o 6 4
o 7 9
+ 7 100
o 8 11
+ 8 98
o 9 13
o 10 15
o 11 6
+ 11 97
+ 11 100
o 12 8
o 13 19
o 14 7
o 15 22
+ 15 97
+ 15 100
o 16 10
o 17 25
o 18 27
+ 18 99
o 19 29
o 20 31
o 21 12
+ 21 98
+ 21 99
o 22 14
o 23 35
o 24 37
o 25 39
o 26 41
o 27 16
+ 27 96
+ 27 99
o 28 18
o 29 45
o 30 17
+ 30 98
o 31 48
o 32 20
o 33 51
+ 33 98
o 34 53
o 35 21
+ 35 97
+ 35 98
o 36 56
o 37 58
o 38 60
+ 38 97
+ 38 98
o 39 23
o 40 63
o 41 24
o 42 67
o 43 28
+ 43 99
o 44 26
o 45 69
+ 45 94
+ 45 99
o 46 72
o 47 74
o 48 76
o 49 78
+ 49 94
+ 49 99
o 50 30
o 51 32
o 52 82
+ 52 95
o 53 84
+ 53 99
o 54 86
o 55 33
+ 55 96
+ 55 99
o 56 89
o 57 34
o 58 92
+ 58 98
o 59 38
o 60 36
o 61 96
o 62 98
o 63 100
x 64 62
o 65 40
x 66 64
x 67 65
o 68 42
x 69 68
o 70 43
x 71 70
o 72 44
x 73 71
x 74 73
x 75 75
o 76 46
x 77 77
o 78 47
o 79 50
x 80 79
o 81 49
x 82 80
x 83 81
x 84 83
x 85 85
o 86 52
o 87 54
x 88 87
x 89 88
x 90 90
o 91 55
o 92 57
x 93 91
x 94 93
x 95 94
o 96 59
+ 97 56
x 97 95
+ 98 60
x 98 97
x 99 99
o 100 61
Case #83: 239 162
o 1 1
+ 1 42
+ 1 45
+ 1 48
+ 1 49
+ 1 52
+ 1 53
+ 1 55
+ 1 56
+ 1 59
+ 1 62
+ 1 64
+ 1 66
+ 1 67
+ 1 69
+ 1 71
+ 1 72
+ 1 74
+ 1 76
+ 1 77
+ 1 79
+ 1 82
+ 1 83
+ 1 84
+ 1 87
+ 1 89
+ 1 90
+ 1 93
+ 1 96
+ 1 97
+ 1 98
+ 1 99
+ 1 100
o 2 3
o 3 5
o 4 2
o 5 4
+ 5 99
o 6 9
o 7 11
+ 7 100
o 8 13
o 9 15
+ 9 99
+ 9 100
o 10 6
o 11 8
o 12 19
o 13 7
o 14 23
+ 14 98
o 15 10
+ 15 100
o 16 26
o 17 28
o 18 30
+ 18 98
o 19 32
+ 19 98
o 20 12
o 21 14
o 22 36
o 23 38
+ 23 97
+ 23 100
o 24 40
o 25 16
o 26 43
+ 26 98
o 27 17
o 28 46
+ 28 97
o 29 18
o 30 49
o 31 51
o 32 20
+ 32 96
+ 32 99
o 33 54
o 34 21
o 35 57
+ 35 97
o 36 59
o 37 22
+ 37 96
o 38 24
o 39 63
+ 39 96
+ 39 99
o 40 65
o 41 25
o 42 68
+ 42 98
o 43 70
o 44 27
+ 44 97
o 45 73
o 46 75
o 47 29
+ 47 96
o 48 78
+ 48 98
o 49 80
o 50 31
+ 50 95
o 51 83
o 52 85
o 53 33
+ 53 96
+ 53 99
o 54 88
o 55 34
o 56 91
+ 56 98
o 57 93
+ 57 96
o 58 35
+ 58 98
o 59 37
o 60 97
o 61 99
x 62 61
x 63 64
o 64 39
o 65 41
x 66 66
x 67 67
x 68 69
o 69 42
o 70 44
x 71 71
x 72 72
x 73 74
o 74 45
o 75 47
x 76 76
x 77 77
x 78 79
o 79 48
o 80 50
x 81 81
x 82 82
x 83 84
o 84 52
x 85 86
o 86 53
x 87 87
x 88 89
o 89 55
x 90 90
x 91 92
o 92 56
o 93 58
x 94 94
x 95 95
x 96 96
+ 97 58
x 97 98
o 98 60
o 99 62
+ 100 59
x 100 100
Case #84: 240 159
+ 1 43
+ 1 44
+ 1 45
+ 1 51
+ 1 52
+ 1 53
+ 1 55
+ 1 57
+ 1 58
+ 1 59
+ 1 62
+ 1 65
+ 1 66
+ 1 68
+ 1 70
+ 1 71
+ 1 73
+ 1 74
+ 1 75
+ 1 78
+ 1 79
+ 1 80
+ 1 83
+ 1 87
+ 1 88
+ 1 89
+ 1 90
+ 1 93
+ 1 94
+ 1 100
o 2 1
+ 2 100
o 3 4
o 4 6
+ 4 100
o 5 3
+ 5 100
o 6 9
o 7 2
o 8 5
+ 8 99
o 9 14
o 10 16
+ 10 100
o 11 7
o 12 19
o 13 21
+ 13 98
o 14 8
o 15 25
+ 15 98
o 16 27
+ 16 100
o 17 10
+ 17 98
o 18 30
o 19 28
o 20 12
+ 20 100
o 21 34
o 22 11
+ 22 97
o 23 13
+ 23 99
o 24 38
o 25 40
o 26 42
o 27 15
o 28 45
+ 28 99
o 29 20
+ 29 97
o 30 48
o 31 51
+ 31 97
o 32 18
o 33 52
o 34 17
+ 34 97
o 35 22
o 36 57
+ 36 98
o 37 60
+ 37 96
o 38 23
+ 38 98
o 39 61
o 40 24
o 41 65
o 42 67
+ 42 97
o 43 69
o 44 26
+ 44 97
o 45 72
+ 45 93
o 46 75
o 47 77
+ 47 93
o 48 29
+ 48 97
o 49 80
o 50 82
o 51 84
+ 51 98
o 52 31
+ 52 92
o 53 33
+ 53 98
o 54 88
o 55 32
o 56 91
o 57 35
+ 57 98
o 58 94
o 59 97
o 60 99
o 61 37
x 62 62
o 63 36
o 64 39
x 65 64
x 66 66
o 67 41
x 68 68
x 69 70
x 70 71
o 71 43
x 72 73
x 73 74
o 74 44
x 75 76
o 76 47
x 77 78
x 78 79
o 79 46
x 80 81
o 81 49
x 82 83
x 83 85
o 84 53
x 85 86
x 86 87
x 87 89
x 88 90
o 89 54
o 90 56
x 91 92
x 92 93
o 93 55
x 94 95
+ 95 55
o 95 58
x 96 96
x 97 98
+ 98 56
o 98 59
o 99 63
x 100 100
Case #85: 240 159
o 1 1
+ 1 42
+ 1 43
+ 1 45
+ 1 47
+ 1 48
+ 1 51
+ 1 54
+ 1 56
+ 1 59
+ 1 60
+ 1 61
+ 1 64
+ 1 66
+ 1 70
+ 1 71
+ 1 77
+ 1 78
+ 1 79
+ 1 82
+ 1 85
+ 1 87
+ 1 88
+ 1 89
+ 1 91
+ 1 94
+ 1 95
+ 1 96
+ 1 97
+ 1 100
o 2 7
o 3 4
o 4 6
o 5 3
o 6 5
+ 6 98
o 7 13
+ 7 98
o 8 15
o 9 17
o 10 2
+ 10 99
o 11 20
o 12 9
+ 12 94
o 13 23
o 14 8
+ 14 99
o 15 10
+ 15 95
o 16 12
o 17 28
+ 17 100
o 18 11
o 19 31
o 20 33
+ 20 94
o 21 35
+ 21 100
o 22 37
o 23 14
+ 23 95
o 24 40
o 25 43
+ 25 100
o 26 16
o 27 46
+ 27 95
o 28 48
+ 28 99
o 29 18
o 30 51
+ 30 96
o 31 53
o 32 19
+ 32 96
o 33 21
o 34 57
o 35 59
+ 35 96
o 36 22
+ 36 98
o 37 62
o 38 64
o 39 24
+ 39 96
o 40 67
+ 40 96
o 41 25
o 42 70
+ 42 96
o 43 72
o 44 26
+ 44 95
o 45 75
o 46 77
+ 46 95
+ 46 98
o 47 27
o 48 29
o 49 81
+ 49 97
o 50 83
o 51 34
+ 51 96
o 52 30
o 53 87
o 54 89
+ 54 97
o 55 32
+ 55 95
o 56 92
o 57 36
o 58 95
o 59 97
o 60 99
x 61 63
o 62 38
x 63 65
o 64 39
x 65 66
x 66 68
o 67 41
x 68 69
o 69 42
x 70 71
x 71 73
o 72 44
x 73 74
o 74 45
x 75 76
x 76 78
o 77 47
x 78 79
x 79 80
o 80 49
x 81 82
o 82 50
x 83 84
x 84 85
o 85 52
x 86 86
x 87 88
o 88 54
x 89 90
o 90 55
x 91 91
x 92 93
o 93 56
o 94 58
x 95 94
x 96 96
+ 97 57
x 97 98
+ 98 57
o 98 60
x 99 100
+ 100 57
o 100 61
Case #86: 238 160
o 1 1
+ 1 42
+ 1 47
+ 1 48
+ 1 51
+ 1 54
+ 1 56
+ 1 57
+ 1 60
+ 1 61
+ 1 64
+ 1 67
+ 1 68
+ 1 69
+ 1 70
+ 1 71
+ 1 74
+ 1 75
+ 1 78
+ 1 79
+ 1 82
+ 1 83
+ 1 86
+ 1 87
+ 1 88
+ 1 89
+ 1 92
+ 1 93
+ 1 96
+ 1 97
o 2 3
o 3 5
+ 3 100
o 4 2
o 5 4
+ 5 99
o 6 9
+ 6 99
o 7 11
o 8 13
+ 8 98
o 9 15
+ 9 98
o 10 6
o 11 8
o 12 19
+ 12 96
o 13 7
o 14 22
+ 14 97
o 15 10
o 16 25
o 17 27
+ 17 97
o 18 29
o 19 32
+ 19 98
o 20 12
o 21 14
+ 21 97
o 22 34
o 23 37
+ 23 98
o 24 39
o 25 41
+ 25 97
o 26 16
o 27 18
+ 27 98
o 28 45
o 29 17
o 30 48
+ 30 94
o 31 50
+ 31 96
o 32 21
o 33 53
o 34 20
+ 34 96
o 35 56
+ 35 96
o 36 23
o 37 59
o 38 61
+ 38 96
o 39 63
+ 39 96
o 40 24
o 41 26
o 42 68
+ 42 96
o 43 70
+ 43 94
o 44 72
+ 44 96
o 45 74
o 46 28
o 47 30
+ 47 96
o 48 78
o 49 80
o 50 82
o 51 31
+ 51 95
+ 51 96
o 52 33
o 53 86
o 54 88
+ 54 96
+ 54 97
o 55 90
o 56 92
o 57 35
+ 57 97
o 58 95
+ 58 97
o 59 36
o 60 98
o 61 40
o 62 38
x 63 64
x 64 65
x 65 66
x 66 67
o 67 42
x 68 69
o 69 43
x 70 71
o 71 44
x 72 73
x 73 75
o 74 46
x 75 76
o 76 47
x 77 77
x 78 79
o 79 49
x 80 81
x 81 83
o 82 51
x 83 84
o 84 52
x 85 85
x 86 87
o 87 54
x 88 89
o 89 55
x 90 91
x 91 93
o 92 57
x 93 94
o 94 58
x 95 96
x 96 97
o 97 60
+ 98 58
x 98 99
+ 99 60
x 99 100
o 100 62
Case #87: 240 162
+ 1 39
+ 1 41
+ 1 42
+ 1 45
+ 1 46
+ 1 48
+ 1 49
+ 1 52
+ 1 55
+ 1 57
+ 1 58
+ 1 62
+ 1 63
+ 1 64
+ 1 65
+ 1 67
+ 1 69
+ 1 70
+ 1 72
+ 1 75
+ 1 77
+ 1 78
+ 1 81
+ 1 84
+ 1 85
+ 1 86
+ 1 88
+ 1 90
+ 1 91
+ 1 93
+ 1 95
+ 1 96
+ 1 98
+ 1 100
o 2 1
+ 2 100
o 3 4
o 4 2
o 5 7
o 6 3
+ 6 99
o 7 10
o 8 12
o 9 5
o 10 15
+ 10 98
o 11 17
o 12 6
+ 12 98
o 13 8
o 14 21
o 15 23
o 16 25
+ 16 97
o 17 9
+ 17 99
o 18 11
+ 18 97
o 19 29
o 20 31
+ 20 98
o 21 33
o 22 35
o 23 13
+ 23 98
o 24 38
+ 24 96
o 25 14
+ 25 98
o 26 41
o 27 18
o 28 16
+ 28 98
o 29 45
+ 29 96
o 30 47
o 31 49
o 32 51
+ 32 97
o 33 19
o 34 54
o 35 20
o 36 57
+ 36 96
o 37 24
+ 37 96
o 38 22
+ 38 96
o 39 61
o 40 63
+ 40 95
o 41 65
o 42 67
+ 42 94
o 43 26
+ 43 96
o 44 70
o 45 27
o 46 73
+ 46 96
o 47 28
o 48 76
o 49 78
+ 49 95
+ 49 98
o 50 80
o 51 30
o 52 32
o 53 84
+ 53 96
o 54 86
+ 54 96
o 55 88
o 56 34
o 57 91
o 58 93
+ 58 97
o 59 36
o 60 96
o 61 37
o 62 99
x 63 62
x 64 64
o 65 39
x 66 66
o 67 40
o 68 43
x 69 68
o 70 42
x 71 69
x 72 71
o 73 44
x 74 72
x 75 74
o 76 46
x 77 75
x 78 77
x 79 79
o 80 48
o 81 50
x 82 81
x 83 82
x 84 83
x 85 85
o 86 52
x 87 89
o 88 53
o 89 56
x 90 90
o 91 55
x 92 92
x 93 94
x 94 95
+ 95 57
o 95 58
x 96 97
x 97 98
+ 98 56
o 98 59
x 99 100
+ 100 59
o 100 60
Case #88: 113 75
+ 1 22
+ 1 23
+ 1 25
+ 1 26
+ 1 28
+ 1 32
+ 1 35
+ 1 36
+ 1 38
+ 1 39
+ 1 42
+ 1 43
+ 1 47
o 2 1
o 3 3
+ 3 47
+ 3 48
o 4 6
o 5 2
o 6 7
+ 6 46
o 7 10
o 8 4
+ 8 47
o 9 13
+ 9 45
o 10 15
o 11 9
o 12 19
+ 12 45
o 13 8
o 14 20
+ 14 46
o 15 23
o 16 25
+ 16 45
o 17 11
o 18 28
+ 18 48
o 19 30
o 20 12
o 21 14
+ 21 47
o 22 34
+ 22 45
o 23 36
o 24 38
o 25 40
+ 25 44
o 26 16
+ 26 46
o 27 18
o 28 45
o 29 47
o 30 17
x 31 31
o 32 21
x 33 32
x 34 33
x 35 35
o 36 22
x 37 37
o 38 26
o 39 24
x 40 39
x 41 41
x 42 42
o 43 27
x 44 43
+ 45 26
x 45 44
+ 46 28
o 46 29
x 47 46
x 48 48
Case #89: 240 163
o 1 1
+ 1 42
+ 1 47
+ 1 48
+ 1 51
+ 1 52
+ 1 53
+ 1 55
+ 1 57
+ 1 58
+ 1 61
+ 1 64
+ 1 66
+ 1 67
+ 1 70
+ 1 71
+ 1 73
+ 1 74
+ 1 75
+ 1 76
+ 1 79
+ 1 80
+ 1 83
+ 1 84
+ 1 87
+ 1 88
+ 1 91
+ 1 92
+ 1 97
+ 1 98
+ 1 99
+ 1 100
o 2 3
o 3 5
o 4 2
+ 4 99
o 5 4
o 6 9
+ 6 99
+ 6 100
o 7 11
o 8 13
+ 8 100
o 9 15
o 10 6
o 11 8
+ 11 99
+ 11 100
o 12 19
o 13 7
o 14 22
+ 14 99
o 15 10
o 16 25
+ 16 100
o 17 27
o 18 29
+ 18 99
o 19 31
o 20 12
o 21 14
+ 21 98
o 22 35
o 23 37
+ 23 99
o 24 39
o 25 41
o 26 16
o 27 18
+ 27 98
o 28 45
o 29 17
+ 29 97
o 30 48
o 31 20
+ 31 98
o 32 51
o 33 53
+ 33 97
o 34 21
o 35 56
+ 35 97
o 36 58
+ 36 97
o 37 60
o 38 23
+ 38 97
o 39 63
o 40 24
+ 40 98
o 41 66
o 42 28
+ 42 97
o 43 26
o 44 70
o 45 73
+ 45 98
o 46 75
o 47 77
+ 47 95
o 48 79
o 49 30
+ 49 98
o 50 32
o 51 83
+ 51 95
o 52 85
o 53 87
+ 53 95
+ 53 98
o 54 33
o 55 90
+ 55 98
o 56 34
+ 56 96
o 57 93
o 58 38
+ 58 97
o 59 36
o 60 97
o 61 99
x 62 64
x 63 65
o 64 40
x 65 67
x 66 68
o 67 42
x 68 69
o 69 43
x 70 71
o 71 44
x 72 72
x 73 74
o 74 46
x 75 76
o 76 47
x 77 78
x 78 80
o 79 49
x 80 81
o 81 50
x 82 82
x 83 84
o 84 52
x 85 86
x 86 88
o 87 54
x 88 89
o 89 55
x 90 91
x 91 92
o 92 57
x 93 94
x 94 95
o 95 59
x 96 96
x 97 98
+ 98 58
o 98 61
x 99 100
+ 100 58
+ 100 61
o 100 62
Case #90: 12 7
+ 1 4
o 2 1
o 3 3
x 4 4
+ 4 5
o 5 2
+ 5 3
Case #91: 42 28
+ 1 7
+ 1 10
+ 1 11
+ 1 12
+ 1 13
+ 1 14
+ 1 17
o 2 1
o 3 3
o 4 5
o 5 2
o 6 4
o 7 9
o 8 11
+ 8 15
+ 8 16
o 9 13
o 10 15
o 11 6
o 12 8
x 13 12
o 14 7
x 15 14
o 16 10
x 17 16
+ 18 9
+ 18 10
x 18 17
Case #92: 237 162
o 1 1
+ 1 39
+ 1 42
+ 1 47
+ 1 48
+ 1 51
+ 1 52
+ 1 53
+ 1 55
+ 1 57
+ 1 58
+ 1 61
+ 1 64
+ 1 66
+ 1 67
+ 1 70
+ 1 71
+ 1 73
+ 1 74
+ 1 75
+ 1 76
+ 1 79
+ 1 80
+ 1 83
+ 1 84
+ 1 87
+ 1 88
+ 1 91
+ 1 92
+ 1 97
+ 1 98
+ 1 99
o 2 3
o 3 5
+ 3 98
o 4 2
o 5 4
+ 5 98
o 6 9
o 7 11
+ 7 99
o 8 13
+ 8 97
o 9 15
o 10 6
+ 10 98
o 11 8
o 12 19
o 13 7
+ 13 97
+ 13 98
o 14 22
o 15 10
o 16 25
+ 16 97
o 17 27
o 18 29
+ 18 98
o 19 31
o 20 12
o 21 14
+ 21 97
+ 21 98
o 22 35
o 23 37
o 24 39
o 25 41
o 26 16
o 27 18
+ 27 95
+ 27 98
o 28 45
o 29 17
o 30 48
+ 30 97
o 31 20
o 32 51
o 33 53
+ 33 97
o 34 21
o 35 56
+ 35 96
+ 35 97
o 36 58
o 37 60
+ 38 1
o 38 23
+ 38 96
+ 38 97
o 39 63
o 40 24
o 41 66
o 42 28
o 43 26
+ 43 98
o 44 70
o 45 72
+ 45 93
+ 45 98
o 46 74
o 47 76
o 48 78
o 49 30
+ 49 93
+ 49 98
o 50 32
o 51 82
o 52 84
+ 52 94
o 53 86
+ 53 98
o 54 33
o 55 89
+ 55 95
+ 55 98
o 56 34
o 57 92
o 58 38
+ 58 97
o 59 36
o 60 96
o 61 98
x 62 62
x 63 64
o 64 40
x 65 65
x 66 67
o 67 42
x 68 68
o 69 43
x 70 69
o 71 44
x 72 71
x 73 73
x 74 75
o 75 46
x 76 77
o 77 47
o 78 50
x 79 79
o 80 49
x 81 80
x 82 81
x 83 83
x 84 85
o 85 52
o 86 54
x 87 87
x 88 88
x 89 90
o 90 55
o 91 57
x 92 91
x 93 93
x 94 94
o 95 59
+ 96 56
x 96 95
x 97 97
+ 98 59
x 98 99
o 99 61
Case #93: 239 162
o 1 1
+ 1 41
+ 1 42
+ 1 45
+ 1 46
+ 1 49
+ 1 50
+ 1 53
+ 1 56
+ 1 57
+ 1 61
+ 1 62
+ 1 63
+ 1 64
+ 1 66
+ 1 69
+ 1 70
+ 1 73
+ 1 74
+ 1 76
+ 1 77
+ 1 79
+ 1 82
+ 1 83
+ 1 86
+ 1 87
+ 1 88
+ 1 91
+ 1 92
+ 1 94
+ 1 95
+ 1 97
+ 1 99
+ 1 100
o 2 3
o 3 5
o 4 2
o 5 4
o 6 9
+ 6 98
o 7 11
o 8 13
o 9 15
+ 9 98
o 10 7
o 11 18
+ 11 99
o 12 8
o 13 6
+ 13 96
o 14 22
o 15 10
+ 15 99
o 16 25
o 17 27
o 18 12
+ 18 97
o 19 30
+ 19 99
o 20 32
+ 20 97
o 21 34
o 22 37
o 23 14
o 24 16
+ 24 95
+ 24 98
o 25 41
o 26 43
o 27 45
+ 27 97
o 28 17
o 29 19
+ 29 96
o 30 49
o 31 51
+ 31 97
o 32 53
o 33 20
o 34 56
+ 34 98
o 35 21
o 36 24
+ 36 95
o 37 60
o 38 23
+ 38 95
o 39 63
o 40 65
+ 40 98
o 41 67
+ 41 94
o 42 26
o 43 70
+ 43 97
o 44 72
+ 44 95
o 45 28
o 46 75
o 47 29
o 48 78
+ 48 95
+ 48 98
o 49 80
o 50 31
o 51 83
+ 51 97
o 52 85
+ 52 95
o 53 33
o 54 88
o 55 90
o 56 35
+ 56 95
+ 56 98
o 57 93
o 58 36
o 59 96
o 60 98
o 61 38
x 62 62
x 63 64
o 64 39
x 65 66
o 66 40
x 67 68
o 68 44
o 69 42
x 70 69
x 71 71
x 72 73
x 73 74
o 74 46
x 75 76
o 76 47
x 77 77
x 78 79
o 79 48
o 80 50
x 81 81
x 82 82
x 83 84
o 84 52
x 85 86
x 86 87
o 87 54
x 88 89
o 89 55
x 90 91
x 91 92
o 92 57
x 93 94
o 94 58
x 95 95
+ 96 57
x 96 97
o 97 59
o 98 61
+ 99 58
x 99 99
+ 100 60
x 100 100
Case #94: 53 36
+ 1 10
+ 1 11
+ 1 13
+ 1 15
+ 1 16
+ 1 19
+ 1 22
o 2 1
+ 2 22
o 3 3
+ 3 22
o 4 5
o 5 8
o 6 4
+ 6 22
o 7 11
o 8 13
o 9 6
+ 9 22
o 10 16
o 11 18
+ 11 22
o 12 7
o 13 9
o 14 22
x 15 14
x 16 15
o 17 10
o 18 12
x 19 17
+ 20 12
x 20 19
x 21 20
+ 22 12
+ 22 13
x 22 21
Case #95: 45 30
+ 1 10
+ 1 11
+ 1 13
+ 1 14
+ 1 17
o 2 1
o 3 3
+ 3 10
o 4 5
+ 4 19
o 5 2
+ 5 19
o 6 4
o 7 9
o 8 11
+ 8 19
o 9 13
o 10 15
+ 10 18
o 11 6
o 12 8
o 13 19
o 14 7
x 15 14
o 16 10
x 17 16
x 18 17
+ 19 10
+ 19 11
x 19 18
Case #96: 241 161
o 1 1
+ 1 41
+ 1 44
+ 1 45
+ 1 49
+ 1 50
+ 1 53
+ 1 54
+ 1 58
+ 1 59
+ 1 60
+ 1 63
+ 1 64
+ 1 67
+ 1 69
+ 1 70
+ 1 72
+ 1 73
+ 1 74
+ 1 77
+ 1 80
+ 1 82
+ 1 83
+ 1 85
+ 1 88
+ 1 89
+ 1 90
+ 1 91
+ 1 94
+ 1 96
+ 1 97
+ 1 99
o 2 3
o 3 6
+ 3 100
o 4 2
o 5 9
o 6 5
+ 6 100
o 7 14
+ 7 98
o 8 16
+ 8 100
o 9 4
o 10 7
o 11 20
o 12 8
o 13 24
+ 13 98
+ 13 99
o 14 26
o 15 28
+ 15 98
o 16 10
o 17 31
o 18 11
+ 18 98
o 19 34
o 20 12
+ 20 97
o 21 37
+ 21 99
o 22 13
o 23 40
+ 23 98
o 24 42
o 25 44
+ 25 99
o 26 15
o 27 17
o 28 48
o 29 50
+ 29 99
o 30 52
+ 30 97
o 31 18
o 32 55
+ 32 97
o 33 19
o 34 22
+ 34 98
o 35 59
o 36 21
+ 36 97
o 37 62
+ 37 97
o 38 64
o 39 23
o 40 67
o 41 69
+ 41 96
+ 41 97
o 42 25
o 43 72
o 44 74
+ 44 98
o 45 27
+ 45 96
o 46 77
o 47 79
o 48 29
+ 48 98
o 49 82
+ 49 96
o 50 30
o 51 85
o 52 87
+ 52 98
o 53 32
+ 53 94
o 54 90
o 55 33
o 56 93
o 57 95
+ 57 99
o 58 35
o 59 98
o 60 36
x 61 61
x 62 63
o 63 38
x 64 65
o 65 39
x 66 66
x 67 68
o 68 41
x 69 70
x 70 71
o 71 43
x 72 73
x 73 75
o 74 45
x 75 76
o 76 46
x 77 78
o 78 47
x 79 80
x 80 81
o 81 49
x 82 83
x 83 84
o 84 51
x 85 86
x 86 88
o 87 53
x 88 89
o 89 54
x 90 91
x 91 92
o 92 56
x 93 94
o 94 57
x 95 96
o 96 58
+ 97 56
x 97 97
x 98 99
+ 99 56
+ 99 59
o 99 60
x 100 100
Case #97: 239 163
o 1 1
+ 1 42
+ 1 47
+ 1 48
+ 1 51
+ 1 52
+ 1 53
+ 1 55
+ 1 57
+ 1 58
+ 1 61
+ 1 64
+ 1 66
+ 1 67
+ 1 70
+ 1 71
+ 1 73
+ 1 74
+ 1 75
+ 1 76
+ 1 79
+ 1 80
+ 1 83
+ 1 84
+ 1 87
+ 1 88
+ 1 91
+ 1 92
+ 1 97
+ 1 98
+ 1 99
+ 1 100
o 2 3
o 3 5
o 4 2
+ 4 99
o 5 4
o 6 9
+ 6 99
+ 6 100
o 7 11
o 8 13
+ 8 100
o 9 15
o 10 6
o 11 8
+ 11 99
+ 11 100
o 12 19
o 13 7
o 14 22
+ 14 99
o 15 10
o 16 25
+ 16 100
o 17 27
o 18 29
o 19 31
+ 19 99
+ 19 100
o 20 12
o 21 14
o 22 35
o 23 37
+ 23 99
o 24 39
o 25 41
o 26 16
o 27 18
+ 27 98
o 28 45
o 29 17
o 30 48
+ 30 97
o 31 20
+ 31 99
o 32 51
o 33 53
o 34 21
+ 34 98
o 35 56
+ 35 96
o 36 58
+ 36 98
o 37 60
+ 38 1
o 38 23
+ 38 97
o 39 63
o 40 24
+ 40 98
o 41 66
o 42 28
o 43 26
+ 43 98
o 44 70
o 45 72
+ 45 98
o 46 74
o 47 76
+ 47 95
o 48 78
o 49 30
+ 49 98
o 50 32
o 51 82
+ 51 95
o 52 84
o 53 86
+ 53 98
o 54 33
+ 54 96
o 55 89
+ 55 98
o 56 34
+ 56 96
o 57 92
o 58 38
+ 58 97
o 59 36
o 60 96
o 61 98
o 62 100
x 63 62
o 64 40
x 65 64
x 66 65
o 67 42
x 68 67
o 69 43
x 70 68
o 71 44
x 72 69
x 73 71
x 74 73
o 75 46
x 76 75
o 77 47
o 78 50
x 79 77
o 80 49
x 81 79
x 82 80
x 83 81
x 84 83
o 85 52
o 86 54
x 87 85
x 88 87
x 89 88
o 90 55
o 91 57
x 92 90
x 93 91
x 94 93
o 95 59
x 96 94
x 97 95
+ 98 59
x 98 97
+ 99 59
o 99 61
x 100 99
Case #98: 240 161
o 1 1
+ 1 41
+ 1 44
+ 1 45
+ 1 46
+ 1 49
+ 1 50
+ 1 53
+ 1 54
+ 1 57
+ 1 59
+ 1 60
+ 1 62
+ 1 65
+ 1 66
+ 1 67
+ 1 70
+ 1 72
+ 1 73
+ 1 75
+ 1 78
+ 1 80
+ 1 81
+ 1 83
+ 1 86
+ 1 87
+ 1 88
+ 1 91
+ 1 93
+ 1 94
+ 1 96
+ 1 98
+ 1 99
o 2 4
o 3 7
o 4 3
o 5 10
o 6 2
+ 6 97
+ 6 100
o 7 5
o 8 14
o 9 17
+ 9 98
o 10 19
+ 10 98
o 11 6
o 12 9
o 13 23
+ 13 97
o 14 25
o 15 8
+ 15 98
o 16 28
o 17 11
+ 17 98
o 18 31
o 19 33
+ 19 97
o 20 12
o 21 36
+ 21 97
o 22 13
o 23 39
+ 23 98
o 24 41
o 25 15
+ 25 95
o 26 44
o 27 16
+ 27 100
o 28 47
+ 28 96
o 29 49
o 30 18
o 31 52
+ 31 98
o 32 54
o 33 20
+ 33 95
o 34 57
+ 34 97
o 35 21
o 36 60
o 37 22
+ 37 97
o 38 63
+ 38 95
o 39 65
o 40 24
o 41 68
+ 41 96
o 42 70
o 43 26
+ 43 97
o 44 73
o 45 27
+ 45 96
o 46 76
+ 46 96
o 47 78
o 48 29
o 49 81
+ 49 95
o 50 30
+ 50 97
o 51 84
o 52 86
o 53 32
o 54 89
+ 54 95
+ 54 96
o 55 91
o 56 34
o 57 94
o 58 35
o 59 97
o 60 99
o 61 37
x 62 62
x 63 64
o 64 38
o 65 40
x 66 66
x 67 67
x 68 69
o 69 42
x 70 71
o 71 43
x 72 72
x 73 74
o 74 45
x 75 75
x 76 77
o 77 46
o 78 48
x 79 79
x 80 80
x 81 82
o 82 50
x 83 83
x 84 85
o 85 51
o 86 53
x 87 87
x 88 88
x 89 90
o 90 55
x 91 92
o 92 56
x 93 93
x 94 95
o 95 58
+ 96 56
x 96 96
x 97 98
+ 98 56
+ 98 57
o 98 59
o 99 61
x 100 100
Case #99: 240 163
o 1 1
+ 1 40
+ 1 41
+ 1 44
+ 1 45
+ 1 47
+ 1 48
+ 1 51
+ 1 54
+ 1 56
+ 1 57
+ 1 61
+ 1 62
+ 1 63
+ 1 64
+ 1 66
+ 1 68
+ 1 69
+ 1 71
+ 1 74
+ 1 76
+ 1 77
+ 1 80
+ 1 83
+ 1 84
+ 1 85
+ 1 87
+ 1 89
+ 1 90
+ 1 92
+ 1 94
+ 1 95
+ 1 97
+ 1 99
+ 1 100
o 2 4
o 3 2
o 4 7
o 5 3
o 6 10
+ 6 98
o 7 12
o 8 5
o 9 15
o 10 17
+ 10 97
o 11 6
o 12 8
+ 12 97
o 13 21
o 14 23
o 15 25
o 16 9
+ 16 96
o 17 11
+ 17 98
o 18 29
+ 18 96
o 19 31
o 20 33
+ 20 97
o 21 35
o 22 13
o 23 38
+ 23 97
o 24 14
+ 24 95
o 25 41
+ 25 97
o 26 18
o 27 16
o 28 45
+ 28 97
o 29 47
+ 29 95
o 30 49
o 31 51
o 32 19
+ 32 96
o 33 54
o 34 20
o 35 57
o 36 24
+ 36 95
o 37 22
+ 37 95
+ 38 1
o 38 61
+ 38 95
o 39 63
o 40 65
+ 40 94
o 41 67
o 42 26
+ 42 93
o 43 70
+ 43 95
o 44 27
o 45 73
o 46 28
+ 46 95
o 47 76
o 48 78
o 49 80
+ 49 94
+ 49 97
o 50 30
o 51 32
o 52 84
o 53 86
+ 53 95
o 54 88
+ 54 95
o 55 34
o 56 91
o 57 93
o 58 36
o 59 96
o 60 37
o 61 99
x 62 62
x 63 64
o 64 39
x 65 66
o 66 40
o 67 43
x 68 68
o 69 42
x 70 69
x 71 71
o 72 44
x 73 72
x 74 74
o 75 46
x 76 75
x 77 77
x 78 79
o 79 48
o 80 50
x 81 81
x 82 82
x 83 83
x 84 85
o 85 52
x 86 87
o 87 53
o 88 56
x 89 89
o 90 55
x 91 90
x 92 92
x 93 94
o 94 58
x 95 95
+ 96 55
x 96 97
+ 97 57
o 97 59
+ 98 55
x 98 98
o 99 60
+ 100 58
x 100 100
Case #100: 140 94
+ 1 23
+ 1 26
+ 1 27
+ 1 28
+ 1 29
+ 1 30
+ 1 33
+ 1 34
+ 1 37
+ 1 38
+ 1 39
+ 1 43
+ 1 48
+ 1 49
+ 1 52
+ 1 53
+ 1 54
+ 1 58
o 2 1
+ 2 58
o 3 3
+ 3 38
o 4 5
o 5 2
o 6 4
o 7 9
+ 7 56
o 8 11
+ 8 58
o 9 13
o 10 15
o 11 6
+ 11 57
o 12 8
+ 12 57
o 13 19
o 14 7
+ 14 58
o 15 22
+ 15 58
o 16 10
o 17 25
+ 17 58
o 18 27
+ 18 58
o 19 29
+ 19 58
o 20 31
o 21 12
+ 22 1
o 22 14
+ 22 56
o 23 35
o 24 37
o 25 39
+ 25 56
o 26 41
+ 26 56
o 27 16
o 28 18
o 29 45
o 30 17
o 31 48
+ 31 54
+ 31 55
o 32 20
o 33 51
o 34 53
o 35 21
o 36 56
o 37 58
x 38 36
o 39 23
x 40 38
o 41 24
x 42 42
o 43 28
o 44 26
x 45 43
x 46 44
x 47 46
x 48 47
x 49 49
o 50 30
o 51 32
x 52 50
x 53 52
x 54 54
o 55 33
x 56 55
+ 57 32
+ 57 33
o 57 34
x 58 57
