Case #1: 
GGG
CCC
JJJ
Case #2: 
CODE
CODE
JJAM
Case #3: 
CA
KE
Case #4: 
EEEEEEEEEEEEEEEEEEEEEEEEE
EEEEEEEEEEEEEEEEEEEEEEEEE
CCCCCCCCCCCCCCCCCCCCCCCCC
XXXXXXXXXXXXXXXXXXXXXXXXX
IIIIIIIIIIIIIIIIIIIIIIIII
QQQWWWUUUUUUUUUUUUUUUUUUU
LLNNNNNNNNNNNNNNNNNNNNNNN
LLNNNNNNNNNNNNNNNNNNNNNNN
LLNNNNNNNNNNNNNNNNNNNNNNN
OOOOOOOOOOOOOOOOOFFFFFFFF
RRRRRRRRRRRRABBBBBBBBBBBB
YYYYYYYYYYYYYYYYYYYYYYYYY
GGGGGGGGGGGGGGGGGGGGGGGGG
SSSSSSSSSSSSSSSSSSSSSSSSS
DDDDDDDDDDDDDDPPPPPPPPPPP
DDDDDDDDDDDDDDPPPPPPPPPPP
TTTTTTTTTTTTTTTTTTTTTTTTT
TTTTTTTTTTTTTTTTTTTTTTTTT
KKKKKKKKKKKKKKKKKKKKKKKKK
KKKKKKKKKKKKKKKKKKKKKKKKK
KKKKKKKKKKKKKKKKKKKKKKKKK
HHHHHHHHHJJJJJJJJJJJJJJJJ
VVVVVVVVVVVVVVVVVVVVVVVVV
MMMMMMMMMMMMMMMMMMMMMMMMM
Case #5: 
DDD
BCA
BCA
BCA
Case #6: 
IIIIIIFOOYYYYYYYYYYYYYYYY
WWWWWWWWWWWWWWWWWWWWWWWWW
SSSSSSSSSSSSSSSSSSSSSSSSS
ZZZMMMMMEEEEEEEEEEEEEEEEE
AAAJJCCCCCCTTTTTTTTTTTTTT
VVVXXXXXKKKRRRRRRRRRRRRRR
PPPPPPPPQQQQQQQQQQQQQQQQQ
NNNNNULLLHHHHHHHHHHHHHHHH
NNNNNULLLHHHHHHHHHHHHHHHH
GGGGGGGGGGGGGGGGGGGGGGGGG
DDDDDDDDDDDDDDDDDDDDDDDDD
BBBBBBBBBBBBBBBBBBBBBBBBB
BBBBBBBBBBBBBBBBBBBBBBBBB
BBBBBBBBBBBBBBBBBBBBBBBBB
BBBBBBBBBBBBBBBBBBBBBBBBB
BBBBBBBBBBBBBBBBBBBBBBBBB
BBBBBBBBBBBBBBBBBBBBBBBBB
BBBBBBBBBBBBBBBBBBBBBBBBB
BBBBBBBBBBBBBBBBBBBBBBBBB
BBBBBBBBBBBBBBBBBBBBBBBBB
BBBBBBBBBBBBBBBBBBBBBBBBB
BBBBBBBBBBBBBBBBBBBBBBBBB
BBBBBBBBBBBBBBBBBBBBBBBBB
BBBBBBBBBBBBBBBBBBBBBBBBB
BBBBBBBBBBBBBBBBBBBBBBBBB
Case #7: 
FFFMMKKLLUEECXWWYSIIIIAAA
ZTGGOBHDRRQPPPJVNNNNNNNNN
Case #8: 
UUUUGGGGGGGGGGGGGMMMMMMMM
NNNNNNNNNNNNNNNNNNNNNNNNN
NNNNNNNNNNNNNNNNNNNNNNNNN
NNNNNNNNNNNNNNNNNNNNNNNNN
EEEEEEEEEEEEEEEEEEEEEEEEE
EEEEEEEEEEEEEEEEEEEEEEEEE
EEEEEEEEEEEEEEEEEEEEEEEEE
CCCCCCCCCCCCCCCCCCCCCCCCC
LLLLLLLLLHHHHHHHHHHHHHHHH
VVVVVVVVVVVVVVVVVVVVVVVVV
KKKKKTTTTTTTTTTTTTTTTTTTT
KKKKKTTTTTTTTTTTTTTTTTTTT
DDDDDXXXXXXXPPPPPPPPPPPPP
YYYYYYYYYYYYYYYYYYYYYYYYY
ZZZRRRRRRRRRRRRRRRRRRRRRR
AAAAAAAAAAAAAAAAAAAAAAAAA
AAAAAAAAAAAAAAAAAAAAAAAAA
FFFFFFFFFFFFFFFFFFFFFFFFF
BBBBBBBBBBBQQQQQQQQQQQQQQ
IIIIIIIIIIIIWWWWWWWWWWWWW
OOOOOOOOOOOOOOOOOOOOOOOOO
OOOOOOOOOOOOOOOOOOOOOOOOO
SSSSSSSSSSSSSSSSSSSSSSSSS
JJJJJJJJJJJJJJJJJJJJJJJJJ
JJJJJJJJJJJJJJJJJJJJJJJJJ
Case #9: 
A
Case #10: 
ABCDEFGHIJKLMNOPQRSTUVWXY
ABCDEFGHIJKLMNOPQRSTUVWXY
ABCDEFGHIJKLMNOPQRSTUVWXY
ABCDEFGHIJKLMNOPQRSTUVWXY
ABCDEFGHIJKLMNOPQRSTUVWXY
ABCDEFGHIJKLMNOPQRSTUVWXY
ABCDEFGHIJKLMNOPQRSTUVWXY
ABCDEFGHIJKLMNOPQRSTUVWXY
ABCDEFGHIJKLMNOPQRSTUVWXY
ABCDEFGHIJKLMNOPQRSTUVWXY
ABCDEFGHIJKLMNOPQRSTUVWXY
ABCDEFGHIJKLMNOPQRSTUVWXY
ABCDEFGHIJKLMNOPQRSTUVWXY
ABCDEFGHIJKLMNOPQRSTUVWXY
ABCDEFGHIJKLMNOPQRSTUVWXY
ABCDEFGHIJKLMNOPQRSTUVWXY
ABCDEFGHIJKLMNOPQRSTUVWXY
ABCDEFGHIJKLMNOPQRSTUVWXY
ABCDEFGHIJKLMNOPQRSTUVWXY
ABCDEFGHIJKLMNOPQRSTUVWXY
ABCDEFGHIJKLMNOPQRSTUVWXY
ABCDEFGHIJKLMNOPQRSTUVWXY
ABCDEFGHIJKLMNOPQRSTUVWXY
ABCDEFGHIJKLMNOPQRSTUVWXY
ABCDEFGHIJKLMNOPQRSTUVWXY
Case #11: 
AAAHHHHLLLLLLLLLLLLLLLLLL
AAAHHHHLLLLLLLLLLLLLLLLLL
JJJJJJJJJJJJJJJJJJJJJJJJJ
JJJJJJJJJJJJJJJJJJJJJJJJJ
NNNNNNNNNCCCCCCCCCCCCCCCC
NNNNNNNNNCCCCCCCCCCCCCCCC
GGGGGGGGGGGGGGGGGGGGGGGGG
XXXXXXXXXXXXXXXXXXXXXXXXX
EEEMMMMMMMMMMMMMMMMMMMMMM
IIIIIWWWWWWWWWWWWWWWWWWWW
UUUUUUUUUUUUUUUUUUUUUUUUU
KKKKKKKKKKKKKKKKKKKKKKKKK
FFFFFFFFFFFFFFFFFFFFFFFFF
TTTTTTTTTTTTTTTTTTTTTTTTT
TTTTTTTTTTTTTTTTTTTTTTTTT
TTTTTTTTTTTTTTTTTTTTTTTTT
QQQQQQQQQQQQQQQQQQQQQQQQQ
YYYYYYYBBBBBBBBBBBBBBBBBB
RRRRRRRRRRRDDDDDDDDDDDDDD
VVVVVOOOOOOOOOOOOOOOOOOOO
ZZZZZZZZZZZZZZZZZZZZZZZZZ
SSSSSSSSSSSSSSSSSSSSSSSSS
SSSSSSSSSSSSSSSSSSSSSSSSS
SSSSSSSSSSSSSSSSSSSSSSSSS
PPPPPPPPPPPPPPPPPPPPPPPPP
Case #12: 
OOOOOOOOOOOOOOOOOOOOOOOOO
PPPPPPPPPPPPWWWWWWWDDDDDD
XXXXXXXXXXXXXXXXXXXXXXXXX
XXXXXXXXXXXXXXXXXXXXXXXXX
XXXXXXXXXXXXXXXXXXXXXXXXX
CCCCCCCFFFFFFFFFFFFFFFFFF
CCCCCCCFFFFFFFFFFFFFFFFFF
CCCCCCCFFFFFFFFFFFFFFFFFF
NNNNNNNNNNNNNNNNNNNNNNNNN
NNNNNNNNNNNNNNNNNNNNNNNNN
NNNNNNNNNNNNNNNNNNNNNNNNN
YYYYYYYKKKKKKKKKKKKKKKKKK
VVVVVVVVVVVVVVVVVVVVVVVVV
SSSAAAAAAAAAAAAAAAAAAAAJJ
BBBBBBBBBBBBBBBBQQQQQQQQQ
HHHHHHHHHHHHHHHHHHHHHHHHH
LLLLLZZZURRRRRRRRRRRRRRRR
LLLLLZZZURRRRRRRRRRRRRRRR
EEEEEEEEEEEEEEEEEEEEEEEEE
EEEEEEEEEEEEEEEEEEEEEEEEE
GGGGGGGMMMMMMMMMMMMMMMMMM
GGGGGGGMMMMMMMMMMMMMMMMMM
GGGGGGGMMMMMMMMMMMMMMMMMM
TTTTTTTTTTTTTTTTTTTTTTTTT
IIIIIIIIIIIIIIIIIIIIIIIII
Case #13: 
AAAAAAAAAAAAAAAAAAAAAAAAA
BBBBBBBBBBBBBBBBBBBBBBBBB
CCCCCCCCCCCCCCCCCCCCCCCCC
DDDDDDDDDDDDDDDDDDDDDDDDD
EEEEEEEEEEEEEEEEEEEEEEEEE
FFFFFFFFFFFFFFFFFFFFFFFFF
GGGGGGGGGGGGGGGGGGGGGGGGG
HHHHHHHHHHHHHHHHHHHHHHHHH
IIIIIIIIIIIIIIIIIIIIIIIII
JJJJJJJJJJJJJJJJJJJJJJJJJ
KKKKKKKKKKKKKKKKKKKKKKKKK
LLLLLLLLLLLLLLLLLLLLLLLLL
MMMMMMMMMMMMMMMMMMMMMMMMM
NNNNNNNNNNNNNNNNNNNNNNNNN
OOOOOOOOOOOOOOOOOOOOOOOOO
PPPPPPPPPPPPPPPPPPPPPPPPP
QQQQQQQQQQQQQQQQQQQQQQQQQ
RRRRRRRRRRRRRRRRRRRRRRRRR
SSSSSSSSSSSSSSSSSSSSSSSSS
TTTTTTTTTTTTTTTTTTTTTTTTT
UUUUUUUUUUUUUUUUUUUUUUUUU
VVVVVVVVVVVVVVVVVVVVVVVVV
WWWWWWWWWWWWWWWWWWWWWWWWW
XXXXXXXXXXXXXXXXXXXXXXXXX
YYYYYYYYYYYYYYYYYYYYYYYYY
Case #14: 
AACCC
BBBBB
BBBBB
Case #15: 
QQQQQQQQQQQQQQQQQQQQQQQQQ
QQQQQQQQQQQQQQQQQQQQQQQQQ
RRRRRRRRRRRRRRRRRRRRRRRRR
LLLLLLLLLLLLLLLLLLLLLLLLL
LLLLLLLLLLLLLLLLLLLLLLLLL
LLLLLLLLLLLLLLLLLLLLLLLLL
CCCCCCCCCCCCCCCCCCCCCCCCC
SSSSSSSZZNNNMMMMMMMMMMMMM
SSSSSSSZZNNNMMMMMMMMMMMMM
WWWWWWWWWWDDDDXXXXXXXXXXX
BBBBKUUUUUUUUUUUUUUUUUUUU
EAAAAAAAAVVVVVVVVVVVVVVVV
JJJHHHHHHHHHHHHHHHHHHHHHH
TTTTTPPPPPPPPPPPPPPPPPPPP
GGGGGGGGGGGGGGGGGGGGGGGGG
IIIIIIIIIIIIIIIIIIIIIIIII
IIIIIIIIIIIIIIIIIIIIIIIII
OYYYYYYYYYYYYYYYYYYYYYYYY
OYYYYYYYYYYYYYYYYYYYYYYYY
OYYYYYYYYYYYYYYYYYYYYYYYY
OYYYYYYYYYYYYYYYYYYYYYYYY
FFFFFFFFFFFFFFFFFFFFFFFFF
FFFFFFFFFFFFFFFFFFFFFFFFF
FFFFFFFFFFFFFFFFFFFFFFFFF
FFFFFFFFFFFFFFFFFFFFFFFFF
Case #16: 
A
A
Case #17: 
ACCCCCCCCCCCCCCCCCCCCCCCC
ACCCCCCCCCCCCCCCCCCCCCCCC
ACCCCCCCCCCCCCCCCCCCCCCCC
ACCCCCCCCCCCCCCCCCCCCCCCC
ACCCCCCCCCCCCCCCCCCCCCCCC
ACCCCCCCCCCCCCCCCCCCCCCCC
EEEEEEEEEEEEEEEEEEEEEEEEE
EEEEEEEEEEEEEEEEEEEEEEEEE
EEEEEEEEEEEEEEEEEEEEEEEEE
EEEEEEEEEEEEEEEEEEEEEEEEE
BDDDDDDDDDDDDDDDDDDDDDDDD
BDDDDDDDDDDDDDDDDDDDDDDDD
BDDDDDDDDDDDDDDDDDDDDDDDD
BDDDDDDDDDDDDDDDDDDDDDDDD
BDDDDDDDDDDDDDDDDDDDDDDDD
BDDDDDDDDDDDDDDDDDDDDDDDD
BDDDDDDDDDDDDDDDDDDDDDDDD
BDDDDDDDDDDDDDDDDDDDDDDDD
FFFFFFFFFFFFFFFFFFGGGGGGG
HHHHHHHHHHHHHHHHHHHHHHHHH
IIIIIIIIIIIIIIIIIIIIIIIII
JJJJJJJJJJJJJJJJJJJJJJJJJ
JJJJJJJJJJJJJJJJJJJJJJJJJ
JJJJJJJJJJJJJJJJJJJJJJJJJ
JJJJJJJJJJJJJJJJJJJJJJJJJ
Case #18: 
AABBBBBBBBBBBBBBBBBBBBBBB
AABBBBBBBBBBBBBBBBBBBBBBB
AABBBBBBBBBBBBBBBBBBBBBBB
AABBBBBBBBBBBBBBBBBBBBBBB
AABBBBBBBBBBBBBBBBBBBBBBB
AABBBBBBBBBBBBBBBBBBBBBBB
AABBBBBBBBBBBBBBBBBBBBBBB
AABBBBBBBBBBBBBBBBBBBBBBB
CCCCCCCCCCCCCCCCCCCCCCCCC
DDDDDDDDDDDDDDDDDDDDDDDDD
EEEEEEEEEEEEEEEEEEEEEEEEE
EEEEEEEEEEEEEEEEEEEEEEEEE
FFFFFFFFFFFFFFFFHHHHHHHHH
JJJJJJJJJJJJJJJJJJJJJJJJJ
JJJJJJJJJJJJJJJJJJJJJJJJJ
JJJJJJJJJJJJJJJJJJJJJJJJJ
JJJJJJJJJJJJJJJJJJJJJJJJJ
GGGGGGGGGGGGGGGGIIIIIIIII
GGGGGGGGGGGGGGGGIIIIIIIII
GGGGGGGGGGGGGGGGIIIIIIIII
GGGGGGGGGGGGGGGGIIIIIIIII
GGGGGGGGGGGGGGGGIIIIIIIII
GGGGGGGGGGGGGGGGIIIIIIIII
GGGGGGGGGGGGGGGGIIIIIIIII
GGGGGGGGGGGGGGGGIIIIIIIII
Case #19: 
AAABBBBBBBBBBBBBBBBBBBBBB
AAABBBBBBBBBBBBBBBBBBBBBB
AAABBBBBBBBBBBBBBBBBBBBBB
CCCCCCCCCCCCCCCCCCCCCCCCC
DDDDDDDDDDDDDDDDDDDDDDDDD
EEEEEEEEEEEEEEEEEEEEEEEEE
EEEEEEEEEEEEEEEEEEEEEEEEE
EEEEEEEEEEEEEEEEEEEEEEEEE
EEEEEEEEEEEEEEEEEEEEEEEEE
EEEEEEEEEEEEEEEEEEEEEEEEE
EEEEEEEEEEEEEEEEEEEEEEEEE
EEEEEEEEEEEEEEEEEEEEEEEEE
EEEEEEEEEEEEEEEEEEEEEEEEE
EEEEEEEEEEEEEEEEEEEEEEEEE
FFFFFFFFFFFFFFFFFFFFFFHHH
JJJJJJJJJJJJJJJJJJJJJJJJJ
JJJJJJJJJJJJJJJJJJJJJJJJJ
JJJJJJJJJJJJJJJJJJJJJJJJJ
JJJJJJJJJJJJJJJJJJJJJJJJJ
GGGGGGGGGGGGGGGGGGGGGGIII
GGGGGGGGGGGGGGGGGGGGGGIII
GGGGGGGGGGGGGGGGGGGGGGIII
GGGGGGGGGGGGGGGGGGGGGGIII
GGGGGGGGGGGGGGGGGGGGGGIII
GGGGGGGGGGGGGGGGGGGGGGIII
Case #20: 
NNNNNNNNNNNNNNNNNNNNNNNNN
NNNNNNNNNNNNNNNNNNNNNNNNN
NNNNNNNNNNNNNNNNNNNNNNNNN
NNNNNNNNNNNNNNNNNNNNNNNNN
XXJJJJJJJJJJJJJJJJJJJJJJJ
XXJJJJJJJJJJJJJJJJJJJJJJJ
XXJJJJJJJJJJJJJJJJJJJJJJJ
YYYYOOOZZZZZZZLFFFAAAAAAA
YYYYOOOZZZZZZZLFFFAAAAAAA
WWWWWWWWWWWWWWWWWWWWWWWWW
BBBBBTTTTTTTTTTVVVVVVVVVV
IIIIIIIIIIIIIIIIIIGGGGGGG
CCMMMMMMMMMMMMMMMMMMMMMMM
UUUUUUUUUUUUUUUUUUUUUUUUU
UUUUUUUUUUUUUUUUUUUUUUUUU
PPPPPPPPPSSSSSSSSSSSSSSSS
PPPPPPPPPSSSSSSSSSSSSSSSS
RRRRRRRRRRRRRRRRRRRRRRRRR
RRRRRRRRRRRRRRRRRRRRRRRRR
RRRRRRRRRRRRRRRRRRRRRRRRR
HEEEEEEEEEEEEEEEEEEEEEEEE
QQQQQQQQQDDDDDDDDDDDDDDDD
QQQQQQQQQDDDDDDDDDDDDDDDD
QQQQQQQQQDDDDDDDDDDDDDDDD
KKKKKKKKKKKKKKKKKKKKKKKKK
Case #21: 
AAAAAAAAAAAAAAAAAAAAAAAAA
AAAAAAAAAAAAAAAAAAAAAAAAA
ZZZZZZZZZZZZZZZZZZZZZZZZZ
BBBBBBBBBBBBBBBBBBBBBBBBB
HHHHHHHHHHHHHHHHHHHHHHHHH
HHHHHHHHHHHHHHHHHHHHHHHHH
DDPJJJJJJJJNNNNNNNVVVVVVV
WWWWWWWWWWWWWWWWWWWWWWWWW
WWWWWWWWWWWWWWWWWWWWWWWWW
WWWWWWWWWWWWWWWWWWWWWWWWW
WWWWWWWWWWWWWWWWWWWWWWWWW
WWWWWWWWWWWWWWWWWWWWWWWWW
RRRRRRRRRIIIIIIIIIIIIIIII
TTTTTTTTTTTTTTTTTTTTTTTUU
TTTTTTTTTTTTTTTTTTTTTTTUU
TTTTTTTTTTTTTTTTTTTTTTTUU
LLLLLLLLLLLLLLLLLLLLLLLLL
QQQQQQQQQQQQQQQQQQQQQQQQQ
KKKKKKKKKKKKKMMMMMMMMMMMM
EEEEEOOOOOOOOOOOOOOOOOOOO
CCCCCCCCCCCCCCCCSSSSSSSSS
GGGYYYYYYYYYYYYYYYYYYYYYY
XXXXXXXXXXXXXXXXXXXXXXXXX
FFFFFFFFFFFFFFFFFFFFFFFFF
FFFFFFFFFFFFFFFFFFFFFFFFF
Case #22: 
AAAAAABBBBBBBBBBBBBBBBBBB
AAAAAABBBBBBBBBBBBBBBBBBB
AAAAAABBBBBBBBBBBBBBBBBBB
AAAAAABBBBBBBBBBBBBBBBBBB
AAAAAABBBBBBBBBBBBBBBBBBB
AAAAAABBBBBBBBBBBBBBBBBBB
AAAAAABBBBBBBBBBBBBBBBBBB
CCCCCCCCCCCCCCCCCCCCCCCCC
DDDDDDDDDDDDDDDDDDDDDDDDD
EEEEEEEEEEEEEEEEEEEEEEEEE
EEEEEEEEEEEEEEEEEEEEEEEEE
EEEEEEEEEEEEEEEEEEEEEEEEE
EEEEEEEEEEEEEEEEEEEEEEEEE
EEEEEEEEEEEEEEEEEEEEEEEEE
EEEEEEEEEEEEEEEEEEEEEEEEE
FFFFFFFFFFFFFFFFFHHHHHHHH
JJJJJJJJJJJJJJJJJJJJJJJJJ
JJJJJJJJJJJJJJJJJJJJJJJJJ
JJJJJJJJJJJJJJJJJJJJJJJJJ
JJJJJJJJJJJJJJJJJJJJJJJJJ
GGGGGGGGGGGGGGGGGIIIIIIII
GGGGGGGGGGGGGGGGGIIIIIIII
GGGGGGGGGGGGGGGGGIIIIIIII
GGGGGGGGGGGGGGGGGIIIIIIII
GGGGGGGGGGGGGGGGGIIIIIIII
Case #23: 
AAAAACCCCCCCCCCCCCCCCCCCC
AAAAACCCCCCCCCCCCCCCCCCCC
AAAAACCCCCCCCCCCCCCCCCCCC
AAAAACCCCCCCCCCCCCCCCCCCC
AAAAACCCCCCCCCCCCCCCCCCCC
EEEEEEEEEEEEEEEEEEEEEEEEE
EEEEEEEEEEEEEEEEEEEEEEEEE
EEEEEEEEEEEEEEEEEEEEEEEEE
EEEEEEEEEEEEEEEEEEEEEEEEE
BBBBBDDDDDDDDDDDDDDDDDDDD
BBBBBDDDDDDDDDDDDDDDDDDDD
BBBBBDDDDDDDDDDDDDDDDDDDD
BBBBBDDDDDDDDDDDDDDDDDDDD
BBBBBDDDDDDDDDDDDDDDDDDDD
BBBBBDDDDDDDDDDDDDDDDDDDD
BBBBBDDDDDDDDDDDDDDDDDDDD
BBBBBDDDDDDDDDDDDDDDDDDDD
BBBBBDDDDDDDDDDDDDDDDDDDD
FFFFFFFFFFFFFFFFFFFGGGGGG
HHHHHHHHHHHHHHHHHHHHHHHHH
IIIIIIIIIIIIIIIIIIIIIIIII
JJJJJJJJJJJJJJJJJJJJJJJJJ
JJJJJJJJJJJJJJJJJJJJJJJJJ
JJJJJJJJJJJJJJJJJJJJJJJJJ
JJJJJJJJJJJJJJJJJJJJJJJJJ
Case #24: 
ZCCCCCCCCCCCCCCCCCCCCCCCC
RRRRRRRRRRRRRRRRRRRRRRRRR
QQQQQQQQQQQQQQQQQQQQQQQQQ
NNNNNNNNNNNNNNNNNNNNNNNNN
SSSSSSSSSSSSSSSSTTTTTTTTT
SSSSSSSSSSSSSSSSTTTTTTTTT
DDDDDDDDDDDDDDDDDDDDDDDDD
UUUUUUUUUUUUUOOOOOOOOOOOO
UUUUUUUUUUUUUOOOOOOOOOOOO
UUUUUUUUUUUUUOOOOOOOOOOOO
JJJJJJJJLLLLLLLLLLLLLLLLL
YYYYYYYYYYYYYYYYYYYYYYYYY
YYYYYYYYYYYYYYYYYYYYYYYYY
YYYYYYYYYYYYYYYYYYYYYYYYY
FFFFFFFFFFFFFFFFFFFFFFFFF
FFFFFFFFFFFFFFFFFFFFFFFFF
AAAAAAAAAAAAAAAAAAAAAAAAA
KKKKKKKKKKKKKKKKKKKKKKKKK
KKKKKKKKKKKKKKKKKKKKKKKKK
XXXXXXXXEEEEEMMMMMMMMMMMM
HHHHHHHHHHHHHHBBBBBBBBBBB
WWWWWWWWWWWWWWWWWWWWWWWWW
PPPPPPVVVVVVVVVVVVVVVVVVV
PPPPPPVVVVVVVVVVVVVVVVVVV
GGGGGIIIIIIIIIIIIIIIIIIII
Case #25: 
AAAA
AAAA
AAAA
AAAA
AAAA
BBDC
Case #26: 
JJJJJJJJJJJJJJJJJJJJJJJJJ
JJJJJJJJJJJJJJJJJJJJJJJJJ
JJJJJJJJJJJJJJJJJJJJJJJJJ
JJJJJJJJJJJJJJJJJJJJJJJJJ
JJJJJJJJJJJJJJJJJJJJJJJJJ
JJJJJJJJJJJJJJJJJJJJJJJJJ
AAAAAAAAAAAAAAAAAAAAAEEEE
DDDDDDDDDDDDDDDDDDDDDDDDD
LLLLLLLLLLLLLLLLLLLLLLLLL
UUUWMMQQQQQQQQQQQQQQQQQQQ
UUUWMMQQQQQQQQQQQQQQQQQQQ
BBBBBBBBBBBBBBBBBBBBBBBBB
BBBBBBBBBBBBBBBBBBBBBBBBB
FFFFHHHHHHHHHHHHHHHHHZZZZ
OOOOOOOOOOOOOOOOOOOOOOOOO
XXXXXXXXXXXXXXXXGGGGGGGGG
RRRRRRRRRRRRRRRRRRRRRRRRR
NNNNNNNNNNNNNNNNNNNNNNNNN
IIIIIIIIIIIIIIIIIIIIIIIII
PPPPPPPPPPPPPPPPPPPPPPPPP
PPPPPPPPPPPPPPPPPPPPPPPPP
CCCCCCCCCCCCCCCCCCCCCCCCC
YYYYYYYYYYYYYYYYYYYYYYYYY
SSSSSKKKKKKKKKKKKKKKKKKKK
TTTTTTTTTTTTVVVVVVVVVVVVV
Case #27: 
AAA
AAA
BBB
Case #28: 
VVVVVVVVVQOOUUUUUUUUUUUUU
YYYYBBBBBBBBSSWWWWWWWWWWW
ZZZZZZPPPPPPPPPPPPPPPPPPP
DDDDDDDHHHTTTTTTTTTTTTTTT
IIIIIIIAAAKKKFFFLLLLLLLLL
CCCCCCCCJJJJJJJJJJJJJJJJJ
MMMMMMMMMMMMMEEERRRRRRRRR
XXXXXXXXXXNGGGGGGGGGGGGGG
XXXXXXXXXXNGGGGGGGGGGGGGG
XXXXXXXXXXNGGGGGGGGGGGGGG
XXXXXXXXXXNGGGGGGGGGGGGGG
XXXXXXXXXXNGGGGGGGGGGGGGG
XXXXXXXXXXNGGGGGGGGGGGGGG
XXXXXXXXXXNGGGGGGGGGGGGGG
XXXXXXXXXXNGGGGGGGGGGGGGG
XXXXXXXXXXNGGGGGGGGGGGGGG
XXXXXXXXXXNGGGGGGGGGGGGGG
XXXXXXXXXXNGGGGGGGGGGGGGG
XXXXXXXXXXNGGGGGGGGGGGGGG
XXXXXXXXXXNGGGGGGGGGGGGGG
XXXXXXXXXXNGGGGGGGGGGGGGG
XXXXXXXXXXNGGGGGGGGGGGGGG
XXXXXXXXXXNGGGGGGGGGGGGGG
XXXXXXXXXXNGGGGGGGGGGGGGG
XXXXXXXXXXNGGGGGGGGGGGGGG
Case #29: 
AAAAAAAAAAAAAACCCCCCCCCCC
AAAAAAAAAAAAAACCCCCCCCCCC
AAAAAAAAAAAAAACCCCCCCCCCC
AAAAAAAAAAAAAACCCCCCCCCCC
AAAAAAAAAAAAAACCCCCCCCCCC
AAAAAAAAAAAAAACCCCCCCCCCC
AAAAAAAAAAAAAACCCCCCCCCCC
AAAAAAAAAAAAAACCCCCCCCCCC
AAAAAAAAAAAAAACCCCCCCCCCC
AAAAAAAAAAAAAACCCCCCCCCCC
EEEEEEEEEEEEEEEEEEEEEEEEE
EEEEEEEEEEEEEEEEEEEEEEEEE
EEEEEEEEEEEEEEEEEEEEEEEEE
EEEEEEEEEEEEEEEEEEEEEEEEE
BBBBBBBBBBBBBBDDDDDDDDDDD
BBBBBBBBBBBBBBDDDDDDDDDDD
BBBBBBBBBBBBBBDDDDDDDDDDD
BBBBBBBBBBBBBBDDDDDDDDDDD
BBBBBBBBBBBBBBDDDDDDDDDDD
BBBBBBBBBBBBBBDDDDDDDDDDD
BBBBBBBBBBBBBBDDDDDDDDDDD
BBBBBBBBBBBBBBDDDDDDDDDDD
BBBBBBBBBBBBBBDDDDDDDDDDD
BBBBBBBBBBBBBBDDDDDDDDDDD
BBBBBBBBBBBBBBDDDDDDDDDDD
Case #30: 
AAAAAAAAAAABBBBBBBBBBBBBB
AAAAAAAAAAABBBBBBBBBBBBBB
AAAAAAAAAAABBBBBBBBBBBBBB
AAAAAAAAAAABBBBBBBBBBBBBB
AAAAAAAAAAABBBBBBBBBBBBBB
AAAAAAAAAAABBBBBBBBBBBBBB
AAAAAAAAAAABBBBBBBBBBBBBB
CCCCCCCCCCCCCCCCCCCCCCCCC
DDDDDDDDDDDDDDDDDDDDDDDDD
EEEEEEEEEEEEEEEEEEEEEEEEE
EEEEEEEEEEEEEEEEEEEEEEEEE
EEEEEEEEEEEEEEEEEEEEEEEEE
EEEEEEEEEEEEEEEEEEEEEEEEE
EEEEEEEEEEEEEEEEEEEEEEEEE
EEEEEEEEEEEEEEEEEEEEEEEEE
EEEEEEEEEEEEEEEEEEEEEEEEE
EEEEEEEEEEEEEEEEEEEEEEEEE
EEEEEEEEEEEEEEEEEEEEEEEEE
EEEEEEEEEEEEEEEEEEEEEEEEE
EEEEEEEEEEEEEEEEEEEEEEEEE
EEEEEEEEEEEEEEEEEEEEEEEEE
EEEEEEEEEEEEEEEEEEEEEEEEE
EEEEEEEEEEEEEEEEEEEEEEEEE
EEEEEEEEEEEEEEEEEEEEEEEEE
EEEEEEEEEEEEEEEEEEEEEEEEE
Case #31: 
AA
BC
Case #32: 
AA
AA
Case #33: 
AB
Case #34: 
AAAAAA
AAAAAA
AAAAAA
AAAAAA
AAAAAA
AAAAAA
Case #35: 
BC
DA
Case #36: 
FFFFF
EEECC
DDDDD
AAGGG
BBBBB
Case #37: 
B
A
Case #38: 
ABCDEFGHIJKLMNOPQRSTUVWXY
ABCDEFGHIJKLMNOPQRSTUVWXY
ABCDEFGHIJKLMNOPQRSTUVWXY
ABCDEFGHIJKLMNOPQRSTUVWXY
ABCDEFGHIJKLMNOPQRSTUVWXY
ABCDEFGHIJKLMNOPQRSTUVWXY
ABCDEFGHIJKLMNOPQRSTUVWXY
ABCDEFGHIJKLMNOPQRSTUVWXY
ABCDEFGHIJKLMNOPQRSTUVWXY
ABCDEFGHIJKLMNOPQRSTUVWXY
ABCDEFGHIJKLMNOPQRSTUVWXY
ABCDEFGHIJKLMNOPQRSTUVWXY
ABCDEFGHIJKLMNOPQRSTUVWXY
ABCDEFGHIJKLMNOPQRSTUVWXY
ABCDEFGHIJKLMNOPQRSTUVWXY
ABCDEFGHIJKLMNOPQRSTUVWXY
ABCDEFGHIJKLMNOPQRSTUVWXY
ABCDEFGHIJKLMNOPQRSTUVWXY
ABCDEFGHIJKLMNOPQRSTUVWXY
ABCDEFGHIJKLMNOPQRSTUVWXY
ABCDEFGHIJKLMNOPQRSTUVWXY
ABCDEFGHIJKLMNOPQRSTUVWXY
ABCDEFGHIJKLMNOPQRSTUVWXY
ABCDEFGHIJKLMNOPQRSTUVWXY
ABCDEFGHIJKLMNOPQRSTUVWXY
Case #39: 
AACCCCCCCCCCCCCCCCCCCCCCC
AACCCCCCCCCCCCCCCCCCCCCCC
AACCCCCCCCCCCCCCCCCCCCCCC
AACCCCCCCCCCCCCCCCCCCCCCC
AACCCCCCCCCCCCCCCCCCCCCCC
AACCCCCCCCCCCCCCCCCCCCCCC
AACCCCCCCCCCCCCCCCCCCCCCC
AACCCCCCCCCCCCCCCCCCCCCCC
EEEEEEEEEEEEEEEEEEEEEEEEE
EEEEEEEEEEEEEEEEEEEEEEEEE
EEEEEEEEEEEEEEEEEEEEEEEEE
EEEEEEEEEEEEEEEEEEEEEEEEE
BBDDDDDDDDDDDDDDDDDDDDDDD
BBDDDDDDDDDDDDDDDDDDDDDDD
BBDDDDDDDDDDDDDDDDDDDDDDD
BBDDDDDDDDDDDDDDDDDDDDDDD
BBDDDDDDDDDDDDDDDDDDDDDDD
BBDDDDDDDDDDDDDDDDDDDDDDD
BBDDDDDDDDDDDDDDDDDDDDDDD
BBDDDDDDDDDDDDDDDDDDDDDDD
BBDDDDDDDDDDDDDDDDDDDDDDD
BBDDDDDDDDDDDDDDDDDDDDDDD
BBDDDDDDDDDDDDDDDDDDDDDDD
BBDDDDDDDDDDDDDDDDDDDDDDD
BBDDDDDDDDDDDDDDDDDDDDDDD
Case #40: 
ABCDEFGHIJKLMNOPQRSTUVWXY
ABCDEFGHIJKLMNOPQRSTUVWXY
ABCDEFGHIJKLMNOPQRSTUVWXY
ABCDEFGHIJKLMNOPQRSTUVWXY
ABCDEFGHIJKLMNOPQRSTUVWXY
ABCDEFGHIJKLMNOPQRSTUVWXY
ABCDEFGHIJKLMNOPQRSTUVWXY
ABCDEFGHIJKLMNOPQRSTUVWXY
ABCDEFGHIJKLMNOPQRSTUVWXY
ABCDEFGHIJKLMNOPQRSTUVWXY
ABCDEFGHIJKLMNOPQRSTUVWXY
ABCDEFGHIJKLMNOPQRSTUVWXY
ABCDEFGHIJKLMNOPQRSTUVWXY
ABCDEFGHIJKLMNOPQRSTUVWXY
ABCDEFGHIJKLMNOPQRSTUVWXY
ABCDEFGHIJKLMNOPQRSTUVWXY
ABCDEFGHIJKLMNOPQRSTUVWXY
ABCDEFGHIJKLMNOPQRSTUVWXY
ABCDEFGHIJKLMNOPQRSTUVWXY
ABCDEFGHIJKLMNOPQRSTUVWXY
ABCDEFGHIJKLMNOPQRSTUVWXY
ABCDEFGHIJKLMNOPQRSTUVWXY
ABCDEFGHIJKLMNOPQRSTUVWXY
ABCDEFGHIJKLMNOPQRSTUVWXY
ABCDEFGHIJKLMNOPQRSTUVWXY
Case #41: 
KKKKKKKKKKKKKKKKKKKKKKKKK
KKKKKKKKKKKKKKKKKKKKKKKKK
KKKKKKKKKKKKKKKKKKKKKKKKK
PPPPPPPPPPPPPPWWWWWWWWWWW
YYYYYYYYYYYYYYYYYYYYYYYYY
ZZZZZZZZZZZZZZZZZZZZZZZZZ
QQQQQQQQQQQQQQQQQQQQQQQQQ
HHHHHHHHHHHHHHHHHHHHHHHHH
HHHHHHHHHHHHHHHHHHHHHHHHH
IIIIIIIIIIIIIGGGGGGGGGGGG
IIIIIIIIIIIIIGGGGGGGGGGGG
IIIIIIIIIIIIIGGGGGGGGGGGG
IIIIIIIIIIIIIGGGGGGGGGGGG
EEEEEERRRRRRRRRRRNNNNNNNN
EEEEEERRRRRRRRRRRNNNNNNNN
AASSSSSSSSSSSSSSSSSSSSSSS
CCCCCCCCCCCCCCCCCCCCCCCCC
UUUUUUUUUUUUUUUUUUUUUUUUU
VVVVVVVVVVVVVVVVVVVVVVVVV
OOOOOOOOOOOOOOOOMMMMMMMMM
LLLLLLLLLLLLLLLLLLLLLLLLL
LLLLLLLLLLLLLLLLLLLLLLLLL
BBBBBBBBBBBBBBBBBBBBBBBBB
DDDXXXXJJJJJJJJJJJJJJJJJJ
TTTTTTTTTTFFFFFFFFFFFFFFF
Case #42: 
ABBBBBBBBBBBBBBBBBBBBBBBB
ABBBBBBBBBBBBBBBBBBBBBBBB
ABBBBBBBBBBBBBBBBBBBBBBBB
ABBBBBBBBBBBBBBBBBBBBBBBB
ABBBBBBBBBBBBBBBBBBBBBBBB
ABBBBBBBBBBBBBBBBBBBBBBBB
ABBBBBBBBBBBBBBBBBBBBBBBB
CCCCCCCCCCCCCCCCCCCCCCCCC
DDDDDDDDDDDDDDDDDDDDDDDDD
EEEEEEEEEEEEEEEEEEEEEEEEE
EEEEEEEEEEEEEEEEEEEEEEEEE
EEEEEEEEEEEEEEEEEEEEEEEEE
EEEEEEEEEEEEEEEEEEEEEEEEE
FFFFFFFFFFFFFFFFFFFHHHHHH
JJJJJJJJJJJJJJJJJJJJJJJJJ
JJJJJJJJJJJJJJJJJJJJJJJJJ
JJJJJJJJJJJJJJJJJJJJJJJJJ
JJJJJJJJJJJJJJJJJJJJJJJJJ
GGGGGGGGGGGGGGGGGGGIIIIII
GGGGGGGGGGGGGGGGGGGIIIIII
GGGGGGGGGGGGGGGGGGGIIIIII
GGGGGGGGGGGGGGGGGGGIIIIII
GGGGGGGGGGGGGGGGGGGIIIIII
GGGGGGGGGGGGGGGGGGGIIIIII
GGGGGGGGGGGGGGGGGGGIIIIII
Case #43: 
BB
AA
Case #44: 
AAAAAAAAAAAAAAAAAAAAAAAAA
BBBBBBBBBBBBBBBBBBBBBBBBB
CCCCCCCCCCCCCCCCCCCCCCCCC
DDDDDDDDDDDDDDDDDDDDDDDDD
EEEEEEEEEEEEEEEEEEEEEEEEE
FFFFFFFFFFFFFFFFFFFFFFFFF
GGGGGGGGGGGGGGGGGGGGGGGGG
HHHHHHHHHHHHHHHHHHHHHHHHH
IIIIIIIIIIIIIIIIIIIIIIIII
JJJJJJJJJJJJJJJJJJJJJJJJJ
KKKKKKKKKKKKKKKKKKKKKKKKK
LLLLLLLLLLLLLLLLLLLLLLLLL
MMMMMMMMMMMMMMMMMMMMMMMMM
NNNNNNNNNNNNNNNNNNNNNNNNN
OOOOOOOOOOOOOOOOOOOOOOOOO
PPPPPPPPPPPPPPPPPPPPPPPPP
QQQQQQQQQQQQQQQQQQQQQQQQQ
RRRRRRRRRRRRRRRRRRRRRRRRR
SSSSSSSSSSSSSSSSSSSSSSSSS
TTTTTTTTTTTTTTTTTTTTTTTTT
UUUUUUUUUUUUUUUUUUUUUUUUU
VVVVVVVVVVVVVVVVVVVVVVVVV
WWWWWWWWWWWWWWWWWWWWWWWWW
XXXXXXXXXXXXXXXXXXXXXXXXX
YYYYYYYYYYYYYYYYYYYYYYYYY
Case #45: 
ABCDEFGHIJKLMNOPQRSTUVWXY
ABCDEFGHIJKLMNOPQRSTUVWXY
ABCDEFGHIJKLMNOPQRSTUVWXY
ABCDEFGHIJKLMNOPQRSTUVWXY
ABCDEFGHIJKLMNOPQRSTUVWXY
ABCDEFGHIJKLMNOPQRSTUVWXY
ABCDEFGHIJKLMNOPQRSTUVWXY
ABCDEFGHIJKLMNOPQRSTUVWXY
ABCDEFGHIJKLMNOPQRSTUVWXY
ABCDEFGHIJKLMNOPQRSTUVWXY
ABCDEFGHIJKLMNOPQRSTUVWXY
ABCDEFGHIJKLMNOPQRSTUVWXY
ABCDEFGHIJKLMNOPQRSTUVWXY
ABCDEFGHIJKLMNOPQRSTUVWXY
ABCDEFGHIJKLMNOPQRSTUVWXY
ABCDEFGHIJKLMNOPQRSTUVWXY
ABCDEFGHIJKLMNOPQRSTUVWXY
ABCDEFGHIJKLMNOPQRSTUVWXY
ABCDEFGHIJKLMNOPQRSTUVWXY
ABCDEFGHIJKLMNOPQRSTUVWXY
ABCDEFGHIJKLMNOPQRSTUVWXY
ABCDEFGHIJKLMNOPQRSTUVWXY
ABCDEFGHIJKLMNOPQRSTUVWXY
ABCDEFGHIJKLMNOPQRSTUVWXY
ABCDEFGHIJKLMNOPQRSTUVWXY
Case #46: 
CCCCCCCCCCCCCCCCCCCCCCCCC
CCCCCCCCCCCCCCCCCCCCCCCCC
CCCCCCCCCCCCCCCCCCCCCCCCC
CCCCCCCCCCCCCCCCCCCCCCCCC
CCCCCCCCCCCCCCCCCCCCCCCCC
TTTTTTTTTTTTTTTTTTTTTTTTT
NNNNNNNNNNNNNNNNNNNNNNNNN
HIIIIIIIIZZZZZZZZZZZZZZZZ
AAAAAAAAAMMMMMMMMMMMMMMMM
XXXXXXXXXXXXXXXXXXXXXXXXX
JJJJJJJJJJJJJJJJJJJJJJJJJ
FFFFFFEEEEEEEEEEEEEEEEEEE
KKKKKKKKKKKKKKKKKKKKKKKKK
KKKKKKKKKKKKKKKKKKKKKKKKK
WWWWWWWQQQQQQQQQQQQQQQQQQ
PPPPPPPPPPPPPPPPPPPPPPPPP
PPPPPPPPPPPPPPPPPPPPPPPPP
GGGGGGGGBBBBBBBBBBBBBBBBB
OOOOOOOOOOOOOYYYYYYYYYYYY
OOOOOOOOOOOOOYYYYYYYYYYYY
VVVVVVVVVVVVVVVVVVVVVVVVV
UUUUUUUUUUUUUUUUUUUUUUUUU
LLLLLLLLLLLLLLLLLLLLLLLLL
DDDDDRRRRRRRRRRRRRRRRRRRR
SSSSSSSSSSSSSSSSSSSSSSSSS
Case #47: 
AAAAAAAAAAAAAAAAAAAAAAAAA
AAAAAAAAAAAAAAAAAAAAAAAAA
AAAAAAAAAAAAAAAAAAAAAAAAA
AAAAAAAAAAAAAAAAAAAAAAAAA
AAAAAAAAAAAAAAAAAAAAAAAAA
AAAAAAAAAAAAAAAAAAAAAAAAA
AAAAAAAAAAAAAAAAAAAAAAAAA
KKKKKKKKKKKKKKKKKKKKKKKKK
GGGGGGGGGGGGGGGGGGGGGGGGG
XXXXXXXXXXXXXXXXXXXXXXXXX
JJJJJJJJJJJJJJJJJJBBBBBBB
MMMMMMMMMMMMMMMMMMMTRRRRR
HHHHHHHHHHHHHHHHHHUUUUUUU
DDDDDDDDDDDDDDDDDSPPPPPPP
LLLLLLLLLLLLLLLLLLLLLLLLL
EEEEEEEEEEEEEEEEEOOOOOOOO
WWWWWWWWWWWWWWWWWWWYYYYYY
CCCCCCCCCCCCCCCCCCCFFFFFF
NNNNNNNNNNNNNNNNNNVVVVVVV
QQQQQQQQQQQQQQQQQQQQQZIII
QQQQQQQQQQQQQQQQQQQQQZIII
QQQQQQQQQQQQQQQQQQQQQZIII
QQQQQQQQQQQQQQQQQQQQQZIII
QQQQQQQQQQQQQQQQQQQQQZIII
QQQQQQQQQQQQQQQQQQQQQZIII
Case #48: 
AAAAAAAAAAAAAAAAAAAAAAAAA
BBBBBBBBBBBBBBBBBBBBBBBBB
CCCCCCCCCCCCCCCCCCCCCCCCC
DDDDDDDDDDDDDDDDDDDDDDDDD
EEEEEEEEEEEEEEEEEEEEEEEEE
FFFFFFFFFFFFFFFFFFFFFFFFF
GGGGGGGGGGGGGGGGGGGGGGGGG
HHHHHHHHHHHHHHHHHHHHHHHHH
IIIIIIIIIIIIIIIIIIIIIIIII
JJJJJJJJJJJJJJJJJJJJJJJJJ
KKKKKKKKKKKKKKKKKKKKKKKKK
LLLLLLLLLLLLLLLLLLLLLLLLL
MMMMMMMMMMMMMMMMMMMMMMMMM
NNNNNNNNNNNNNNNNNNNNNNNNN
OOOOOOOOOOOOOOOOOOOOOOOOO
PPPPPPPPPPPPPPPPPPPPPPPPP
QQQQQQQQQQQQQQQQQQQQQQQQQ
RRRRRRRRRRRRRRRRRRRRRRRRR
SSSSSSSSSSSSSSSSSSSSSSSSS
TTTTTTTTTTTTTTTTTTTTTTTTT
UUUUUUUUUUUUUUUUUUUUUUUUU
VVVVVVVVVVVVVVVVVVVVVVVVV
WWWWWWWWWWWWWWWWWWWWWWWWW
XXXXXXXXXXXXXXXXXXXXXXXXX
YYYYYYYYYYYYYYYYYYYYYYYYY
Case #49: 
AAAAAAAAAAAAAAAAAABBBBBBB
AAAAAAAAAAAAAAAAAABBBBBBB
AAAAAAAAAAAAAAAAAABBBBBBB
AAAAAAAAAAAAAAAAAABBBBBBB
AAAAAAAAAAAAAAAAAABBBBBBB
AAAAAAAAAAAAAAAAAABBBBBBB
AAAAAAAAAAAAAAAAAABBBBBBB
AAAAAAAAAAAAAAAAAABBBBBBB
AAAAAAAAAAAAAAAAAABBBBBBB
AAAAAAAAAAAAAAAAAABBBBBBB
AAAAAAAAAAAAAAAAAABBBBBBB
CCCCCCCCCCCCCCCCCCCCCCCCC
DDDDDDDDDDDDDDDDDDDDDDDDD
EEEEEEEEEEEEEEEEEEEEEEEEE
EEEEEEEEEEEEEEEEEEEEEEEEE
EEEEEEEEEEEEEEEEEEEEEEEEE
EEEEEEEEEEEEEEEEEEEEEEEEE
EEEEEEEEEEEEEEEEEEEEEEEEE
EEEEEEEEEEEEEEEEEEEEEEEEE
EEEEEEEEEEEEEEEEEEEEEEEEE
EEEEEEEEEEEEEEEEEEEEEEEEE
EEEEEEEEEEEEEEEEEEEEEEEEE
EEEEEEEEEEEEEEEEEEEEEEEEE
EEEEEEEEEEEEEEEEEEEEEEEEE
EEEEEEEEEEEEEEEEEEEEEEEEE
Case #50: 
ACBDD
EFFFF
GGGGG
GGGGG
GGGGG
GGGGG
GGGGG
Case #51: 
AAAAAAAAAAAAAAAAAAAAAAAAA
BBBBBBBBBBBBBBBBBBBBBBBBB
CCCCCCCCCCCCCCCCCCCCCCCCC
DDDDDDDDDDDDDDDDDDDDDDDDD
EEEEEEEEEEEEEEEEEEEEEEEEE
FFFFFFFFFFFFFFFFFFFFFFFFF
GGGGGGGGGGGGGGGGGGGGGGGGG
HHHHHHHHHHHHHHHHHHHHHHHHH
IIIIIIIIIIIIIIIIIIIIIIIII
JJJJJJJJJJJJJJJJJJJJJJJJJ
KKKKKKKKKKKKKKKKKKKKKKKKK
LLLLLLLLLLLLLLLLLLLLLLLLL
MMMMMMMMMMMMMMMMMMMMMMMMM
NNNNNNNNNNNNNNNNNNNNNNNNN
OOOOOOOOOOOOOOOOOOOOOOOOO
PPPPPPPPPPPPPPPPPPPPPPPPP
QQQQQQQQQQQQQQQQQQQQQQQQQ
RRRRRRRRRRRRRRRRRRRRRRRRR
SSSSSSSSSSSSSSSSSSSSSSSSS
TTTTTTTTTTTTTTTTTTTTTTTTT
UUUUUUUUUUUUUUUUUUUUUUUUU
VVVVVVVVVVVVVVVVVVVVVVVVV
WWWWWWWWWWWWWWWWWWWWWWWWW
XXXXXXXXXXXXXXXXXXXXXXXXX
YYYYYYYYYYYYYYYYYYYYYYYYY
Case #52: 
QQQQQQQQQQQQQQQQQSSFFFFFF
QQQQQQQQQQQQQQQQQSSFFFFFF
QQQQQQQQQQQQQQQQQSSFFFFFF
QQQQQQQQQQQQQQQQQSSFFFFFF
QQQQQQQQQQQQQQQQQSSFFFFFF
QQQQQQQQQQQQQQQQQSSFFFFFF
QQQQQQQQQQQQQQQQQSSFFFFFF
HHHHHHHHHHHHHHHHHHHHHHHHH
GGGGGGGGGGGGGGGGGGGGGGGGG
CCCCCCCCCCCCCCCZZZUUUUUUU
OOOOOOOOOOOOOIIRRRYYYYYYY
NNNNNNNNNNNNWWWDDDDDDDBBB
KKKKKKKKKKKKKKAAAVJJJPPPP
LLLLLLLLLLLLLLLLLLLLLLLLL
EEEEEEEEEEEEEEEEEEXXXXXXX
TTTTTTTTTTTTTTTTTTTTTMMMM
TTTTTTTTTTTTTTTTTTTTTMMMM
TTTTTTTTTTTTTTTTTTTTTMMMM
TTTTTTTTTTTTTTTTTTTTTMMMM
TTTTTTTTTTTTTTTTTTTTTMMMM
TTTTTTTTTTTTTTTTTTTTTMMMM
TTTTTTTTTTTTTTTTTTTTTMMMM
TTTTTTTTTTTTTTTTTTTTTMMMM
TTTTTTTTTTTTTTTTTTTTTMMMM
TTTTTTTTTTTTTTTTTTTTTMMMM
Case #53: 
EEEEEEEEEEEEEEEEEEEEEEEE
EEEEEEEEEEEEEEEEEEEEEEEE
EEEEEEEEEEEEEEEEEEEEEEEE
UUUUUUUUUUUUUUUUUUUUUUUU
UUUUUUUUUUUUUUUUUUUUUUUU
NNNNNNNNNNNNNNNNNHHHHHHH
MMMMMMMMMMMMMMMMMMMMMMMM
BBBBBBBBBBBBBBBBBBBBBBBB
FFFFFFFFFFFFFFFFFFFFFFFF
FFFFFFFFFFFFFFFFFFFFFFFF
TTTTTTTTTTCCCCCCCCCCCCCC
OOOOOOOOOOOOOOOOOOOOOOOO
AAAAAAAAAAAAAAAAAAAAAAAA
DDDDDDDDDDDDDDDDDDDDDDDD
GGGGGGGGGGGGGGGGGGGGGGGG
RRRRRRRRRRRRRRXXXXXXXXXX
WWWWWYYYYYYYYYYYYYYYYYYY
JJJJJJJJSSSSSSSSSSSSSSSS
KKKKKKKKKKKKKKKKKKKKKKKK
KKKKKKKKKKKKKKKKKKKKKKKK
QQQQQQQQQQQQQQQQQQQQQQQQ
LLLLLLLLLLLLLLLLLLLLLLLL
LLLLLLLLLLLLLLLLLLLLLLLL
VVVVVVVVVVVVVVVVVVVVVVVV
PPPPPPPPPPPPIIIIIIIIIIII
Case #54: 
FF
NN
RR
DD
VH
XX
UU
UU
PP
II
II
MM
MM
MM
JZ
AA
BB
LL
OK
WG
YT
SS
EE
EE
CQ
Case #55: 
ACCCCCCCCCCCCCCCCCCCCCCCC
ACCCCCCCCCCCCCCCCCCCCCCCC
ACCCCCCCCCCCCCCCCCCCCCCCC
ACCCCCCCCCCCCCCCCCCCCCCCC
ACCCCCCCCCCCCCCCCCCCCCCCC
ACCCCCCCCCCCCCCCCCCCCCCCC
ACCCCCCCCCCCCCCCCCCCCCCCC
ACCCCCCCCCCCCCCCCCCCCCCCC
ACCCCCCCCCCCCCCCCCCCCCCCC
ACCCCCCCCCCCCCCCCCCCCCCCC
ACCCCCCCCCCCCCCCCCCCCCCCC
ACCCCCCCCCCCCCCCCCCCCCCCC
ACCCCCCCCCCCCCCCCCCCCCCCC
ACCCCCCCCCCCCCCCCCCCCCCCC
ACCCCCCCCCCCCCCCCCCCCCCCC
EEEEEEEEEEEEEEEEEEEEEEEEE
EEEEEEEEEEEEEEEEEEEEEEEEE
EEEEEEEEEEEEEEEEEEEEEEEEE
EEEEEEEEEEEEEEEEEEEEEEEEE
BDDDDDDDDDDDDDDDDDDDDDDDD
BDDDDDDDDDDDDDDDDDDDDDDDD
BDDDDDDDDDDDDDDDDDDDDDDDD
BDDDDDDDDDDDDDDDDDDDDDDDD
BDDDDDDDDDDDDDDDDDDDDDDDD
BDDDDDDDDDDDDDDDDDDDDDDDD
Case #56: 
BCA
DEE
DEE
DEE
DEE
Case #57: 
KEDD
CFFF
BAGH
JJII
Case #58: 
ABCDEFGHIJKLMNOPQRSTUVWXY
ABCDEFGHIJKLMNOPQRSTUVWXY
ABCDEFGHIJKLMNOPQRSTUVWXY
ABCDEFGHIJKLMNOPQRSTUVWXY
ABCDEFGHIJKLMNOPQRSTUVWXY
ABCDEFGHIJKLMNOPQRSTUVWXY
ABCDEFGHIJKLMNOPQRSTUVWXY
ABCDEFGHIJKLMNOPQRSTUVWXY
ABCDEFGHIJKLMNOPQRSTUVWXY
ABCDEFGHIJKLMNOPQRSTUVWXY
ABCDEFGHIJKLMNOPQRSTUVWXY
ABCDEFGHIJKLMNOPQRSTUVWXY
ABCDEFGHIJKLMNOPQRSTUVWXY
ABCDEFGHIJKLMNOPQRSTUVWXY
ABCDEFGHIJKLMNOPQRSTUVWXY
ABCDEFGHIJKLMNOPQRSTUVWXY
ABCDEFGHIJKLMNOPQRSTUVWXY
ABCDEFGHIJKLMNOPQRSTUVWXY
ABCDEFGHIJKLMNOPQRSTUVWXY
ABCDEFGHIJKLMNOPQRSTUVWXY
ABCDEFGHIJKLMNOPQRSTUVWXY
ABCDEFGHIJKLMNOPQRSTUVWXY
ABCDEFGHIJKLMNOPQRSTUVWXY
ABCDEFGHIJKLMNOPQRSTUVWXY
ABCDEFGHIJKLMNOPQRSTUVWXY
Case #59: 
AACCCCCCCCCCCCCCCCCCCCCCC
AACCCCCCCCCCCCCCCCCCCCCCC
AACCCCCCCCCCCCCCCCCCCCCCC
AACCCCCCCCCCCCCCCCCCCCCCC
AACCCCCCCCCCCCCCCCCCCCCCC
AACCCCCCCCCCCCCCCCCCCCCCC
AACCCCCCCCCCCCCCCCCCCCCCC
AACCCCCCCCCCCCCCCCCCCCCCC
AACCCCCCCCCCCCCCCCCCCCCCC
AACCCCCCCCCCCCCCCCCCCCCCC
AACCCCCCCCCCCCCCCCCCCCCCC
AACCCCCCCCCCCCCCCCCCCCCCC
AACCCCCCCCCCCCCCCCCCCCCCC
AACCCCCCCCCCCCCCCCCCCCCCC
EEEEEEEEEEEEEEEEEEEEEEEEE
EEEEEEEEEEEEEEEEEEEEEEEEE
EEEEEEEEEEEEEEEEEEEEEEEEE
EEEEEEEEEEEEEEEEEEEEEEEEE
BBDDDDDDDDDDDDDDDDDDDDDDD
BBDDDDDDDDDDDDDDDDDDDDDDD
BBDDDDDDDDDDDDDDDDDDDDDDD
BBDDDDDDDDDDDDDDDDDDDDDDD
BBDDDDDDDDDDDDDDDDDDDDDDD
BBDDDDDDDDDDDDDDDDDDDDDDD
BBDDDDDDDDDDDDDDDDDDDDDDD
Case #60: 
AAAA
AAAA
AAAA
Case #61: 
TTTTTTTTTTTTTTTTTTTTTTTTT
TTTTTTTTTTTTTTTTTTTTTTTTT
TTTTTTTTTTTTTTTTTTTTTTTTT
LLLLLLLLLLLXXXXXXXXXXXXXX
LLLLLLLLLLLXXXXXXXXXXXXXX
PPPPPPKKKKKKKKKKKKKKKKKKK
QQQQQQQQQQQQQQQQQQQQQQQQQ
RRRREEEEEEEEEEEEEEEEEEEEE
RRRREEEEEEEEEEEEEEEEEEEEE
JJJJJJJOOOOOOOOOOOOOWWWWW
IIIIIIIINNNNNNNSSSSSSSSSS
IIIIIIIINNNNNNNSSSSSSSSSS
MMMMMMMMMMMMMMMMMMMMMMMMM
FFFFGGGGGGGGVVVVVVVVVVVVV
FFFFGGGGGGGGVVVVVVVVVVVVV
ZZZZZZZZZZZZZZZZZZZZZZZZZ
ZZZZZZZZZZZZZZZZZZZZZZZZZ
ZZZZZZZZZZZZZZZZZZZZZZZZZ
CCCCBBBBBBBBBBBBBBBBBBBBB
YYYYYYYYYYYYYYYYYYYYYYYYY
YYYYYYYYYYYYYYYYYYYYYYYYY
UUUUUUUUUUUUUUUUUUUAAAAAA
HHHHHHHHHHHHDDDDDDDDDDDDD
HHHHHHHHHHHHDDDDDDDDDDDDD
HHHHHHHHHHHHDDDDDDDDDDDDD
Case #62: 
VVRRNNNNNNNNNNNNNNNNNNNNN
AWJJJDDDDDDDDDDDDDDDDDDDD
XZEEEEEEEEEEEEEEEEEEEEEEE
KKBPPLSSSSSSSSSSSSSSSSSSS
YGMMMMMMMMMMMMMMMMMMMMMMM
HHIUUUUUUUUUUUUUUUUUUUUUU
QTTTTTTTTTTTTTTTTTTTTTTTT
OFFFFFFFFFFFFFFFFFFFFFFFF
CCCCCCCCCCCCCCCCCCCCCCCCC
CCCCCCCCCCCCCCCCCCCCCCCCC
CCCCCCCCCCCCCCCCCCCCCCCCC
CCCCCCCCCCCCCCCCCCCCCCCCC
CCCCCCCCCCCCCCCCCCCCCCCCC
CCCCCCCCCCCCCCCCCCCCCCCCC
CCCCCCCCCCCCCCCCCCCCCCCCC
CCCCCCCCCCCCCCCCCCCCCCCCC
CCCCCCCCCCCCCCCCCCCCCCCCC
CCCCCCCCCCCCCCCCCCCCCCCCC
CCCCCCCCCCCCCCCCCCCCCCCCC
CCCCCCCCCCCCCCCCCCCCCCCCC
CCCCCCCCCCCCCCCCCCCCCCCCC
CCCCCCCCCCCCCCCCCCCCCCCCC
CCCCCCCCCCCCCCCCCCCCCCCCC
CCCCCCCCCCCCCCCCCCCCCCCCC
CCCCCCCCCCCCCCCCCCCCCCCCC
Case #63: 
AAAAAAAAAAAAAAAAAAAAAAAAA
BBBBBBBBBBBBBBBBBBBBBBBBB
CCCCCCCCCCCCCCCCCCCCCCCCC
DDDDDDDDDDDDDDDDDDDDDDDDD
EEEEEEEEEEEEEEEEEEEEEEEEE
FFFFFFFFFFFFFFFFFFFFFFFFF
GGGGGGGGGGGGGGGGGGGGGGGGG
HHHHHHHHHHHHHHHHHHHHHHHHH
IIIIIIIIIIIIIIIIIIIIIIIII
JJJJJJJJJJJJJJJJJJJJJJJJJ
KKKKKKKKKKKKKKKKKKKKKKKKK
LLLLLLLLLLLLLLLLLLLLLLLLL
MMMMMMMMMMMMMMMMMMMMMMMMM
NNNNNNNNNNNNNNNNNNNNNNNNN
OOOOOOOOOOOOOOOOOOOOOOOOO
PPPPPPPPPPPPPPPPPPPPPPPPP
QQQQQQQQQQQQQQQQQQQQQQQQQ
RRRRRRRRRRRRRRRRRRRRRRRRR
SSSSSSSSSSSSSSSSSSSSSSSSS
TTTTTTTTTTTTTTTTTTTTTTTTT
UUUUUUUUUUUUUUUUUUUUUUUUU
VVVVVVVVVVVVVVVVVVVVVVVVV
WWWWWWWWWWWWWWWWWWWWWWWWW
XXXXXXXXXXXXXXXXXXXXXXXXX
YYYYYYYYYYYYYYYYYYYYYYYYY
Case #64: 
ABCDEFGHIJKLMNOPQRSTUVWXY
ABCDEFGHIJKLMNOPQRSTUVWXY
ABCDEFGHIJKLMNOPQRSTUVWXY
ABCDEFGHIJKLMNOPQRSTUVWXY
ABCDEFGHIJKLMNOPQRSTUVWXY
ABCDEFGHIJKLMNOPQRSTUVWXY
ABCDEFGHIJKLMNOPQRSTUVWXY
ABCDEFGHIJKLMNOPQRSTUVWXY
ABCDEFGHIJKLMNOPQRSTUVWXY
ABCDEFGHIJKLMNOPQRSTUVWXY
ABCDEFGHIJKLMNOPQRSTUVWXY
ABCDEFGHIJKLMNOPQRSTUVWXY
ABCDEFGHIJKLMNOPQRSTUVWXY
ABCDEFGHIJKLMNOPQRSTUVWXY
ABCDEFGHIJKLMNOPQRSTUVWXY
ABCDEFGHIJKLMNOPQRSTUVWXY
ABCDEFGHIJKLMNOPQRSTUVWXY
ABCDEFGHIJKLMNOPQRSTUVWXY
ABCDEFGHIJKLMNOPQRSTUVWXY
ABCDEFGHIJKLMNOPQRSTUVWXY
ABCDEFGHIJKLMNOPQRSTUVWXY
ABCDEFGHIJKLMNOPQRSTUVWXY
ABCDEFGHIJKLMNOPQRSTUVWXY
ABCDEFGHIJKLMNOPQRSTUVWXY
ABCDEFGHIJKLMNOPQRSTUVWXY
Case #65: 
WWWWWWWWWWWWWWVVXXXXXXXXX
RRRRRRRRRRRRRCDDDDLLLLLLL
TTTTTTTTTTTTTZZAAAQQQQQQQ
BBBBBBBBBBBMMMMUUSOFFFFFF
PPPPPPPPPPPPHHHNYYYYYYYYY
IIIIIIIIIIIIIKKKKEEEEEEEE
GGGGGGGGGGGGGGGGJJJJJJJJJ
GGGGGGGGGGGGGGGGJJJJJJJJJ
GGGGGGGGGGGGGGGGJJJJJJJJJ
GGGGGGGGGGGGGGGGJJJJJJJJJ
GGGGGGGGGGGGGGGGJJJJJJJJJ
GGGGGGGGGGGGGGGGJJJJJJJJJ
GGGGGGGGGGGGGGGGJJJJJJJJJ
GGGGGGGGGGGGGGGGJJJJJJJJJ
GGGGGGGGGGGGGGGGJJJJJJJJJ
GGGGGGGGGGGGGGGGJJJJJJJJJ
GGGGGGGGGGGGGGGGJJJJJJJJJ
GGGGGGGGGGGGGGGGJJJJJJJJJ
GGGGGGGGGGGGGGGGJJJJJJJJJ
GGGGGGGGGGGGGGGGJJJJJJJJJ
GGGGGGGGGGGGGGGGJJJJJJJJJ
GGGGGGGGGGGGGGGGJJJJJJJJJ
GGGGGGGGGGGGGGGGJJJJJJJJJ
GGGGGGGGGGGGGGGGJJJJJJJJJ
GGGGGGGGGGGGGGGGJJJJJJJJJ
Case #66: 
WWWWWWWWWWWWWWWWWWWWWWWWW
WWWWWWWWWWWWWWWWWWWWWWWWW
WWWWWWWWWWWWWWWWWWWWWWWWW
WWWWWWWWWWWWWWWWWWWWWWWWW
WWWWWWWWWWWWWWWWWWWWWWWWW
WWWWWWWWWWWWWWWWWWWWWWWWW
WWWWWWWWWWWWWWWWWWWWWWWWW
WWWWWWWWWWWWWWWWWWWWWWWWW
WWWWWWWWWWWWWWWWWWWWWWWWW
WWWWWWWWWWWWWWWWWWWWWWWWW
WWWWWWWWWWWWWWWWWWWWWWWWW
WWWWWWWWWWWWWWWWWWWWWWWWW
WWWWWWWWWWWWWWWWWWWWWWWWW
WWWWWWWWWWWWWWWWWWWWWWWWW
WWWWWWWWWWWWWWWWWWWWWWWWW
WWWWWWWWWWWWWWWWWWWWWWWWW
WWWWWWWWWWWWWWWWWWWWWWWWW
WWWWWWWWWWWWWWWWWWWWWWWWW
ZZZZZZZZZZZZZZZZZZZZZZZZZ
RRRLLLLLLLLLLLLLLLLLLLLLL
DDDNNJJJJJJJJJJJJJJJJJJJJ
MMHAAAKKFFFFFFFFFFFFFFFFF
TTEPPIOOOOOOOOOOOOOOOOOOO
UUUQSSVVVVVVVVVVVVVVVVVVV
YXGGBCCCCCCCCCCCCCCCCCCCC
Case #67: 
AAAAAAAAAAAAACCCCCCCCCCCC
AAAAAAAAAAAAACCCCCCCCCCCC
AAAAAAAAAAAAACCCCCCCCCCCC
AAAAAAAAAAAAACCCCCCCCCCCC
AAAAAAAAAAAAACCCCCCCCCCCC
AAAAAAAAAAAAACCCCCCCCCCCC
AAAAAAAAAAAAACCCCCCCCCCCC
AAAAAAAAAAAAACCCCCCCCCCCC
AAAAAAAAAAAAACCCCCCCCCCCC
AAAAAAAAAAAAACCCCCCCCCCCC
AAAAAAAAAAAAACCCCCCCCCCCC
AAAAAAAAAAAAACCCCCCCCCCCC
AAAAAAAAAAAAACCCCCCCCCCCC
AAAAAAAAAAAAACCCCCCCCCCCC
AAAAAAAAAAAAACCCCCCCCCCCC
AAAAAAAAAAAAACCCCCCCCCCCC
AAAAAAAAAAAAACCCCCCCCCCCC
AAAAAAAAAAAAACCCCCCCCCCCC
AAAAAAAAAAAAACCCCCCCCCCCC
EEEEEEEEEEEEEEEEEEEEEEEEE
EEEEEEEEEEEEEEEEEEEEEEEEE
EEEEEEEEEEEEEEEEEEEEEEEEE
EEEEEEEEEEEEEEEEEEEEEEEEE
BBBBBBBBBBBBBDDDDDDDDDDDD
BBBBBBBBBBBBBDDDDDDDDDDDD
Case #68: 
NNNNNNNNNNNNNNNNNNNNNNNNN
NNNNNNNNNNNNNNNNNNNNNNNNN
NNNNNNNNNNNNNNNNNNNNNNNNN
NNNNNNNNNNNNNNNNNNNNNNNNN
NNNNNNNNNNNNNNNNNNNNNNNNN
NNNNNNNNNNNNNNNNNNNNNNNNN
NNNNNNNNNNNNNNNNNNNNNNNNN
NNNNNNNNNNNNNNNNNNNNNNNNN
NNNNNNNNNNNNNNNNNNNNNNNNN
NNNNNNNNNNNNNNNNNNNNNNNNN
NNNNNNNNNNNNNNNNNNNNNNNNN
NNNNNNNNNNNNNNNNNNNNNNNNN
RRRRRRRRRRRRRRRRRRRRRRPPP
IIIIIIIIIIIIIIIIIIIIEEAAA
CCCCCCCCCCCCCCCCCCCCCCCCC
GGGGGGGGGGGGGGGGGGGGGGGGV
KKKKKKKKKKKKKKKKKKKKKKKKK
MMMMMMMMMMMMMMMMMMMHYYYYY
TTTTTTTTTTTTTTTTZZZZXXXXX
DDDDDDDDDDDDDDDDDDQQQQQQQ
FFFFFFFFFFFFFFFFFFFFUUUUU
WWWWWWWWWWWWWWOOOOOOOOLLL
WWWWWWWWWWWWWWOOOOOOOOLLL
BBBBBBBBBBBBBBBBBBBBBBBBB
JJJJJJJJJJJJJJJJJJJJJJSSS
Case #69: 
FFFFFFFFFFFFFFFFFFFFFFFFF
FFFFFFFFFFFFFFFFFFFFFFFFF
FFFFFFFFFFFFFFFFFFFFFFFFF
FFFFFFFFFFFFFFFFFFFFFFFFF
FFFFFFFFFFFFFFFFFFFFFFFFF
FFFFFFFFFFFFFFFFFFFFFFFFF
FFFFFFFFFFFFFFFFFFFFFFFFF
FFFFFFFFFFFFFFFFFFFFFFFFF
FFFFFFFFFFFFFFFFFFFFFFFFF
FFFFFFFFFFFFFFFFFFFFFFFFF
FFFFFFFFFFFFFFFFFFFFFFFFF
FFFFFFFFFFFFFFFFFFFFFFFFF
FFFFFFFFFFFFFFFFFFFFFFFFF
NNNNNNNNNNNNNNNNNNNNNNNNN
OOOOOOOOOOOOOOOOOOOOOYYPP
ZZZZZZZZZZZZZZZZZZZRRDDDD
KKKKKKKKKKKKKKKKKKKVVVVVV
MMMMMMMMMMMMMMMMMMMMLLLTT
AAAAAAAAAAAAAAAAAAAIIIIII
JJJJJJJJJJJJJJJJJEEEEEEEE
JJJJJJJJJJJJJJJJJEEEEEEEE
WWWWWWWWWWWWWSSXXXXXXXXXX
UUUUUUUUUUUUUUUUUUUUUUUUU
BBBBBBBBBBBBBGGGGGGHHHHHH
QQQQQQQQQQQQQQQQQQQQQCCCC
Case #70: 
KKKKKKKKKKKKKKKKKKKGGGGGG
FFFFFFFFFFFFFFFFFFFFFFFFF
JJJJJJJJJJJJJJJJJJJJJJJJJ
PPPPPPPPPPPPPPPPPPPPPPPPP
UUUUUUUUUUUUUUUUUUUUUUUUU
DWWWWWWWWWWWWWWWWWWWWWWWW
XXXXXXXXXXXXXXXXXXXXXXXXX
ZZZZZZZZZZZZZAAAAAAAAAAAA
ZZZZZZZZZZZZZAAAAAAAAAAAA
ZZZZZZZZZZZZZAAAAAAAAAAAA
HHHHHHHHHHHHHHHHHHHHHHHHH
HHHHHHHHHHHHHHHHHHHHHHHHH
HHHHHHHHHHHHHHHHHHHHHHHHH
HHHHHHHHHHHHHHHHHHHHHHHHH
OOOOOOOOOOOOOOOOOOOOOOOOO
CIIIIIIIIIIIIIIIIIIIIIIII
CIIIIIIIIIIIIIIIIIIIIIIII
CIIIIIIIIIIIIIIIIIIIIIIII
BBBBBBBBBBBBBBBBBBBNNNNNN
BBBBBBBBBBBBBBBBBBBNNNNNN
QQQQQQQQQQEEEEMMMMMMMMMMM
RRRRRRRRLLLLLLLLLLLLLLLLL
SSSSSSSSSSSSSTTTTTVVVVVVV
SSSSSSSSSSSSSTTTTTVVVVVVV
YYYYYYYYYYYYYYYYYYYYYYYYY
Case #71: 
YYYYYYYYYYYYYYYYYYYYYYYYY
YYYYYYYYYYYYYYYYYYYYYYYYY
YYYYYYYYYYYYYYYYYYYYYYYYY
RRRRRRRRRRRRRRRRRRRRRRRRR
CCCCCCCCCCCCCCCCCCCCCCCCC
CCCCCCCCCCCCCCCCCCCCCCCCC
VVVVVVVVVVVVVVVVVVVVVVVVV
NNNNNNNNNNNNNNNNNNNNNNNNN
NNNNNNNNNNNNNNNNNNNNNNNNN
IIIIIDDDDDWWWWWWWWWWWWWWW
IIIIIDDDDDWWWWWWWWWWWWWWW
XXXXXXXXXXXXXXXXXXXXXXXXX
EEEEEEEEEEEEEEEEEEEEEEEEE
BBBBBBBBBBBBBBBBBBBBBBBBB
MMZZZZZZZZZZZZZZZZZZZZZZZ
SSSSSSSSSSSSSSSSSSSSSSSSS
JJJJJJJJJJJJJJJJJJQUHHHHH
FFFFFFFFFFFFFFFFFFFFFFFAA
FFFFFFFFFFFFFFFFFFFFFFFAA
KKKLLLLLLLLLLPPPPPPPPPPPP
GGGGGGGGGGGGGGGGGGGGGGGGG
GGGGGGGGGGGGGGGGGGGGGGGGG
OOOOOOOOOOOOOOOOOOOOOOOOO
OOOOOOOOOOOOOOOOOOOOOOOOO
TTTTTTTTTTTTTTTTTTTTTTTTT
Case #72: 
AA
Case #73: 
TTTTTTTTTTTTTTTTTTTTTTTTT
TTTTTTTTTTTTTTTTTTTTTTTTT
TTTTTTTTTTTTTTTTTTTTTTTTT
WWWWWWWWWWWWWWWWWWWWWWWWW
XXXXXXXXRRRRRRRRRRRRRRRRR
FFFFFFFFFFCUUUUUUUUUUUUUU
QQQQQQBHHHHZZZZZZZZZZZZZZ
VVVVVVVOOOOOOLLLLLLLLLLLL
JJJJJJESSNNNNNNNNNNNNNNNN
GGGGGGGIIYAAAAAAAAAAAAAAA
PPPPPPPPPPMMMMMMMMMMMMMMM
DDDDDDDDDKKKKKKKKKKKKKKKK
DDDDDDDDDKKKKKKKKKKKKKKKK
DDDDDDDDDKKKKKKKKKKKKKKKK
DDDDDDDDDKKKKKKKKKKKKKKKK
DDDDDDDDDKKKKKKKKKKKKKKKK
DDDDDDDDDKKKKKKKKKKKKKKKK
DDDDDDDDDKKKKKKKKKKKKKKKK
DDDDDDDDDKKKKKKKKKKKKKKKK
DDDDDDDDDKKKKKKKKKKKKKKKK
DDDDDDDDDKKKKKKKKKKKKKKKK
DDDDDDDDDKKKKKKKKKKKKKKKK
DDDDDDDDDKKKKKKKKKKKKKKKK
DDDDDDDDDKKKKKKKKKKKKKKKK
DDDDDDDDDKKKKKKKKKKKKKKKK
Case #74: 
CCCCCCCCCCCCCCCCCCCCCCCCC
CCCCCCCCCCCCCCCCCCCCCCCCC
CCCCCCCCCCCCCCCCCCCCCCCCC
CCCCCCCCCCCCCCCCCCCCCCCCC
CCCCCCCCCCCCCCCCCCCCCCCCC
CCCCCCCCCCCCCCCCCCCCCCCCC
CCCCCCCCCCCCCCCCCCCCCCCCC
CCCCCCCCCCCCCCCCCCCCCCCCC
CCCCCCCCCCCCCCCCCCCCCCCCC
CCCCCCCCCCCCCCCCCCCCCCCCC
JJJJJJJJJJJJJJJJJJJJJJJJJ
UUUUUUUQQQFYYYYYYYYYYYYYY
XXXXXXIKKKKKKKKKKKKKKKKKK
XXXXXXIKKKKKKKKKKKKKKKKKK
OOOOOOOLLLLLLLWWWWWWWWWWW
MMMMPPVVVBBRRRRRRRRRRRRRR
HHHHHSSTTTTTTTTTTTTTTTTTT
DDDDDDDDGGNNNNNNNNNNNNNNN
ZZZZZZZZZZZZZZZZZZZZZZZZZ
EEEEEEEEEEEEEEEEEEEEEEEEE
AAAAAAAAAAAAAAAAAAAAAAAAA
AAAAAAAAAAAAAAAAAAAAAAAAA
AAAAAAAAAAAAAAAAAAAAAAAAA
AAAAAAAAAAAAAAAAAAAAAAAAA
AAAAAAAAAAAAAAAAAAAAAAAAA
Case #75: 
AAAAACCCCCCCCCCCCCCCCCCCC
AAAAACCCCCCCCCCCCCCCCCCCC
AAAAACCCCCCCCCCCCCCCCCCCC
AAAAACCCCCCCCCCCCCCCCCCCC
AAAAACCCCCCCCCCCCCCCCCCCC
AAAAACCCCCCCCCCCCCCCCCCCC
AAAAACCCCCCCCCCCCCCCCCCCC
EEEEEEEEEEEEEEEEEEEEEEEEE
EEEEEEEEEEEEEEEEEEEEEEEEE
EEEEEEEEEEEEEEEEEEEEEEEEE
EEEEEEEEEEEEEEEEEEEEEEEEE
BBBBBDDDDDDDDDDDDDDDDDDDD
BBBBBDDDDDDDDDDDDDDDDDDDD
BBBBBDDDDDDDDDDDDDDDDDDDD
BBBBBDDDDDDDDDDDDDDDDDDDD
BBBBBDDDDDDDDDDDDDDDDDDDD
BBBBBDDDDDDDDDDDDDDDDDDDD
BBBBBDDDDDDDDDDDDDDDDDDDD
BBBBBDDDDDDDDDDDDDDDDDDDD
BBBBBDDDDDDDDDDDDDDDDDDDD
BBBBBDDDDDDDDDDDDDDDDDDDD
FFFFFFFFFFFFFFFFFFGGGGGGG
HHHHHHHHHHHHHHHHHHHHHHHHH
IIIIIIIIIIIIIIIIIIIIIIIII
JJJJJJJJJJJJJJJJJJJJJJJJJ
Case #76: 
AAAAAAAAAAAAAABBBBBBBBBBB
AAAAAAAAAAAAAABBBBBBBBBBB
AAAAAAAAAAAAAABBBBBBBBBBB
AAAAAAAAAAAAAABBBBBBBBBBB
AAAAAAAAAAAAAABBBBBBBBBBB
AAAAAAAAAAAAAABBBBBBBBBBB
AAAAAAAAAAAAAABBBBBBBBBBB
AAAAAAAAAAAAAABBBBBBBBBBB
AAAAAAAAAAAAAABBBBBBBBBBB
AAAAAAAAAAAAAABBBBBBBBBBB
AAAAAAAAAAAAAABBBBBBBBBBB
AAAAAAAAAAAAAABBBBBBBBBBB
AAAAAAAAAAAAAABBBBBBBBBBB
AAAAAAAAAAAAAABBBBBBBBBBB
AAAAAAAAAAAAAABBBBBBBBBBB
CCCCCCCCCCCCCCCCCCCCCCCCC
DDDDDDDDDDDDDDDDDDDDDDDDD
EEEEEEEEEEEEEEEEEEEEEEEEE
EEEEEEEEEEEEEEEEEEEEEEEEE
EEEEEEEEEEEEEEEEEEEEEEEEE
EEEEEEEEEEEEEEEEEEEEEEEEE
EEEEEEEEEEEEEEEEEEEEEEEEE
EEEEEEEEEEEEEEEEEEEEEEEEE
EEEEEEEEEEEEEEEEEEEEEEEEE
EEEEEEEEEEEEEEEEEEEEEEEEE
Case #77: 
AAAAAABBBBBBBBBBBBBBBBBBB
AAAAAABBBBBBBBBBBBBBBBBBB
AAAAAABBBBBBBBBBBBBBBBBBB
AAAAAABBBBBBBBBBBBBBBBBBB
AAAAAABBBBBBBBBBBBBBBBBBB
CCCCCCCCCCCCCCCCCCCCCCCCC
DDDDDDDDDDDDDDDDDDDDDDDDD
EEEEEEEEEEEEEEEEEEEEEEEEE
EEEEEEEEEEEEEEEEEEEEEEEEE
EEEEEEEEEEEEEEEEEEEEEEEEE
EEEEEEEEEEEEEEEEEEEEEEEEE
EEEEEEEEEEEEEEEEEEEEEEEEE
EEEEEEEEEEEEEEEEEEEEEEEEE
EEEEEEEEEEEEEEEEEEEEEEEEE
EEEEEEEEEEEEEEEEEEEEEEEEE
EEEEEEEEEEEEEEEEEEEEEEEEE
EEEEEEEEEEEEEEEEEEEEEEEEE
EEEEEEEEEEEEEEEEEEEEEEEEE
FFFFFFFFFFFFFHHHHHHHHHHHH
JJJJJJJJJJJJJJJJJJJJJJJJJ
JJJJJJJJJJJJJJJJJJJJJJJJJ
JJJJJJJJJJJJJJJJJJJJJJJJJ
JJJJJJJJJJJJJJJJJJJJJJJJJ
GGGGGGGGGGGGGIIIIIIIIIIII
GGGGGGGGGGGGGIIIIIIIIIIII
Case #78: 
OOOOOOOOOOOOOOOOOOONNNNNN
OOOOOOOOOOOOOOOOOOONNNNNN
OOOOOOOOOOOOOOOOOOONNNNNN
OOOOOOOOOOOOOOOOOOONNNNNN
OOOOOOOOOOOOOOOOOOONNNNNN
OOOOOOOOOOOOOOOOOOONNNNNN
OOOOOOOOOOOOOOOOOOONNNNNN
OOOOOOOOOOOOOOOOOOONNNNNN
OOOOOOOOOOOOOOOOOOONNNNNN
OOOOOOOOOOOOOOOOOOONNNNNN
OOOOOOOOOOOOOOOOOOONNNNNN
OOOOOOOOOOOOOOOOOOONNNNNN
OOOOOOOOOOOOOOOOOOONNNNNN
OOOOOOOOOOOOOOOOOOONNNNNN
OOOOOOOOOOOOOOOOOOONNNNNN
OOOOOOOOOOOOOOOOOOONNNNNN
AAAAAAAAAAAAAAAAAAGXXXXXX
KKKKKKKKKKKKKKKKKKPDDLLLL
KKKKKKKKKKKKKKKKKKPDDLLLL
JJJJJJJJJJJJJJJYYVVVRRRRR
CCCCCCCCCCCCCCCCWTBBBMUII
QQQQQQQQQQQQQQQQQQZHHEEEE
SSSSSSSSSSSSSSSSSSSSSSSSS
FFFFFFFFFFFFFFFFFFFFFFFFF
FFFFFFFFFFFFFFFFFFFFFFFFF
Case #79: 
RRRRRRRRRRRRRRRRRRRRRRRRR
RRRRRRRRRRRRRRRRRRRRRRRRR
RRRRRRRRRRRRRRRRRRRRRRRRR
HHHHHHHHHHHHHHHHWWWWWWWWW
QQQQQQQQQQQQQQQXXXCCCCCCC
JJJJJJJJJJJJJNEEEEEUUUUUU
MMMMMMMMMMMKSSSDDTGBBBBBB
IIIIIIIIIIIIIIZYFFFFFFFFF
VVVVVVVVVVVVVLLPPPPPPPPPP
AAAAAAAAAAAAAAAAAAAAAAAAA
OOOOOOOOOOOOOOOOOOOOOOOOO
OOOOOOOOOOOOOOOOOOOOOOOOO
OOOOOOOOOOOOOOOOOOOOOOOOO
OOOOOOOOOOOOOOOOOOOOOOOOO
OOOOOOOOOOOOOOOOOOOOOOOOO
OOOOOOOOOOOOOOOOOOOOOOOOO
OOOOOOOOOOOOOOOOOOOOOOOOO
OOOOOOOOOOOOOOOOOOOOOOOOO
OOOOOOOOOOOOOOOOOOOOOOOOO
OOOOOOOOOOOOOOOOOOOOOOOOO
OOOOOOOOOOOOOOOOOOOOOOOOO
OOOOOOOOOOOOOOOOOOOOOOOOO
OOOOOOOOOOOOOOOOOOOOOOOOO
OOOOOOOOOOOOOOOOOOOOOOOOO
OOOOOOOOOOOOOOOOOOOOOOOOO
Case #80: 
GGGGGGGGGGGGGGGGGGGGGGGGG
GGGGGGGGGGGGGGGGGGGGGGGGG
GGGGGGGGGGGGGGGGGGGGGGGGG
GGGGGGGGGGGGGGGGGGGGGGGGG
GGGGGGGGGGGGGGGGGGGGGGGGG
BBBBBBBBBBBBBBBBBBBBBBBBB
VVVDDDDDYYYYYYYYYYYYYYYYY
SSSSSXKKKKQEEEEEEEEEEEEEE
NNNNNCUUUUUUUUUUUUUUUUUUU
ZZRRRRRRRRRRRRRRRRRRRRRRR
WWWWWWHHHHHHHHHHHHHHHHHHH
FJIIIIIIIIIIIIIIIIIIIIIII
PPPATTTTTTTTTTTTTTTTTTTTT
MMMMMMMMMMMMMMMMMMMMMMMMM
LLLLLLLLLLLLLLLLLLLLLLLLL
OOOOOOOOOOOOOOOOOOOOOOOOO
OOOOOOOOOOOOOOOOOOOOOOOOO
OOOOOOOOOOOOOOOOOOOOOOOOO
OOOOOOOOOOOOOOOOOOOOOOOOO
OOOOOOOOOOOOOOOOOOOOOOOOO
OOOOOOOOOOOOOOOOOOOOOOOOO
OOOOOOOOOOOOOOOOOOOOOOOOO
OOOOOOOOOOOOOOOOOOOOOOOOO
OOOOOOOOOOOOOOOOOOOOOOOOO
OOOOOOOOOOOOOOOOOOOOOOOOO
Case #81: 
TTTTTTTTTTTTTTTTTTTTTTTTT
TTTTTTTTTTTTTTTTTTTTTTTTT
TTTTTTTTTTTTTTTTTTTTTTTTT
BBBBBBBBBBBBBBBBBBBBBCCCC
BBBBBBBBBBBBBBBBBBBBBCCCC
JJJJJJJJJJJJJJJJJJJJRRRRR
NNNNNNNNNNNNNNNNNNPAWWWLL
IIIIIIIIIIIIIIIIKKZZZOMMF
VVVVVVVVVVVVVVVVVVUGGGGGG
SSSSSSSSSSSSSSSSSSSSHHQQQ
EEEEEEEEEEEEEEEEEEEEEXXXX
DDDDDDDDDDDDDDDDDDDDYYYYY
DDDDDDDDDDDDDDDDDDDDYYYYY
DDDDDDDDDDDDDDDDDDDDYYYYY
DDDDDDDDDDDDDDDDDDDDYYYYY
DDDDDDDDDDDDDDDDDDDDYYYYY
DDDDDDDDDDDDDDDDDDDDYYYYY
DDDDDDDDDDDDDDDDDDDDYYYYY
DDDDDDDDDDDDDDDDDDDDYYYYY
DDDDDDDDDDDDDDDDDDDDYYYYY
DDDDDDDDDDDDDDDDDDDDYYYYY
DDDDDDDDDDDDDDDDDDDDYYYYY
DDDDDDDDDDDDDDDDDDDDYYYYY
DDDDDDDDDDDDDDDDDDDDYYYYY
DDDDDDDDDDDDDDDDDDDDYYYYY
Case #82: 
AABBBBBBBBBBBBBBBBBBBBBBB
AABBBBBBBBBBBBBBBBBBBBBBB
CCCCCCCCCCCCCCCCCCCCCCCCC
DDDDDDDDDDDDDDDDDDDDDDDDD
EEEEEEEEEEEEEEEEEEEEEEEEE
EEEEEEEEEEEEEEEEEEEEEEEEE
EEEEEEEEEEEEEEEEEEEEEEEEE
EEEEEEEEEEEEEEEEEEEEEEEEE
EEEEEEEEEEEEEEEEEEEEEEEEE
EEEEEEEEEEEEEEEEEEEEEEEEE
EEEEEEEEEEEEEEEEEEEEEEEEE
EEEEEEEEEEEEEEEEEEEEEEEEE
EEEEEEEEEEEEEEEEEEEEEEEEE
EEEEEEEEEEEEEEEEEEEEEEEEE
EEEEEEEEEEEEEEEEEEEEEEEEE
EEEEEEEEEEEEEEEEEEEEEEEEE
EEEEEEEEEEEEEEEEEEEEEEEEE
EEEEEEEEEEEEEEEEEEEEEEEEE
EEEEEEEEEEEEEEEEEEEEEEEEE
EEEEEEEEEEEEEEEEEEEEEEEEE
EEEEEEEEEEEEEEEEEEEEEEEEE
EEEEEEEEEEEEEEEEEEEEEEEEE
EEEEEEEEEEEEEEEEEEEEEEEEE
EEEEEEEEEEEEEEEEEEEEEEEEE
EEEEEEEEEEEEEEEEEEEEEEEEE
Case #83: 
PPPPPPPPPPPPPPPPPPPPPPPPP
PPPPPPPPPPPPPPPPPPPPPPPPP
JJJJJJJJJJJJJJJJJJJJJJJJJ
CHHHHHHHHHHHHLLLLLLLLLLLL
WWWWWWWWWWWWWWWWWWWWWWWWW
WWWWWWWWWWWWWWWWWWWWWWWWW
WWWWWWWWWWWWWWWWWWWWWWWWW
VVVEEEEEEEEDDDDDDDDDAAAAA
RRRRRRRRRRRRRRRRRRRRRRRRR
RRRRRRRRRRRRRRRRRRRRRRRRR
YYYYYYYYYYYYYYYYYYYYYYYYY
YYYYYYYYYYYYYYYYYYYYYYYYY
YYYYYYYYYYYYYYYYYYYYYYYYY
MMMMMMMMMMMFFFFFFFFFFFFFF
MMMMMMMMMMMFFFFFFFFFFFFFF
SSSSSSSSSSSSSSSSSSSSSSSSS
ZZZZZZZZZZZZZZZZZZZZZZZZZ
UUUUUUUUUUUUUUUUUUUUUUUUU
BBBBBBBBBBBBBBBBBBBBBBBBB
TTTTTTTTTTTTTTTTTTTTTTTTT
OOOOIIINNNXXXXXXXXXXXXXXX
QQQQQQQQQQQQQQGGGGGGGGGGG
QQQQQQQQQQQQQQGGGGGGGGGGG
QQQQQQQQQQQQQQGGGGGGGGGGG
KKKKKKKKKKKKKKKKKKKKKKKKK
Case #84: 
AAAAAAAAAAAAAAAAAAAAAAAAA
AAAAAAAAAAAAAAAAAAAAAAAAA
AAAAAAAAAAAAAAAAAAAAAAAAA
AAAAAAAAAAAAAAAAAAAAAAAAA
AAAAAAAAAAAAAAAAAAAAAAAAA
AAAAAAAAAAAAAAAAAAAAAAAAA
AAAAAAAAAAAAAAAAAAAAAAAAA
AAAAAAAAAAAAAAAAAAAAAAAAA
AAAAAAAAAAAAAAAAAAAAAAAAA
AAAAAAAAAAAAAAAAAAAAAAAAA
AAAAAAAAAAAAAAAAAAAAAAAAA
AAAAAAAAAAAAAAAAAAAAAAAAA
AAAAAAAAAAAAAAAAAAAAAAAAA
AAAAAAAAAAAAAAAAAAAAAAAAA
AAAAAAAAAAAAAAAAAAAAAAAAA
AAAAAAAAAAAAAAAAAAAAAAAAA
AAAAAAAAAAAAAAAAAAAAAAAAA
AAAAAAAAAAAAAAAAAAAAAAAAA
AAAAAAAAAAAAAAAAAAAAAAAAA
AAAAAAAAAAAAAAAAAAAAAAAAA
AAAAAAAAAAAAAAAAAAAAAAAAA
AAAAAAAAAAAAAAAAAAAAAAAAA
AAAAAAAAAAAAAAAAAAAAAAAAA
AAAAAAAAAAAAAAAAAAAAAAAAA
AAAAAAAAAAAAAAAAAAAAAAAAA
Case #85: 
K
K
G
G
M
E
E
H
H
J
B
D
F
F
F
F
F
C
I
I
I
A
A
A
L
Case #86: 
UUUUUUUUUUUUUUUUUUUUUUUYY
UUUUUUUUUUUUUUUUUUUUUUUYY
UUUUUUUUUUUUUUUUUUUUUUUYY
UUUUUUUUUUUUUUUUUUUUUUUYY
UUUUUUUUUUUUUUUUUUUUUUUYY
UUUUUUUUUUUUUUUUUUUUUUUYY
UUUUUUUUUUUUUUUUUUUUUUUYY
UUUUUUUUUUUUUUUUUUUUUUUYY
UUUUUUUUUUUUUUUUUUUUUUUYY
UUUUUUUUUUUUUUUUUUUUUUUYY
EEEEEEEEEEEEEEEEEEEEKKAAA
HHHHHHHHHHHHHHHHHHHHNNIII
DDDDDDDDDDDDDDDDDDTMMVVCC
FFFFFFFFFFFFFFFFFFFFXBOJJ
PPPPPPPPPPPPPPPPPPPPPPRRR
GGGGGGGGGGGGGGGGGGGGGZWLL
QQQQQQQQQQQQQQQQQQQQQQQSS
QQQQQQQQQQQQQQQQQQQQQQQSS
QQQQQQQQQQQQQQQQQQQQQQQSS
QQQQQQQQQQQQQQQQQQQQQQQSS
QQQQQQQQQQQQQQQQQQQQQQQSS
QQQQQQQQQQQQQQQQQQQQQQQSS
QQQQQQQQQQQQQQQQQQQQQQQSS
QQQQQQQQQQQQQQQQQQQQQQQSS
QQQQQQQQQQQQQQQQQQQQQQQSS
Case #87: 
NNNNNNNNNNNNNNNNNNNNNNNNN
NNNNNNNNNNNNNNNNNNNNNNNNN
NNNNNNNNNNNNNNNNNNNNNNNNN
TTTTTTTTTTTTTTTTTTTTTTTTT
WWWWWWWWWWWWWWWWWWWWWWWWW
WWWWWWWWWWWWWWWWWWWWWWWWW
SSSSSSSSSSSSSSSSSSSSSSSSS
ZZZZZZZZZZZZZZZZZZZZZZZZZ
GGGGGGGGKKKKKKKKKKKKKKKKK
XXXXXXXXXXXXXXXXXXXXXXXXX
MMMMMMMMMMMMMMMMMMMMMMMMM
MMMMMMMMMMMMMMMMMMMMMMMMM
UUUUYYYYYYYYYYYYYYYYYYYYY
LLJJJJJJJJJJJJJJJJJJJJJJJ
LLJJJJJJJJJJJJJJJJJJJJJJJ
LLJJJJJJJJJJJJJJJJJJJJJJJ
AAAAAAAQQQQQQQQQQQQQQQQQQ
EEEEEEEEEEEEEEEEFFFFFFFFF
BPPPPRRRRRRRRRRRRRRRRRRRR
BPPPPRRRRRRRRRRRRRRRRRRRR
HHHHHHHHHHHHHHHHHHHHHHHHH
VVVVVVVVVVOOOOOOOOOOOOOOO
DDDDDDDDDDDDDDDDDDDDDDDDD
CCCCCCCCCCCCCCCCCCCCCCCCC
IIIIIIIIIIIIIIIIIIIIIIIII
Case #88: 
AAAAAAAAAAAAAAAAAAAAAAAAA
BBBBBBBBBBBBBBBBBBBBBBBBB
CCCCCCCCCCCCCCCCCCCCCCCCC
DDDDDDDDDDDDDDDDDDDDDDDDD
EEEEEEEEEEEEEEEEEEEEEEEEE
FFFFFFFFFFFFFFFFFFFFFFFFF
GGGGGGGGGGGGGGGGGGGGGGGGG
HHHHHHHHHHHHHHHHHHHHHHHHH
IIIIIIIIIIIIIIIIIIIIIIIII
JJJJJJJJJJJJJJJJJJJJJJJJJ
KKKKKKKKKKKKKKKKKKKKKKKKK
LLLLLLLLLLLLLLLLLLLLLLLLL
MMMMMMMMMMMMMMMMMMMMMMMMM
NNNNNNNNNNNNNNNNNNNNNNNNN
OOOOOOOOOOOOOOOOOOOOOOOOO
PPPPPPPPPPPPPPPPPPPPPPPPP
QQQQQQQQQQQQQQQQQQQQQQQQQ
RRRRRRRRRRRRRRRRRRRRRRRRR
SSSSSSSSSSSSSSSSSSSSSSSSS
TTTTTTTTTTTTTTTTTTTTTTTTT
UUUUUUUUUUUUUUUUUUUUUUUUU
VVVVVVVVVVVVVVVVVVVVVVVVV
WWWWWWWWWWWWWWWWWWWWWWWWW
XXXXXXXXXXXXXXXXXXXXXXXXX
YYYYYYYYYYYYYYYYYYYYYYYYY
Case #89: 
QQQQQQQQQQQQQQQQQQQQQQQQQ
QQQQQQQQQQQQQQQQQQQQQQQQQ
QQQQQQQQQQQQQQQQQQQQQQQQQ
QQQQQQQQQQQQQQQQQQQQQQQQQ
QQQQQQQQQQQQQQQQQQQQQQQQQ
QQQQQQQQQQQQQQQQQQQQQQQQQ
QQQQQQQQQQQQQQQQQQQQQQQQQ
QQQQQQQQQQQQQQQQQQQQQQQQQ
QQQQQQQQQQQQQQQQQQQQQQQQQ
QQQQQQQQQQQQQQQQQQQQQQQQQ
QQQQQQQQQQQQQQQQQQQQQQQQQ
QQQQQQQQQQQQQQQQQQQQQQQQQ
QQQQQQQQQQQQQQQQQQQQQQQQQ
QQQQQQQQQQQQQQQQQQQQQQQQQ
KKKKKKKKKKKKKKKKKKKKKKKKK
OOOOOCCCFEEEEEEEEEEEEEEEE
LLLLLLLLLLLLLLLLLLLLLLLLL
DDHUYYXXXXXXXXXXXXXXXXXXX
TSSJJVVVVVVVVVVVVVVVVVVVV
GGGGGGBBBBBBBBBBBBBBBBBBB
NNNNRRRRRRRRRRRRRRRRRRRRR
ZZZZZZZZZZZZZZZZZZZZZZZZZ
IIIIIWWWWWWMMMMMMMMMMMMMM
PPPPPAAAAAAAAAAAAAAAAAAAA
PPPPPAAAAAAAAAAAAAAAAAAAA
Case #90: 
ABCDEFGHIJKLMNOPQRSTUVWXY
ABCDEFGHIJKLMNOPQRSTUVWXY
ABCDEFGHIJKLMNOPQRSTUVWXY
ABCDEFGHIJKLMNOPQRSTUVWXY
ABCDEFGHIJKLMNOPQRSTUVWXY
ABCDEFGHIJKLMNOPQRSTUVWXY
ABCDEFGHIJKLMNOPQRSTUVWXY
ABCDEFGHIJKLMNOPQRSTUVWXY
ABCDEFGHIJKLMNOPQRSTUVWXY
ABCDEFGHIJKLMNOPQRSTUVWXY
ABCDEFGHIJKLMNOPQRSTUVWXY
ABCDEFGHIJKLMNOPQRSTUVWXY
ABCDEFGHIJKLMNOPQRSTUVWXY
ABCDEFGHIJKLMNOPQRSTUVWXY
ABCDEFGHIJKLMNOPQRSTUVWXY
ABCDEFGHIJKLMNOPQRSTUVWXY
ABCDEFGHIJKLMNOPQRSTUVWXY
ABCDEFGHIJKLMNOPQRSTUVWXY
ABCDEFGHIJKLMNOPQRSTUVWXY
ABCDEFGHIJKLMNOPQRSTUVWXY
ABCDEFGHIJKLMNOPQRSTUVWXY
ABCDEFGHIJKLMNOPQRSTUVWXY
ABCDEFGHIJKLMNOPQRSTUVWXY
ABCDEFGHIJKLMNOPQRSTUVWXY
ABCDEFGHIJKLMNOPQRSTUVWXY
Case #91: 
FFFFFFFFFFFFFFFZQQNPPPPPP
CCCCCCCCCCCCCCCEEEEEEUUUU
BBBBBBBBBBBBBBDDDTOOOOOOO
SSSSSSSSSSSSSYYYYMMMMMMMM
GGGGGGGGGGGGGGGGGGGGGGGGG
XXXXXXXXXXXXXXXWWWWWWWWWW
AAAAAAAAAAAAAAAAAAAAAAAAA
AAAAAAAAAAAAAAAAAAAAAAAAA
KKKKKKKKKKKKKKKKKKKKKKKKL
HHHHHHHHHHHHHHHHHHHHHHHHH
RRRRRRRRRRRRRRRRRRRRIIIII
VVVVVVVVVVVVVVVVVVVVVVVVV
JJJJJJJJJJJJJJJJJJJJJJJJJ
JJJJJJJJJJJJJJJJJJJJJJJJJ
JJJJJJJJJJJJJJJJJJJJJJJJJ
JJJJJJJJJJJJJJJJJJJJJJJJJ
JJJJJJJJJJJJJJJJJJJJJJJJJ
JJJJJJJJJJJJJJJJJJJJJJJJJ
JJJJJJJJJJJJJJJJJJJJJJJJJ
JJJJJJJJJJJJJJJJJJJJJJJJJ
JJJJJJJJJJJJJJJJJJJJJJJJJ
JJJJJJJJJJJJJJJJJJJJJJJJJ
JJJJJJJJJJJJJJJJJJJJJJJJJ
JJJJJJJJJJJJJJJJJJJJJJJJJ
JJJJJJJJJJJJJJJJJJJJJJJJJ
Case #92: 
KKKKKKKKKKKKKKKKKKKKKKKKK
KKKKKKKKKKKKKKKKKKKKKKKKK
RRRRCCCCCCCPPPPPPPPPPPPPP
RRRRCCCCCCCPPPPPPPPPPPPPP
RRRRCCCCCCCPPPPPPPPPPPPPP
ZZZZZZZZZZZZZZZZZZZZZZZZZ
ZZZZZZZZZZZZZZZZZZZZZZZZZ
XXXXXXXXXXXXXXXXXXXXXXXXX
XXXXXXXXXXXXXXXXXXXXXXXXX
IIIIIIIIIIIIIIIIIIIIIIIII
MMMMMMMMMMMMMMMMMMMMMMMMM
BBBBBBBBBBBBBBBBBJJJJUUUU
BBBBBBBBBBBBBBBBBJJJJUUUU
SSSAAAAAAAAAAAAAAAAAAAAAA
OOOOOOOOOOOOOOOOOOOOOOOOO
TTTTEEEEEEEEEEEEEEEEEEEEE
GGGGNNNNNNNNNNNNNNNNNNNNN
GGGGNNNNNNNNNNNNNNNNNNNNN
HHHHHHHHHHHHHHHHHHHHHHHWW
QQQQQQLLLLLLLLLLLLLLLLLLL
DDDDDDDDDDDDDDDDDDDDDDDDD
DDDDDDDDDDDDDDDDDDDDDDDDD
DDDDDDDDDDDDDDDDDDDDDDDDD
YYYYYYYYYYYYYYYYYYYYYVVVV
FFFFFFFFFFFFFFFFFFFFFFFFF
Case #93: 
IIIIIIIIIIIIIIIIIIIIIIIII
UUUUUUUUUUUUUUUUUUUUUUUUU
RRRRRRRRRRRRRRRRRRRRRRRRR
GGGGGGGGGGGGGWWWWWWWWWWWW
GGGGGGGGGGGGGWWWWWWWWWWWW
MMMMMMMMMMMMMMMMMMMMMMMMM
QQQQQQQQQQQQQQQQQQQQQQQQQ
FFFFCCCCCCCCCCCCCCCCCCCCC
EEEEEEEEEEEEXXXXXXXXXXXXX
TTTTTTTTTTTTTYYYYYYYYYYYY
DDDDDDDDDDDDDDDDDDDDDDSSS
DDDDDDDDDDDDDDDDDDDDDDSSS
DDDDDDDDDDDDDDDDDDDDDDSSS
VVVVKKKKKKKKKKKKKKKKKKKKK
OOOOOOOOOOOOOOOOOOOOOOOOO
OOOOOOOOOOOOOOOOOOOOOOOOO
JJJJJJJJJJJJJJJJJJJJJJJJJ
JJJJJJJJJJJJJJJJJJJJJJJJJ
NNNNNNNNNNNNNNNNNNNNNNNNN
HHHHHHLLLLLLLLLLLLLLLLLLL
BBBBBBBBBBBBBBBBBBBBBBBBB
BBBBBBBBBBBBBBBBBBBBBBBBB
PPPPZZZZZZZZZZZZZZZZZZZZZ
PPPPZZZZZZZZZZZZZZZZZZZZZ
AAAAAAAAAAAAAAAAAAAAAAAAA
Case #94: 
GFBBBBLLLLIHCCDDMMEEAAKKJ
Case #95: 
BBBBBBBBBBBBBBBBBBWWWWWWW
ZZZZZZZZZZZZZZZZZZZJJJJJJ
ZZZZZZZZZZZZZZZZZZZJJJJJJ
ZZZZZZZZZZZZZZZZZZZJJJJJJ
ZZZZZZZZZZZZZZZZZZZJJJJJJ
ZZZZZZZZZZZZZZZZZZZJJJJJJ
CCCCCCCCCYYYYYYYYYYYYYYYY
CCCCCCCCCYYYYYYYYYYYYYYYY
LLLLLLLLLLLLLLLLLLLLLLLLL
IIIIIIIIIIIIIIIIIIIIIIIII
DTTTTTTTTTTTRRRRRRRRRRRRR
DTTTTTTTTTTTRRRRRRRRRRRRR
AAAAAAAAAAAAAAAAAAAAAAAAA
KKKKKKKKKKKKKKKKKKKKKKKKK
VVVVVVVVVVVVVVVVVVVVVVVVV
VVVVVVVVVVVVVVVVVVVVVVVVV
MMMOOOOOOOOOOOUUPPPPPPPPP
SSSSSSSSSSSSSSSSSSSSSSSSS
SSSSSSSSSSSSSSSSSSSSSSSSS
SSSSSSSSSSSSSSSSSSSSSSSSS
NNNEEEEEEQQFFFFFFFFFFFFFF
GGGGGGGGGGGGGGGGGGGGGGGGG
HHHHHHHHHHHHHHHHHHHHHHHHH
XXXXXXXXXXXXXXXXXXXXXXXXX
XXXXXXXXXXXXXXXXXXXXXXXXX
Case #96: 
AAAAAAAAAAAAAAAAAAAAAAAAA
BBBBBBBBBBBBBBBBBBBBBBBBB
CCCCCCCCCCCCCCCCCCCCCCCCC
DDDDDDDDDDDDDDDDDDDDDDDDD
EEEEEEEEEEEEEEEEEEEEEEEEE
FFFFFFFFFFFFFFFFFFFFFFFFF
GGGGGGGGGGGGGGGGGGGGGGGGG
HHHHHHHHHHHHHHHHHHHHHHHHH
IIIIIIIIIIIIIIIIIIIIIIIII
JJJJJJJJJJJJJJJJJJJJJJJJJ
KKKKKKKKKKKKKKKKKKKKKKKKK
LLLLLLLLLLLLLLLLLLLLLLLLL
MMMMMMMMMMMMMMMMMMMMMMMMM
NNNNNNNNNNNNNNNNNNNNNNNNN
OOOOOOOOOOOOOOOOOOOOOOOOO
PPPPPPPPPPPPPPPPPPPPPPPPP
QQQQQQQQQQQQQQQQQQQQQQQQQ
RRRRRRRRRRRRRRRRRRRRRRRRR
SSSSSSSSSSSSSSSSSSSSSSSSS
TTTTTTTTTTTTTTTTTTTTTTTTT
UUUUUUUUUUUUUUUUUUUUUUUUU
VVVVVVVVVVVVVVVVVVVVVVVVV
WWWWWWWWWWWWWWWWWWWWWWWWW
XXXXXXXXXXXXXXXXXXXXXXXXX
YYYYYYYYYYYYYYYYYYYYYYYYY
Case #97: 
ABBCCDDEEFFGGHHIIJJKKLLMM
NNOOPPQQRRSSTTUUVVWWXXYYY
ZZZZZZZZZZZZZZZZZZZZZZZZZ
ZZZZZZZZZZZZZZZZZZZZZZZZZ
ZZZZZZZZZZZZZZZZZZZZZZZZZ
ZZZZZZZZZZZZZZZZZZZZZZZZZ
ZZZZZZZZZZZZZZZZZZZZZZZZZ
ZZZZZZZZZZZZZZZZZZZZZZZZZ
ZZZZZZZZZZZZZZZZZZZZZZZZZ
ZZZZZZZZZZZZZZZZZZZZZZZZZ
ZZZZZZZZZZZZZZZZZZZZZZZZZ
ZZZZZZZZZZZZZZZZZZZZZZZZZ
ZZZZZZZZZZZZZZZZZZZZZZZZZ
ZZZZZZZZZZZZZZZZZZZZZZZZZ
ZZZZZZZZZZZZZZZZZZZZZZZZZ
ZZZZZZZZZZZZZZZZZZZZZZZZZ
ZZZZZZZZZZZZZZZZZZZZZZZZZ
ZZZZZZZZZZZZZZZZZZZZZZZZZ
ZZZZZZZZZZZZZZZZZZZZZZZZZ
ZZZZZZZZZZZZZZZZZZZZZZZZZ
ZZZZZZZZZZZZZZZZZZZZZZZZZ
ZZZZZZZZZZZZZZZZZZZZZZZZZ
ZZZZZZZZZZZZZZZZZZZZZZZZZ
ZZZZZZZZZZZZZZZZZZZZZZZZZ
ZZZZZZZZZZZZZZZZZZZZZZZZZ
Case #98: 
AAACCCCCCCCCCCCCCCCCCCCCC
AAACCCCCCCCCCCCCCCCCCCCCC
AAACCCCCCCCCCCCCCCCCCCCCC
AAACCCCCCCCCCCCCCCCCCCCCC
AAACCCCCCCCCCCCCCCCCCCCCC
EEEEEEEEEEEEEEEEEEEEEEEEE
EEEEEEEEEEEEEEEEEEEEEEEEE
EEEEEEEEEEEEEEEEEEEEEEEEE
EEEEEEEEEEEEEEEEEEEEEEEEE
BBBDDDDDDDDDDDDDDDDDDDDDD
BBBDDDDDDDDDDDDDDDDDDDDDD
BBBDDDDDDDDDDDDDDDDDDDDDD
BBBDDDDDDDDDDDDDDDDDDDDDD
FFFFFFFFFFFFFFFFGGGGGGGGG
HHHHHHHHHHHHHHHHHHHHHHHHH
IIIIIIIIIIIIIIIIIIIIIIIII
JJJJJJJJJJJJJJJJJJJJJJJJJ
JJJJJJJJJJJJJJJJJJJJJJJJJ
JJJJJJJJJJJJJJJJJJJJJJJJJ
JJJJJJJJJJJJJJJJJJJJJJJJJ
JJJJJJJJJJJJJJJJJJJJJJJJJ
JJJJJJJJJJJJJJJJJJJJJJJJJ
JJJJJJJJJJJJJJJJJJJJJJJJJ
JJJJJJJJJJJJJJJJJJJJJJJJJ
JJJJJJJJJJJJJJJJJJJJJJJJJ
Case #99: 
AAAAAAAAABBBBBBBBBBBBBBBB
AAAAAAAAABBBBBBBBBBBBBBBB
AAAAAAAAABBBBBBBBBBBBBBBB
AAAAAAAAABBBBBBBBBBBBBBBB
AAAAAAAAABBBBBBBBBBBBBBBB
AAAAAAAAABBBBBBBBBBBBBBBB
AAAAAAAAABBBBBBBBBBBBBBBB
AAAAAAAAABBBBBBBBBBBBBBBB
AAAAAAAAABBBBBBBBBBBBBBBB
AAAAAAAAABBBBBBBBBBBBBBBB
AAAAAAAAABBBBBBBBBBBBBBBB
AAAAAAAAABBBBBBBBBBBBBBBB
AAAAAAAAABBBBBBBBBBBBBBBB
AAAAAAAAABBBBBBBBBBBBBBBB
AAAAAAAAABBBBBBBBBBBBBBBB
AAAAAAAAABBBBBBBBBBBBBBBB
AAAAAAAAABBBBBBBBBBBBBBBB
AAAAAAAAABBBBBBBBBBBBBBBB
AAAAAAAAABBBBBBBBBBBBBBBB
CCCCCCCCCCCCCCCCCCCCCCCCC
DDDDDDDDDDDDDDDDDDDDDDDDD
EEEEEEEEEEEEEEEEEEEEEEEEE
EEEEEEEEEEEEEEEEEEEEEEEEE
EEEEEEEEEEEEEEEEEEEEEEEEE
EEEEEEEEEEEEEEEEEEEEEEEEE
Case #100: 
AAAAAAAACCCCCCCCCCCCCCCCC
EEEEEEEEEEEEEEEEEEEEEEEEE
EEEEEEEEEEEEEEEEEEEEEEEEE
EEEEEEEEEEEEEEEEEEEEEEEEE
EEEEEEEEEEEEEEEEEEEEEEEEE
BBBBBBBBDDDDDDDDDDDDDDDDD
BBBBBBBBDDDDDDDDDDDDDDDDD
BBBBBBBBDDDDDDDDDDDDDDDDD
BBBBBBBBDDDDDDDDDDDDDDDDD
BBBBBBBBDDDDDDDDDDDDDDDDD
BBBBBBBBDDDDDDDDDDDDDDDDD
BBBBBBBBDDDDDDDDDDDDDDDDD
BBBBBBBBDDDDDDDDDDDDDDDDD
BBBBBBBBDDDDDDDDDDDDDDDDD
BBBBBBBBDDDDDDDDDDDDDDDDD
BBBBBBBBDDDDDDDDDDDDDDDDD
BBBBBBBBDDDDDDDDDDDDDDDDD
BBBBBBBBDDDDDDDDDDDDDDDDD
BBBBBBBBDDDDDDDDDDDDDDDDD
BBBBBBBBDDDDDDDDDDDDDDDDD
FFFFFFFFFFFFFFFFFGGGGGGGG
HHHHHHHHHHHHHHHHHHHHHHHHH
IIIIIIIIIIIIIIIIIIIIIIIII
JJJJJJJJJJJJJJJJJJJJJJJJJ
JJJJJJJJJJJJJJJJJJJJJJJJJ
