Case #1: 
GGG
CCC
JJJ
Case #2: 
CODE
CODE
JJAM
Case #3: 
CA
KE
Case #4: 
DCBB
FJHH
EGIA
Case #5: 
GDBH
EIAF
CCJJ
Case #6: 
EFF
DDD
CCC
ABB
Case #7: 
ABC
DDD
EEE
Case #8: 
AAAA
AAAA
EDBC
Case #9: 
IAED
GBCF
HHHH
Case #10: 
DB
CA
Case #11: 
DBF
EEE
CCC
AAA
Case #12: 
ABCD
ABCD
ABCD
Case #13: 
AA
BB
CC
DD
EE
FF
Case #14: 
CCCC
DDDD
BEAA
Case #15: 
A
A
B
B
C
C
D
D
E
E
F
F
Case #16: 
CB
AA
Case #17: 
CCC
DDD
AAA
BFE
Case #18: 
BBB
BBB
DDF
CEA
Case #19: 
EAA
EAA
CDD
FBB
Case #20: 
BBBB
AAAA
Case #21: 
EEAA
CCCC
BDDD
Case #22: 
CDD
BBB
FAA
EEE
Case #23: 
CJA
FBK
LGD
HEI
Case #24: 
GDI
BLK
CAJ
HFE
Case #25: 
JGEI
DABK
FFCH
Case #26: 
AAA
AAA
Case #27: 
BBB
AAA
EDD
FCC
Case #28: 
AAE
CFD
GGB
GGB
Case #29: 
BFEE
DCAA
GHHH
Case #30: 
GGF
BHC
KAD
IJE
Case #31: 
AAEE
CCCD
BBBB
Case #32: 
EAAA
EAAA
CDBB
Case #33: 
AAAA
FFFB
CCED
Case #34: 
AAAA
BBBB
CCCC
Case #35: 
EEAA
CCCC
BBDD
Case #36: 
BBB
AFF
HGG
DCE
Case #37: 
CBBB
DDDD
AAEE
Case #38: 
CCB
AAA
Case #39: 
BA
Case #40: 
AAAA
BBBB
CCCC
Case #41: 
DFB
ECA
Case #42: 
ABBCCC
DDEEFF
Case #43: 
GGG
FEE
DBI
CHA
Case #44: 
ABBCCDDEEFFF
Case #45: 
EEE
FBG
CDH
IAA
Case #46: 
CCCC
DDAA
BBBE
Case #47: 
ADD
BBB
CEE
Case #48: 
DHEE
CGAB
FIII
Case #49: 
BCA
Case #50: 
BA
BA
Case #51: 
EHGK
AIBD
CCFJ
Case #52: 
BBBB
FAAA
DECC
Case #53: 
ABD
EGF
CHH
III
Case #54: 
A
B
Case #55: 
AA
AA
Case #56: 
EEE
ACB
DDD
FFF
Case #57: 
DBB
AAA
FFF
CEE
Case #58: 
AA
AA
AA
BB
Case #59: 
EEEE
BBBC
DDDA
Case #60: 
A
Case #61: 
BBEE
AAAA
CDDD
Case #62: 
JIBE
AGHC
FFDD
Case #63: 
HIFA
EDGC
BJLK
Case #64: 
BBB
DFF
CCC
EEA
Case #65: 
AAA
BBB
Case #66: 
ACCC
EEEE
BDDF
Case #67: 
BEEE
CCCD
AAAA
Case #68: 
CEA
DBB
Case #69: 
IHBL
KEDG
FAJC
Case #70: 
GCB
FDE
AAA
AAA
Case #71: 
BDD
AFE
CCC
CCC
Case #72: 
GIHH
DFBC
EAAA
Case #73: 
CCBB
EAAA
DDDD
Case #74: 
CCJ
BDF
GKH
EAI
Case #75: 
AAAA
BBBB
CCCC
Case #76: 
FBB
FBB
CDD
EAA
Case #77: 
ABCD
ABCD
ABCD
Case #78: 
AAA
Case #79: 
CC
CC
AA
ED
BB
BB
Case #80: 
CCJJ
CCJJ
CCJJ
Case #81: 
ABB
CCC
DEE
FFF
Case #82: 
A
A
Case #83: 
AA
Case #84: 
ACD
BBB
Case #85: 
BAA
Case #86: 
CEI
GAH
DFB
DFB
Case #87: 
ABBB
CCDD
EFFF
Case #88: 
FBB
EEE
AAA
DCC
Case #89: 
DDC
AAA
FFF
BBE
Case #90: 
BBEE
CCCD
AAAA
Case #91: 
BCCC
AADD
EEEE
Case #92: 
AAAA
BBBB
CCCC
Case #93: 
EBB
ADD
CCC
CCC
Case #94: 
FDBH
CEAA
GGGG
Case #95: 
AEB
FJC
KIH
LGD
Case #96: 
BBB
EAA
FFC
DDD
Case #97: 
EDA
EDA
FBB
CCC
Case #98: 
ABB
CCC
DDD
EEF
Case #99: 
ABCD
ABCD
ABCD
Case #100: 
CCCC
DDAA
EBBB
