Case #1: 4 3
o 1 1
+ 1 2
x 2 2
Case #2: 2 0
Case #3: 7 5
o 1 1
+ 1 3
+ 2 1
o 2 3
x 3 2
Case #4: 12 7
+ 1 1
+ 1 3
+ 1 4
o 2 1
o 3 4
x 4 2
o 5 3
Case #5: 240 162
+ 1 39
+ 1 41
+ 1 42
+ 1 45
+ 1 46
+ 1 48
+ 1 49
+ 1 52
+ 1 55
+ 1 57
+ 1 58
+ 1 62
+ 1 63
+ 1 64
+ 1 65
+ 1 67
+ 1 69
+ 1 70
+ 1 72
+ 1 75
+ 1 77
+ 1 78
+ 1 81
+ 1 84
+ 1 85
+ 1 86
+ 1 88
+ 1 90
+ 1 91
+ 1 93
+ 1 95
+ 1 96
+ 1 98
+ 1 100
o 2 1
+ 2 100
o 3 4
o 4 2
o 5 7
o 6 3
+ 6 99
o 7 10
o 8 12
o 9 5
o 10 15
+ 10 98
o 11 17
o 12 6
+ 12 98
o 13 8
o 14 21
o 15 23
o 16 25
+ 16 97
o 17 9
+ 17 99
o 18 11
+ 18 97
o 19 29
o 20 31
+ 20 98
o 21 33
o 22 35
o 23 13
+ 23 98
o 24 38
+ 24 96
o 25 14
+ 25 98
o 26 41
o 27 18
o 28 16
+ 28 98
o 29 45
+ 29 96
o 30 47
o 31 49
o 32 51
+ 32 97
o 33 19
o 34 54
o 35 20
o 36 57
+ 36 96
o 37 24
+ 37 96
o 38 22
+ 38 96
o 39 61
o 40 63
+ 40 95
o 41 65
o 42 67
+ 42 94
o 43 26
+ 43 96
o 44 70
o 45 27
o 46 73
+ 46 96
o 47 28
o 48 76
o 49 78
+ 49 95
+ 49 98
o 50 80
o 51 30
o 52 32
o 53 84
+ 53 96
o 54 86
+ 54 96
o 55 88
o 56 34
o 57 91
o 58 93
+ 58 97
o 59 36
o 60 96
o 61 37
o 62 99
x 63 62
x 64 64
o 65 39
x 66 66
o 67 40
o 68 43
x 69 68
o 70 42
x 71 69
x 72 71
o 73 44
x 74 72
x 75 74
o 76 46
x 77 75
x 78 77
x 79 79
o 80 48
o 81 50
x 82 81
x 83 82
x 84 83
x 85 85
o 86 52
x 87 87
o 88 53
o 89 56
x 90 89
o 91 55
x 92 90
x 93 94
x 94 95
+ 95 57
o 95 58
x 96 97
x 97 98
+ 98 56
o 98 59
x 99 100
+ 100 59
o 100 60
Case #6: 256 115
o 1 1
x 2 2
x 3 3
x 4 4
x 5 5
x 6 6
x 7 7
x 8 8
x 9 9
x 10 10
x 11 11
x 12 12
x 13 13
x 14 14
x 15 15
x 16 16
x 17 17
x 18 18
x 19 19
x 20 20
x 21 21
x 22 22
x 23 23
x 24 24
x 25 25
x 26 26
x 27 27
x 28 28
x 29 29
x 30 71
x 31 72
x 32 73
x 33 74
x 34 75
x 35 76
x 36 77
x 37 78
x 38 79
x 39 80
x 40 81
x 41 82
x 42 83
x 43 84
x 44 85
x 45 86
x 46 87
x 47 88
x 48 89
x 49 90
x 50 91
x 51 92
o 52 50
o 53 52
o 54 49
o 55 51
o 56 48
o 57 54
x 58 93
o 59 53
o 60 47
x 61 94
o 62 46
o 63 56
o 64 45
o 65 55
o 66 44
o 67 58
x 68 95
o 69 57
o 70 43
o 71 60
o 72 42
o 73 59
o 74 41
x 75 96
o 76 40
o 77 62
o 78 39
o 79 61
o 80 38
+ 81 52
o 81 64
x 82 97
+ 83 51
+ 83 52
o 83 63
o 84 37
+ 85 51
x 85 98
o 86 36
+ 86 51
o 87 66
o 88 35
+ 88 50
+ 89 52
o 89 65
o 90 34
+ 91 51
o 91 68
+ 92 51
x 92 99
o 93 67
o 94 33
+ 94 50
+ 95 52
o 95 70
o 96 32
+ 97 51
+ 97 52
o 97 69
o 98 31
+ 99 51
x 99 100
o 100 30
+ 100 51
Case #7: 156 106
+ 1 26
+ 1 27
+ 1 28
+ 1 29
+ 1 30
+ 1 34
+ 1 35
+ 1 37
+ 1 40
+ 1 43
+ 1 45
+ 1 46
+ 1 49
+ 1 52
+ 1 54
+ 1 56
+ 1 57
+ 1 59
+ 1 61
+ 1 62
+ 1 64
+ 1 65
o 2 1
o 3 3
o 4 5
+ 4 63
o 5 2
o 6 4
o 7 9
o 8 11
+ 8 62
+ 8 65
o 9 13
o 10 15
+ 10 62
o 11 6
o 12 8
o 13 19
+ 13 63
o 14 7
o 15 22
+ 15 64
o 16 10
o 17 25
+ 17 63
+ 17 64
o 18 27
o 19 29
o 20 31
+ 20 63
o 21 33
+ 21 61
o 22 12
+ 22 63
o 23 36
o 24 16
+ 24 62
o 25 14
o 26 17
+ 26 63
o 27 41
o 28 43
o 29 45
+ 29 61
+ 29 64
o 30 47
o 31 18
o 32 20
+ 32 62
o 33 51
o 34 53
o 35 21
o 36 56
o 37 58
+ 37 61
o 38 23
o 39 61
o 40 24
o 41 64
x 42 40
o 43 26
x 44 42
x 45 44
x 46 46
o 47 28
o 48 30
x 49 48
x 50 49
x 51 50
x 52 52
x 53 54
o 54 34
x 55 55
o 56 35
x 57 57
x 58 59
o 59 37
x 60 60
+ 61 36
o 61 38
x 62 62
o 63 39
+ 64 37
x 64 63
+ 65 39
x 65 65
Case #8: 37 23
+ 1 7
+ 1 11
+ 1 12
+ 1 13
+ 1 14
o 2 1
+ 2 16
o 3 3
o 4 5
o 5 2
o 6 4
o 7 10
+ 7 14
o 8 12
o 9 14
o 10 6
o 11 13
o 12 7
x 13 11
o 14 8
x 15 15
+ 16 9
x 16 16
Case #9: 4 2
o 1 1
x 2 2
Case #10: 240 160
o 1 1
+ 1 41
+ 1 45
+ 1 46
+ 1 49
+ 1 52
+ 1 53
+ 1 54
+ 1 56
+ 1 59
+ 1 61
+ 1 62
+ 1 64
+ 1 66
+ 1 67
+ 1 70
+ 1 73
+ 1 74
+ 1 75
+ 1 78
+ 1 81
+ 1 82
+ 1 83
+ 1 85
+ 1 87
+ 1 88
+ 1 91
+ 1 92
+ 1 95
+ 1 96
+ 1 98
+ 1 100
o 2 5
+ 2 100
o 3 2
o 4 8
o 5 3
o 6 11
+ 6 99
o 7 4
o 8 14
+ 8 100
o 9 16
o 10 6
+ 10 99
o 11 20
+ 11 99
o 12 7
o 13 21
o 14 24
+ 14 99
o 15 9
o 16 27
o 17 10
o 18 30
+ 18 96
o 19 32
o 20 12
+ 20 96
+ 20 99
o 21 35
o 22 13
o 23 38
o 24 40
+ 24 94
o 25 15
o 26 43
+ 26 94
o 27 45
o 28 17
+ 28 99
o 29 48
o 30 50
+ 30 94
o 31 18
+ 31 98
o 32 53
+ 32 94
o 33 19
o 34 56
o 35 23
o 36 59
+ 36 95
o 37 22
o 38 62
+ 38 94
+ 38 95
o 39 64
o 40 66
o 41 25
o 42 69
o 43 72
+ 43 97
o 44 26
+ 44 93
o 45 28
o 46 76
+ 46 93
+ 46 96
o 47 78
o 48 80
o 49 29
o 50 31
o 51 84
+ 51 94
+ 51 97
o 52 86
o 53 88
+ 53 94
o 54 33
o 55 91
o 56 93
o 57 34
o 58 36
o 59 97
o 60 99
o 61 37
x 62 63
x 63 65
x 64 67
o 65 39
o 66 41
x 67 68
x 68 70
x 69 71
o 70 42
x 71 73
x 72 74
o 73 44
o 74 47
x 75 75
x 76 77
o 77 46
x 78 79
x 79 81
x 80 82
o 81 49
o 82 52
x 83 83
x 84 85
o 85 51
x 86 87
x 87 89
o 88 55
x 89 90
o 90 54
x 91 92
x 92 94
o 93 58
x 94 95
+ 95 55
o 95 57
x 96 96
+ 97 56
o 97 60
+ 98 56
x 98 98
+ 99 56
x 99 100
o 100 61
Case #11: 240 162
+ 1 41
+ 1 42
+ 1 45
+ 1 46
+ 1 48
+ 1 49
+ 1 52
+ 1 55
+ 1 57
+ 1 58
+ 1 62
+ 1 63
+ 1 64
+ 1 65
+ 1 67
+ 1 69
+ 1 70
+ 1 72
+ 1 75
+ 1 77
+ 1 78
+ 1 81
+ 1 84
+ 1 85
+ 1 86
+ 1 88
+ 1 90
+ 1 91
+ 1 93
+ 1 95
+ 1 96
+ 1 98
+ 1 100
o 2 1
+ 2 100
o 3 4
o 4 2
o 5 7
o 6 3
+ 6 99
o 7 10
o 8 12
o 9 5
o 10 15
+ 10 98
o 11 17
o 12 6
+ 12 98
o 13 8
o 14 21
o 15 23
o 16 25
+ 16 97
o 17 9
+ 17 99
o 18 11
+ 18 97
o 19 29
o 20 31
+ 20 98
o 21 33
o 22 35
o 23 13
+ 23 98
o 24 38
+ 24 96
o 25 14
+ 25 98
o 26 41
o 27 18
o 28 16
+ 28 98
o 29 45
+ 29 96
o 30 47
o 31 49
o 32 51
+ 32 97
o 33 19
o 34 54
o 35 20
+ 35 95
o 36 57
o 37 24
+ 37 96
o 38 22
+ 38 96
o 39 61
o 40 63
+ 40 95
o 41 65
o 42 67
+ 42 94
o 43 26
+ 43 96
o 44 70
o 45 27
o 46 73
+ 46 96
o 47 28
+ 47 96
o 48 76
o 49 79
o 50 81
+ 50 96
o 51 30
o 52 32
+ 52 95
o 53 85
o 54 87
+ 54 96
o 55 89
o 56 34
+ 56 95
o 57 92
o 58 94
o 59 36
o 60 97
o 61 37
o 62 100
x 63 62
x 64 64
o 65 39
x 66 66
o 67 40
o 68 43
x 69 68
o 70 42
x 71 69
x 72 71
o 73 44
x 74 72
x 75 74
o 76 46
x 77 75
x 78 77
o 79 48
x 80 78
x 81 80
o 82 50
x 83 82
x 84 83
o 85 52
x 86 84
o 87 53
x 88 86
x 89 88
o 90 55
x 91 90
o 92 56
x 93 91
x 94 93
o 95 58
x 96 95
+ 97 57
+ 97 58
o 97 59
x 98 96
x 99 98
+ 100 58
+ 100 59
x 100 99
Case #12: 178 120
+ 1 30
+ 1 32
+ 1 33
+ 1 35
+ 1 36
+ 1 38
+ 1 40
+ 1 41
+ 1 42
+ 1 44
+ 1 45
+ 1 48
+ 1 51
+ 1 53
+ 1 54
+ 1 57
+ 1 59
+ 1 60
+ 1 62
+ 1 71
+ 1 74
o 2 1
+ 2 74
o 3 3
+ 3 74
o 4 5
o 5 2
+ 5 73
+ 5 74
o 6 4
o 7 9
+ 7 73
o 8 11
o 9 13
+ 9 74
o 10 15
+ 10 74
o 11 6
o 12 8
o 13 19
o 14 21
+ 14 71
+ 14 74
o 15 23
o 16 7
o 17 10
o 18 12
+ 18 73
o 19 28
+ 19 73
o 20 30
o 21 32
+ 21 72
o 22 34
o 23 36
+ 23 72
o 24 16
o 25 41
+ 25 73
o 26 43
o 27 17
+ 27 73
+ 28 1
o 28 42
+ 28 73
o 29 44
o 30 18
o 31 20
+ 31 73
o 32 50
o 33 53
o 34 55
o 35 22
+ 35 73
o 36 58
o 37 60
+ 37 70
o 38 24
+ 38 74
o 39 63
o 40 65
o 41 26
o 42 68
o 43 25
+ 43 73
o 44 27
o 45 29
+ 45 73
o 46 73
x 47 47
x 48 48
x 49 49
o 50 31
x 51 51
x 52 52
x 53 54
o 54 33
o 55 35
x 56 56
x 57 57
x 58 59
o 59 37
x 60 61
o 61 38
x 62 62
x 63 64
o 64 39
x 65 66
o 66 40
x 67 67
x 68 69
+ 69 40
o 69 45
x 70 70
+ 71 40
x 71 71
x 72 72
+ 73 40
x 73 74
o 74 46
Case #13: 240 162
o 1 1
+ 1 43
+ 1 44
+ 1 45
+ 1 46
+ 1 48
+ 1 50
+ 1 51
+ 1 54
+ 1 55
+ 1 57
+ 1 58
+ 1 60
+ 1 63
+ 1 66
+ 1 67
+ 1 68
+ 1 71
+ 1 72
+ 1 76
+ 1 77
+ 1 80
+ 1 83
+ 1 84
+ 1 86
+ 1 87
+ 1 89
+ 1 92
+ 1 93
+ 1 96
+ 1 97
+ 1 100
o 2 3
+ 2 100
o 3 5
+ 3 100
o 4 2
o 5 4
o 6 9
+ 6 100
o 7 11
+ 7 100
o 8 13
o 9 15
+ 9 99
o 10 6
o 11 18
+ 11 100
o 12 20
o 13 7
o 14 23
o 15 8
+ 15 99
o 16 26
o 17 14
o 18 10
+ 18 98
+ 18 99
o 19 31
o 20 33
o 21 12
+ 21 98
+ 21 99
o 22 17
o 23 37
o 24 39
o 25 41
+ 25 98
+ 25 99
o 26 44
o 27 16
o 28 47
+ 28 100
o 29 19
+ 29 98
o 30 50
o 31 52
+ 31 99
o 32 54
o 33 21
o 34 57
+ 34 97
+ 34 98
o 35 22
o 36 60
+ 36 97
o 37 62
o 38 24
+ 38 98
o 39 65
+ 40 1
o 40 25
o 41 68
o 42 70
+ 42 97
+ 42 100
o 43 72
o 44 27
o 45 29
+ 45 96
o 46 76
o 47 78
+ 47 99
o 48 28
o 49 30
o 50 32
o 51 83
+ 51 99
o 52 85
+ 52 93
o 53 87
o 54 89
+ 54 100
o 55 34
o 56 92
o 57 35
o 58 95
+ 58 98
o 59 36
o 60 98
o 61 100
o 62 38
x 63 63
x 64 64
o 65 40
x 66 66
x 67 67
o 68 42
x 69 69
o 70 43
x 71 71
x 72 73
o 73 45
x 74 74
o 75 46
x 76 75
x 77 77
o 78 48
x 79 79
o 80 49
x 81 80
x 82 81
x 83 82
o 84 51
o 85 53
x 86 84
x 87 86
x 88 88
o 89 55
x 90 90
o 91 56
x 92 91
x 93 93
o 94 58
+ 95 54
x 95 94
o 96 59
+ 97 54
x 97 96
x 98 97
o 99 61
x 100 99
Case #14: 239 157
+ 1 40
+ 1 41
+ 1 42
+ 1 44
+ 1 46
+ 1 47
+ 1 53
+ 1 55
+ 1 57
+ 1 58
+ 1 60
+ 1 62
+ 1 68
+ 1 71
+ 1 74
+ 1 76
+ 1 77
+ 1 79
+ 1 81
+ 1 82
+ 1 84
+ 1 88
+ 1 89
+ 1 91
+ 1 92
+ 1 95
+ 1 96
+ 1 99
+ 1 100
o 2 1
o 3 3
+ 3 99
o 4 5
o 5 2
o 6 9
+ 6 99
o 7 11
+ 7 99
o 8 6
o 9 14
o 10 16
o 11 18
+ 11 100
o 12 7
o 13 21
+ 13 97
o 14 8
+ 14 99
o 15 24
o 16 12
o 17 10
+ 17 99
o 18 28
+ 18 97
o 19 30
o 20 32
+ 20 97
o 21 34
o 22 13
+ 22 96
o 23 15
o 24 38
o 25 40
+ 25 96
o 26 42
+ 26 98
o 27 17
o 28 45
o 29 47
+ 29 94
o 30 49
o 31 20
+ 31 99
o 32 52
+ 32 95
o 33 54
+ 33 99
o 34 19
o 35 22
o 36 58
o 37 23
o 38 61
+ 38 93
o 39 27
+ 39 99
o 40 64
o 41 66
+ 41 94
+ 41 99
o 42 25
o 43 69
o 44 26
+ 44 95
o 45 29
o 46 73
+ 46 96
o 47 75
o 48 77
+ 48 97
o 49 79
o 50 31
+ 50 97
o 51 82
o 52 84
+ 52 96
o 53 33
o 54 87
o 55 89
o 56 35
+ 56 98
o 57 92
o 58 94
o 59 36
o 60 97
o 61 37
o 62 100
x 63 63
o 64 39
o 65 43
x 66 65
x 67 67
o 68 41
x 69 68
o 70 44
x 71 70
x 72 71
x 73 72
o 74 46
x 75 74
x 76 76
x 77 78
o 78 48
o 79 50
x 80 80
x 81 81
x 82 83
o 83 51
o 84 53
x 85 85
x 86 86
x 87 88
o 88 55
x 89 90
o 90 56
x 91 91
x 92 93
o 93 57
o 94 59
+ 95 56
x 95 95
x 96 96
x 97 98
+ 98 57
+ 98 58
o 98 60
o 99 62
x 100 99
Case #15: 239 161
+ 1 41
+ 1 44
+ 1 45
+ 1 48
+ 1 49
+ 1 52
+ 1 55
+ 1 57
+ 1 58
+ 1 60
+ 1 62
+ 1 63
+ 1 65
+ 1 67
+ 1 68
+ 1 70
+ 1 73
+ 1 74
+ 1 75
+ 1 78
+ 1 80
+ 1 81
+ 1 83
+ 1 85
+ 1 86
+ 1 88
+ 1 90
+ 1 91
+ 1 94
+ 1 95
+ 1 98
+ 1 99
o 2 1
o 3 3
o 4 5
+ 4 99
+ 4 100
o 5 2
o 6 4
o 7 10
o 8 12
+ 8 100
o 9 14
o 10 6
o 11 13
o 12 7
+ 12 100
o 13 19
o 14 8
+ 14 97
o 15 22
o 16 24
+ 16 97
o 17 26
o 18 11
o 19 29
+ 19 97
o 20 31
+ 20 95
o 21 33
+ 21 97
o 22 35
o 23 15
o 24 38
o 25 16
+ 25 96
o 26 41
o 27 17
+ 27 97
o 28 44
o 29 18
+ 29 94
+ 29 97
o 30 47
o 31 49
o 32 20
o 33 52
+ 33 96
o 34 21
+ 34 94
o 35 55
o 36 57
o 37 23
+ 37 95
o 38 60
o 39 62
+ 39 94
o 40 25
o 41 65
o 42 67
+ 42 94
+ 42 95
o 43 27
o 44 70
o 45 28
+ 45 95
o 46 73
+ 46 95
o 47 75
o 48 30
o 49 78
+ 49 95
o 50 80
+ 50 95
o 51 32
o 52 83
o 53 85
o 54 34
+ 54 96
o 55 88
+ 55 96
o 56 90
o 57 92
+ 57 96
o 58 36
o 59 95
o 60 37
o 61 98
o 62 100
o 63 39
o 64 43
o 65 40
x 66 64
x 67 66
o 68 42
x 69 68
x 70 69
x 71 71
o 72 45
x 73 72
o 74 46
x 75 74
x 76 76
o 77 48
x 78 77
x 79 79
x 80 81
o 81 50
x 82 82
o 83 51
x 84 84
x 85 86
o 86 53
x 87 87
o 88 54
o 89 59
x 90 89
o 91 56
x 92 91
x 93 93
o 94 58
x 95 94
x 96 96
+ 97 58
x 97 97
+ 98 58
x 98 99
+ 99 58
o 99 61
+ 100 58
o 100 63
Case #16: 239 161
+ 1 39
+ 1 41
+ 1 42
+ 1 45
+ 1 46
+ 1 48
+ 1 49
+ 1 52
+ 1 55
+ 1 57
+ 1 58
+ 1 62
+ 1 63
+ 1 64
+ 1 65
+ 1 67
+ 1 69
+ 1 70
+ 1 72
+ 1 75
+ 1 77
+ 1 78
+ 1 81
+ 1 84
+ 1 85
+ 1 86
+ 1 88
+ 1 90
+ 1 93
+ 1 95
+ 1 96
+ 1 98
+ 1 100
o 2 1
+ 2 90
+ 2 100
o 3 4
o 4 2
o 5 7
o 6 3
+ 6 99
o 7 10
o 8 12
o 9 5
+ 9 99
o 10 15
o 11 17
o 12 6
+ 12 98
o 13 8
o 14 21
o 15 23
o 16 25
+ 16 97
o 17 9
+ 17 99
o 18 11
+ 18 97
o 19 29
o 20 31
+ 20 98
o 21 33
o 22 35
o 23 13
+ 23 98
o 24 38
+ 24 96
o 25 14
+ 25 98
o 26 41
o 27 18
o 28 16
+ 28 98
o 29 45
+ 29 96
o 30 47
o 31 49
o 32 51
+ 32 97
o 33 19
o 34 54
o 35 20
o 36 57
+ 36 96
o 37 24
+ 37 96
o 38 22
+ 38 96
o 39 61
o 40 63
+ 40 95
o 41 65
o 42 67
+ 42 94
o 43 26
+ 43 96
o 44 70
o 45 27
o 46 73
+ 46 96
o 47 28
o 48 76
o 49 78
+ 49 95
+ 49 98
o 50 80
o 51 30
o 52 32
o 53 84
+ 53 95
o 54 86
+ 54 97
o 55 88
o 56 34
o 57 92
o 58 94
+ 58 97
o 59 36
o 60 97
o 61 37
o 62 96
x 63 62
x 64 64
o 65 39
x 66 66
o 67 40
o 68 43
x 69 68
o 70 42
x 71 69
x 72 71
o 73 44
x 74 72
x 75 74
o 76 46
x 77 75
x 78 77
x 79 79
o 80 48
o 81 50
x 82 81
x 83 82
x 84 83
x 85 85
o 86 52
x 87 87
o 88 53
o 89 56
x 90 89
o 91 55
x 92 90
x 93 93
x 94 95
+ 95 55
o 95 58
x 96 98
o 97 59
+ 98 56
x 98 99
o 99 60
x 100 100
Case #17: 97 62
+ 1 17
+ 1 18
+ 1 19
+ 1 22
+ 1 26
+ 1 29
+ 1 31
+ 1 32
+ 1 37
+ 1 38
+ 1 41
o 2 1
o 3 3
+ 3 41
o 4 5
o 5 7
o 6 2
+ 6 39
o 7 4
+ 7 39
o 8 6
o 9 12
+ 9 38
o 10 14
o 11 17
o 12 19
+ 12 38
o 13 21
+ 13 40
o 14 8
o 15 10
o 16 25
+ 16 39
+ 16 40
o 17 9
o 18 11
o 19 29
+ 19 38
+ 19 41
o 20 31
o 21 33
o 22 13
o 23 36
o 24 38
o 25 15
o 26 41
o 27 16
x 28 26
x 29 27
x 30 28
o 31 18
o 32 20
x 33 30
x 34 32
x 35 34
o 36 22
x 37 37
o 38 23
x 39 39
+ 40 23
o 40 24
x 41 40
Case #18: 240 162
o 1 1
+ 1 42
+ 1 43
+ 1 46
+ 1 48
+ 1 49
+ 1 51
+ 1 53
+ 1 55
+ 1 56
+ 1 59
+ 1 62
+ 1 63
+ 1 64
+ 1 66
+ 1 68
+ 1 69
+ 1 72
+ 1 73
+ 1 75
+ 1 76
+ 1 77
+ 1 81
+ 1 83
+ 1 84
+ 1 86
+ 1 89
+ 1 91
+ 1 92
+ 1 94
+ 1 97
+ 1 98
+ 1 99
o 2 3
o 3 7
o 4 2
+ 4 99
o 5 8
o 6 5
+ 6 100
o 7 12
o 8 4
+ 8 97
o 9 6
o 10 18
o 11 13
+ 11 98
o 12 21
+ 12 98
o 13 23
o 14 9
o 15 26
+ 15 99
o 16 10
+ 16 97
o 17 29
o 18 11
o 19 32
+ 19 98
o 20 35
o 21 37
+ 21 98
+ 21 99
o 22 39
o 23 14
o 24 16
o 25 43
o 26 45
+ 26 96
+ 26 99
o 27 15
o 28 17
o 29 19
o 30 50
+ 30 96
+ 30 99
o 31 52
o 32 54
+ 32 96
o 33 20
o 34 57
o 35 59
o 36 61
+ 36 96
o 37 22
o 38 24
+ 38 97
o 39 65
o 40 67
+ 40 96
+ 40 97
o 41 25
o 42 70
o 43 72
+ 43 96
o 44 74
o 45 27
o 46 77
+ 46 97
o 47 28
o 48 31
+ 48 94
o 49 81
+ 49 98
o 50 83
+ 50 94
o 51 30
o 52 86
o 53 88
+ 53 96
o 54 34
o 55 91
+ 55 95
o 56 33
o 57 94
o 58 96
o 59 98
o 60 36
x 61 62
o 62 40
o 63 38
x 64 63
x 65 64
x 66 66
o 67 41
x 68 68
o 69 42
x 70 69
x 71 71
o 72 44
x 73 73
x 74 75
o 75 46
x 76 76
o 77 47
x 78 78
o 79 48
x 80 79
x 81 80
o 82 49
o 83 51
x 84 82
x 85 84
x 86 85
o 87 53
x 88 87
x 89 89
o 90 55
x 91 90
o 92 56
x 93 92
x 94 93
o 95 58
+ 96 56
x 96 95
+ 97 58
x 97 97
o 98 60
+ 99 57
x 99 99
+ 100 59
x 100 100
Case #19: 88 58
+ 1 15
+ 1 16
+ 1 19
+ 1 20
+ 1 23
+ 1 24
+ 1 29
+ 1 31
+ 1 32
+ 1 35
+ 1 36
o 2 2
o 3 5
o 4 1
+ 4 36
+ 4 37
o 5 4
o 6 9
o 7 11
o 8 6
+ 8 34
+ 8 35
o 9 14
o 10 16
+ 10 35
o 11 18
o 12 7
+ 12 36
o 13 21
+ 13 34
o 14 8
o 15 24
o 16 12
o 17 10
+ 17 34
+ 17 37
o 18 28
o 19 30
o 20 32
+ 20 36
o 21 34
o 22 13
o 23 15
x 24 25
x 25 26
x 26 27
o 27 17
x 28 29
x 29 31
x 30 33
o 31 19
x 32 35
o 33 20
o 34 23
x 35 36
o 36 22
+ 37 22
x 37 37
Case #20: 86 57
+ 1 15
+ 1 16
+ 1 19
+ 1 20
+ 1 23
+ 1 26
+ 1 28
+ 1 30
+ 1 31
+ 1 34
o 2 2
+ 2 36
o 3 5
o 4 1
+ 4 35
+ 4 36
o 5 4
o 6 9
o 7 3
+ 7 35
o 8 6
o 9 13
+ 9 32
o 10 15
o 11 17
o 12 7
+ 12 33
+ 12 36
o 13 20
o 14 22
o 15 8
+ 15 35
o 16 10
+ 16 33
o 17 26
o 18 28
o 19 11
o 20 31
+ 20 33
o 21 33
o 22 12
o 23 14
x 24 23
x 25 24
x 26 25
x 27 27
o 28 16
o 29 18
x 30 30
x 31 32
x 32 34
o 33 19
o 34 21
x 35 35
+ 36 20
+ 36 21
x 36 36
Case #21: 239 161
o 1 1
+ 1 41
+ 1 42
+ 1 45
+ 1 50
+ 1 51
+ 1 53
+ 1 54
+ 1 56
+ 1 57
+ 1 58
+ 1 60
+ 1 63
+ 1 65
+ 1 66
+ 1 69
+ 1 72
+ 1 73
+ 1 74
+ 1 75
+ 1 76
+ 1 79
+ 1 80
+ 1 83
+ 1 84
+ 1 86
+ 1 88
+ 1 89
+ 1 96
+ 1 97
+ 1 99
o 2 3
o 3 5
+ 3 100
o 4 2
+ 4 98
o 5 4
o 6 9
+ 6 99
o 7 11
+ 7 99
o 8 13
o 9 15
o 10 6
+ 10 99
o 11 8
o 12 20
o 13 7
+ 13 99
o 14 21
o 15 10
+ 15 99
o 16 25
+ 16 97
o 17 27
o 18 29
+ 18 98
o 19 31
+ 19 96
o 20 33
o 21 12
o 22 14
o 23 16
o 24 38
o 25 40
+ 25 94
o 26 42
o 27 44
o 28 17
+ 28 95
+ 28 98
o 29 19
o 30 48
o 31 18
+ 31 94
+ 31 97
o 32 51
o 33 53
o 34 22
o 35 56
+ 35 96
o 36 58
+ 36 96
o 37 23
o 38 61
o 39 24
+ 39 97
o 40 64
o 41 66
+ 41 92
o 42 68
+ 42 96
o 43 26
o 44 28
o 45 72
o 46 74
+ 46 93
o 47 77
+ 47 95
o 48 79
o 49 30
+ 49 94
o 50 32
+ 50 96
o 51 83
o 52 85
+ 52 95
o 53 87
o 54 34
+ 54 96
o 55 90
o 56 92
+ 56 95
o 57 35
o 58 37
o 59 96
o 60 36
o 61 99
o 62 39
x 63 63
x 64 65
x 65 67
x 66 69
o 67 41
o 68 43
x 69 70
x 70 71
x 71 73
x 72 75
o 73 45
o 74 47
x 75 76
o 76 46
x 77 78
x 78 80
o 79 50
x 80 81
o 81 49
x 82 82
o 83 52
x 84 84
x 85 86
x 86 88
o 87 54
x 88 89
o 89 55
x 90 91
x 91 93
o 92 57
x 93 94
x 94 95
o 95 59
+ 96 56
+ 96 57
x 96 97
o 97 60
x 98 98
+ 99 57
x 99 100
+ 100 59
o 100 62
Case #22: 46 28
+ 1 9
+ 1 11
+ 1 12
+ 1 14
+ 1 17
o 2 2
o 3 5
o 4 3
+ 4 18
+ 4 19
o 5 1
o 6 10
o 7 12
+ 7 19
o 8 6
o 9 15
o 10 7
o 11 18
x 12 13
o 13 8
x 14 14
x 15 16
o 16 9
o 17 11
+ 18 9
x 18 17
+ 19 11
x 19 19
Case #23: 189 126
+ 1 33
+ 1 34
+ 1 37
+ 1 38
+ 1 39
+ 1 40
+ 1 43
+ 1 48
+ 1 49
+ 1 52
+ 1 53
+ 1 54
+ 1 56
+ 1 58
+ 1 59
+ 1 62
+ 1 65
+ 1 67
+ 1 71
+ 1 72
+ 1 74
+ 1 75
+ 1 76
+ 1 77
o 2 1
+ 2 79
o 3 3
o 4 5
o 5 2
+ 5 77
o 6 4
o 7 9
o 8 11
+ 8 77
o 9 13
+ 9 77
o 10 15
o 11 6
o 12 8
+ 12 77
o 13 19
o 14 7
+ 14 76
o 15 22
+ 15 78
o 16 10
o 17 25
+ 17 77
o 18 27
o 19 29
o 20 31
o 21 12
+ 21 77
o 22 14
o 23 35
+ 23 77
o 24 37
o 25 39
o 26 41
+ 26 75
o 27 16
+ 27 77
o 28 18
o 29 45
+ 29 74
o 30 17
+ 30 76
o 31 48
o 32 20
+ 32 75
o 33 51
o 34 53
+ 34 75
+ 34 78
o 35 21
o 36 56
o 37 58
+ 37 77
o 38 61
+ 38 73
o 39 23
o 40 62
o 41 24
o 42 66
o 43 28
+ 43 74
+ 43 77
o 44 26
o 45 70
o 46 72
o 47 74
o 48 76
+ 48 78
o 49 78
o 50 30
o 51 32
x 52 49
x 53 52
x 54 54
o 55 33
x 56 55
o 57 34
x 58 57
o 59 38
o 60 36
x 61 59
x 62 63
x 63 64
x 64 65
o 65 40
x 66 67
x 67 68
o 68 42
x 69 69
o 70 43
x 71 71
o 72 44
x 73 73
x 74 75
x 75 77
+ 76 43
o 76 46
x 77 79
o 78 47
+ 79 44
o 79 50
Case #24: 240 163
+ 1 39
+ 1 40
+ 1 43
+ 1 48
+ 1 49
+ 1 52
+ 1 53
+ 1 54
+ 1 56
+ 1 58
+ 1 59
+ 1 62
+ 1 65
+ 1 67
+ 1 68
+ 1 71
+ 1 72
+ 1 74
+ 1 75
+ 1 76
+ 1 77
+ 1 80
+ 1 81
+ 1 84
+ 1 85
+ 1 88
+ 1 89
+ 1 92
+ 1 93
+ 1 98
+ 1 99
+ 1 100
o 2 1
o 3 3
+ 3 99
o 4 5
o 5 2
+ 5 99
o 6 4
o 7 9
+ 7 100
o 8 11
+ 8 98
o 9 13
o 10 15
+ 10 99
o 11 6
o 12 8
o 13 19
+ 13 98
+ 13 99
o 14 7
o 15 22
o 16 10
+ 16 98
o 17 25
o 18 27
+ 18 99
o 19 29
o 20 31
o 21 12
+ 21 98
+ 21 99
o 22 14
o 23 35
o 24 37
o 25 39
+ 25 97
o 26 41
o 27 16
o 28 18
+ 28 97
o 29 45
+ 29 97
o 30 17
o 31 48
o 32 20
+ 32 97
o 33 51
o 34 53
+ 34 96
o 35 21
+ 35 98
o 36 56
+ 36 96
o 37 58
o 38 60
+ 38 97
o 39 23
o 40 63
o 41 24
+ 41 97
o 42 66
o 43 28
o 44 26
+ 44 98
o 45 70
+ 45 94
o 46 72
o 47 74
o 48 76
+ 48 98
o 49 78
+ 49 94
o 50 30
o 51 32
+ 51 97
o 52 82
+ 52 95
o 53 84
o 54 86
+ 54 98
o 55 33
+ 55 96
o 56 89
o 57 34
o 58 92
+ 58 98
o 59 38
o 60 36
o 61 96
o 62 98
o 63 100
x 64 64
o 65 40
x 66 65
x 67 67
o 68 42
x 69 68
o 70 43
x 71 69
o 72 44
x 73 71
x 74 73
x 75 75
o 76 47
x 77 77
x 78 79
o 79 49
x 80 80
o 81 50
x 82 81
x 83 83
o 84 52
x 85 85
x 86 87
o 87 54
x 88 88
o 89 55
x 90 90
x 91 91
o 92 57
x 93 93
x 94 94
o 95 59
+ 96 57
x 96 95
x 97 97
+ 98 57
o 98 61
+ 99 59
x 99 99
o 100 62
Case #25: 69 47
+ 1 11
+ 1 12
+ 1 13
+ 1 14
+ 1 22
+ 1 23
+ 1 26
+ 1 27
+ 1 28
o 2 1
o 3 3
o 4 5
+ 4 28
o 5 2
+ 5 28
o 6 4
o 7 9
+ 7 27
o 8 11
+ 8 27
o 9 13
+ 9 27
o 10 15
o 11 7
+ 11 28
o 12 18
+ 12 28
o 13 8
o 14 6
o 15 22
+ 15 29
o 16 10
o 17 25
o 18 27
o 19 12
x 20 19
x 21 20
x 22 21
x 23 23
o 24 14
x 25 24
+ 26 15
o 26 17
x 27 26
x 28 28
+ 29 17
x 29 29
Case #26: 243 161
o 1 1
+ 1 42
+ 1 45
+ 1 46
+ 1 48
+ 1 50
+ 1 51
+ 1 54
+ 1 58
+ 1 59
+ 1 61
+ 1 63
+ 1 64
+ 1 65
+ 1 68
+ 1 69
+ 1 70
+ 1 73
+ 1 76
+ 1 77
+ 1 80
+ 1 81
+ 1 84
+ 1 85
+ 1 88
+ 1 91
+ 1 93
+ 1 94
+ 1 95
+ 1 98
+ 1 99
o 2 4
o 3 7
o 4 3
+ 4 99
+ 4 100
o 5 10
o 6 2
o 7 5
+ 7 98
o 8 14
o 9 17
o 10 19
+ 10 98
o 11 6
o 12 9
o 13 23
+ 13 98
o 14 26
+ 14 100
o 15 8
o 16 29
+ 16 97
o 17 11
+ 17 99
o 18 32
o 19 34
o 20 36
+ 20 98
o 21 12
o 22 39
+ 22 99
o 23 15
o 24 13
+ 24 98
o 25 43
+ 25 98
o 26 16
o 27 46
o 28 48
+ 28 98
+ 28 99
o 29 50
o 30 18
o 31 53
+ 31 97
o 32 55
o 33 57
+ 33 98
o 34 20
o 35 22
o 36 61
+ 36 97
o 37 21
o 38 64
o 39 24
+ 39 95
+ 40 1
o 40 67
+ 40 99
o 41 69
+ 41 95
o 42 25
o 43 72
+ 43 98
o 44 75
+ 44 96
o 45 27
o 46 78
o 47 28
o 48 81
+ 48 96
+ 48 99
o 49 83
o 50 30
+ 50 96
o 51 86
o 52 31
o 53 89
+ 53 96
o 54 91
o 55 33
o 56 94
o 57 96
o 58 35
o 59 99
x 60 62
o 61 37
x 62 63
o 63 38
x 64 65
x 65 66
o 66 40
x 67 68
o 68 41
x 69 70
o 70 42
x 71 71
x 72 73
o 73 44
x 74 74
o 75 45
x 76 76
x 77 77
o 78 47
x 79 79
x 80 80
o 81 49
x 82 82
x 83 84
o 84 51
x 85 85
o 86 52
x 87 87
x 88 88
o 89 54
x 90 90
x 91 92
o 92 56
x 93 93
x 94 95
x 95 97
+ 96 56
o 96 58
+ 97 54
o 97 60
x 98 98
+ 99 57
x 99 100
+ 100 55
o 100 59
Case #27: 141 92
+ 1 25
+ 1 26
+ 1 27
+ 1 32
+ 1 35
+ 1 36
+ 1 40
+ 1 41
+ 1 42
+ 1 44
+ 1 45
+ 1 46
+ 1 50
+ 1 53
+ 1 54
+ 1 55
+ 1 56
+ 1 58
o 2 1
o 3 3
+ 3 59
o 4 5
o 5 2
+ 5 56
o 6 4
o 7 9
+ 7 57
o 8 11
o 9 13
o 10 15
+ 10 57
o 11 6
+ 11 59
o 12 19
o 13 21
o 14 7
o 15 24
o 16 8
+ 16 53
o 17 23
o 18 14
o 19 10
o 20 30
+ 20 53
+ 20 58
o 21 32
o 22 16
+ 22 58
o 23 12
o 24 36
+ 24 53
o 25 38
+ 25 57
o 26 40
o 27 17
+ 27 57
o 28 43
o 29 45
+ 29 56
o 30 49
o 31 18
o 32 20
o 33 50
+ 33 56
o 34 54
o 35 56
o 36 22
o 37 59
x 38 37
x 39 39
o 40 25
x 41 41
o 42 26
x 43 42
x 44 44
o 45 27
o 46 29
x 47 46
o 48 28
x 49 48
o 50 31
x 51 51
x 52 52
x 53 53
o 54 33
+ 55 31
x 55 55
o 56 34
x 57 57
o 58 35
+ 59 33
x 59 58
Case #28: 237 162
o 1 1
+ 1 39
+ 1 42
+ 1 47
+ 1 48
+ 1 51
+ 1 52
+ 1 53
+ 1 55
+ 1 57
+ 1 58
+ 1 61
+ 1 64
+ 1 66
+ 1 67
+ 1 70
+ 1 71
+ 1 73
+ 1 74
+ 1 75
+ 1 76
+ 1 79
+ 1 80
+ 1 83
+ 1 84
+ 1 87
+ 1 88
+ 1 91
+ 1 92
+ 1 97
+ 1 98
+ 1 99
o 2 3
o 3 5
+ 3 98
o 4 2
o 5 4
+ 5 98
o 6 9
o 7 11
+ 7 99
o 8 13
+ 8 97
o 9 15
o 10 6
+ 10 98
o 11 8
o 12 19
o 13 7
+ 13 97
+ 13 98
o 14 22
o 15 10
o 16 25
+ 16 97
o 17 27
o 18 29
+ 18 98
o 19 31
o 20 12
o 21 14
+ 21 97
+ 21 98
o 22 35
o 23 37
o 24 39
o 25 41
o 26 16
o 27 18
+ 27 95
+ 27 98
o 28 45
o 29 17
o 30 48
+ 30 97
o 31 20
o 32 51
o 33 53
+ 33 97
o 34 21
o 35 56
+ 35 96
+ 35 97
o 36 58
o 37 60
+ 38 1
o 38 23
+ 38 96
+ 38 97
o 39 63
o 40 24
o 41 66
o 42 28
o 43 26
+ 43 98
o 44 70
o 45 72
+ 45 93
+ 45 98
o 46 74
o 47 76
o 48 78
o 49 30
+ 49 93
+ 49 98
o 50 32
o 51 82
o 52 84
+ 52 94
o 53 86
+ 53 98
o 54 33
o 55 89
+ 55 95
+ 55 98
o 56 34
o 57 92
o 58 38
+ 58 97
o 59 36
o 60 96
o 61 98
x 62 62
x 63 64
o 64 40
x 65 65
x 66 67
o 67 42
x 68 68
o 69 43
x 70 69
o 71 44
x 72 71
x 73 73
x 74 75
o 75 46
x 76 77
o 77 47
o 78 50
x 79 79
o 80 49
x 81 80
x 82 81
x 83 83
x 84 85
o 85 52
o 86 54
x 87 87
x 88 88
x 89 90
o 90 55
o 91 57
x 92 91
x 93 93
x 94 94
o 95 59
+ 96 56
x 96 95
x 97 97
+ 98 59
x 98 99
o 99 61
Case #29: 240 160
o 1 1
+ 1 40
+ 1 42
+ 1 43
+ 1 45
+ 1 47
+ 1 48
+ 1 50
+ 1 52
+ 1 53
+ 1 56
+ 1 59
+ 1 60
+ 1 61
+ 1 65
+ 1 68
+ 1 69
+ 1 75
+ 1 77
+ 1 79
+ 1 80
+ 1 82
+ 1 85
+ 1 87
+ 1 88
+ 1 90
+ 1 92
+ 1 93
+ 1 94
+ 1 95
+ 1 98
o 2 3
o 3 5
o 4 7
+ 4 100
o 5 2
+ 5 100
o 6 4
o 7 6
o 8 13
o 9 15
+ 9 99
o 10 17
o 11 19
+ 11 99
o 12 8
+ 12 97
o 13 22
o 14 9
+ 14 97
o 15 25
+ 15 97
o 16 10
o 17 28
+ 17 97
o 18 11
o 19 31
o 20 12
+ 20 97
o 21 34
o 22 36
+ 22 97
o 23 14
+ 23 95
o 24 40
o 25 42
o 26 16
+ 26 96
+ 26 99
o 27 45
o 28 43
o 29 18
+ 29 95
+ 29 98
o 30 49
o 31 51
o 32 20
+ 32 97
o 33 54
o 34 56
+ 34 96
o 35 21
+ 35 98
o 36 23
o 37 60
o 38 62
o 39 64
+ 39 95
o 40 66
+ 40 97
o 41 24
o 42 26
+ 42 96
o 43 70
o 44 72
o 45 30
+ 45 95
+ 45 98
o 46 75
o 47 27
+ 47 95
o 48 29
o 49 79
o 50 81
o 51 33
o 52 84
+ 52 97
o 53 32
+ 53 93
o 54 87
+ 54 97
o 55 89
o 56 91
o 57 35
o 58 94
o 59 96
o 60 98
o 61 37
o 62 39
x 63 65
o 64 38
x 65 67
o 66 41
x 67 68
x 68 69
x 69 71
x 70 73
o 71 44
x 72 74
x 73 76
o 74 46
x 75 77
o 76 47
x 77 78
o 78 48
x 79 80
x 80 82
x 81 83
o 82 50
o 83 52
x 84 85
x 85 86
o 86 53
x 87 88
x 88 90
x 89 92
o 90 55
o 91 57
x 92 93
x 93 95
x 94 97
+ 95 55
o 95 58
x 96 99
o 97 59
+ 98 56
x 98 100
+ 99 58
o 99 63
o 100 61
Case #30: 238 161
+ 1 39
+ 1 40
+ 1 48
+ 1 49
+ 1 52
+ 1 53
+ 1 54
+ 1 56
+ 1 58
+ 1 59
+ 1 62
+ 1 65
+ 1 67
+ 1 68
+ 1 71
+ 1 72
+ 1 74
+ 1 75
+ 1 76
+ 1 77
+ 1 80
+ 1 81
+ 1 84
+ 1 85
+ 1 88
+ 1 89
+ 1 92
+ 1 93
+ 1 98
+ 1 99
o 2 1
o 3 3
+ 3 98
+ 3 99
o 4 5
o 5 2
+ 5 99
o 6 4
o 7 9
o 8 11
+ 8 98
o 9 13
+ 9 98
o 10 15
o 11 6
o 12 8
+ 12 97
o 13 19
+ 13 99
o 14 7
o 15 22
+ 15 96
o 16 10
+ 16 98
o 17 25
o 18 27
+ 18 95
o 19 29
o 20 31
o 21 12
+ 21 99
o 22 14
o 23 35
o 24 37
+ 24 93
o 25 39
+ 25 97
o 26 41
o 27 16
o 28 18
o 29 45
+ 29 97
o 30 17
+ 30 95
o 31 48
o 32 20
o 33 51
+ 33 96
o 34 53
+ 34 96
o 35 21
o 36 56
+ 36 96
o 37 58
+ 37 96
o 38 60
o 39 23
o 40 63
o 41 24
+ 41 97
o 42 66
o 43 28
+ 43 92
o 44 26
+ 44 98
o 45 70
o 46 72
o 47 74
+ 47 92
o 48 76
o 49 78
+ 49 99
o 50 30
+ 50 93
o 51 32
o 52 82
+ 52 93
+ 52 98
o 53 84
o 54 86
+ 54 98
o 55 33
o 56 90
o 57 34
o 58 93
+ 58 98
o 59 38
o 60 36
o 61 97
o 62 99
x 63 62
x 64 64
o 65 40
x 66 65
x 67 67
o 68 42
x 69 68
x 70 69
x 71 71
o 72 44
o 73 46
x 74 73
x 75 75
o 76 47
x 77 77
x 78 79
o 79 49
x 80 80
o 81 50
x 82 81
x 83 83
o 84 52
x 85 85
x 86 87
o 87 54
x 88 88
o 89 55
x 90 89
x 91 91
o 92 57
+ 93 54
x 93 92
x 94 94
o 95 59
x 96 95
+ 97 56
x 97 96
o 98 61
+ 99 56
+ 99 61
x 99 98
Case #31: 239 163
o 1 1
+ 1 42
+ 1 47
+ 1 48
+ 1 51
+ 1 52
+ 1 53
+ 1 55
+ 1 57
+ 1 58
+ 1 61
+ 1 64
+ 1 66
+ 1 67
+ 1 70
+ 1 71
+ 1 73
+ 1 74
+ 1 75
+ 1 76
+ 1 79
+ 1 80
+ 1 83
+ 1 84
+ 1 87
+ 1 88
+ 1 91
+ 1 92
+ 1 97
+ 1 98
+ 1 99
+ 1 100
o 2 3
o 3 5
o 4 2
+ 4 99
o 5 4
o 6 9
+ 6 99
+ 6 100
o 7 11
o 8 13
+ 8 100
o 9 15
o 10 6
o 11 8
+ 11 99
+ 11 100
o 12 19
o 13 7
o 14 22
+ 14 99
o 15 10
o 16 25
+ 16 100
o 17 27
o 18 29
o 19 31
+ 19 99
+ 19 100
o 20 12
o 21 14
o 22 35
o 23 37
+ 23 99
o 24 39
o 25 41
o 26 16
o 27 18
+ 27 98
o 28 45
o 29 17
o 30 48
+ 30 97
o 31 20
+ 31 99
o 32 51
o 33 53
o 34 21
+ 34 98
o 35 56
+ 35 96
o 36 58
+ 36 98
o 37 60
+ 38 1
o 38 23
+ 38 97
o 39 63
o 40 24
+ 40 98
o 41 66
o 42 28
o 43 26
+ 43 98
o 44 70
o 45 72
+ 45 98
o 46 74
o 47 76
+ 47 95
o 48 78
o 49 30
+ 49 98
o 50 32
o 51 82
+ 51 95
o 52 84
o 53 86
+ 53 98
o 54 33
+ 54 96
o 55 89
+ 55 98
o 56 34
+ 56 96
o 57 92
o 58 38
+ 58 97
o 59 36
o 60 96
o 61 98
o 62 100
x 63 62
o 64 40
x 65 64
x 66 65
o 67 42
x 68 67
o 69 43
x 70 68
o 71 44
x 72 69
x 73 71
x 74 73
o 75 46
x 76 75
o 77 47
o 78 50
x 79 77
o 80 49
x 81 79
x 82 80
x 83 81
x 84 83
o 85 52
o 86 54
x 87 85
x 88 87
x 89 88
o 90 55
o 91 57
x 92 90
x 93 91
x 94 93
o 95 59
x 96 94
x 97 95
+ 98 59
x 98 97
+ 99 59
o 99 61
x 100 99
Case #32: 26 15
+ 1 9
+ 1 10
+ 1 11
o 2 1
o 3 3
o 4 5
+ 4 11
o 5 8
+ 5 11
o 6 2
o 7 11
o 8 6
x 9 9
o 10 7
x 11 10
Case #33: 133 88
+ 1 22
+ 1 23
+ 1 26
+ 1 28
+ 1 29
+ 1 30
+ 1 36
+ 1 37
+ 1 38
+ 1 41
+ 1 44
+ 1 45
+ 1 46
+ 1 49
+ 1 50
+ 1 53
+ 1 54
o 2 1
o 3 3
o 4 5
+ 4 54
+ 4 55
o 5 2
o 6 4
o 7 9
+ 7 53
o 8 11
+ 8 55
o 9 13
o 10 15
o 11 6
+ 11 53
o 12 8
+ 12 53
o 13 20
o 14 7
+ 14 52
o 15 21
+ 15 54
o 16 24
o 17 26
+ 17 51
o 18 10
o 19 29
+ 19 52
o 20 14
o 21 32
+ 21 53
o 22 35
o 23 12
+ 23 54
o 24 38
o 25 16
+ 25 51
o 26 41
o 27 17
o 28 44
o 29 46
+ 29 52
o 30 48
o 31 18
o 32 51
o 33 19
o 34 22
o 35 55
x 36 36
x 37 37
o 38 23
x 39 39
x 40 40
x 41 42
x 42 43
o 43 27
x 44 45
o 45 28
x 46 47
x 47 49
x 48 50
o 49 30
x 50 52
+ 51 29
o 51 31
o 52 34
x 53 53
+ 54 30
+ 54 31
o 54 33
x 55 54
Case #34: 180 122
+ 1 29
+ 1 30
+ 1 33
+ 1 34
+ 1 37
+ 1 38
+ 1 39
+ 1 40
+ 1 43
+ 1 48
+ 1 49
+ 1 52
+ 1 53
+ 1 54
+ 1 58
+ 1 59
+ 1 62
+ 1 65
+ 1 67
+ 1 68
+ 1 71
+ 1 72
+ 1 74
+ 1 75
o 2 1
o 3 3
+ 3 75
o 4 5
+ 4 73
o 5 2
o 6 4
o 7 9
+ 7 75
o 8 11
+ 8 73
o 9 13
o 10 15
o 11 6
+ 11 74
o 12 8
+ 12 74
o 13 19
o 14 7
o 15 22
+ 15 74
+ 15 75
o 16 10
o 17 25
o 18 27
+ 18 74
o 19 29
o 20 31
+ 20 74
o 21 12
o 22 14
o 23 35
+ 23 72
o 24 37
o 25 39
o 26 41
o 27 16
o 28 18
+ 28 73
+ 28 74
o 29 45
o 30 17
+ 30 73
o 31 48
+ 31 75
o 32 20
+ 32 73
o 33 51
o 34 53
o 35 21
+ 35 75
o 36 57
+ 36 71
o 37 59
o 38 61
o 39 23
+ 39 73
o 40 60
+ 40 71
o 41 24
o 42 66
+ 42 72
o 43 28
o 44 26
o 45 70
o 46 72
o 47 74
x 48 46
x 49 47
o 50 30
o 51 32
x 52 49
x 53 50
x 54 52
o 55 33
x 56 54
o 57 34
x 58 55
o 59 38
x 60 58
x 61 62
o 62 36
x 63 63
o 64 40
x 65 64
x 66 65
o 67 42
x 68 67
x 69 68
o 70 43
x 71 69
o 72 44
+ 73 44
x 73 71
x 74 73
+ 75 44
+ 75 45
x 75 75
Case #35: 215 143
+ 1 37
+ 1 38
+ 1 39
+ 1 40
+ 1 43
+ 1 48
+ 1 49
+ 1 52
+ 1 53
+ 1 56
+ 1 58
+ 1 59
+ 1 62
+ 1 65
+ 1 68
+ 1 71
+ 1 73
+ 1 74
+ 1 75
+ 1 76
+ 1 77
+ 1 80
+ 1 81
+ 1 84
+ 1 88
+ 1 89
o 2 1
o 3 3
o 4 5
+ 4 89
+ 4 90
o 5 2
o 6 4
o 7 9
o 8 11
o 9 13
+ 9 90
o 10 15
o 11 6
+ 11 89
o 12 8
+ 12 89
o 13 19
o 14 7
o 15 22
o 16 10
o 17 25
+ 17 85
o 18 27
+ 18 89
o 19 29
+ 19 85
o 20 31
o 21 12
+ 21 90
o 22 14
+ 22 84
o 23 35
o 24 37
o 25 39
+ 25 85
+ 25 88
o 26 42
o 27 16
o 28 18
o 29 44
+ 29 85
+ 29 88
o 30 17
o 31 48
+ 31 85
o 32 20
o 33 51
o 34 53
o 35 21
+ 35 85
o 36 56
o 37 58
o 38 60
+ 38 87
o 39 23
o 40 63
+ 40 86
o 41 24
o 42 66
+ 42 87
o 43 28
+ 43 87
o 44 26
+ 44 87
o 45 70
o 46 72
+ 46 87
o 47 74
o 48 76
+ 48 88
o 49 78
o 50 30
+ 50 85
o 51 32
o 52 82
o 53 84
o 54 86
+ 54 88
o 55 33
o 56 89
o 57 34
x 58 55
o 59 38
o 60 36
x 61 57
x 62 59
x 63 61
x 64 62
o 65 40
x 66 64
x 67 65
o 68 41
o 69 43
x 70 67
x 71 68
x 72 69
x 73 71
o 74 45
o 75 47
x 76 73
o 77 46
x 78 75
o 79 49
x 80 77
x 81 80
o 82 50
x 83 81
x 84 83
x 85 85
o 86 52
+ 87 52
o 87 54
x 88 87
x 89 88
+ 90 53
+ 90 54
x 90 90
Case #36: 151 100
+ 1 27
+ 1 28
+ 1 29
+ 1 30
+ 1 33
+ 1 34
+ 1 37
+ 1 39
+ 1 40
+ 1 42
+ 1 45
+ 1 48
+ 1 49
+ 1 52
+ 1 53
+ 1 56
+ 1 58
+ 1 59
+ 1 61
+ 1 63
o 2 1
+ 2 63
o 3 3
o 4 7
o 5 2
o 6 10
+ 6 62
o 7 5
o 8 9
o 9 4
+ 9 62
+ 9 63
o 10 12
o 11 16
o 12 6
+ 12 61
o 13 19
o 14 23
o 15 11
+ 15 60
o 16 26
+ 16 62
o 17 28
+ 17 60
o 18 30
o 19 32
+ 19 61
o 20 13
o 21 35
o 22 14
+ 22 62
o 23 38
+ 23 60
o 24 15
o 25 41
+ 25 60
o 26 43
o 27 17
o 28 46
+ 28 59
+ 28 62
o 29 18
o 30 49
o 31 51
+ 31 61
o 32 20
o 33 55
o 34 21
o 35 58
o 36 22
o 37 61
o 38 63
o 39 24
x 40 40
x 41 42
o 42 25
o 43 27
x 44 44
x 45 45
x 46 47
o 47 29
x 48 48
x 49 50
o 50 31
x 51 52
x 52 53
o 53 33
x 54 54
o 55 34
x 56 56
x 57 57
+ 58 33
o 58 36
x 59 59
o 60 37
+ 61 34
+ 61 35
x 61 60
x 62 62
o 63 39
Case #37: 241 159
o 1 1
+ 1 43
+ 1 44
+ 1 45
+ 1 48
+ 1 53
+ 1 55
+ 1 58
+ 1 59
+ 1 61
+ 1 64
+ 1 65
+ 1 66
+ 1 70
+ 1 71
+ 1 74
+ 1 77
+ 1 79
+ 1 80
+ 1 82
+ 1 84
+ 1 85
+ 1 88
+ 1 89
+ 1 91
+ 1 92
+ 1 93
+ 1 96
+ 1 97
+ 1 100
o 2 3
+ 2 100
o 3 5
+ 3 100
o 4 2
o 5 4
o 6 9
+ 6 100
o 7 11
+ 7 100
o 8 13
o 9 15
o 10 6
o 11 8
o 12 22
+ 12 98
o 13 7
o 14 21
+ 14 99
o 15 10
o 16 27
+ 16 98
o 17 30
o 18 32
o 19 34
+ 19 96
o 20 12
+ 20 100
o 21 37
+ 21 96
o 22 39
o 23 14
o 24 17
+ 24 98
o 25 43
o 26 16
+ 26 97
o 27 46
o 28 48
+ 28 100
o 29 50
+ 29 96
o 30 18
o 31 53
o 32 55
+ 32 98
o 33 19
+ 33 94
o 34 23
o 35 20
+ 35 97
o 36 60
o 37 62
+ 37 96
o 38 25
o 39 65
o 40 24
+ 40 96
o 41 68
+ 41 96
o 42 70
o 43 26
o 44 74
+ 44 97
o 45 76
+ 45 95
o 46 28
o 47 79
o 48 29
+ 48 99
o 49 82
+ 49 97
o 50 84
o 51 31
+ 51 97
o 52 87
+ 52 97
o 53 89
o 54 91
o 55 33
+ 55 96
o 56 35
o 57 95
o 58 97
o 59 36
o 60 100
x 61 63
o 62 38
x 63 64
x 64 66
o 65 40
x 66 67
o 67 41
x 68 69
o 69 42
x 70 71
x 71 72
o 72 44
x 73 73
o 74 45
x 75 75
x 76 77
o 77 47
x 78 78
x 79 80
o 80 49
x 81 81
x 82 83
x 83 85
o 84 51
x 85 86
o 86 52
x 87 88
o 88 56
o 89 54
x 90 90
x 91 92
x 92 93
o 93 57
x 94 94
o 95 58
x 96 96
+ 97 57
o 97 59
x 98 98
+ 99 58
x 99 99
+ 100 58
o 100 61
Case #38: 94 63
+ 1 17
+ 1 21
+ 1 23
+ 1 24
+ 1 29
+ 1 30
+ 1 31
+ 1 34
+ 1 35
+ 1 36
+ 1 38
o 2 1
+ 2 40
o 3 3
o 4 5
o 5 2
o 6 4
+ 6 37
o 7 9
o 8 12
+ 8 40
o 9 14
+ 9 36
o 10 16
o 11 6
+ 11 36
o 12 15
+ 12 38
o 13 20
o 14 7
+ 14 38
o 15 23
o 16 25
+ 16 37
o 17 11
o 18 28
+ 18 37
o 19 10
+ 19 37
o 20 31
o 21 13
o 22 18
+ 22 37
o 23 35
o 24 37
o 25 39
x 26 26
o 27 17
x 28 27
x 29 29
o 30 19
x 31 30
x 32 32
o 33 21
x 34 33
o 35 22
x 36 34
x 37 36
+ 38 22
o 38 24
+ 39 24
x 39 38
x 40 40
Case #39: 200 133
+ 1 34
+ 1 37
+ 1 38
+ 1 39
+ 1 40
+ 1 48
+ 1 49
+ 1 52
+ 1 53
+ 1 54
+ 1 56
+ 1 58
+ 1 59
+ 1 62
+ 1 65
+ 1 67
+ 1 68
+ 1 71
+ 1 72
+ 1 74
+ 1 75
+ 1 76
+ 1 77
+ 1 80
+ 1 81
+ 1 84
o 2 1
+ 2 84
o 3 3
o 4 5
o 5 2
o 6 4
+ 6 83
+ 6 84
o 7 9
o 8 11
o 9 13
o 10 15
o 11 6
+ 11 83
o 12 8
+ 12 81
o 13 19
o 14 7
o 15 22
+ 15 80
o 16 10
+ 16 84
o 17 25
o 18 27
o 19 29
+ 19 82
o 20 31
+ 20 82
o 21 12
o 22 14
+ 22 81
o 23 35
+ 23 83
o 24 37
o 25 39
o 26 41
o 27 16
+ 27 83
o 28 18
o 29 45
+ 29 78
+ 29 83
o 30 17
o 31 48
o 32 20
+ 32 82
o 33 51
+ 33 78
o 34 53
o 35 21
o 36 56
+ 36 79
+ 36 82
o 37 59
o 38 61
o 39 23
o 40 64
+ 40 81
o 41 24
o 42 67
o 43 28
+ 43 83
o 44 26
+ 44 79
o 45 71
o 46 73
o 47 75
+ 47 81
o 48 79
o 49 81
o 50 30
o 51 32
o 52 82
x 53 52
x 54 54
o 55 33
x 56 55
o 57 34
x 58 57
o 59 38
x 60 58
x 61 60
o 62 36
x 63 62
x 64 63
o 65 40
o 66 42
x 67 65
x 68 66
x 69 68
o 70 43
x 71 69
x 72 70
o 73 44
o 74 46
x 75 72
x 76 74
o 77 47
x 78 76
+ 79 46
x 79 77
o 80 49
x 81 80
o 82 50
+ 83 48
x 83 83
x 84 84
Case #40: 203 133
+ 1 30
+ 1 34
+ 1 37
+ 1 38
+ 1 39
+ 1 43
+ 1 48
+ 1 49
+ 1 52
+ 1 53
+ 1 54
+ 1 56
+ 1 58
+ 1 59
+ 1 62
+ 1 65
+ 1 67
+ 1 71
+ 1 72
+ 1 74
+ 1 75
+ 1 76
+ 1 77
+ 1 83
+ 1 85
o 2 1
o 3 3
o 4 5
o 5 2
+ 5 85
o 6 4
o 7 9
o 8 11
o 9 13
o 10 15
o 11 6
+ 11 83
o 12 8
+ 12 81
o 13 19
o 14 7
+ 14 82
o 15 22
o 16 10
+ 16 81
o 17 25
o 18 27
+ 18 81
o 19 29
o 20 31
+ 20 82
o 21 12
+ 21 80
o 22 14
+ 22 82
o 23 35
o 24 37
o 25 39
+ 25 81
o 26 41
o 27 16
o 28 18
o 29 45
+ 29 78
+ 29 83
o 30 17
o 31 49
o 32 20
+ 32 77
+ 32 82
o 33 50
o 34 53
+ 34 77
o 35 21
o 36 56
o 37 58
+ 37 83
o 38 60
+ 38 79
o 39 23
o 40 63
o 41 24
o 42 66
+ 42 77
o 43 28
o 44 26
o 45 70
+ 45 85
o 46 72
o 47 74
o 48 76
o 49 79
+ 49 83
o 50 81
o 51 83
o 52 30
o 53 32
o 54 34
o 55 36
o 56 33
x 57 54
x 58 55
x 59 57
x 60 59
x 61 61
o 62 38
x 63 62
x 64 64
o 65 40
x 66 65
x 67 67
o 68 42
x 69 68
o 70 43
x 71 69
o 72 44
x 73 71
x 74 73
x 75 75
o 76 46
o 77 48
x 78 77
+ 79 44
o 79 47
x 80 80
x 81 82
+ 82 45
o 82 51
x 83 84
+ 84 45
x 84 85
+ 85 51
o 85 52
Case #41: 4 1
x 2 1
Case #42: 240 161
+ 1 41
+ 1 43
+ 1 44
+ 1 45
+ 1 49
+ 1 51
+ 1 52
+ 1 55
+ 1 58
+ 1 59
+ 1 60
+ 1 62
+ 1 65
+ 1 66
+ 1 67
+ 1 69
+ 1 70
+ 1 72
+ 1 75
+ 1 77
+ 1 78
+ 1 80
+ 1 82
+ 1 83
+ 1 86
+ 1 89
+ 1 90
+ 1 91
+ 1 92
+ 1 93
+ 1 96
+ 1 99
o 2 1
o 3 4
+ 3 99
+ 3 100
o 4 2
o 5 7
o 6 3
o 7 10
+ 7 100
o 8 12
o 9 5
o 10 15
o 11 17
+ 11 97
o 12 6
o 13 8
+ 13 97
+ 13 100
o 14 21
o 15 23
o 16 25
+ 16 96
o 17 9
+ 17 100
o 18 11
o 19 29
+ 19 97
o 20 31
o 21 33
o 22 35
o 23 13
+ 23 98
o 24 38
+ 24 96
o 25 40
o 26 14
+ 26 96
+ 26 99
o 27 16
o 28 19
o 29 45
o 30 47
o 31 18
+ 31 98
o 32 50
+ 32 94
o 33 52
o 34 54
o 35 20
+ 35 98
o 36 22
o 37 58
+ 37 97
o 38 60
o 39 62
o 40 24
+ 40 96
o 41 65
+ 41 96
o 42 67
o 43 26
+ 43 96
o 44 70
o 45 27
+ 45 97
o 46 73
+ 46 95
o 47 28
o 48 76
+ 48 95
o 49 78
+ 49 95
o 50 30
o 51 81
+ 51 96
o 52 83
o 53 85
o 54 32
o 55 34
o 56 89
+ 56 97
o 57 91
o 58 93
o 59 95
+ 59 98
o 60 36
o 61 99
o 62 37
x 63 63
o 64 41
o 65 39
x 66 64
x 67 66
x 68 68
o 69 42
x 70 69
x 71 71
o 72 43
x 73 72
o 74 44
x 75 74
x 76 75
o 77 46
x 78 77
o 79 51
o 80 48
x 81 79
o 82 49
x 83 80
x 84 82
x 85 84
x 86 86
o 87 53
x 88 87
x 89 90
x 90 92
o 91 55
o 92 57
x 93 94
o 94 56
x 95 96
+ 96 56
o 96 59
x 97 97
x 98 98
+ 99 57
x 99 100
+ 100 59
o 100 61
Case #43: 240 162
o 1 1
+ 1 41
+ 1 42
+ 1 44
+ 1 46
+ 1 47
+ 1 49
+ 1 51
+ 1 52
+ 1 55
+ 1 56
+ 1 60
+ 1 63
+ 1 64
+ 1 66
+ 1 67
+ 1 72
+ 1 73
+ 1 75
+ 1 77
+ 1 78
+ 1 80
+ 1 83
+ 1 85
+ 1 86
+ 1 88
+ 1 91
+ 1 93
+ 1 94
+ 1 96
+ 1 97
+ 1 98
o 2 3
+ 2 100
o 3 5
o 4 2
o 5 4
o 6 10
+ 6 97
+ 6 100
o 7 12
o 8 14
o 9 16
+ 9 98
o 10 7
o 11 19
o 12 6
+ 12 100
o 13 8
+ 13 96
o 14 17
+ 14 100
o 15 11
+ 15 96
o 16 25
o 17 27
o 18 9
o 19 30
+ 19 99
o 20 13
o 21 33
+ 21 96
o 22 36
+ 22 100
o 23 15
+ 23 96
o 24 39
o 25 41
o 26 43
+ 26 95
o 27 45
o 28 18
o 29 48
+ 29 96
+ 29 99
o 30 50
o 31 20
+ 31 99
o 32 53
o 33 55
o 34 21
+ 34 98
o 35 58
+ 35 96
o 36 24
o 37 22
+ 37 97
o 38 62
o 39 23
o 40 65
+ 40 97
+ 40 98
o 41 67
o 42 28
o 43 70
+ 43 96
+ 43 99
o 44 72
o 45 26
o 46 29
+ 46 98
o 47 76
o 48 78
+ 48 97
o 49 80
o 50 32
+ 50 97
o 51 84
o 52 31
o 53 87
+ 53 97
o 54 89
o 55 35
+ 55 97
o 56 92
o 57 34
o 58 95
o 59 37
o 60 98
o 61 100
x 62 63
o 63 38
o 64 40
x 65 64
x 66 66
x 67 68
o 68 42
x 69 69
x 70 71
o 71 44
x 72 73
x 73 74
o 74 46
x 75 75
x 76 77
o 77 47
o 78 49
x 79 79
x 80 81
x 81 82
o 82 51
x 83 83
o 84 52
x 85 85
x 86 86
o 87 54
x 88 88
x 89 90
o 90 56
x 91 91
o 92 57
x 93 93
x 94 94
+ 95 56
o 95 59
x 96 96
o 97 60
+ 98 57
+ 98 58
x 98 97
o 99 61
x 100 99
Case #44: 255 114
x 2 2
x 3 3
x 4 4
x 5 5
x 6 6
x 7 7
x 8 8
x 9 9
x 10 10
x 11 11
x 12 12
x 13 13
x 14 14
x 15 15
x 16 16
x 17 17
x 18 18
x 19 19
x 20 20
x 21 21
x 22 22
x 23 23
x 24 24
x 25 25
x 26 26
x 27 27
x 28 28
x 29 29
x 30 30
x 31 72
x 32 73
x 33 74
x 34 75
x 35 76
x 36 77
x 37 78
x 38 79
x 39 80
x 40 81
x 41 82
x 42 83
x 43 84
x 44 85
x 45 86
x 46 87
x 47 88
x 48 89
x 49 90
x 50 91
o 51 51
x 52 92
o 53 50
o 54 52
o 55 49
o 56 55
o 57 48
o 58 54
x 59 93
o 60 47
o 61 53
o 62 46
o 63 56
o 64 45
o 65 60
o 66 44
o 67 57
x 68 94
o 69 58
o 70 43
o 71 59
x 72 95
o 73 42
x 74 96
o 75 41
o 76 61
o 77 40
o 78 64
o 79 39
o 80 63
+ 81 51
+ 81 52
x 81 97
o 82 38
+ 83 51
o 83 62
o 84 37
+ 84 51
o 85 65
o 86 36
+ 86 50
+ 87 52
o 87 69
o 88 35
+ 88 50
o 89 66
+ 90 51
x 90 98
+ 91 49
o 91 67
o 92 34
o 93 68
+ 94 53
x 94 99
o 95 33
+ 95 49
+ 96 53
o 96 70
o 97 32
+ 97 49
+ 98 53
x 98 100
o 99 71
o 100 31
+ 100 48
Case #45: 99 64
+ 1 17
+ 1 22
+ 1 23
+ 1 26
+ 1 27
+ 1 28
+ 1 29
+ 1 30
+ 1 34
+ 1 38
+ 1 39
+ 1 40
o 2 1
o 3 3
o 4 5
o 5 2
o 6 4
+ 6 41
o 7 9
o 8 11
o 9 13
+ 9 40
o 10 15
+ 10 40
o 11 6
o 12 8
o 13 19
o 14 7
+ 14 38
o 15 22
o 16 10
+ 16 39
o 17 25
+ 17 37
o 18 27
o 19 29
o 20 31
+ 20 38
o 21 12
+ 21 40
o 22 34
o 23 36
+ 23 40
o 24 14
o 25 39
o 26 18
+ 26 41
o 27 16
x 28 28
o 29 17
x 30 30
x 31 32
x 32 35
o 33 20
x 34 37
x 35 38
o 36 21
o 37 23
x 38 40
x 39 41
+ 40 22
x 40 42
o 41 24
o 42 26
Case #46: 226 152
+ 1 37
+ 1 38
+ 1 39
+ 1 40
+ 1 43
+ 1 48
+ 1 49
+ 1 52
+ 1 53
+ 1 54
+ 1 56
+ 1 59
+ 1 62
+ 1 65
+ 1 66
+ 1 69
+ 1 70
+ 1 71
+ 1 72
+ 1 75
+ 1 76
+ 1 77
+ 1 80
+ 1 81
+ 1 82
+ 1 85
+ 1 88
+ 1 90
+ 1 91
+ 1 93
o 2 1
o 3 3
+ 3 94
o 4 5
o 5 2
o 6 4
+ 6 94
o 7 9
+ 7 92
o 8 11
+ 8 94
o 9 13
o 10 15
o 11 6
+ 11 93
+ 11 94
o 12 8
o 13 19
o 14 7
o 15 22
+ 15 92
o 16 10
+ 16 94
o 17 25
o 18 27
o 19 29
+ 19 92
o 20 31
+ 20 92
o 21 12
o 22 14
o 23 35
o 24 38
+ 24 91
o 25 40
o 26 42
+ 26 92
o 27 16
o 28 18
o 29 46
+ 29 91
+ 29 92
o 30 17
o 31 49
o 32 20
+ 32 91
o 33 52
+ 33 93
o 34 54
o 35 21
o 36 57
+ 36 92
o 37 59
o 38 23
o 39 62
o 40 24
+ 40 89
+ 40 94
o 41 65
o 42 67
o 43 26
+ 43 88
+ 43 93
o 44 70
o 45 72
o 46 28
o 47 75
+ 47 90
o 48 77
+ 48 94
o 49 30
+ 49 90
o 50 80
+ 50 94
o 51 82
o 52 32
o 53 85
+ 53 93
o 54 33
o 55 88
o 56 34
o 57 91
o 58 93
o 59 36
x 60 60
o 61 37
x 62 61
x 63 63
o 64 39
x 65 64
x 66 66
o 67 41
x 68 68
x 69 69
o 70 43
x 71 71
o 72 44
x 73 73
o 74 45
x 75 74
x 76 76
o 77 47
x 78 78
o 79 48
x 80 79
x 81 81
o 82 50
x 83 83
o 84 51
x 85 84
x 86 86
o 87 53
x 88 87
x 89 89
+ 90 51
o 90 55
x 91 90
x 92 92
o 93 56
+ 93 57
+ 94 53
x 94 94
Case #47: 240 163
+ 1 39
+ 1 41
+ 1 42
+ 1 45
+ 1 46
+ 1 48
+ 1 52
+ 1 55
+ 1 57
+ 1 58
+ 1 62
+ 1 63
+ 1 64
+ 1 65
+ 1 67
+ 1 69
+ 1 70
+ 1 72
+ 1 75
+ 1 77
+ 1 78
+ 1 81
+ 1 82
+ 1 85
+ 1 86
+ 1 87
+ 1 91
+ 1 92
+ 1 94
+ 1 95
+ 1 96
+ 1 98
+ 1 100
o 2 1
+ 2 48
+ 2 100
o 3 4
o 4 2
o 5 7
o 6 3
o 7 10
o 8 12
+ 8 97
+ 8 100
o 9 5
o 10 15
o 11 17
+ 11 99
o 12 6
o 13 8
+ 13 100
o 14 21
o 15 23
o 16 25
+ 16 99
o 17 9
+ 17 99
o 18 11
o 19 29
o 20 31
+ 20 98
o 21 33
+ 21 100
o 22 35
o 23 13
o 24 38
+ 24 96
+ 24 99
o 25 14
o 26 41
+ 26 99
o 27 18
o 28 16
+ 28 98
o 29 45
o 30 47
o 31 50
+ 31 98
o 32 52
o 33 19
+ 33 98
o 34 55
o 35 20
+ 35 95
o 36 54
o 37 24
o 38 22
+ 38 96
o 39 61
+ 39 98
o 40 63
o 41 65
o 42 67
+ 42 94
o 43 26
+ 43 98
o 44 70
+ 44 94
o 45 27
o 46 73
+ 46 99
o 47 28
+ 47 95
o 48 76
o 49 78
o 50 30
+ 50 99
o 51 81
+ 51 93
o 52 83
o 53 32
o 54 86
o 55 88
o 56 90
+ 56 99
o 57 34
o 58 36
o 59 94
+ 59 98
o 60 96
o 61 37
o 62 99
x 63 62
x 64 64
o 65 39
x 66 66
o 67 40
o 68 43
x 69 68
o 70 42
x 71 69
x 72 71
o 73 44
x 74 72
x 75 74
o 76 46
x 77 75
x 78 77
x 79 79
o 80 48
x 81 80
o 82 51
x 83 82
x 84 84
x 85 85
o 86 53
x 87 87
x 88 89
x 89 91
x 90 92
o 91 56
o 92 58
x 93 93
+ 94 54
o 94 57
o 95 59
x 96 95
+ 97 55
x 97 97
o 98 60
+ 99 60
x 99 98
x 100 100
Case #48: 28 17
+ 1 7
+ 1 8
+ 1 10
+ 1 12
o 2 1
o 3 4
+ 3 11
o 4 2
o 5 5
o 6 9
+ 6 11
o 7 11
x 8 7
x 9 10
o 10 6
o 11 8
x 12 12
Case #49: 241 161
o 1 1
+ 1 42
+ 1 45
+ 1 46
+ 1 49
+ 1 52
+ 1 53
+ 1 54
+ 1 57
+ 1 59
+ 1 60
+ 1 62
+ 1 65
+ 1 66
+ 1 67
+ 1 69
+ 1 72
+ 1 74
+ 1 75
+ 1 77
+ 1 78
+ 1 81
+ 1 82
+ 1 85
+ 1 86
+ 1 87
+ 1 88
+ 1 91
+ 1 94
+ 1 95
+ 1 96
+ 1 99
+ 1 100
o 2 5
o 3 2
o 4 8
+ 4 100
o 5 3
o 6 11
o 7 4
+ 7 98
o 8 14
o 9 16
o 10 6
+ 10 99
o 11 20
+ 11 99
o 12 7
o 13 23
o 14 25
o 15 9
+ 15 98
o 16 28
o 17 10
+ 17 99
o 18 31
+ 18 97
o 19 33
o 20 12
+ 20 98
o 21 36
o 22 13
o 23 39
+ 23 98
o 24 41
+ 24 96
o 25 15
o 26 45
o 27 47
+ 27 96
o 28 17
+ 28 98
o 29 51
+ 29 96
o 30 18
o 31 54
o 32 19
o 33 57
+ 33 96
o 34 59
+ 34 96
o 35 21
o 36 62
o 37 22
+ 37 97
o 38 65
o 39 67
o 40 24
+ 41 1
o 41 70
+ 41 95
+ 41 98
o 42 72
o 43 26
+ 43 98
o 44 75
+ 44 94
o 45 27
o 46 78
o 47 80
+ 47 96
o 48 29
o 49 83
+ 49 95
o 50 85
+ 50 97
o 51 30
o 52 32
o 53 89
o 54 91
+ 54 96
o 55 93
+ 55 98
o 56 95
o 57 34
o 58 98
o 59 35
x 60 61
x 61 63
o 62 37
x 63 64
o 64 38
o 65 43
x 66 66
o 67 40
x 68 68
x 69 69
o 70 42
x 71 71
x 72 73
o 73 44
x 74 74
x 75 76
o 76 46
x 77 77
x 78 79
x 79 81
o 80 48
o 81 50
x 82 82
x 83 84
o 84 49
o 85 52
x 86 86
o 87 53
x 88 87
x 89 88
x 90 90
o 91 55
x 92 92
o 93 56
x 94 94
x 95 96
o 96 58
+ 97 55
x 97 97
+ 98 57
x 98 99
o 99 60
+ 100 57
x 100 100
Case #50: 179 119
+ 1 30
+ 1 33
+ 1 34
+ 1 37
+ 1 38
+ 1 39
+ 1 40
+ 1 43
+ 1 49
+ 1 51
+ 1 53
+ 1 54
+ 1 56
+ 1 58
+ 1 62
+ 1 64
+ 1 65
+ 1 67
+ 1 70
+ 1 71
+ 1 72
+ 1 75
o 2 1
o 3 3
o 4 5
+ 4 66
o 5 2
o 6 4
+ 6 73
o 7 9
+ 7 75
o 8 11
+ 8 73
o 9 13
o 10 15
o 11 6
o 12 8
+ 12 71
o 13 19
+ 13 73
o 14 7
o 15 22
o 16 10
+ 16 74
o 17 25
+ 17 68
o 18 27
+ 18 74
o 19 29
o 20 31
+ 20 69
o 21 12
o 22 14
o 23 35
+ 23 70
o 24 37
o 25 39
o 26 41
+ 26 69
+ 26 72
o 27 16
o 28 18
+ 28 72
o 29 45
+ 29 70
o 30 47
o 31 49
o 32 17
+ 32 72
o 33 20
o 34 53
o 35 21
o 36 24
+ 36 70
+ 36 71
o 37 57
o 38 59
o 39 23
o 40 62
+ 40 70
+ 40 71
o 41 64
o 42 66
o 43 26
o 44 70
o 45 72
o 46 74
o 47 28
o 48 30
x 49 48
o 50 75
x 51 50
o 52 32
x 53 51
x 54 52
o 55 33
x 56 54
o 57 34
x 58 55
x 59 56
o 60 36
o 61 40
x 62 58
x 63 60
x 64 61
o 65 38
x 66 63
o 67 42
x 68 65
o 69 43
x 70 67
x 71 68
+ 72 41
o 72 44
x 73 71
+ 74 41
+ 74 44
x 74 73
o 75 46
Case #51: 239 163
o 1 1
+ 1 42
+ 1 47
+ 1 48
+ 1 51
+ 1 52
+ 1 53
+ 1 55
+ 1 57
+ 1 58
+ 1 61
+ 1 64
+ 1 66
+ 1 67
+ 1 70
+ 1 71
+ 1 73
+ 1 74
+ 1 75
+ 1 76
+ 1 79
+ 1 80
+ 1 83
+ 1 84
+ 1 87
+ 1 88
+ 1 91
+ 1 92
+ 1 97
+ 1 98
+ 1 99
+ 1 100
o 2 3
o 3 5
o 4 2
+ 4 99
o 5 4
o 6 9
+ 6 99
+ 6 100
o 7 11
o 8 13
+ 8 100
o 9 15
o 10 6
o 11 8
+ 11 99
+ 11 100
o 12 19
o 13 7
o 14 22
+ 14 99
o 15 10
o 16 25
+ 16 100
o 17 27
o 18 29
o 19 31
+ 19 99
+ 19 100
o 20 12
o 21 14
o 22 35
o 23 37
+ 23 99
o 24 39
o 25 41
o 26 16
o 27 18
+ 27 98
o 28 45
o 29 17
o 30 48
+ 30 97
o 31 20
+ 31 99
o 32 51
o 33 53
o 34 21
+ 34 98
o 35 56
+ 35 96
o 36 58
+ 36 98
o 37 60
+ 38 1
o 38 23
+ 38 97
o 39 63
o 40 24
+ 40 98
o 41 66
o 42 28
o 43 26
+ 43 98
o 44 70
o 45 72
+ 45 98
o 46 74
o 47 76
+ 47 95
o 48 78
o 49 30
+ 49 98
o 50 32
o 51 82
+ 51 95
o 52 84
o 53 86
+ 53 98
o 54 33
+ 54 96
o 55 89
+ 55 98
o 56 34
+ 56 96
o 57 92
o 58 38
+ 58 97
o 59 36
o 60 96
o 61 98
o 62 100
x 63 62
o 64 40
x 65 64
x 66 65
o 67 42
x 68 67
o 69 43
x 70 68
o 71 44
x 72 69
x 73 71
x 74 73
o 75 46
x 76 75
o 77 47
o 78 50
x 79 77
o 80 49
x 81 79
x 82 80
x 83 81
x 84 83
o 85 52
o 86 54
x 87 85
x 88 87
x 89 88
o 90 55
o 91 57
x 92 90
x 93 91
x 94 93
o 95 59
x 96 94
x 97 95
+ 98 59
x 98 97
+ 99 59
o 99 61
x 100 99
Case #52: 256 115
o 1 1
x 2 2
x 3 3
x 4 4
x 5 5
x 6 6
x 7 7
x 8 8
x 9 9
x 10 10
x 11 11
x 12 12
x 13 13
x 14 14
x 15 15
x 16 16
x 17 17
x 18 18
x 19 19
x 20 20
x 21 21
x 22 22
x 23 23
x 24 24
x 25 25
x 26 26
x 27 27
x 28 28
x 29 29
x 30 71
x 31 72
x 32 73
x 33 74
x 34 75
x 35 76
x 36 77
x 37 78
x 38 79
x 39 80
x 40 81
x 41 82
x 42 83
x 43 84
x 44 85
x 45 86
x 46 87
x 47 88
x 48 89
x 49 90
x 50 91
x 51 92
o 52 50
o 53 52
o 54 49
o 55 51
o 56 48
o 57 54
x 58 93
o 59 53
o 60 47
x 61 94
o 62 46
o 63 56
o 64 45
o 65 55
o 66 44
o 67 58
x 68 95
o 69 57
o 70 43
o 71 60
o 72 42
o 73 59
o 74 41
x 75 96
o 76 40
o 77 62
o 78 39
o 79 61
o 80 38
+ 81 52
o 81 64
x 82 97
+ 83 51
+ 83 52
o 83 63
o 84 37
+ 85 51
x 85 98
o 86 36
+ 86 51
o 87 66
o 88 35
+ 88 50
+ 89 52
o 89 65
o 90 34
+ 91 51
o 91 68
+ 92 51
x 92 99
o 93 67
o 94 33
+ 94 50
+ 95 52
o 95 70
o 96 32
+ 97 51
+ 97 52
o 97 69
o 98 31
+ 99 51
x 99 100
o 100 30
+ 100 51
Case #53: 116 77
+ 1 20
+ 1 23
+ 1 24
+ 1 28
+ 1 29
+ 1 34
+ 1 35
+ 1 36
+ 1 37
+ 1 39
+ 1 40
+ 1 42
+ 1 43
+ 1 45
+ 1 47
+ 1 48
o 2 1
+ 2 31
o 3 3
+ 3 48
o 4 5
o 5 2
+ 5 48
o 6 4
o 7 10
+ 7 47
o 8 12
o 9 14
o 10 16
+ 10 47
o 11 7
o 12 19
o 13 6
o 14 8
o 15 17
+ 15 46
+ 15 47
o 16 11
o 17 25
+ 17 47
o 18 27
o 19 9
o 20 30
+ 20 46
o 21 13
o 22 33
+ 22 46
+ 22 47
o 23 35
o 24 15
o 25 38
o 26 41
o 27 43
+ 27 47
+ 27 48
o 28 45
o 29 18
o 30 48
x 31 31
o 32 20
x 33 34
x 34 36
o 35 21
o 36 23
x 37 37
o 38 22
x 39 39
x 40 40
o 41 24
x 42 42
o 43 28
x 44 44
x 45 46
o 46 26
o 47 29
+ 48 29
x 48 47
Case #54: 256 114
o 2 1
x 3 3
x 4 4
x 5 5
x 6 6
x 7 7
x 8 8
x 9 9
x 10 10
x 11 11
x 12 12
x 13 13
x 14 14
x 15 15
x 16 16
x 17 17
x 18 18
x 19 19
x 20 20
x 21 21
x 22 22
x 23 23
x 24 24
x 25 25
x 26 26
x 27 27
x 28 28
x 29 29
x 30 71
x 31 72
x 32 73
x 33 74
x 34 75
x 35 76
x 36 77
x 37 78
x 38 79
x 39 80
x 40 81
x 41 82
x 42 83
x 43 84
x 44 85
x 45 86
x 46 87
x 47 88
x 48 89
x 49 90
x 50 91
o 51 52
o 52 50
x 53 92
o 54 51
o 55 49
x 56 93
o 57 53
o 58 48
o 59 54
o 60 47
x 61 94
o 62 46
o 63 55
o 64 45
o 65 56
o 66 59
o 67 44
x 68 95
o 69 43
o 70 58
o 71 60
o 72 42
x 73 96
o 74 41
o 75 57
o 76 40
o 77 62
o 78 39
o 79 65
o 80 63
o 81 38
+ 81 52
x 82 97
o 83 37
+ 83 51
+ 83 52
o 84 64
+ 85 51
o 85 61
o 86 36
+ 86 51
o 87 66
o 88 35
+ 88 50
+ 89 52
o 89 67
o 90 34
+ 90 50
x 91 98
+ 92 50
x 92 99
o 93 33
+ 93 52
o 94 69
o 95 32
+ 96 51
o 96 68
+ 97 53
o 97 70
o 98 31
+ 98 51
x 99 100
o 100 30
+ 100 51
+ 100 52
Case #55: 242 161
o 1 1
+ 1 43
+ 1 44
+ 1 49
+ 1 51
+ 1 52
+ 1 54
+ 1 56
+ 1 57
+ 1 60
+ 1 62
+ 1 63
+ 1 65
+ 1 68
+ 1 70
+ 1 71
+ 1 73
+ 1 75
+ 1 76
+ 1 79
+ 1 82
+ 1 83
+ 1 84
+ 1 86
+ 1 88
+ 1 89
+ 1 92
+ 1 95
+ 1 96
+ 1 97
+ 1 100
o 2 6
+ 2 100
o 3 4
o 4 2
o 5 10
o 6 5
+ 6 99
o 7 3
+ 7 99
o 8 14
o 9 17
o 10 7
+ 10 100
o 11 20
+ 11 100
o 12 24
o 13 8
o 14 27
+ 14 100
o 15 9
o 16 30
+ 16 100
o 17 32
+ 17 96
o 18 11
o 19 35
+ 19 99
o 20 12
o 21 39
+ 21 98
o 22 13
o 23 42
o 24 44
+ 24 97
+ 24 100
o 25 15
o 26 47
o 27 16
o 28 50
+ 28 99
o 29 52
+ 29 97
o 30 18
o 31 55
o 32 19
+ 32 97
o 33 58
+ 33 99
o 34 60
o 35 21
o 36 63
+ 36 99
o 37 22
+ 37 97
o 38 66
o 39 23
o 40 69
+ 40 97
+ 40 98
+ 41 1
o 41 71
o 42 25
o 43 74
o 44 26
+ 44 98
o 45 77
+ 45 94
o 46 79
o 47 28
o 48 82
+ 48 100
o 49 84
+ 49 96
o 50 29
o 51 31
o 52 88
+ 52 98
o 53 90
+ 53 94
o 54 92
o 55 33
o 56 95
+ 56 100
o 57 97
o 58 34
o 59 36
x 60 61
x 61 62
x 62 64
o 63 37
x 64 65
o 65 38
o 66 41
x 67 67
o 68 40
x 69 68
x 70 70
x 71 72
o 72 43
x 73 73
x 74 75
o 75 45
x 76 76
o 77 46
x 78 78
x 79 80
o 80 48
x 81 81
o 82 49
x 83 83
x 84 85
o 85 51
x 86 86
x 87 87
o 88 53
x 89 89
o 90 54
x 91 91
x 92 93
o 93 56
x 94 94
o 95 57
x 96 96
+ 97 56
x 97 98
o 98 59
+ 99 56
x 99 99
+ 100 58
x 100 100
Case #56: 241 160
o 1 1
+ 1 41
+ 1 43
+ 1 44
+ 1 48
+ 1 49
+ 1 51
+ 1 52
+ 1 55
+ 1 56
+ 1 59
+ 1 60
+ 1 61
+ 1 65
+ 1 69
+ 1 72
+ 1 73
+ 1 75
+ 1 78
+ 1 80
+ 1 81
+ 1 83
+ 1 84
+ 1 87
+ 1 89
+ 1 90
+ 1 92
+ 1 95
+ 1 96
+ 1 97
+ 1 100
o 2 4
o 3 7
o 4 3
o 5 6
o 6 2
+ 6 98
o 7 12
+ 7 100
o 8 5
+ 8 98
o 9 15
o 10 17
o 11 9
+ 11 98
o 12 20
o 13 8
o 14 23
+ 14 98
+ 14 99
o 15 26
o 16 10
o 17 29
o 18 11
+ 18 96
+ 18 99
o 19 32
o 20 34
o 21 13
o 22 37
+ 22 97
+ 22 98
o 23 40
o 24 14
o 25 43
+ 25 98
o 26 45
+ 26 96
o 27 16
o 28 19
+ 28 97
o 29 49
o 30 18
+ 30 96
o 31 52
o 32 54
+ 32 97
o 33 56
o 34 21
o 35 59
+ 35 97
o 36 22
+ 36 97
o 37 62
o 38 64
o 39 66
+ 39 95
o 40 24
+ 40 97
o 41 69
o 42 25
o 43 72
o 44 74
+ 44 96
o 45 27
+ 45 98
o 46 31
o 47 28
o 48 79
+ 48 94
o 49 81
+ 49 98
o 50 30
+ 50 94
o 51 84
o 52 86
o 53 88
+ 53 98
o 54 33
o 55 91
o 56 93
o 57 35
+ 57 98
o 58 96
o 59 36
o 60 99
x 61 63
o 62 38
x 63 65
o 64 39
x 65 67
x 66 68
o 67 41
x 68 70
o 69 42
x 70 71
x 71 73
o 72 44
x 73 75
x 74 76
o 75 46
x 76 77
o 77 47
x 78 78
x 79 80
o 80 48
o 81 50
x 82 82
x 83 83
x 84 85
o 85 51
o 86 53
x 87 87
x 88 89
x 89 90
o 90 55
x 91 92
x 92 94
o 93 57
+ 94 54
x 94 95
o 95 58
x 96 97
+ 97 55
x 97 98
o 98 60
+ 99 58
x 99 100
+ 100 56
o 100 61
Case #57: 107 70
+ 1 22
+ 1 23
+ 1 26
+ 1 27
+ 1 28
+ 1 29
+ 1 30
+ 1 33
+ 1 34
+ 1 37
+ 1 39
+ 1 40
+ 1 43
o 2 1
o 3 3
o 4 5
+ 4 45
o 5 2
+ 5 45
o 6 4
o 7 9
o 8 11
o 9 13
+ 9 44
o 10 15
+ 10 44
o 11 6
o 12 8
+ 12 43
o 13 19
o 14 7
o 15 22
+ 15 45
o 16 10
o 17 25
+ 17 40
o 18 27
o 19 29
o 20 31
+ 20 39
o 21 12
+ 21 45
o 22 14
o 23 35
+ 23 40
o 24 37
+ 24 44
o 25 39
o 26 41
o 27 16
+ 27 45
o 28 18
o 29 45
o 30 17
x 31 30
o 32 20
x 33 32
x 34 33
o 35 21
x 36 34
x 37 36
x 38 40
o 39 23
x 40 42
o 41 24
x 42 43
o 43 28
+ 44 25
o 44 26
x 45 44
Case #58: 256 114
x 2 1
x 3 3
x 4 4
x 5 5
x 6 6
x 7 7
x 8 8
x 9 9
x 10 10
x 11 11
x 12 12
x 13 13
x 14 14
x 15 15
x 16 16
x 17 17
x 18 18
x 19 19
x 20 20
x 21 21
x 22 22
x 23 23
x 24 24
x 25 25
x 26 26
x 27 27
x 28 28
x 29 29
x 30 71
x 31 72
x 32 73
x 33 74
x 34 75
x 35 76
x 36 77
x 37 78
x 38 79
x 39 80
x 40 81
x 41 82
x 42 83
x 43 84
x 44 85
x 45 86
x 46 87
x 47 88
x 48 89
x 49 90
x 50 91
x 51 92
o 52 50
o 53 52
o 54 49
o 55 51
o 56 48
o 57 54
x 58 93
o 59 53
o 60 47
x 61 94
o 62 46
o 63 56
o 64 45
o 65 55
o 66 44
o 67 58
x 68 95
o 69 57
o 70 43
o 71 60
o 72 42
o 73 59
o 74 41
x 75 96
o 76 40
o 77 62
o 78 39
o 79 61
o 80 38
+ 81 52
o 81 64
x 82 97
+ 83 51
+ 83 52
o 83 63
o 84 37
+ 85 51
x 85 98
o 86 36
+ 86 51
o 87 66
o 88 35
+ 88 50
+ 89 52
o 89 65
o 90 34
+ 91 51
o 91 68
+ 92 51
x 92 99
o 93 67
o 94 33
+ 94 50
+ 95 52
o 95 70
o 96 32
+ 97 51
+ 97 52
o 97 69
o 98 31
+ 99 51
x 99 100
o 100 30
+ 100 51
Case #59: 141 94
+ 1 23
+ 1 26
+ 1 27
+ 1 28
+ 1 29
+ 1 30
+ 1 33
+ 1 34
+ 1 37
+ 1 38
+ 1 40
+ 1 43
+ 1 48
+ 1 49
+ 1 52
+ 1 53
+ 1 54
+ 1 56
+ 1 58
+ 1 59
o 2 1
o 3 3
o 4 5
o 5 2
+ 5 59
o 6 4
o 7 9
+ 7 56
o 8 11
o 9 13
o 10 15
o 11 6
o 12 8
+ 12 57
+ 12 58
o 13 19
o 14 7
+ 14 57
o 15 22
+ 15 59
o 16 10
o 17 25
+ 17 58
o 18 27
+ 18 58
o 19 29
o 20 31
o 21 12
+ 21 56
o 22 14
+ 22 56
o 23 35
o 24 37
o 25 40
+ 25 56
o 26 42
+ 26 56
o 27 16
o 28 18
o 29 43
o 30 17
o 31 48
+ 31 54
+ 31 55
o 32 20
o 33 51
o 34 53
o 35 21
o 36 56
o 37 58
x 38 36
o 39 23
x 40 41
o 41 26
o 42 24
x 43 44
x 44 45
o 45 28
x 46 46
x 47 47
x 48 49
x 49 50
o 50 30
o 51 32
x 52 52
x 53 54
x 54 55
o 55 33
x 56 57
+ 57 32
+ 57 33
o 57 34
x 58 59
o 59 38
Case #60: 240 163
+ 1 39
+ 1 41
+ 1 42
+ 1 45
+ 1 46
+ 1 48
+ 1 49
+ 1 52
+ 1 55
+ 1 57
+ 1 58
+ 1 62
+ 1 63
+ 1 64
+ 1 65
+ 1 67
+ 1 69
+ 1 70
+ 1 72
+ 1 75
+ 1 77
+ 1 78
+ 1 81
+ 1 84
+ 1 85
+ 1 86
+ 1 88
+ 1 90
+ 1 91
+ 1 93
+ 1 95
+ 1 96
+ 1 98
+ 1 100
o 2 1
+ 2 100
o 3 4
o 4 2
o 5 7
o 6 3
+ 6 99
o 7 10
o 8 12
o 9 5
o 10 15
+ 10 98
o 11 17
o 12 6
+ 12 98
o 13 8
o 14 21
o 15 23
o 16 25
+ 16 97
o 17 9
+ 17 99
o 18 11
+ 18 97
o 19 29
o 20 31
+ 20 98
o 21 33
o 22 35
o 23 13
+ 23 98
o 24 38
+ 24 96
o 25 14
+ 25 98
o 26 41
o 27 18
o 28 16
+ 28 98
o 29 45
+ 29 96
o 30 47
o 31 49
o 32 51
+ 32 97
o 33 19
o 34 54
o 35 20
o 36 57
+ 36 96
o 37 24
+ 37 96
o 38 22
+ 38 96
o 39 61
o 40 63
+ 40 95
o 41 65
o 42 67
+ 42 94
o 43 26
+ 43 96
o 44 70
o 45 27
o 46 73
+ 46 96
o 47 28
o 48 76
o 49 78
+ 49 95
+ 49 98
o 50 80
o 51 30
o 52 32
o 53 84
+ 53 96
o 54 86
+ 54 96
o 55 88
o 56 34
o 57 91
o 58 93
+ 58 97
o 59 36
o 60 96
o 61 37
o 62 99
x 63 62
x 64 64
o 65 39
x 66 66
o 67 40
o 68 43
x 69 68
o 70 42
x 71 69
x 72 71
o 73 44
x 74 72
x 75 74
o 76 46
x 77 75
x 78 77
x 79 79
o 80 48
o 81 50
x 82 81
x 83 82
x 84 83
x 85 85
o 86 52
x 87 87
o 88 53
o 89 56
x 90 89
o 91 55
x 92 90
x 93 92
x 94 94
o 95 58
+ 96 56
x 96 95
x 97 97
+ 98 56
+ 98 59
o 98 60
x 99 98
+ 100 59
x 100 100
Case #61: 240 163
o 1 1
+ 1 42
+ 1 47
+ 1 48
+ 1 51
+ 1 52
+ 1 53
+ 1 55
+ 1 57
+ 1 58
+ 1 61
+ 1 64
+ 1 66
+ 1 67
+ 1 70
+ 1 71
+ 1 73
+ 1 74
+ 1 75
+ 1 76
+ 1 79
+ 1 80
+ 1 83
+ 1 84
+ 1 87
+ 1 88
+ 1 91
+ 1 92
+ 1 97
+ 1 98
+ 1 99
+ 1 100
o 2 3
o 3 5
o 4 2
+ 4 99
o 5 4
o 6 9
+ 6 99
+ 6 100
o 7 11
o 8 13
o 9 15
+ 9 98
o 10 6
o 11 8
+ 11 99
o 12 19
o 13 7
+ 13 98
o 14 22
o 15 10
+ 15 99
o 16 25
+ 16 97
o 17 27
o 18 29
o 19 31
o 20 12
+ 20 97
+ 20 100
o 21 14
o 22 35
o 23 37
+ 23 99
o 24 39
o 25 41
o 26 16
o 27 18
+ 27 98
o 28 45
o 29 17
+ 29 97
o 30 48
o 31 20
+ 31 98
o 32 51
o 33 53
+ 33 97
o 34 21
o 35 56
+ 35 97
o 36 58
+ 36 97
o 37 60
o 38 23
+ 38 97
o 39 63
o 40 24
+ 40 98
o 41 67
o 42 28
+ 42 97
o 43 26
o 44 71
o 45 73
+ 45 98
o 46 75
o 47 77
+ 47 95
o 48 79
o 49 30
+ 49 98
o 50 32
o 51 83
+ 51 95
o 52 85
o 53 87
+ 53 95
+ 53 98
o 54 33
o 55 90
+ 55 98
o 56 34
+ 56 96
o 57 93
o 58 38
+ 58 97
o 59 36
o 60 97
o 61 99
x 62 64
x 63 65
o 64 40
x 65 66
x 66 68
o 67 42
x 68 69
o 69 43
x 70 70
x 71 72
o 72 44
o 73 46
x 74 74
x 75 76
o 76 47
x 77 78
x 78 80
o 79 49
x 80 81
o 81 50
x 82 82
x 83 84
o 84 52
x 85 86
x 86 88
o 87 54
x 88 89
o 89 55
x 90 91
x 91 92
o 92 57
x 93 94
x 94 95
o 95 59
x 96 96
x 97 98
+ 98 58
o 98 61
x 99 100
+ 100 58
+ 100 61
o 100 62
Case #62: 239 162
+ 1 39
+ 1 40
+ 1 43
+ 1 48
+ 1 49
+ 1 52
+ 1 53
+ 1 54
+ 1 56
+ 1 58
+ 1 59
+ 1 62
+ 1 65
+ 1 67
+ 1 68
+ 1 71
+ 1 72
+ 1 74
+ 1 75
+ 1 76
+ 1 77
+ 1 80
+ 1 81
+ 1 84
+ 1 85
+ 1 88
+ 1 92
+ 1 93
+ 1 98
+ 1 99
+ 1 100
o 2 1
+ 2 88
o 3 3
+ 3 99
o 4 5
o 5 2
+ 5 99
o 6 4
o 7 9
+ 7 100
o 8 11
+ 8 98
o 9 13
o 10 15
+ 10 99
o 11 6
o 12 8
+ 12 100
o 13 19
+ 13 98
o 14 7
o 15 22
o 16 10
+ 16 98
o 17 25
o 18 27
+ 18 99
o 19 29
o 20 31
o 21 12
+ 21 98
+ 21 99
o 22 14
o 23 35
o 24 37
o 25 39
o 26 41
o 27 16
+ 27 96
+ 27 99
o 28 18
o 29 45
o 30 17
+ 30 98
o 31 48
o 32 20
o 33 51
+ 33 98
o 34 53
o 35 21
+ 35 97
+ 35 98
o 36 56
o 37 58
o 38 60
+ 38 97
+ 38 98
o 39 23
o 40 63
o 41 24
o 42 66
o 43 28
+ 43 99
o 44 26
o 45 70
+ 45 94
+ 45 99
o 46 72
o 47 74
o 48 76
o 49 78
+ 49 94
+ 49 99
o 50 30
o 51 32
o 52 82
+ 52 95
o 53 84
+ 53 99
o 54 86
o 55 33
+ 55 96
+ 55 99
o 56 90
o 57 34
o 58 91
+ 58 98
o 59 38
o 60 36
o 61 96
o 62 98
o 63 100
x 64 62
o 65 40
x 66 64
x 67 65
o 68 42
x 69 67
o 70 43
x 71 68
o 72 44
x 73 69
x 74 71
x 75 73
o 76 46
x 77 75
o 78 47
o 79 50
x 80 77
o 81 49
x 82 79
x 83 80
x 84 81
x 85 83
o 86 52
o 87 54
x 88 85
x 89 87
o 90 55
x 91 88
x 92 92
o 93 57
x 94 93
x 95 94
o 96 59
+ 97 56
x 97 95
+ 98 60
x 98 97
x 99 99
o 100 61
Case #63: 53 34
+ 1 10
+ 1 11
+ 1 12
+ 1 13
+ 1 14
+ 1 22
o 2 1
+ 2 22
o 3 3
o 4 5
o 5 2
+ 5 22
o 6 4
o 7 9
+ 7 21
+ 7 22
o 8 11
o 9 13
o 10 15
o 11 6
+ 11 19
o 12 8
o 13 19
o 14 7
o 15 22
o 16 10
x 17 16
x 18 18
x 19 20
x 20 21
+ 21 10
o 21 12
+ 22 12
o 22 14
Case #64: 240 161
o 1 1
+ 1 42
+ 1 43
+ 1 46
+ 1 47
+ 1 50
+ 1 51
+ 1 54
+ 1 56
+ 1 57
+ 1 59
+ 1 62
+ 1 63
+ 1 64
+ 1 68
+ 1 69
+ 1 72
+ 1 73
+ 1 75
+ 1 77
+ 1 78
+ 1 82
+ 1 83
+ 1 86
+ 1 87
+ 1 88
+ 1 91
+ 1 92
+ 1 93
+ 1 96
+ 1 99
+ 1 100
o 2 4
o 3 8
+ 3 99
o 4 3
o 5 9
+ 5 99
o 6 2
o 7 5
+ 7 100
o 8 14
o 9 6
o 10 11
+ 10 99
o 11 18
+ 11 99
o 12 7
o 13 22
o 14 24
o 15 26
+ 15 98
o 16 10
+ 16 100
o 17 29
o 18 31
+ 18 97
o 19 12
+ 19 99
o 20 34
o 21 13
o 22 37
o 23 39
+ 23 98
o 24 15
o 25 43
o 26 16
+ 26 99
o 27 44
+ 27 97
o 28 17
o 29 48
o 30 50
+ 30 96
o 31 19
+ 31 100
o 32 53
+ 32 96
o 33 20
o 34 56
o 35 21
+ 35 95
o 36 59
o 37 61
+ 37 96
o 38 23
o 39 64
o 40 66
o 41 25
+ 41 95
+ 41 98
o 42 69
o 43 71
+ 43 95
o 44 73
o 45 27
+ 45 96
o 46 76
+ 46 94
o 47 28
o 48 79
o 49 32
o 50 82
+ 50 94
+ 50 97
o 51 84
o 52 30
o 53 33
+ 53 96
o 54 88
+ 54 94
o 55 90
o 56 35
o 57 93
o 58 95
+ 58 97
o 59 97
o 60 36
o 61 38
x 62 62
x 63 65
x 64 67
o 65 40
x 66 68
o 67 41
x 68 70
x 69 72
o 70 42
x 71 74
x 72 75
o 73 46
x 74 77
o 75 45
o 76 47
x 77 78
x 78 80
x 79 81
o 80 49
x 81 83
x 82 85
o 83 51
x 84 86
o 85 52
x 86 87
x 87 89
x 88 91
o 89 54
x 90 92
o 91 55
x 92 94
x 93 96
o 94 57
x 95 98
+ 96 56
o 96 58
o 97 63
x 98 99
+ 99 58
o 99 60
+ 100 58
x 100 100
Case #65: 94 63
+ 1 17
+ 1 22
+ 1 23
+ 1 26
+ 1 27
+ 1 29
+ 1 30
+ 1 33
+ 1 34
+ 1 37
+ 1 38
+ 1 39
+ 1 40
o 2 1
o 3 3
+ 3 26
o 4 5
o 5 2
+ 5 39
o 6 4
o 7 9
o 8 11
o 9 13
+ 9 40
o 10 15
+ 10 40
o 11 6
o 12 8
o 13 19
+ 13 40
o 14 7
o 15 22
+ 15 39
o 16 10
o 17 25
o 18 27
+ 18 37
o 19 29
o 20 31
+ 20 37
+ 20 40
o 21 12
o 22 14
+ 22 37
o 23 35
o 24 37
o 25 39
x 26 24
o 27 16
o 28 18
x 29 26
o 30 17
x 31 30
o 32 20
x 33 32
x 34 33
o 35 21
x 36 34
x 37 36
x 38 38
o 39 23
+ 39 24
x 40 40
Case #66: 86 55
+ 1 14
+ 1 17
+ 1 27
+ 1 28
+ 1 31
+ 1 33
+ 1 34
+ 1 36
o 2 1
o 3 3
o 4 5
+ 4 35
o 5 2
o 6 4
o 7 9
+ 7 35
o 8 11
o 9 13
o 10 15
+ 10 35
o 11 6
+ 11 35
o 12 18
o 13 20
+ 13 35
+ 13 36
o 14 10
o 15 23
+ 15 35
o 16 25
o 17 27
+ 17 34
o 18 8
o 19 12
+ 19 33
o 20 7
+ 20 35
o 21 32
o 22 14
o 23 17
o 24 36
x 25 26
x 26 28
o 27 16
o 28 19
x 29 29
x 30 30
x 31 31
x 32 33
o 33 21
x 34 34
x 35 35
+ 36 20
+ 36 21
o 36 22
Case #67: 239 161
o 1 1
+ 1 44
+ 1 46
+ 1 47
+ 1 49
+ 1 52
+ 1 54
+ 1 55
+ 1 57
+ 1 59
+ 1 61
+ 1 62
+ 1 64
+ 1 67
+ 1 68
+ 1 69
+ 1 72
+ 1 74
+ 1 75
+ 1 77
+ 1 80
+ 1 81
+ 1 82
+ 1 85
+ 1 87
+ 1 88
+ 1 90
+ 1 92
+ 1 93
+ 1 96
+ 1 99
+ 1 100
o 2 3
o 3 6
+ 3 99
o 4 2
o 5 9
o 6 5
+ 6 99
o 7 12
o 8 4
o 9 15
+ 9 99
o 10 7
o 11 18
+ 11 99
o 12 21
+ 12 97
o 13 8
o 14 24
o 15 26
+ 15 97
o 16 10
+ 16 99
o 17 29
o 18 31
o 19 11
o 20 34
+ 20 97
+ 20 98
o 21 14
o 22 37
o 23 13
o 24 40
+ 24 96
+ 24 99
o 25 42
o 26 17
+ 26 96
o 27 45
o 28 16
o 29 48
o 30 50
+ 30 99
o 31 20
+ 31 95
o 32 53
o 33 19
+ 33 98
o 34 56
+ 34 96
o 35 22
o 36 59
o 37 61
+ 37 96
o 38 23
o 39 64
o 40 66
o 41 25
+ 41 98
o 42 69
+ 42 94
o 43 71
+ 43 98
o 44 27
+ 44 94
o 45 74
o 46 28
o 47 77
+ 47 96
o 48 79
o 49 30
o 50 82
+ 50 94
+ 50 97
o 51 84
o 52 32
o 53 87
o 54 33
+ 54 96
o 55 90
+ 55 96
o 56 92
o 57 35
o 58 95
+ 58 97
o 59 97
o 60 36
o 61 38
x 62 62
x 63 63
x 64 65
o 65 39
o 66 41
x 67 67
x 68 68
x 69 70
o 70 43
x 71 72
o 72 44
x 73 73
x 74 75
o 75 46
x 76 76
x 77 78
o 78 47
o 79 49
x 80 80
x 81 81
x 82 83
o 83 51
x 84 85
o 85 52
x 86 86
x 87 88
o 88 54
x 89 89
x 90 91
o 91 55
o 92 57
x 93 93
x 94 94
x 95 96
+ 96 56
o 96 58
o 97 60
x 98 98
+ 99 60
x 99 99
+ 100 58
x 100 100
Case #68: 111 71
+ 1 23
+ 1 26
+ 1 27
+ 1 28
+ 1 29
+ 1 33
+ 1 34
+ 1 38
+ 1 39
+ 1 40
+ 1 46
o 2 1
o 3 3
+ 3 47
o 4 5
+ 4 47
o 5 2
o 6 4
o 7 9
+ 7 47
o 8 11
o 9 13
o 10 15
+ 10 45
o 11 6
o 12 8
o 13 19
o 14 7
+ 14 45
o 15 22
o 16 10
+ 16 46
o 17 25
o 18 27
o 19 30
+ 19 42
o 20 32
o 21 12
+ 21 45
o 22 36
o 23 33
+ 23 42
o 24 14
+ 24 44
o 25 38
+ 25 42
o 26 18
+ 26 44
o 27 16
o 28 43
o 29 17
o 30 46
x 31 29
x 32 31
o 33 20
x 34 34
x 35 37
o 36 21
o 37 23
x 38 39
x 39 40
o 40 24
x 41 41
x 42 42
o 43 26
x 44 44
x 45 45
+ 46 26
+ 46 27
o 46 28
x 47 47
Case #69: 239 161
+ 1 41
+ 1 42
+ 1 43
+ 1 45
+ 1 46
+ 1 48
+ 1 51
+ 1 54
+ 1 55
+ 1 58
+ 1 59
+ 1 60
+ 1 61
+ 1 64
+ 1 65
+ 1 68
+ 1 69
+ 1 71
+ 1 74
+ 1 76
+ 1 77
+ 1 80
+ 1 81
+ 1 84
+ 1 85
+ 1 86
+ 1 87
+ 1 90
+ 1 93
+ 1 94
+ 1 95
+ 1 98
o 2 1
+ 2 100
o 3 4
o 4 2
+ 4 100
o 5 7
o 6 3
o 7 10
o 8 12
+ 8 99
o 9 5
+ 9 99
o 10 15
o 11 17
+ 11 98
o 12 6
+ 12 100
o 13 8
o 14 21
o 15 23
+ 15 96
o 16 25
o 17 9
+ 17 99
o 18 11
o 19 29
+ 19 96
o 20 31
o 21 33
+ 21 99
o 22 35
o 23 13
o 24 39
+ 24 95
o 25 14
+ 25 99
o 26 42
+ 26 95
o 27 18
o 28 45
o 29 47
o 30 49
+ 30 95
o 31 19
o 32 52
+ 32 98
o 33 20
o 34 55
o 35 57
+ 35 96
+ 35 97
o 36 22
o 37 60
o 38 62
o 39 64
+ 39 95
o 40 24
+ 40 95
o 41 26
o 42 68
o 43 70
+ 43 94
+ 43 95
o 44 27
o 45 73
o 46 28
+ 46 95
o 47 76
o 48 78
+ 48 96
o 49 80
o 50 30
+ 50 96
o 51 32
o 52 84
+ 52 95
o 53 86
o 54 88
o 55 90
o 56 34
+ 56 95
o 57 36
o 58 94
o 59 96
o 60 98
o 61 37
x 62 63
o 63 38
o 64 41
x 65 65
o 66 40
x 67 66
x 68 67
x 69 69
x 70 71
o 71 43
x 72 72
o 73 44
x 74 74
x 75 75
o 76 46
o 77 50
x 78 77
x 79 79
o 80 48
x 81 81
o 82 51
x 83 82
x 84 83
x 85 85
x 86 87
o 87 53
x 88 89
o 89 54
x 90 91
o 91 58
o 92 56
x 93 92
x 94 93
+ 95 55
x 95 95
+ 96 57
x 96 97
o 97 59
+ 98 56
o 98 61
+ 99 58
x 99 99
x 100 100
Case #70: 241 162
+ 1 40
+ 1 42
+ 1 44
+ 1 47
+ 1 48
+ 1 51
+ 1 52
+ 1 55
+ 1 56
+ 1 57
+ 1 59
+ 1 60
+ 1 62
+ 1 65
+ 1 68
+ 1 71
+ 1 74
+ 1 75
+ 1 76
+ 1 78
+ 1 81
+ 1 82
+ 1 83
+ 1 86
+ 1 88
+ 1 89
+ 1 91
+ 1 94
+ 1 96
+ 1 97
+ 1 100
o 2 1
o 3 4
+ 3 65
o 4 2
o 5 7
+ 5 99
o 6 9
o 7 3
+ 7 98
+ 7 99
o 8 5
o 9 13
o 10 15
o 11 6
+ 11 97
+ 11 100
o 12 18
o 13 21
+ 13 97
o 14 23
o 15 8
o 16 10
o 17 27
+ 17 100
o 18 29
+ 18 96
o 19 31
o 20 11
+ 20 99
o 21 34
+ 21 97
o 22 14
o 23 12
o 24 38
+ 24 96
o 25 40
+ 25 96
o 26 16
o 27 43
o 28 45
+ 28 96
o 29 17
+ 29 98
o 30 48
o 31 50
o 32 19
+ 32 97
+ 32 98
o 33 53
o 34 20
o 35 56
o 36 58
+ 36 99
o 37 22
+ 37 97
o 38 61
o 39 63
o 40 24
+ 40 97
o 41 66
o 42 25
o 43 69
+ 43 96
o 44 71
+ 44 96
o 45 26
o 46 28
o 47 75
+ 47 95
o 48 77
+ 48 97
o 49 79
o 50 30
+ 50 94
o 51 82
o 52 84
o 53 32
+ 53 95
+ 53 98
o 54 87
o 55 33
o 56 90
+ 56 96
o 57 92
o 58 35
o 59 95
o 60 36
o 61 98
o 62 100
o 63 37
o 64 39
x 65 62
x 66 64
x 67 65
o 68 41
x 69 68
x 70 70
o 71 42
o 72 44
x 73 72
x 74 73
x 75 74
x 76 76
o 77 46
x 78 78
o 79 47
x 80 80
o 81 51
o 82 49
x 83 81
x 84 83
x 85 85
o 86 52
x 87 86
x 88 88
o 89 54
x 90 89
x 91 91
o 92 55
o 93 57
x 94 93
x 95 94
+ 96 57
x 96 96
o 97 59
+ 98 57
x 98 97
x 99 99
+ 100 57
+ 100 58
o 100 60
Case #71: 241 160
o 1 1
+ 1 42
+ 1 43
+ 1 45
+ 1 46
+ 1 47
+ 1 50
+ 1 53
+ 1 55
+ 1 56
+ 1 59
+ 1 64
+ 1 65
+ 1 66
+ 1 69
+ 1 70
+ 1 72
+ 1 75
+ 1 78
+ 1 81
+ 1 82
+ 1 85
+ 1 86
+ 1 87
+ 1 90
+ 1 91
+ 1 98
+ 1 99
+ 1 100
o 2 3
o 3 6
+ 3 99
o 4 2
+ 4 99
o 5 10
+ 5 99
o 6 12
o 7 14
+ 7 100
o 8 4
+ 8 100
o 9 8
o 10 18
o 11 5
+ 11 98
o 12 7
+ 12 100
o 13 17
o 14 11
o 15 25
+ 15 98
o 16 29
o 17 9
+ 17 99
o 18 32
o 19 34
+ 19 98
o 20 13
o 21 37
+ 21 99
o 22 39
o 23 41
+ 23 98
o 24 15
o 25 44
o 26 16
+ 26 98
+ 26 99
o 27 47
o 28 49
+ 28 98
o 29 51
o 30 19
o 31 54
+ 31 98
o 32 20
+ 32 98
o 33 57
o 34 21
o 35 60
o 36 62
+ 36 97
o 37 22
+ 37 99
o 38 24
+ 38 97
o 39 66
+ 39 99
o 40 23
o 41 69
o 42 26
+ 42 99
o 43 72
+ 43 99
o 44 74
o 45 27
+ 45 98
o 46 77
o 47 28
o 48 80
+ 48 98
o 49 82
+ 49 100
o 50 84
o 51 30
+ 51 99
o 52 87
+ 52 99
o 53 31
o 54 90
o 55 92
o 56 33
+ 56 99
o 57 95
+ 57 97
o 58 38
o 59 35
o 60 99
o 61 36
x 62 63
x 63 64
x 64 65
x 65 67
o 66 40
x 67 68
x 68 70
o 69 42
x 70 71
o 71 43
x 72 73
x 73 75
o 74 45
x 75 76
o 76 46
x 77 78
x 78 79
o 79 48
x 80 81
x 81 83
o 82 50
x 83 85
x 84 86
o 85 52
x 86 88
o 87 53
x 88 89
x 89 91
o 90 55
x 91 93
o 92 56
x 93 94
x 94 96
o 95 58
x 96 97
o 97 59
x 98 98
+ 99 58
+ 99 59
x 99 100
o 100 61
Case #72: 62 39
+ 1 10
+ 1 11
+ 1 14
+ 1 18
+ 1 26
o 2 1
+ 2 26
o 3 3
o 4 5
o 5 2
+ 5 26
o 6 4
+ 6 26
o 7 10
+ 7 26
o 8 13
o 9 15
+ 9 25
o 10 12
o 11 18
+ 11 26
o 12 6
o 13 17
o 14 9
o 15 11
o 16 24
o 17 8
x 18 19
x 19 20
x 20 21
o 21 14
+ 22 14
x 22 22
x 23 23
x 24 25
+ 25 13
+ 25 14
x 25 26
o 26 16
Case #73: 241 161
o 1 1
+ 1 42
+ 1 44
+ 1 48
+ 1 49
+ 1 52
+ 1 53
+ 1 56
+ 1 57
+ 1 59
+ 1 62
+ 1 65
+ 1 66
+ 1 69
+ 1 70
+ 1 73
+ 1 75
+ 1 76
+ 1 78
+ 1 80
+ 1 81
+ 1 84
+ 1 85
+ 1 87
+ 1 88
+ 1 92
+ 1 93
+ 1 95
+ 1 96
+ 1 99
+ 1 100
o 2 8
o 3 5
o 4 11
+ 4 100
o 5 4
o 6 14
+ 6 99
o 7 16
o 8 3
+ 8 98
o 9 19
o 10 2
+ 10 99
o 11 7
+ 11 99
o 12 9
o 13 6
+ 13 98
o 14 12
o 15 26
o 16 28
+ 16 98
o 17 30
o 18 33
+ 18 99
o 19 10
+ 19 97
o 20 36
o 21 15
o 22 39
o 23 41
+ 23 96
+ 23 99
o 24 13
o 25 44
o 26 46
+ 26 97
o 27 48
+ 27 97
o 28 18
o 29 51
o 30 53
+ 30 97
o 31 17
+ 31 97
o 32 20
o 33 57
+ 33 96
o 34 21
o 35 60
+ 35 97
o 36 62
o 37 22
+ 37 96
o 38 65
+ 38 98
o 39 23
o 40 68
+ 40 97
+ 41 1
o 41 24
o 42 71
o 43 25
o 44 74
+ 44 98
o 45 76
+ 45 98
o 46 27
o 47 79
+ 47 97
o 48 82
+ 48 97
o 49 29
o 50 85
o 51 87
+ 51 97
o 52 89
+ 52 97
o 53 31
o 54 92
+ 54 98
o 55 32
o 56 35
o 57 96
+ 57 99
o 58 34
o 59 99
x 60 61
x 61 63
o 62 37
x 63 64
o 64 38
x 65 66
x 66 67
o 67 40
x 68 69
x 69 70
o 70 42
x 71 72
o 72 43
x 73 73
x 74 75
o 75 45
x 76 77
x 77 78
o 78 47
x 79 80
x 80 81
x 81 83
o 82 49
x 83 84
o 84 50
x 85 86
o 86 54
o 87 52
x 88 88
x 89 90
x 90 91
x 91 93
o 92 55
x 93 94
o 94 56
o 95 59
+ 96 55
x 96 95
o 97 58
x 98 97
x 99 98
+ 100 57
x 100 100
Case #74: 4 1
x 2 2
Case #75: 241 161
o 1 1
+ 1 41
+ 1 45
+ 1 46
+ 1 49
+ 1 51
+ 1 52
+ 1 54
+ 1 57
+ 1 59
+ 1 60
+ 1 62
+ 1 64
+ 1 65
+ 1 68
+ 1 70
+ 1 71
+ 1 76
+ 1 77
+ 1 81
+ 1 82
+ 1 83
+ 1 85
+ 1 86
+ 1 90
+ 1 91
+ 1 94
+ 1 95
+ 1 96
+ 1 99
+ 1 100
o 2 3
o 3 5
+ 3 99
o 4 2
o 5 4
o 6 9
o 7 11
+ 7 98
o 8 14
+ 8 100
o 9 16
o 10 6
o 11 8
+ 11 99
o 12 20
+ 12 99
o 13 7
+ 13 99
o 14 23
o 15 25
o 16 27
+ 16 99
o 17 10
o 18 13
o 19 32
+ 19 97
o 20 34
+ 20 99
o 21 12
o 22 37
o 23 15
+ 23 100
o 24 40
+ 24 98
o 25 42
o 26 44
+ 26 98
o 27 47
+ 27 100
o 28 17
o 29 19
o 30 49
+ 30 98
o 31 18
o 32 53
+ 32 97
+ 32 98
o 33 55
o 34 22
o 35 58
o 36 21
o 37 61
+ 37 99
o 38 24
+ 38 95
o 39 64
+ 40 1
o 40 66
+ 40 95
+ 40 100
o 41 68
o 42 26
o 43 71
o 44 73
+ 44 98
o 45 75
+ 45 94
o 46 29
+ 46 98
o 47 78
o 48 28
o 49 31
+ 49 96
o 50 82
o 51 30
o 52 85
+ 52 98
o 53 88
o 54 35
+ 54 97
o 55 91
o 56 93
+ 56 97
o 57 33
o 58 36
o 59 97
o 60 99
o 61 38
x 62 62
x 63 63
x 64 65
o 65 39
o 66 41
x 67 67
x 68 69
x 69 70
o 70 43
x 71 72
x 72 74
o 73 45
x 74 76
o 75 46
x 76 77
x 77 79
o 78 48
x 79 80
x 80 81
o 81 50
x 82 83
o 83 51
x 84 84
x 85 86
o 86 52
x 87 87
x 88 89
o 89 54
o 90 57
x 91 90
o 92 56
x 93 92
x 94 94
x 95 95
+ 96 56
o 96 59
x 97 96
+ 98 56
o 98 60
+ 99 58
x 99 98
x 100 100
Case #76: 152 103
+ 1 26
+ 1 27
+ 1 28
+ 1 29
+ 1 31
+ 1 33
+ 1 34
+ 1 37
+ 1 40
+ 1 41
+ 1 42
+ 1 45
+ 1 49
+ 1 50
+ 1 52
+ 1 55
+ 1 56
+ 1 58
+ 1 60
+ 1 61
+ 1 62
+ 1 63
o 2 1
o 3 3
o 4 5
o 5 2
o 6 4
o 7 9
+ 7 60
+ 7 63
o 8 11
o 9 13
o 10 15
+ 10 62
o 11 6
o 12 8
o 13 20
+ 13 60
+ 13 63
o 14 22
o 15 24
o 16 10
+ 16 61
o 17 27
+ 17 63
o 18 29
+ 18 61
o 19 12
o 20 32
+ 20 62
o 21 34
o 22 36
o 23 14
+ 23 61
o 24 16
+ 24 61
o 25 40
o 26 42
+ 26 61
o 27 44
o 28 17
+ 28 62
o 29 19
+ 29 60
o 30 48
o 31 18
o 32 51
+ 32 61
o 33 21
o 34 54
o 35 56
o 36 58
o 37 23
o 38 61
o 39 63
x 40 39
o 41 25
x 42 41
o 43 26
x 44 43
o 45 30
o 46 28
x 47 45
x 48 46
x 49 47
o 50 31
x 51 49
x 52 50
o 53 33
x 54 52
x 55 53
x 56 55
o 57 35
o 58 37
x 59 57
+ 60 37
x 60 59
+ 61 35
x 61 60
o 62 38
+ 63 35
+ 63 38
x 63 62
Case #77: 256 114
x 2 2
x 3 3
x 4 4
x 5 5
x 6 6
x 7 7
x 8 8
x 9 9
x 10 10
x 11 11
x 12 12
x 13 13
x 14 14
x 15 15
x 16 16
x 17 17
x 18 18
x 19 19
x 20 20
x 21 21
x 22 22
x 23 23
x 24 24
x 25 25
x 26 26
x 27 27
x 28 28
x 29 29
x 30 71
x 31 72
x 32 73
x 33 74
x 34 75
x 35 76
x 36 77
x 37 78
x 38 79
x 39 80
x 40 81
x 41 82
x 42 83
x 43 84
x 44 85
x 45 86
x 46 87
x 47 88
x 48 89
x 49 90
x 50 91
x 51 92
o 52 50
o 53 52
o 54 49
o 55 51
o 56 48
o 57 54
x 58 93
o 59 53
o 60 47
x 61 94
o 62 46
o 63 56
o 64 45
o 65 55
o 66 44
o 67 58
x 68 95
o 69 57
o 70 43
o 71 60
o 72 42
o 73 59
o 74 41
x 75 96
o 76 40
o 77 62
o 78 39
o 79 61
o 80 38
+ 81 52
o 81 64
x 82 97
+ 83 51
+ 83 52
o 83 63
o 84 37
+ 85 51
x 85 98
o 86 36
+ 86 51
o 87 66
o 88 35
+ 88 50
+ 89 52
o 89 65
o 90 34
+ 91 51
o 91 68
+ 92 51
x 92 99
o 93 67
o 94 33
+ 94 50
+ 95 52
o 95 70
o 96 32
+ 97 51
+ 97 52
o 97 69
o 98 31
+ 99 51
x 99 100
o 100 30
+ 100 51
Case #78: 2 1
o 1 1
Case #79: 240 162
+ 1 40
+ 1 42
+ 1 43
+ 1 45
+ 1 46
+ 1 49
+ 1 52
+ 1 54
+ 1 56
+ 1 57
+ 1 60
+ 1 63
+ 1 64
+ 1 65
+ 1 67
+ 1 70
+ 1 71
+ 1 73
+ 1 76
+ 1 77
+ 1 80
+ 1 81
+ 1 82
+ 1 83
+ 1 86
+ 1 87
+ 1 89
+ 1 90
+ 1 92
+ 1 94
+ 1 95
+ 1 98
+ 1 99
o 2 1
o 3 4
+ 3 99
o 4 2
+ 4 99
o 5 7
o 6 3
o 7 10
+ 7 99
o 8 12
o 9 5
o 10 15
+ 10 100
o 11 17
+ 11 98
o 12 19
o 13 6
o 14 8
+ 14 97
o 15 23
+ 15 99
o 16 11
o 17 9
o 18 27
o 19 29
+ 19 96
o 20 31
+ 20 98
o 21 33
o 22 13
o 23 36
+ 23 96
o 24 38
+ 24 98
o 25 14
o 26 16
+ 26 97
o 27 42
o 28 45
+ 28 96
o 29 47
o 30 49
+ 30 97
o 31 18
o 32 20
+ 32 97
o 33 53
o 34 55
o 35 21
+ 35 95
o 36 58
o 37 60
+ 37 95
+ 37 98
o 38 22
o 39 24
o 40 64
o 41 66
+ 41 98
o 42 25
+ 42 96
o 43 69
o 44 26
+ 44 96
o 45 72
o 46 74
o 47 28
+ 47 96
o 48 77
+ 48 98
o 49 79
+ 49 96
o 50 30
o 51 82
o 52 84
+ 52 98
o 53 32
+ 53 96
o 54 87
o 55 89
o 56 91
o 57 35
+ 57 97
o 58 94
o 59 96
o 60 98
o 61 37
o 62 39
x 63 62
x 64 63
o 65 40
x 66 65
o 67 41
x 68 67
x 69 68
o 70 43
x 71 70
o 72 44
x 73 71
x 74 73
o 75 46
x 76 75
x 77 76
o 78 48
x 79 78
x 80 80
o 81 50
x 82 81
o 83 51
x 84 83
o 85 52
x 86 85
x 87 86
o 88 54
x 89 88
x 90 90
x 91 92
o 92 56
x 93 93
o 94 57
x 95 95
+ 96 57
o 96 61
o 97 59
x 98 97
x 99 99
+ 100 59
+ 100 60
x 100 100
Case #80: 33 19
+ 1 7
+ 1 10
+ 1 12
+ 1 13
o 2 1
o 3 3
o 4 5
o 5 2
+ 5 13
o 6 4
o 7 9
o 8 11
o 9 13
+ 9 14
x 10 10
o 11 6
o 12 8
x 13 12
o 14 7
Case #81: 15 8
+ 1 3
+ 1 7
o 2 1
o 3 3
o 4 5
o 5 2
o 6 4
x 7 7
Case #82: 162 110
+ 1 26
+ 1 27
+ 1 29
+ 1 30
+ 1 33
+ 1 34
+ 1 37
+ 1 38
+ 1 39
+ 1 40
+ 1 43
+ 1 48
+ 1 49
+ 1 52
+ 1 53
+ 1 54
+ 1 56
+ 1 58
+ 1 59
+ 1 62
+ 1 65
+ 1 67
o 2 1
+ 2 67
o 3 3
o 4 5
+ 4 67
o 5 2
+ 5 67
o 6 4
o 7 9
+ 7 66
o 8 11
o 9 13
o 10 15
+ 10 66
o 11 6
o 12 8
+ 12 66
o 13 19
o 14 7
+ 14 63
o 15 22
+ 15 65
o 16 10
o 17 25
o 18 27
+ 18 63
+ 18 64
o 19 29
o 20 31
o 21 12
+ 21 64
o 22 14
+ 22 66
o 23 35
o 24 37
o 25 39
+ 25 65
+ 25 66
o 26 41
o 27 16
o 28 18
o 29 45
+ 29 64
o 30 17
o 31 48
+ 31 65
o 32 20
o 33 51
+ 33 64
o 34 53
o 35 21
+ 35 65
o 36 56
o 37 58
o 38 60
o 39 23
o 40 63
o 41 24
o 42 66
x 43 43
o 44 26
o 45 30
x 46 44
x 47 46
x 48 47
x 49 49
x 50 50
o 51 32
x 52 52
o 53 33
x 54 54
o 55 34
x 56 55
x 57 57
o 58 36
x 59 59
x 60 61
o 61 38
x 62 62
x 63 64
+ 64 37
+ 64 38
o 64 40
x 65 65
x 66 67
+ 67 38
+ 67 39
o 67 42
Case #83: 49 32
+ 1 10
+ 1 12
+ 1 14
+ 1 18
+ 1 19
+ 1 20
o 2 1
o 3 3
+ 3 19
o 4 5
+ 4 19
o 5 2
+ 5 19
o 6 8
o 7 11
o 8 4
+ 8 20
o 9 7
o 10 15
o 11 6
o 12 18
o 13 20
x 14 13
x 15 14
o 16 10
x 17 16
+ 18 9
x 18 17
o 19 12
+ 20 9
+ 20 12
x 20 19
Case #84: 184 120
+ 1 32
+ 1 34
+ 1 37
+ 1 39
+ 1 41
+ 1 42
+ 1 45
+ 1 46
+ 1 47
+ 1 48
+ 1 50
+ 1 52
+ 1 53
+ 1 55
+ 1 61
+ 1 63
+ 1 64
+ 1 66
+ 1 69
+ 1 71
+ 1 72
+ 1 76
o 2 1
o 3 3
o 4 5
o 5 2
o 6 4
+ 6 75
o 7 9
o 8 13
+ 8 74
+ 8 75
o 9 15
o 10 17
o 11 6
+ 11 75
o 12 16
o 13 21
o 14 8
+ 14 75
o 15 11
o 16 7
+ 16 75
o 17 20
+ 17 75
o 18 27
o 19 12
+ 19 74
+ 19 75
o 20 10
o 21 31
o 22 33
+ 22 75
o 23 35
o 24 37
+ 24 74
o 25 14
o 26 18
o 27 41
+ 27 75
o 28 43
o 29 45
+ 29 72
o 30 49
+ 31 1
o 31 19
+ 31 73
o 32 52
o 33 54
o 34 56
o 35 22
+ 35 72
o 36 59
o 37 23
+ 37 72
o 38 62
+ 38 70
o 39 24
o 40 65
o 41 25
o 42 68
+ 42 71
o 43 26
o 44 71
o 45 73
o 46 76
o 47 28
o 48 30
x 49 47
x 50 48
o 51 29
x 52 50
o 53 32
o 54 34
x 55 51
x 56 53
x 57 55
x 58 57
x 59 58
o 60 36
o 61 38
x 62 60
x 63 61
o 64 39
x 65 63
o 66 40
x 67 64
x 68 66
o 69 42
x 70 67
x 71 69
+ 72 40
o 72 44
x 73 70
+ 74 40
+ 74 43
x 74 72
o 75 46
+ 76 43
x 76 74
Case #85: 216 145
+ 1 38
+ 1 39
+ 1 42
+ 1 43
+ 1 47
+ 1 48
+ 1 55
+ 1 56
+ 1 57
+ 1 58
+ 1 60
+ 1 62
+ 1 63
+ 1 65
+ 1 67
+ 1 68
+ 1 71
+ 1 72
+ 1 74
+ 1 75
+ 1 77
+ 1 80
+ 1 81
+ 1 84
+ 1 85
+ 1 86
+ 1 87
+ 1 88
+ 1 91
o 2 1
+ 2 91
o 3 4
o 4 2
o 5 5
o 6 8
o 7 10
o 8 12
+ 8 89
o 9 6
o 10 15
o 11 7
+ 11 88
o 12 18
+ 12 90
o 13 20
o 14 9
+ 14 89
o 15 23
o 16 25
o 17 11
+ 17 89
o 18 29
o 19 31
+ 19 88
o 20 33
+ 20 88
o 21 13
o 22 32
o 23 14
+ 23 88
o 24 38
o 25 40
o 26 16
+ 26 89
o 27 43
+ 27 87
o 28 17
o 29 22
+ 29 87
o 30 47
o 31 49
o 32 51
o 33 19
+ 33 86
o 34 21
+ 34 86
o 35 55
o 36 24
+ 36 87
o 37 58
+ 37 87
o 38 60
o 39 62
o 40 64
+ 40 88
+ 40 89
o 41 26
o 42 67
o 43 69
+ 43 88
o 44 27
o 45 72
+ 45 85
+ 45 88
o 46 28
o 47 75
o 48 77
o 49 30
+ 49 85
+ 49 88
o 50 34
o 51 81
o 52 83
o 53 85
o 54 87
+ 54 89
o 55 89
o 56 35
o 57 37
x 58 57
x 59 59
o 60 36
o 61 39
x 62 61
x 63 63
o 64 41
x 65 65
x 66 66
x 67 68
o 68 42
o 69 44
x 70 70
x 71 71
x 72 73
o 73 45
x 74 74
o 75 46
x 76 76
o 77 50
o 78 48
x 79 78
x 80 79
x 81 80
x 82 82
x 83 84
o 84 52
o 85 54
x 86 86
o 87 53
x 88 88
+ 89 53
o 89 56
x 90 90
+ 91 56
x 91 91
Case #86: 153 102
+ 1 30
+ 1 31
+ 1 32
+ 1 35
+ 1 36
+ 1 39
+ 1 40
+ 1 41
+ 1 42
+ 1 45
+ 1 48
+ 1 49
+ 1 50
+ 1 53
+ 1 54
+ 1 57
+ 1 58
+ 1 60
+ 1 62
+ 1 63
o 2 1
o 3 3
o 4 6
o 5 2
o 6 7
+ 6 61
+ 6 64
o 7 5
o 8 11
o 9 13
+ 9 63
o 10 4
o 11 16
+ 11 62
o 12 18
o 13 21
+ 13 63
o 14 9
o 15 24
o 16 12
+ 16 61
o 17 27
+ 17 63
o 18 29
+ 18 61
o 19 10
o 20 32
o 21 14
o 22 35
+ 22 64
o 23 15
+ 23 60
o 24 38
o 25 40
o 26 42
+ 26 62
o 27 44
+ 27 60
o 28 17
o 29 19
+ 29 61
o 30 48
o 31 50
o 32 52
+ 32 60
o 33 20
+ 33 60
o 34 22
o 35 56
+ 35 61
o 36 58
+ 36 61
o 37 23
o 38 61
o 39 63
x 40 43
o 41 25
x 42 45
o 43 26
x 44 46
o 45 30
o 46 28
x 47 47
x 48 49
x 49 51
x 50 53
o 51 31
o 52 33
x 53 54
x 54 55
o 55 34
x 56 57
x 57 59
x 58 60
o 59 36
x 60 62
o 61 37
x 62 64
+ 63 37
o 63 41
+ 64 37
o 64 39
Case #87: 1 0
Case #88: 242 161
o 1 1
+ 1 43
+ 1 44
+ 1 46
+ 1 49
+ 1 51
+ 1 52
+ 1 54
+ 1 56
+ 1 57
+ 1 60
+ 1 63
+ 1 64
+ 1 65
+ 1 67
+ 1 70
+ 1 72
+ 1 73
+ 1 75
+ 1 78
+ 1 80
+ 1 81
+ 1 83
+ 1 85
+ 1 86
+ 1 88
+ 1 93
+ 1 95
+ 1 96
+ 1 99
o 2 6
o 3 4
+ 3 99
+ 3 100
o 4 2
o 5 10
o 6 5
+ 6 99
o 7 3
o 8 14
+ 8 98
+ 8 99
o 9 17
o 10 7
o 11 20
+ 11 99
o 12 23
o 13 8
o 14 27
+ 14 100
o 15 9
+ 15 98
o 16 30
o 17 32
o 18 11
+ 18 99
o 19 35
o 20 12
+ 20 98
o 21 38
o 22 40
+ 22 97
o 23 13
+ 23 99
o 24 15
o 25 44
+ 25 98
o 26 46
o 27 16
o 28 49
+ 28 98
o 29 51
o 30 18
+ 30 97
o 31 54
+ 31 99
o 32 19
o 33 57
+ 33 98
o 34 59
o 35 21
o 36 62
+ 36 96
o 37 64
+ 37 98
o 38 22
o 39 24
+ 39 97
o 40 68
+ 41 1
o 41 70
+ 41 98
o 42 25
o 43 73
+ 43 97
o 44 26
o 45 76
o 46 78
+ 46 98
o 47 28
+ 47 96
o 48 81
o 49 29
o 50 84
+ 50 97
o 51 86
+ 51 97
o 52 31
o 53 89
o 54 91
+ 54 98
o 55 33
+ 55 96
o 56 94
o 57 96
o 58 34
o 59 36
o 60 100
x 61 61
o 62 37
x 63 63
x 64 65
o 65 39
x 66 66
x 67 67
o 68 41
x 69 69
o 70 42
x 71 71
o 72 43
x 73 72
x 74 74
o 75 45
x 76 75
x 77 77
o 78 47
x 79 79
o 80 48
x 81 80
x 82 82
o 83 50
x 84 83
x 85 85
o 86 52
x 87 87
o 88 53
x 89 88
x 90 90
o 91 55
x 92 92
o 93 56
x 94 93
x 95 95
o 96 58
x 97 97
+ 98 57
x 98 98
+ 99 57
o 99 60
+ 100 57
x 100 99
Case #89: 21 13
+ 1 7
o 2 1
+ 2 9
o 3 3
o 4 5
+ 4 8
+ 4 9
o 5 2
o 6 4
o 7 9
x 8 7
+ 9 5
x 9 8
Case #90: 241 160
o 1 1
+ 1 43
+ 1 44
+ 1 46
+ 1 47
+ 1 49
+ 1 51
+ 1 52
+ 1 54
+ 1 57
+ 1 58
+ 1 59
+ 1 62
+ 1 63
+ 1 64
+ 1 67
+ 1 68
+ 1 73
+ 1 74
+ 1 78
+ 1 81
+ 1 82
+ 1 85
+ 1 87
+ 1 89
+ 1 90
+ 1 92
+ 1 95
+ 1 97
+ 1 98
+ 1 100
o 2 5
o 3 2
o 4 6
+ 4 99
o 5 10
o 6 3
+ 6 98
o 7 14
o 8 4
o 9 7
o 10 18
+ 10 100
o 11 20
+ 11 98
o 12 22
o 13 24
o 14 8
+ 14 99
o 15 27
+ 15 97
o 16 9
+ 16 99
o 17 12
o 18 31
o 19 11
o 20 34
+ 20 98
+ 20 99
o 21 36
o 22 13
+ 22 98
o 23 39
o 24 42
o 25 15
o 26 45
+ 26 97
+ 26 100
o 27 16
o 28 48
o 29 17
+ 29 98
+ 29 99
o 30 51
o 31 53
o 32 19
+ 32 97
o 33 56
o 34 58
+ 34 98
o 35 21
o 36 61
o 37 63
o 38 23
+ 38 97
+ 38 98
o 39 66
o 40 68
o 41 70
+ 41 96
o 42 25
o 43 73
+ 43 97
o 44 28
o 45 76
+ 45 94
+ 45 97
o 46 78
o 47 26
o 48 30
o 49 82
+ 49 96
o 50 84
o 51 29
o 52 33
+ 52 96
o 53 88
+ 53 94
o 54 90
o 55 32
+ 55 95
o 56 93
o 57 37
o 58 96
o 59 98
o 60 35
x 61 62
x 62 64
x 63 65
o 64 38
o 65 41
x 66 67
o 67 40
x 68 69
x 69 71
x 70 72
o 71 43
x 72 74
o 73 44
x 74 75
x 75 77
o 76 46
x 77 79
o 78 47
x 79 80
x 80 81
o 81 49
x 82 83
o 83 50
x 84 85
x 85 86
o 86 52
x 87 87
x 88 89
o 89 54
x 90 91
o 91 55
x 92 92
x 93 94
o 94 57
x 95 95
+ 96 56
x 96 97
+ 97 56
o 97 59
x 98 99
+ 99 56
o 99 60
+ 100 58
x 100 100
Case #91: 189 128
+ 1 33
+ 1 34
+ 1 37
+ 1 38
+ 1 39
+ 1 40
+ 1 43
+ 1 48
+ 1 49
+ 1 50
+ 1 52
+ 1 55
+ 1 57
+ 1 58
+ 1 61
+ 1 62
+ 1 65
+ 1 68
+ 1 69
+ 1 70
+ 1 71
+ 1 72
+ 1 75
+ 1 76
+ 1 79
o 2 1
+ 2 79
o 3 3
o 4 5
o 5 2
+ 5 78
o 6 4
+ 6 78
o 7 9
o 8 11
o 9 13
o 10 15
+ 10 75
o 11 6
+ 11 77
o 12 8
o 13 19
+ 13 76
o 14 7
+ 14 76
o 15 22
o 16 10
o 17 25
+ 17 76
o 18 27
o 19 29
+ 19 77
o 20 32
+ 20 75
o 21 12
o 22 14
o 23 34
+ 23 75
o 24 37
+ 24 77
o 25 39
o 26 41
+ 26 76
o 27 16
o 28 18
o 29 45
o 30 17
+ 30 75
+ 30 76
o 31 48
o 32 50
+ 32 75
+ 32 76
o 33 21
o 34 53
o 35 20
+ 35 76
o 36 56
o 37 23
+ 37 77
o 38 59
o 39 61
o 40 63
o 41 24
+ 41 76
o 42 26
+ 42 76
o 43 67
o 44 69
o 45 71
+ 45 76
o 46 73
+ 46 76
o 47 28
o 48 30
o 49 77
o 50 79
x 51 51
x 52 52
o 53 33
x 54 54
x 55 55
o 56 35
x 57 57
o 58 36
x 59 58
x 60 60
o 61 38
x 62 62
x 63 64
o 64 40
x 65 65
x 66 66
o 67 42
x 68 68
o 69 43
x 70 70
o 71 44
x 72 72
x 73 74
o 74 46
x 75 75
o 76 47
x 77 76
+ 78 46
+ 78 47
x 78 78
o 79 49
Case #92: 256 114
x 2 1
x 3 2
x 4 3
x 5 4
x 6 5
x 7 6
x 8 7
x 9 8
x 10 9
x 11 10
x 12 11
x 13 12
x 14 13
x 15 14
x 16 15
x 17 16
x 18 17
x 19 18
x 20 19
x 21 20
x 22 21
x 23 22
x 24 23
x 25 24
x 26 25
x 27 27
x 28 28
x 29 29
x 30 71
x 31 72
x 32 73
x 33 74
x 34 75
x 35 76
x 36 77
x 37 78
x 38 79
x 39 80
x 40 81
x 41 82
x 42 83
x 43 84
x 44 85
x 45 86
x 46 87
x 47 88
x 48 89
x 49 90
x 50 91
x 51 92
o 52 50
o 53 52
o 54 49
o 55 51
o 56 48
o 57 54
x 58 93
o 59 53
o 60 47
x 61 94
o 62 46
o 63 56
o 64 45
o 65 55
o 66 44
o 67 58
x 68 95
o 69 57
o 70 43
o 71 60
o 72 42
o 73 59
o 74 41
x 75 96
o 76 40
o 77 62
o 78 39
o 79 61
o 80 38
+ 81 52
o 81 64
x 82 97
+ 83 51
+ 83 52
o 83 63
o 84 37
+ 85 51
x 85 98
o 86 36
+ 86 51
o 87 66
o 88 35
+ 88 50
+ 89 52
o 89 65
o 90 34
+ 91 51
o 91 68
+ 92 51
x 92 99
o 93 67
o 94 33
+ 94 50
+ 95 52
o 95 70
o 96 32
+ 97 51
+ 97 52
o 97 69
o 98 31
+ 99 51
x 99 100
o 100 30
+ 100 51
Case #93: 240 161
+ 1 39
+ 1 41
+ 1 42
+ 1 45
+ 1 46
+ 1 48
+ 1 49
+ 1 52
+ 1 55
+ 1 57
+ 1 58
+ 1 62
+ 1 63
+ 1 64
+ 1 65
+ 1 67
+ 1 69
+ 1 70
+ 1 72
+ 1 75
+ 1 77
+ 1 78
+ 1 81
+ 1 84
+ 1 87
+ 1 88
+ 1 89
+ 1 93
+ 1 94
+ 1 95
+ 1 96
+ 1 100
o 2 1
+ 2 100
o 3 4
o 4 2
+ 4 95
o 5 7
o 6 3
o 7 10
o 8 12
+ 8 97
o 9 5
+ 9 99
o 10 15
o 11 17
o 12 6
o 13 8
+ 13 97
o 14 21
+ 14 99
o 15 23
o 16 25
o 17 9
+ 17 99
o 18 11
+ 18 97
o 19 29
o 20 31
+ 20 98
o 21 33
o 22 35
o 23 13
+ 23 98
o 24 38
+ 24 96
o 25 14
+ 25 98
o 26 41
o 27 18
o 28 16
+ 28 98
o 29 45
+ 29 96
o 30 47
o 31 49
o 32 52
+ 32 97
o 33 19
o 34 53
o 35 20
o 36 57
+ 36 96
o 37 24
+ 37 96
o 38 22
+ 38 96
o 39 61
o 40 63
o 41 65
+ 41 96
o 42 67
o 43 26
+ 43 96
o 44 70
+ 44 96
o 45 27
o 46 73
+ 46 96
o 47 28
o 48 76
o 49 78
+ 49 95
+ 49 98
o 50 80
o 51 30
o 52 83
+ 52 94
o 53 85
+ 53 96
o 54 32
o 55 88
o 56 36
+ 56 95
o 57 34
o 58 92
o 59 94
o 60 96
o 61 37
o 62 99
x 63 62
x 64 64
o 65 39
x 66 66
o 67 40
o 68 43
x 69 68
o 70 42
x 71 69
x 72 71
o 73 44
x 74 72
x 75 74
o 76 46
x 77 75
x 78 77
x 79 79
o 80 48
o 81 50
x 82 81
x 83 82
x 84 84
o 85 51
x 86 86
o 87 54
x 88 87
x 89 89
o 90 55
x 91 90
o 92 56
x 93 91
x 94 93
x 95 95
o 96 58
+ 97 55
+ 97 58
o 97 60
x 98 97
o 99 59
+ 100 59
x 100 100
Case #94: 183 122
+ 1 31
+ 1 34
+ 1 37
+ 1 38
+ 1 39
+ 1 40
+ 1 44
+ 1 47
+ 1 49
+ 1 52
+ 1 55
+ 1 56
+ 1 57
+ 1 58
+ 1 59
+ 1 62
+ 1 67
+ 1 68
+ 1 71
+ 1 72
+ 1 73
+ 1 74
+ 1 75
o 2 2
+ 2 47
o 3 5
o 4 1
o 5 4
+ 5 74
o 6 9
o 7 3
+ 7 75
o 8 6
o 9 13
o 10 15
+ 10 74
+ 10 75
o 11 17
o 12 7
o 13 20
+ 13 75
+ 13 76
o 14 22
o 15 8
o 16 10
+ 16 75
+ 16 76
o 17 26
o 18 28
o 19 11
o 20 31
o 21 33
+ 21 74
o 22 12
o 23 14
+ 23 75
o 24 37
o 25 39
+ 25 75
o 26 41
+ 26 75
o 27 43
o 28 16
o 29 18
+ 29 76
o 30 47
+ 30 74
o 31 49
o 32 51
o 33 19
+ 33 74
+ 33 75
o 34 21
o 35 55
o 36 57
o 37 59
+ 37 72
o 38 61
+ 38 72
o 39 23
o 40 25
o 41 65
+ 41 72
+ 41 73
o 42 24
o 43 68
o 44 27
o 45 71
o 46 73
o 47 75
x 48 46
o 49 29
x 50 50
o 51 30
x 52 52
o 53 34
o 54 32
x 55 53
x 56 54
x 57 56
x 58 58
o 59 35
x 60 60
o 61 36
x 62 62
o 63 40
o 64 38
x 65 63
x 66 64
x 67 66
x 68 67
x 69 69
o 70 42
o 71 44
x 72 70
+ 73 44
x 73 72
x 74 74
+ 75 43
o 75 45
+ 76 45
x 76 76
Case #95: 255 115
o 1 1
x 2 2
x 3 3
x 4 4
x 5 5
x 6 6
x 7 7
x 8 8
x 9 9
x 10 10
x 11 11
x 12 12
x 13 13
x 14 14
x 15 15
x 16 16
x 17 17
x 18 18
x 19 19
x 20 20
x 21 21
x 22 22
x 23 23
x 24 24
x 25 25
x 26 26
x 27 27
x 28 28
x 29 29
x 30 30
x 31 72
x 32 73
x 33 74
x 34 75
x 35 76
x 36 77
x 37 78
x 38 79
x 39 80
x 40 81
x 41 82
x 42 83
x 43 84
x 44 85
x 45 86
x 46 87
x 47 88
x 48 89
x 49 90
x 50 91
o 51 52
o 52 50
x 53 92
o 54 51
o 55 49
o 56 55
o 57 53
o 58 48
o 59 54
o 60 47
x 61 93
o 62 46
o 63 56
o 64 45
o 65 57
x 66 94
o 67 58
o 68 44
x 69 95
o 70 59
o 71 43
o 72 60
o 73 42
x 74 96
o 75 41
o 76 61
o 77 40
o 78 64
o 79 39
+ 80 51
o 80 63
x 81 97
o 82 38
+ 82 52
+ 83 50
o 83 62
o 84 37
+ 84 52
+ 85 50
o 85 65
o 86 68
o 87 36
+ 87 51
x 88 98
o 89 35
+ 89 50
+ 89 51
o 90 67
+ 91 50
o 91 69
o 92 34
+ 93 51
o 93 66
o 94 33
+ 95 52
o 95 70
o 96 32
+ 96 50
+ 97 52
o 97 71
+ 98 50
x 98 99
o 99 31
+ 100 51
x 100 100
Case #96: 2 1
o 1 1
Case #97: 230 154
+ 1 37
+ 1 38
+ 1 39
+ 1 40
+ 1 43
+ 1 48
+ 1 49
+ 1 52
+ 1 53
+ 1 54
+ 1 56
+ 1 58
+ 1 59
+ 1 62
+ 1 65
+ 1 67
+ 1 68
+ 1 71
+ 1 72
+ 1 74
+ 1 75
+ 1 76
+ 1 77
+ 1 80
+ 1 81
+ 1 84
+ 1 85
+ 1 88
+ 1 89
+ 1 92
o 2 1
o 3 3
+ 3 96
o 4 5
o 5 2
+ 5 95
o 6 4
o 7 9
o 8 11
o 9 13
+ 9 95
o 10 15
+ 10 95
o 11 6
o 12 8
+ 12 94
o 13 19
+ 13 94
o 14 7
o 15 22
o 16 10
+ 16 94
o 17 25
+ 17 94
o 18 27
o 19 29
o 20 31
+ 20 92
o 21 12
o 22 14
o 23 35
+ 23 91
o 24 37
+ 24 93
o 25 39
o 26 41
o 27 16
+ 27 92
o 28 18
o 29 45
+ 29 91
o 30 17
+ 30 93
o 31 48
o 32 20
o 33 51
+ 33 93
o 34 53
o 35 21
o 36 56
+ 36 92
+ 36 95
o 37 58
o 38 60
o 39 23
+ 39 93
o 40 63
o 41 24
o 42 66
+ 42 91
o 43 28
+ 43 93
o 44 26
o 45 70
+ 45 90
o 46 72
o 47 74
o 48 76
+ 48 91
+ 48 94
o 49 78
o 50 30
+ 50 94
o 51 32
+ 51 92
o 52 82
o 53 84
o 54 86
+ 54 94
o 55 33
o 56 89
o 57 34
o 58 92
o 59 94
o 60 36
o 61 40
x 62 61
x 63 62
o 64 38
x 65 64
x 66 65
o 67 42
x 68 67
x 69 68
o 70 43
x 71 69
o 72 44
x 73 71
x 74 73
x 75 75
o 76 46
x 77 77
o 78 47
o 79 50
x 80 79
o 81 49
x 82 80
x 83 81
x 84 83
x 85 85
o 86 52
o 87 54
x 88 87
x 89 88
x 90 90
o 91 55
o 92 57
+ 93 54
x 93 91
x 94 93
+ 95 57
x 95 95
+ 96 55
o 96 59
Case #98: 152 102
+ 1 27
+ 1 31
+ 1 33
+ 1 34
+ 1 35
+ 1 36
+ 1 38
+ 1 40
+ 1 41
+ 1 42
+ 1 43
+ 1 46
+ 1 47
+ 1 50
+ 1 51
+ 1 54
+ 1 57
+ 1 58
+ 1 59
+ 1 62
o 2 1
+ 2 64
o 3 3
o 4 5
o 5 2
+ 5 64
o 6 4
o 7 9
o 8 12
+ 8 63
o 9 14
+ 9 63
o 10 16
o 11 6
+ 11 63
o 12 15
o 13 20
+ 13 64
o 14 7
o 15 23
+ 15 63
o 16 8
+ 16 63
o 17 13
o 18 27
o 19 10
+ 19 63
o 20 30
o 21 32
+ 21 64
o 22 34
o 23 17
+ 23 61
o 24 37
o 25 39
o 26 41
o 27 43
+ 27 63
o 28 18
+ 28 59
o 29 46
o 30 19
o 31 49
+ 31 58
o 32 51
+ 32 60
o 33 21
o 34 54
o 35 22
+ 35 60
o 36 57
o 37 59
+ 37 61
o 38 24
o 39 62
o 40 25
x 41 42
o 42 26
x 43 44
x 44 45
o 45 28
x 46 47
o 47 29
x 48 48
x 49 50
o 50 31
x 51 52
x 52 53
o 53 33
x 54 55
x 55 56
o 56 35
x 57 58
o 58 36
x 59 60
x 60 61
+ 61 36
o 61 38
x 62 63
+ 63 37
x 63 64
o 64 40
Case #99: 240 160
+ 1 40
+ 1 42
+ 1 43
+ 1 45
+ 1 46
+ 1 49
+ 1 52
+ 1 54
+ 1 56
+ 1 60
+ 1 63
+ 1 64
+ 1 65
+ 1 67
+ 1 70
+ 1 73
+ 1 76
+ 1 77
+ 1 80
+ 1 81
+ 1 82
+ 1 83
+ 1 86
+ 1 87
+ 1 90
+ 1 91
+ 1 94
+ 1 95
+ 1 98
+ 1 99
+ 1 100
o 2 1
+ 2 70
o 3 4
+ 3 99
o 4 2
o 5 7
+ 5 100
o 6 3
o 7 10
o 8 12
+ 8 100
o 9 5
o 10 15
o 11 17
+ 11 99
o 12 19
+ 12 99
o 13 6
o 14 8
o 15 23
+ 15 98
o 16 11
+ 16 100
o 17 9
o 18 27
o 19 29
+ 19 96
o 20 31
o 21 33
o 22 13
+ 22 100
o 23 36
+ 23 96
o 24 38
o 25 14
+ 25 99
o 26 16
+ 26 97
o 27 42
o 28 45
+ 28 98
o 29 47
o 30 49
o 31 18
+ 31 98
o 32 20
o 33 53
+ 33 98
o 34 55
o 35 21
+ 35 95
o 36 58
o 37 60
o 38 22
+ 38 96
+ 38 99
o 39 24
o 40 64
o 41 66
+ 41 98
o 42 25
o 43 69
+ 43 97
o 44 26
o 45 72
+ 45 97
o 46 74
o 47 28
o 48 77
+ 48 97
+ 48 98
o 49 79
o 50 30
+ 50 97
o 51 82
o 52 84
+ 52 98
o 53 32
o 54 87
o 55 89
+ 55 98
o 56 34
+ 56 96
o 57 92
o 58 35
o 59 95
o 60 97
o 61 37
x 62 62
x 63 63
o 64 39
x 65 65
o 66 40
x 67 67
o 68 41
x 69 68
x 70 70
o 71 43
x 72 73
x 73 75
o 74 44
o 75 46
x 76 76
x 77 78
x 78 80
o 79 48
x 80 81
x 81 83
o 82 50
x 83 85
o 84 51
x 85 86
o 86 52
x 87 88
x 88 90
o 89 54
x 90 91
x 91 93
o 92 56
x 93 94
o 94 57
x 95 96
x 96 98
o 97 59
+ 98 57
x 98 99
+ 99 59
x 99 100
o 100 61
Case #100: 173 117
+ 1 28
+ 1 29
+ 1 30
+ 1 33
+ 1 34
+ 1 37
+ 1 38
+ 1 39
+ 1 40
+ 1 43
+ 1 48
+ 1 52
+ 1 53
+ 1 54
+ 1 56
+ 1 58
+ 1 59
+ 1 62
+ 1 65
+ 1 67
+ 1 68
+ 1 71
+ 1 72
o 2 1
+ 2 48
o 3 3
+ 3 72
o 4 5
+ 4 72
o 5 2
o 6 4
+ 6 71
o 7 9
o 8 11
+ 8 70
o 9 13
+ 9 72
o 10 15
o 11 6
+ 11 71
o 12 8
o 13 19
+ 13 72
o 14 7
o 15 22
+ 15 71
o 16 10
o 17 25
o 18 27
+ 18 72
o 19 29
o 20 31
+ 20 69
o 21 12
o 22 14
+ 22 72
o 23 35
o 24 37
+ 24 69
o 25 39
o 26 41
o 27 16
o 28 18
+ 28 71
+ 28 72
o 29 45
o 30 17
+ 30 71
o 31 48
+ 31 71
o 32 20
o 33 51
o 34 53
o 35 21
+ 35 69
o 36 56
+ 36 71
o 37 58
o 38 60
+ 38 68
o 39 23
+ 39 70
o 40 63
o 41 24
o 42 66
o 43 28
o 44 26
o 45 70
o 46 72
x 47 46
x 48 47
x 49 50
o 50 30
o 51 32
x 52 52
x 53 54
x 54 55
o 55 33
x 56 57
o 57 34
x 58 59
o 59 38
o 60 36
x 61 61
x 62 62
x 63 64
x 64 65
o 65 40
x 66 67
x 67 68
o 68 42
x 69 69
+ 70 41
o 70 43
+ 71 41
x 71 71
o 72 44
